2026-01-15 13:09:57.582 | INFO  | [e382b002-5f77-461a-9463-fbe21de63ea8] [] | com.gasagency.audit | AUDIT | action=CREATE | entity=CYLINDER_VARIANT | variantId=1 | name=19KG Cylinder
2026-01-15 13:10:07.514 | INFO  | [d1c9d127-b1e9-4654-bbd3-90e92fdbe3cf] [] | com.gasagency.audit | AUDIT | action=CREATE | entity=CYLINDER_VARIANT | variantId=2 | name=5KG Cylinder
2026-01-15 13:30:00.027 | INFO  | [8530aced-9cca-4729-85ff-236c1d9d487e] [] | com.gasagency.audit | AUDIT | action=CREATE | entity=CYLINDER_VARIANT | variantId=1 | name=19KG
2026-01-15 13:30:06.171 | INFO  | [615a4978-3d07-4692-bf9f-13928da82022] [] | com.gasagency.audit | AUDIT | action=CREATE | entity=CYLINDER_VARIANT | variantId=2 | name=5KG
2026-01-15 13:30:40.888 | INFO  | [12d0e690-ee4b-4b88-ad05-cce8cae5b887] [] | com.gasagency.audit | AUDIT | action=CREATE | entity=CUSTOMER | customerId=1 | name=Tushar Rokade
2026-01-15 13:33:37.136 | INFO  | [848a09a8-28de-404c-8b6a-76085a55ae5d] [] | com.gasagency.audit | AUDIT | action=CREATE | entity=CUSTOMER | customerId=2 | name=Mahesh
2026-01-15 13:35:21.680 | INFO  | [31daaadb-3176-45f5-8a7f-7296bfd581f8] [] | com.gasagency.audit | AUDIT | action=CREATE | entity=CUSTOMER | customerId=3 | name=Mrunal
2026-01-15 13:36:29.858 | INFO  | [0a28e651-be0c-4b31-b7dc-ba52dc348f44] [] | com.gasagency.audit | AUDIT | action=CREATE | entity=CUSTOMER | customerId=4 | name=mab
2026-01-15 13:38:02.777 | INFO  | [1db3a9a6-03c0-40c8-9b82-dc9c6c06598b] [] | com.gasagency.audit | AUDIT | action=CREATE | entity=CUSTOMER | customerId=5 | name=tyu
2026-01-15 13:38:37.049 | INFO  | [b6b4535e-9dab-4827-82b9-9535659dd775] [] | com.gasagency.audit | AUDIT | action=CREATE | entity=CUSTOMER | customerId=6 | name=ppp
2026-01-15 13:39:59.715 | INFO  | [b6c01a7a-a0bf-4424-8331-bfd402c8b59b] [] | com.gasagency.audit | AUDIT | action=CREATE | entity=CUSTOMER | customerId=7 | name=abc
2026-01-15 13:41:28.172 | INFO  | [ac2b720d-028e-4be5-adf7-028111ccd16d] [] | com.gasagency.audit | AUDIT | action=CREATE | entity=CUSTOMER | customerId=8 | name=aaa
2026-01-15 13:43:13.428 | INFO  | [167321a6-f848-49ae-8083-5ce78bf0c3a4] [] | com.gasagency.audit | AUDIT | action=CREATE | entity=CUSTOMER | customerId=9 | name=tuu
2026-01-15 13:44:18.000 | INFO  | [dd115c70-684d-48f8-a183-1fecc1f57f79] [] | com.gasagency.audit | AUDIT | action=CREATE | entity=CUSTOMER | customerId=10 | name=abcde
2026-01-15 14:36:33.521 | INFO  | [8ad4059b-867a-431e-8acc-e76dc089f94c] [] | com.gasagency.audit | AUDIT | action=CREATE | entity=CUSTOMER | customerId=11 | name=aabbcc
2026-01-15 14:38:47.932 | INFO  | [4b550c37-d44d-439f-aa62-170458d0efd6] [] | com.gasagency.audit | AUDIT | action=CREATE | entity=CUSTOMER | customerId=12 | name=ddd
2026-01-15 14:40:38.309 | INFO  | [312746b9-5616-4d6e-8b07-669ce2cf3953] [] | com.gasagency.audit | AUDIT | action=UPDATE | entity=CUSTOMER | customerId=12 | name=ddd
2026-01-15 14:41:48.748 | INFO  | [3e679e93-5bf3-44ae-8419-6a0c9612e031] [] | com.gasagency.audit | AUDIT | action=UPDATE | entity=CUSTOMER | customerId=11 | name=aabbcc
2026-01-15 14:42:53.437 | INFO  | [022a269d-7b3a-425e-af0f-54a0603f67b3] [] | com.gasagency.audit | AUDIT | action=UPDATE | entity=CUSTOMER | customerId=10 | name=abcde
2026-01-15 14:44:58.871 | INFO  | [13ddd54b-47f4-457f-9a22-4d3d7042f834] [] | com.gasagency.audit | AUDIT | action=UPDATE | entity=CUSTOMER | customerId=11 | name=aabbcc
2026-01-15 15:11:03.233 | INFO  | [9347465c-60fd-4643-bb3f-9dced624e66c] [] | com.gasagency.audit | AUDIT | action=CREATE | entity=CYLINDER_VARIANT | variantId=1 | name=19KG Cylinder
2026-01-15 15:11:13.651 | INFO  | [9763c017-3ae0-4453-984b-960f853b2422] [] | com.gasagency.audit | AUDIT | action=CREATE | entity=CYLINDER_VARIANT | variantId=2 | name=5KG Cylinder
2026-01-15 15:11:41.002 | INFO  | [72271e90-bbcb-4933-8673-9ba4fbeefd10] [] | com.gasagency.audit | AUDIT | action=CREATE | entity=CUSTOMER | customerId=1 | name=Tushar Rokade
2026-01-15 15:14:55.046 | INFO  | [98125a92-999f-4477-80fd-c37e0a081826] [] | com.gasagency.audit | AUDIT | action=CREATE | entity=SUPPLIER | supplierId=1 | name=Bharat Gas
2026-01-15 15:15:20.945 | INFO  | [067e19de-9254-4821-a819-b71e9531f881] [] | com.gasagency.audit | AUDIT | action=CREATE | entity=SUPPLIER_TRANSACTION | transactionId=1 | supplierId=1
2026-01-15 15:16:11.920 | INFO  | [643370d6-2d39-457c-b63c-4f9684969218] [] | com.gasagency.audit | AUDIT | action=CREATE | entity=SUPPLIER_TRANSACTION | transactionId=2 | supplierId=1
2026-01-15 15:26:20.847 | INFO  | [05795ae0-3536-4b42-b257-f4bc2d740ea6] [] | com.gasagency.audit | AUDIT | action=CREATE | entity=LEDGER | ledgerId=1 | customerId=1
2026-01-15 15:26:20.847 | INFO  | [05795ae0-3536-4b42-b257-f4bc2d740ea6] [] | com.gasagency.audit | SALE_CREATED | saleId=1 | customerId=1 | customer=Tushar Rokade | amount=2800.0 | timestamp=2026-01-15 15:26:20
2026-01-15 15:28:21.743 | INFO  | [159edb04-52b7-42ad-b9ce-dbbe4ae14e95] [] | com.gasagency.audit | AUDIT | action=UPDATE | entity=CUSTOMER | customerId=1 | name=Tushar Rokade
2026-01-15 15:29:27.894 | INFO  | [b7bdbfec-ca29-4350-b6ea-2805386c0eb0] [] | com.gasagency.audit | AUDIT | action=UPDATE | entity=CUSTOMER | customerId=1 | name=Tushar Rokade
2026-01-15 15:30:39.902 | INFO  | [a1dbcf7d-3f5b-4b30-b7e6-fa7bda7bfeeb] [] | com.gasagency.audit | AUDIT | action=CREATE | entity=LEDGER | ledgerId=2 | customerId=1
2026-01-15 15:30:39.906 | INFO  | [a1dbcf7d-3f5b-4b30-b7e6-fa7bda7bfeeb] [] | com.gasagency.audit | SALE_CREATED | saleId=2 | customerId=1 | customer=Tushar Rokade | amount=1300.0 | timestamp=2026-01-15 15:30:39
2026-01-15 15:31:26.677 | INFO  | [f43f9733-948c-4d56-9712-cb0e7e84cdec] [] | com.gasagency.audit | AUDIT | action=CREATE | entity=LEDGER | ledgerId=3 | customerId=1
2026-01-15 15:31:26.684 | INFO  | [f43f9733-948c-4d56-9712-cb0e7e84cdec] [] | com.gasagency.audit | SALE_CREATED | saleId=3 | customerId=1 | customer=Tushar Rokade | amount=4300.0 | timestamp=2026-01-15 15:31:26
2026-01-15 15:32:03.710 | INFO  | [b8bfaec8-d25b-41ed-b0b9-3a1677287070] [] | com.gasagency.audit | AUDIT | action=CREATE | entity=LEDGER | ledgerId=4 | customerId=1
2026-01-15 15:32:03.710 | INFO  | [b8bfaec8-d25b-41ed-b0b9-3a1677287070] [] | com.gasagency.audit | SALE_CREATED | saleId=4 | customerId=1 | customer=Tushar Rokade | amount=800.0 | timestamp=2026-01-15 15:32:03
2026-01-15 15:34:08.735 | INFO  | [8015a945-aa44-4998-9681-3e9e0f5f3d9a] [] | com.gasagency.audit | AUDIT | action=CREATE | entity=CUSTOMER | customerId=2 | name=Mrunal
2026-01-15 15:34:41.977 | INFO  | [5e67e1a5-7e8c-4421-bee4-3d07e090e4ed] [] | com.gasagency.audit | AUDIT | action=CREATE | entity=LEDGER | ledgerId=5 | customerId=2
2026-01-15 15:34:41.977 | INFO  | [5e67e1a5-7e8c-4421-bee4-3d07e090e4ed] [] | com.gasagency.audit | SALE_CREATED | saleId=5 | customerId=2 | customer=Mrunal | amount=1400.0 | timestamp=2026-01-15 15:34:41
2026-01-15 16:51:19.855 | INFO  | [19649536-7221-40f5-99f9-3f09a8581bc6] [] | com.gasagency.audit | AUDIT | action=CREATE | entity=CYLINDER_VARIANT | variantId=1 | name=19KG
2026-01-15 16:51:30.038 | INFO  | [9dd75d7e-2579-4e9d-a9af-9fedb064f5cd] [] | com.gasagency.audit | AUDIT | action=CREATE | entity=CYLINDER_VARIANT | variantId=2 | name=5KG
2026-01-15 17:17:02.340 | INFO  | [819ea867-eaf2-4e99-a6f4-e9cf3492c4ad] [] | com.gasagency.audit | AUDIT | action=CREATE | entity=SUPPLIER | supplierId=1 | name=Bharat Gas
2026-01-15 17:19:53.357 | INFO  | [05c562bf-e4b4-4c8a-b128-8f49448113d7] [] | com.gasagency.audit | AUDIT | action=CREATE | entity=CUSTOMER | customerId=1 | name=Tushar Rokade
2026-01-15 17:48:24.500 | INFO  | [b328f068-295f-426d-92c1-0032d938e3d4] [] | com.gasagency.audit | AUDIT | action=CREATE | entity=SUPPLIER_TRANSACTION | transactionId=7 | supplierId=1
2026-01-15 18:08:05.020 | INFO  | [adb45225-dc8f-4dd8-aa09-79dd3740349d] [] | com.gasagency.audit | AUDIT | action=UPDATE | entity=SUPPLIER_TRANSACTION | transactionId=7 | supplierId=1
2026-01-15 18:25:07.097 | INFO  | [be501e47-8271-4db3-88b2-cc4042e6c89f] [] | com.gasagency.audit | AUDIT | action=CREATE | entity=SUPPLIER_TRANSACTION | transactionId=8 | supplierId=1
2026-01-15 18:25:28.780 | INFO  | [e319dc20-5d8d-4daa-a431-095e7f482685] [] | com.gasagency.audit | AUDIT | action=CREATE | entity=SUPPLIER_TRANSACTION | transactionId=9 | supplierId=1
2026-01-15 18:30:03.193 | INFO  | [e13e0013-2cdc-40c5-8920-0851deda74ba] [] | com.gasagency.audit | AUDIT | action=UPDATE | entity=CUSTOMER | customerId=1 | name=Tushar Rokade
2026-01-15 18:43:29.198 | INFO  | [614d295a-7e35-4644-a114-3f0f0c397a5b] [] | com.gasagency.audit | AUDIT | action=CREATE | entity=LEDGER | ledgerId=1 | customerId=1
2026-01-15 18:43:29.198 | INFO  | [614d295a-7e35-4644-a114-3f0f0c397a5b] [] | com.gasagency.audit | SALE_CREATED | saleId=1 | customerId=1 | customer=Tushar Rokade | amount=2900.0 | timestamp=2026-01-15 18:43:29
2026-01-15 20:23:37.678 | INFO  | [377ad6d4-2597-4fc0-9f6f-0d17369c0bd4] [] | com.gasagency.audit | AUDIT | action=CREATE | entity=LEDGER | ledgerId=6 | customerId=1
2026-01-15 20:23:37.678 | INFO  | [377ad6d4-2597-4fc0-9f6f-0d17369c0bd4] [] | com.gasagency.audit | SALE_CREATED | saleId=2 | customerId=1 | customer=Tushar Rokade | amount=2900.0 | timestamp=2026-01-15 20:23:37
2026-01-15 20:29:29.231 | INFO  | [daad767e-7ed1-4501-b214-bc31cfea7583] [] | com.gasagency.audit | AUDIT | action=CREATE | entity=LEDGER | ledgerId=1 | customerId=1
2026-01-15 20:31:15.693 | INFO  | [e5abbfc5-cf18-441c-a188-c13c8013a9aa] [] | com.gasagency.audit | AUDIT | action=CREATE | entity=LEDGER | ledgerId=1 | customerId=1
2026-01-15 20:32:11.060 | INFO  | [0b171932-b090-4dc5-bfae-ea795df32be7] [] | com.gasagency.audit | AUDIT | action=CREATE | entity=LEDGER | ledgerId=6 | customerId=1
2026-01-15 20:32:11.070 | INFO  | [0b171932-b090-4dc5-bfae-ea795df32be7] [] | com.gasagency.audit | SALE_CREATED | saleId=3 | customerId=1 | customer=Tushar Rokade | amount=2900.0 | timestamp=2026-01-15 20:32:11
2026-01-15 20:38:53.177 | INFO  | [c24ce891-eff2-4022-9648-2b11c358a8ed] [] | com.gasagency.audit | AUDIT | action=CREATE | entity=CYLINDER_VARIANT | variantId=1 | name=19KG
2026-01-15 20:39:03.822 | INFO  | [84cc3b20-a52f-45d8-b9b1-9e4c38e7a5b3] [] | com.gasagency.audit | AUDIT | action=CREATE | entity=CYLINDER_VARIANT | variantId=2 | name=5KG
2026-01-15 20:41:04.526 | INFO  | [52107141-7565-4805-ae71-7566aa7dc07e] [] | com.gasagency.audit | AUDIT | action=CREATE | entity=CUSTOMER | customerId=1 | name=Tushar Rokade
2026-01-15 20:41:21.985 | INFO  | [d8ab442c-502b-44a4-a6c7-dc7148937360] [] | com.gasagency.audit | AUDIT | action=CREATE | entity=SUPPLIER | supplierId=1 | name=Bharat Gas
2026-01-15 20:41:45.573 | INFO  | [832f3db6-ae17-436b-92b7-f85a29303634] [] | com.gasagency.audit | AUDIT | action=CREATE | entity=SUPPLIER_TRANSACTION | transactionId=1 | supplierId=1
2026-01-15 20:42:13.463 | INFO  | [a3cdba8b-b095-4f42-ae19-3e4744d5d0a9] [] | com.gasagency.audit | AUDIT | action=CREATE | entity=LEDGER | ledgerId=1 | customerId=1
2026-01-15 20:42:13.463 | INFO  | [a3cdba8b-b095-4f42-ae19-3e4744d5d0a9] [] | com.gasagency.audit | SALE_CREATED | saleId=1 | customerId=1 | customer=Tushar Rokade | amount=2800.0 | timestamp=2026-01-15 20:42:13
2026-01-15 20:44:35.556 | INFO  | [ec7d014f-366c-4338-aed3-f4c2030a2b0c] [] | com.gasagency.audit | AUDIT | action=CREATE | entity=LEDGER | ledgerId=2 | customerId=1
2026-01-15 20:44:35.559 | INFO  | [ec7d014f-366c-4338-aed3-f4c2030a2b0c] [] | com.gasagency.audit | SALE_CREATED | saleId=2 | customerId=1 | customer=Tushar Rokade | amount=4300.0 | timestamp=2026-01-15 20:44:35
2026-01-15 20:47:12.152 | INFO  | [19165b85-4fa7-46af-9e0f-1133c11a4ec4] [] | com.gasagency.audit | AUDIT | action=CREATE | entity=LEDGER | ledgerId=3 | customerId=1
2026-01-15 20:47:12.157 | INFO  | [19165b85-4fa7-46af-9e0f-1133c11a4ec4] [] | com.gasagency.audit | SALE_CREATED | saleId=3 | customerId=1 | customer=Tushar Rokade | amount=2800.0 | timestamp=2026-01-15 20:47:12
2026-01-15 20:47:46.028 | INFO  | [d2282cda-981c-481c-a635-47d9b18d0467] [] | com.gasagency.audit | AUDIT | action=CREATE | entity=LEDGER | ledgerId=4 | customerId=1
2026-01-15 21:17:29.816 | INFO  | [bbd92946-afa1-4f08-921b-3eb03a34d218] [] | com.gasagency.audit | AUDIT | action=CREATE | entity=LEDGER | ledgerId=5 | customerId=1
2026-01-15 21:17:29.818 | INFO  | [bbd92946-afa1-4f08-921b-3eb03a34d218] [] | com.gasagency.audit | SALE_CREATED | saleId=4 | customerId=1 | customer=Tushar Rokade | amount=2800.0 | timestamp=2026-01-15 21:17:29
2026-01-15 21:19:48.188 | INFO  | [c1342ae8-4f46-4f4f-9766-827d87f17117] [] | com.gasagency.audit | AUDIT | action=CREATE | entity=LEDGER | ledgerId=6 | customerId=1
2026-01-15 21:19:48.192 | INFO  | [c1342ae8-4f46-4f4f-9766-827d87f17117] [] | com.gasagency.audit | SALE_CREATED | saleId=5 | customerId=1 | customer=Tushar Rokade | amount=2800.0 | timestamp=2026-01-15 21:19:48
2026-01-15 21:24:28.747 | INFO  | [10d86bff-7ab0-4217-bbd4-8fb893bf523b] [] | com.gasagency.audit | AUDIT | action=CREATE | entity=LEDGER | ledgerId=7 | customerId=1
2026-01-15 21:24:28.749 | INFO  | [10d86bff-7ab0-4217-bbd4-8fb893bf523b] [] | com.gasagency.audit | SALE_CREATED | saleId=6 | customerId=1 | customer=Tushar Rokade | amount=2800.0 | timestamp=2026-01-15 21:24:28
2026-01-15 21:27:27.399 | INFO  | [0bc971b3-64da-4151-bc86-ddcf3ea869c3] [] | com.gasagency.audit | AUDIT | action=CREATE | entity=LEDGER | ledgerId=8 | customerId=1
2026-01-15 21:27:49.801 | INFO  | [59b9d970-c14d-42bb-925c-ba74d4ddb2b4] [] | com.gasagency.audit | AUDIT | action=CREATE | entity=LEDGER | ledgerId=9 | customerId=1
2026-01-15 21:27:49.805 | INFO  | [59b9d970-c14d-42bb-925c-ba74d4ddb2b4] [] | com.gasagency.audit | SALE_CREATED | saleId=7 | customerId=1 | customer=Tushar Rokade | amount=2800.0 | timestamp=2026-01-15 21:27:49
2026-01-15 21:30:37.961 | INFO  | [ed970b66-156a-4c99-af87-6714cd682fd6] [] | com.gasagency.audit | AUDIT | action=CREATE | entity=LEDGER | ledgerId=10 | customerId=1
2026-01-15 21:30:37.964 | INFO  | [ed970b66-156a-4c99-af87-6714cd682fd6] [] | com.gasagency.audit | SALE_CREATED | saleId=8 | customerId=1 | customer=Tushar Rokade | amount=2800.0 | timestamp=2026-01-15 21:30:37
2026-01-15 22:11:59.203 | INFO  | [042aab8a-7447-4756-88f6-abe229f8addf] [] | com.gasagency.audit | AUDIT | action=CREATE | entity=SUPPLIER_TRANSACTION | transactionId=2 | supplierId=1
2026-01-15 22:13:31.819 | INFO  | [2a30af96-27be-41a5-874d-a91de8f9d684] [] | com.gasagency.audit | AUDIT | action=UPDATE | entity=CUSTOMER | customerId=1 | name=Tushar Rokade
2026-01-15 22:13:57.156 | INFO  | [9c60e5e9-eebf-402b-afd4-b1130436c5a3] [] | com.gasagency.audit | AUDIT | action=CREATE | entity=LEDGER | ledgerId=11 | customerId=1
2026-01-15 22:13:57.158 | INFO  | [9c60e5e9-eebf-402b-afd4-b1130436c5a3] [] | com.gasagency.audit | SALE_CREATED | saleId=9 | customerId=1 | customer=Tushar Rokade | amount=1430.0 | timestamp=2026-01-15 22:13:57
2026-01-15 23:19:16.977 | INFO  | [ca49d82a-e94f-4222-9399-db539b5cda61] [] | com.gasagency.audit | AUDIT | action=CREATE | entity=LEDGER | ledgerId=12 | customerId=1
