2026-01-21 12:10:18.050 | INFO  | [] [] | com.gasagency.audit | AUDIT | action=AUTHENTICATION_SUCCESS | entity=JWT_VALIDATION | username=admin | ip=0:0:0:0:0:0:0:1
2026-01-21 12:10:25.101 | INFO  | [] [] | com.gasagency.audit | AUDIT | action=AUTHENTICATION_SUCCESS | entity=JWT_VALIDATION | username=admin | ip=0:0:0:0:0:0:0:1
2026-01-21 12:10:25.107 | INFO  | [] [] | com.gasagency.audit | AUDIT | action=AUTHENTICATION_SUCCESS | entity=JWT_VALIDATION | username=admin | ip=0:0:0:0:0:0:0:1
2026-01-21 12:10:32.900 | INFO  | [] [] | com.gasagency.audit | AUDIT | action=AUTHENTICATION_SUCCESS | entity=JWT_VALIDATION | username=admin | ip=0:0:0:0:0:0:0:1
2026-01-21 12:10:32.981 | INFO  | [acc2b038-e9a5-4a69-baef-18c86d87137c] [] | com.gasagency.audit | AUDIT | action=CREATE | entity=CYLINDER_VARIANT | variantId=1 | name=19KG
2026-01-21 12:10:33.000 | INFO  | [] [] | com.gasagency.audit | AUDIT | action=AUTHENTICATION_SUCCESS | entity=JWT_VALIDATION | username=admin | ip=0:0:0:0:0:0:0:1
2026-01-21 12:10:43.818 | INFO  | [] [] | com.gasagency.audit | AUDIT | action=AUTHENTICATION_SUCCESS | entity=JWT_VALIDATION | username=admin | ip=0:0:0:0:0:0:0:1
2026-01-21 12:10:43.823 | INFO  | [85306510-6960-416a-89ec-585b2d777c7f] [] | com.gasagency.audit | AUDIT | action=CREATE | entity=CYLINDER_VARIANT | variantId=2 | name=5KG
2026-01-21 12:10:43.839 | INFO  | [] [] | com.gasagency.audit | AUDIT | action=AUTHENTICATION_SUCCESS | entity=JWT_VALIDATION | username=admin | ip=0:0:0:0:0:0:0:1
2026-01-21 12:10:45.639 | INFO  | [] [] | com.gasagency.audit | AUDIT | action=AUTHENTICATION_SUCCESS | entity=JWT_VALIDATION | username=admin | ip=0:0:0:0:0:0:0:1
2026-01-21 12:10:49.811 | INFO  | [] [] | com.gasagency.audit | AUDIT | action=AUTHENTICATION_SUCCESS | entity=JWT_VALIDATION | username=admin | ip=0:0:0:0:0:0:0:1
2026-01-21 12:10:49.845 | INFO  | [] [] | com.gasagency.audit | AUDIT | action=AUTHENTICATION_SUCCESS | entity=JWT_VALIDATION | username=admin | ip=0:0:0:0:0:0:0:1
2026-01-21 12:10:58.388 | INFO  | [] [] | com.gasagency.audit | AUDIT | action=AUTHENTICATION_SUCCESS | entity=JWT_VALIDATION | username=admin | ip=0:0:0:0:0:0:0:1
2026-01-21 12:10:58.408 | INFO  | [] [] | com.gasagency.audit | AUDIT | action=AUTHENTICATION_SUCCESS | entity=JWT_VALIDATION | username=admin | ip=0:0:0:0:0:0:0:1
2026-01-21 12:11:00.508 | INFO  | [] [] | com.gasagency.audit | AUDIT | action=AUTHENTICATION_SUCCESS | entity=JWT_VALIDATION | username=admin | ip=0:0:0:0:0:0:0:1
2026-01-21 12:11:07.976 | INFO  | [] [] | com.gasagency.audit | AUDIT | action=AUTHENTICATION_SUCCESS | entity=JWT_VALIDATION | username=admin | ip=0:0:0:0:0:0:0:1
2026-01-21 12:11:08.010 | INFO  | [] [] | com.gasagency.audit | AUDIT | action=AUTHENTICATION_SUCCESS | entity=JWT_VALIDATION | username=admin | ip=0:0:0:0:0:0:0:1
2026-01-21 12:11:15.220 | INFO  | [] [] | com.gasagency.audit | AUDIT | action=AUTHENTICATION_SUCCESS | entity=JWT_VALIDATION | username=admin | ip=0:0:0:0:0:0:0:1
2026-01-21 12:11:15.242 | INFO  | [] [] | com.gasagency.audit | AUDIT | action=AUTHENTICATION_SUCCESS | entity=JWT_VALIDATION | username=admin | ip=0:0:0:0:0:0:0:1
2026-01-21 12:11:21.556 | INFO  | [] [] | com.gasagency.audit | AUDIT | action=AUTHENTICATION_SUCCESS | entity=JWT_VALIDATION | username=admin | ip=0:0:0:0:0:0:0:1
2026-01-21 12:11:21.597 | INFO  | [] [] | com.gasagency.audit | AUDIT | action=AUTHENTICATION_SUCCESS | entity=JWT_VALIDATION | username=admin | ip=0:0:0:0:0:0:0:1
2026-01-21 12:11:27.073 | INFO  | [] [] | com.gasagency.audit | AUDIT | action=AUTHENTICATION_SUCCESS | entity=JWT_VALIDATION | username=admin | ip=0:0:0:0:0:0:0:1
2026-01-21 12:11:31.764 | INFO  | [] [] | com.gasagency.audit | AUDIT | action=AUTHENTICATION_SUCCESS | entity=JWT_VALIDATION | username=admin | ip=0:0:0:0:0:0:0:1
2026-01-21 12:11:31.849 | INFO  | [] [] | com.gasagency.audit | AUDIT | action=AUTHENTICATION_SUCCESS | entity=JWT_VALIDATION | username=admin | ip=0:0:0:0:0:0:0:1
2026-01-21 12:11:37.771 | INFO  | [] [] | com.gasagency.audit | AUDIT | action=AUTHENTICATION_SUCCESS | entity=JWT_VALIDATION | username=admin | ip=0:0:0:0:0:0:0:1
2026-01-21 12:11:37.805 | INFO  | [] [] | com.gasagency.audit | AUDIT | action=AUTHENTICATION_SUCCESS | entity=JWT_VALIDATION | username=admin | ip=0:0:0:0:0:0:0:1
2026-01-21 12:11:39.846 | INFO  | [] [] | com.gasagency.audit | AUDIT | action=AUTHENTICATION_SUCCESS | entity=JWT_VALIDATION | username=admin | ip=0:0:0:0:0:0:0:1
2026-01-21 12:11:39.848 | INFO  | [] [] | com.gasagency.audit | AUDIT | action=AUTHENTICATION_SUCCESS | entity=JWT_VALIDATION | username=admin | ip=0:0:0:0:0:0:0:1
2026-01-21 12:11:41.291 | INFO  | [] [] | com.gasagency.audit | AUDIT | action=AUTHENTICATION_SUCCESS | entity=JWT_VALIDATION | username=admin | ip=0:0:0:0:0:0:0:1
2026-01-21 12:11:52.184 | INFO  | [] [] | com.gasagency.audit | AUDIT | action=AUTHENTICATION_SUCCESS | entity=JWT_VALIDATION | username=admin | ip=0:0:0:0:0:0:0:1
2026-01-21 12:11:52.222 | INFO  | [3ecf876f-2b60-4418-ab20-80172dc09c50] [] | com.gasagency.audit | AUDIT | action=CREATE | entity=INVENTORY_STOCK | warehouseId=2 | variantId=1 | filledQty=100 | emptyQty=200
2026-01-21 12:11:52.228 | INFO  | [3ecf876f-2b60-4418-ab20-80172dc09c50] [] | com.gasagency.audit | AUDIT | action=CREATE | entity=INVENTORY_STOCK | warehouseId=2 | variantId=2 | filledQty=150 | emptyQty=200
2026-01-21 12:11:54.764 | INFO  | [] [] | com.gasagency.audit | AUDIT | action=AUTHENTICATION_SUCCESS | entity=JWT_VALIDATION | username=admin | ip=0:0:0:0:0:0:0:1
2026-01-21 12:12:02.970 | INFO  | [] [] | com.gasagency.audit | AUDIT | action=AUTHENTICATION_SUCCESS | entity=JWT_VALIDATION | username=admin | ip=0:0:0:0:0:0:0:1
2026-01-21 12:12:02.984 | INFO  | [5a307de7-a04d-4585-8776-cd05f516711e] [] | com.gasagency.audit | AUDIT | action=CREATE | entity=INVENTORY_STOCK | warehouseId=1 | variantId=1 | filledQty=200 | emptyQty=200
2026-01-21 12:12:02.990 | INFO  | [5a307de7-a04d-4585-8776-cd05f516711e] [] | com.gasagency.audit | AUDIT | action=CREATE | entity=INVENTORY_STOCK | warehouseId=1 | variantId=2 | filledQty=150 | emptyQty=200
2026-01-21 12:12:05.053 | INFO  | [] [] | com.gasagency.audit | AUDIT | action=AUTHENTICATION_SUCCESS | entity=JWT_VALIDATION | username=admin | ip=0:0:0:0:0:0:0:1
2026-01-21 12:12:12.347 | INFO  | [] [] | com.gasagency.audit | AUDIT | action=AUTHENTICATION_SUCCESS | entity=JWT_VALIDATION | username=admin | ip=0:0:0:0:0:0:0:1
2026-01-21 12:12:12.394 | INFO  | [] [] | com.gasagency.audit | AUDIT | action=AUTHENTICATION_SUCCESS | entity=JWT_VALIDATION | username=admin | ip=0:0:0:0:0:0:0:1
2026-01-21 12:12:20.748 | INFO  | [] [] | com.gasagency.audit | AUDIT | action=AUTHENTICATION_SUCCESS | entity=JWT_VALIDATION | username=admin | ip=0:0:0:0:0:0:0:1
2026-01-21 12:12:33.799 | INFO  | [] [] | com.gasagency.audit | AUDIT | action=AUTHENTICATION_SUCCESS | entity=JWT_VALIDATION | username=admin | ip=0:0:0:0:0:0:0:1
2026-01-21 12:12:33.830 | INFO  | [] [] | com.gasagency.audit | AUDIT | action=AUTHENTICATION_SUCCESS | entity=JWT_VALIDATION | username=admin | ip=0:0:0:0:0:0:0:1
2026-01-21 12:12:36.635 | INFO  | [] [] | com.gasagency.audit | AUDIT | action=AUTHENTICATION_SUCCESS | entity=JWT_VALIDATION | username=admin | ip=0:0:0:0:0:0:0:1
2026-01-21 12:12:40.992 | INFO  | [] [] | com.gasagency.audit | AUDIT | action=AUTHENTICATION_SUCCESS | entity=JWT_VALIDATION | username=admin | ip=0:0:0:0:0:0:0:1
2026-01-21 12:12:40.992 | INFO  | [] [] | com.gasagency.audit | AUDIT | action=AUTHENTICATION_SUCCESS | entity=JWT_VALIDATION | username=admin | ip=0:0:0:0:0:0:0:1
2026-01-21 12:12:44.799 | INFO  | [] [] | com.gasagency.audit | AUDIT | action=AUTHENTICATION_SUCCESS | entity=JWT_VALIDATION | username=admin | ip=0:0:0:0:0:0:0:1
2026-01-21 12:12:44.817 | INFO  | [ca938192-596f-4668-999e-60776a96be47] [] | com.gasagency.audit | AUDIT | action=UPDATE | entity=CYLINDER_VARIANT | variantId=2 | name=5KGs
2026-01-21 12:12:44.832 | INFO  | [] [] | com.gasagency.audit | AUDIT | action=AUTHENTICATION_SUCCESS | entity=JWT_VALIDATION | username=admin | ip=0:0:0:0:0:0:0:1
2026-01-21 12:12:52.683 | INFO  | [] [] | com.gasagency.audit | AUDIT | action=AUTHENTICATION_SUCCESS | entity=JWT_VALIDATION | username=admin | ip=0:0:0:0:0:0:0:1
2026-01-21 12:12:52.701 | INFO  | [aacb455d-1080-4b91-bbf8-3ceff2d3538b] [] | com.gasagency.audit | AUDIT | action=UPDATE | entity=CYLINDER_VARIANT | variantId=2 | name=5KGs
2026-01-21 12:12:52.714 | INFO  | [] [] | com.gasagency.audit | AUDIT | action=AUTHENTICATION_SUCCESS | entity=JWT_VALIDATION | username=admin | ip=0:0:0:0:0:0:0:1
2026-01-21 12:12:54.989 | INFO  | [] [] | com.gasagency.audit | AUDIT | action=AUTHENTICATION_SUCCESS | entity=JWT_VALIDATION | username=admin | ip=0:0:0:0:0:0:0:1
2026-01-21 12:12:58.186 | INFO  | [] [] | com.gasagency.audit | AUDIT | action=AUTHENTICATION_SUCCESS | entity=JWT_VALIDATION | username=admin | ip=0:0:0:0:0:0:0:1
2026-01-21 12:12:58.214 | INFO  | [] [] | com.gasagency.audit | AUDIT | action=AUTHENTICATION_SUCCESS | entity=JWT_VALIDATION | username=admin | ip=0:0:0:0:0:0:0:1
2026-01-21 12:12:59.639 | INFO  | [] [] | com.gasagency.audit | AUDIT | action=AUTHENTICATION_SUCCESS | entity=JWT_VALIDATION | username=admin | ip=0:0:0:0:0:0:0:1
2026-01-21 12:13:02.283 | INFO  | [] [] | com.gasagency.audit | AUDIT | action=AUTHENTICATION_SUCCESS | entity=JWT_VALIDATION | username=admin | ip=0:0:0:0:0:0:0:1
2026-01-21 12:13:06.371 | INFO  | [] [] | com.gasagency.audit | AUDIT | action=AUTHENTICATION_SUCCESS | entity=JWT_VALIDATION | username=admin | ip=0:0:0:0:0:0:0:1
2026-01-21 12:13:06.411 | INFO  | [] [] | com.gasagency.audit | AUDIT | action=AUTHENTICATION_SUCCESS | entity=JWT_VALIDATION | username=admin | ip=0:0:0:0:0:0:0:1
2026-01-21 12:13:07.777 | INFO  | [] [] | com.gasagency.audit | AUDIT | action=AUTHENTICATION_SUCCESS | entity=JWT_VALIDATION | username=admin | ip=0:0:0:0:0:0:0:1
2026-01-21 12:13:07.777 | INFO  | [] [] | com.gasagency.audit | AUDIT | action=AUTHENTICATION_SUCCESS | entity=JWT_VALIDATION | username=admin | ip=0:0:0:0:0:0:0:1
2026-01-21 12:13:09.377 | INFO  | [] [] | com.gasagency.audit | AUDIT | action=AUTHENTICATION_SUCCESS | entity=JWT_VALIDATION | username=admin | ip=0:0:0:0:0:0:0:1
2026-01-21 12:13:12.796 | INFO  | [] [] | com.gasagency.audit | AUDIT | action=AUTHENTICATION_SUCCESS | entity=JWT_VALIDATION | username=admin | ip=0:0:0:0:0:0:0:1
2026-01-21 12:13:12.812 | INFO  | [8cd21e67-5d6e-4665-ac22-0461ce437e18] [] | com.gasagency.audit | AUDIT | action=UPDATE | entity=INVENTORY_STOCK | warehouseId=2 | variantId=1 | filledQty=1000 | emptyQty=200
2026-01-21 12:13:12.820 | INFO  | [8cd21e67-5d6e-4665-ac22-0461ce437e18] [] | com.gasagency.audit | AUDIT | action=UPDATE | entity=INVENTORY_STOCK | warehouseId=2 | variantId=2 | filledQty=150 | emptyQty=200
2026-01-21 12:13:26.512 | INFO  | [] [] | com.gasagency.audit | AUDIT | action=AUTHENTICATION_SUCCESS | entity=JWT_VALIDATION | username=admin | ip=0:0:0:0:0:0:0:1
2026-01-21 12:13:37.937 | INFO  | [] [] | com.gasagency.audit | AUDIT | action=AUTHENTICATION_SUCCESS | entity=JWT_VALIDATION | username=admin | ip=0:0:0:0:0:0:0:1
2026-01-21 12:13:37.956 | INFO  | [6918c614-9b6b-4f8f-a314-f9f0ee9287ee] [] | com.gasagency.audit | AUDIT | action=CREATE | entity=SUPPLIER | supplierId=1 | name=Bharat Gas
2026-01-21 12:13:43.218 | INFO  | [] [] | com.gasagency.audit | AUDIT | action=AUTHENTICATION_SUCCESS | entity=JWT_VALIDATION | username=admin | ip=0:0:0:0:0:0:0:1
2026-01-21 12:13:43.239 | INFO  | [51c066ac-4d6e-42c3-bd4d-cb8ca8c17138] [] | com.gasagency.audit | AUDIT | action=UPDATE | entity=SUPPLIER | supplierId=1 | name=Bharat Gass
2026-01-21 12:13:52.334 | INFO  | [] [] | com.gasagency.audit | AUDIT | action=AUTHENTICATION_SUCCESS | entity=JWT_VALIDATION | username=admin | ip=0:0:0:0:0:0:0:1
2026-01-21 12:13:52.349 | INFO  | [57202fff-32b6-4dea-b92c-8d9484e9c4b7] [] | com.gasagency.audit | AUDIT | action=DELETE | entity=SUPPLIER | supplierId=1
2026-01-21 12:13:54.604 | INFO  | [] [] | com.gasagency.audit | AUDIT | action=AUTHENTICATION_SUCCESS | entity=JWT_VALIDATION | username=admin | ip=0:0:0:0:0:0:0:1
2026-01-21 12:14:05.774 | INFO  | [] [] | com.gasagency.audit | AUDIT | action=AUTHENTICATION_SUCCESS | entity=JWT_VALIDATION | username=admin | ip=0:0:0:0:0:0:0:1
2026-01-21 12:14:05.786 | INFO  | [be749868-e329-4269-ba91-f9b7ee96c5da] [] | com.gasagency.audit | AUDIT | action=CREATE | entity=SUPPLIER | supplierId=2 | name=Bharat Gas
2026-01-21 12:14:24.576 | INFO  | [] [] | com.gasagency.audit | AUDIT | action=AUTHENTICATION_SUCCESS | entity=JWT_VALIDATION | username=admin | ip=0:0:0:0:0:0:0:1
2026-01-21 12:14:24.579 | INFO  | [] [] | com.gasagency.audit | AUDIT | action=AUTHENTICATION_SUCCESS | entity=JWT_VALIDATION | username=admin | ip=0:0:0:0:0:0:0:1
2026-01-21 12:14:24.582 | INFO  | [] [] | com.gasagency.audit | AUDIT | action=AUTHENTICATION_SUCCESS | entity=JWT_VALIDATION | username=admin | ip=0:0:0:0:0:0:0:1
2026-01-21 12:14:24.588 | INFO  | [] [] | com.gasagency.audit | AUDIT | action=AUTHENTICATION_SUCCESS | entity=JWT_VALIDATION | username=admin | ip=0:0:0:0:0:0:0:1
2026-01-21 12:14:24.608 | INFO  | [] [] | com.gasagency.audit | AUDIT | action=AUTHENTICATION_SUCCESS | entity=JWT_VALIDATION | username=admin | ip=0:0:0:0:0:0:0:1
2026-01-21 12:14:39.528 | INFO  | [] [] | com.gasagency.audit | AUDIT | action=AUTHENTICATION_SUCCESS | entity=JWT_VALIDATION | username=admin | ip=0:0:0:0:0:0:0:1
2026-01-21 12:14:39.597 | INFO  | [f41aaad8-cfe3-4993-a4b0-0595f2f4ce13] [] | com.gasagency.audit | AUDIT | action=CREATE | entity=SUPPLIER_TRANSACTION | transactionId=1 | supplierId=2
2026-01-21 12:14:39.618 | INFO  | [] [] | com.gasagency.audit | AUDIT | action=AUTHENTICATION_SUCCESS | entity=JWT_VALIDATION | username=admin | ip=0:0:0:0:0:0:0:1
2026-01-21 12:14:43.691 | INFO  | [] [] | com.gasagency.audit | AUDIT | action=AUTHENTICATION_SUCCESS | entity=JWT_VALIDATION | username=admin | ip=0:0:0:0:0:0:0:1
2026-01-21 12:14:43.694 | INFO  | [] [] | com.gasagency.audit | AUDIT | action=AUTHENTICATION_SUCCESS | entity=JWT_VALIDATION | username=admin | ip=0:0:0:0:0:0:0:1
2026-01-21 12:14:43.699 | INFO  | [] [] | com.gasagency.audit | AUDIT | action=AUTHENTICATION_SUCCESS | entity=JWT_VALIDATION | username=admin | ip=0:0:0:0:0:0:0:1
2026-01-21 12:14:43.699 | INFO  | [] [] | com.gasagency.audit | AUDIT | action=AUTHENTICATION_SUCCESS | entity=JWT_VALIDATION | username=admin | ip=0:0:0:0:0:0:0:1
2026-01-21 12:14:49.899 | INFO  | [] [] | com.gasagency.audit | AUDIT | action=AUTHENTICATION_SUCCESS | entity=JWT_VALIDATION | username=admin | ip=0:0:0:0:0:0:0:1
2026-01-21 12:14:49.899 | INFO  | [] [] | com.gasagency.audit | AUDIT | action=AUTHENTICATION_SUCCESS | entity=JWT_VALIDATION | username=admin | ip=0:0:0:0:0:0:0:1
2026-01-21 12:14:49.925 | INFO  | [] [] | com.gasagency.audit | AUDIT | action=AUTHENTICATION_SUCCESS | entity=JWT_VALIDATION | username=admin | ip=0:0:0:0:0:0:0:1
2026-01-21 12:14:51.297 | INFO  | [] [] | com.gasagency.audit | AUDIT | action=AUTHENTICATION_SUCCESS | entity=JWT_VALIDATION | username=admin | ip=0:0:0:0:0:0:0:1
2026-01-21 12:14:51.297 | INFO  | [] [] | com.gasagency.audit | AUDIT | action=AUTHENTICATION_SUCCESS | entity=JWT_VALIDATION | username=admin | ip=0:0:0:0:0:0:0:1
2026-01-21 12:14:51.317 | INFO  | [] [] | com.gasagency.audit | AUDIT | action=AUTHENTICATION_SUCCESS | entity=JWT_VALIDATION | username=admin | ip=0:0:0:0:0:0:0:1
2026-01-21 12:14:55.629 | INFO  | [] [] | com.gasagency.audit | AUDIT | action=AUTHENTICATION_SUCCESS | entity=JWT_VALIDATION | username=admin | ip=0:0:0:0:0:0:0:1
2026-01-21 12:14:55.635 | INFO  | [] [] | com.gasagency.audit | AUDIT | action=AUTHENTICATION_SUCCESS | entity=JWT_VALIDATION | username=admin | ip=0:0:0:0:0:0:0:1
2026-01-21 12:14:55.636 | INFO  | [] [] | com.gasagency.audit | AUDIT | action=AUTHENTICATION_SUCCESS | entity=JWT_VALIDATION | username=admin | ip=0:0:0:0:0:0:0:1
2026-01-21 12:14:55.641 | INFO  | [] [] | com.gasagency.audit | AUDIT | action=AUTHENTICATION_SUCCESS | entity=JWT_VALIDATION | username=admin | ip=0:0:0:0:0:0:0:1
2026-01-21 12:14:55.647 | INFO  | [] [] | com.gasagency.audit | AUDIT | action=AUTHENTICATION_SUCCESS | entity=JWT_VALIDATION | username=admin | ip=0:0:0:0:0:0:0:1
2026-01-21 12:15:08.490 | INFO  | [] [] | com.gasagency.audit | AUDIT | action=AUTHENTICATION_SUCCESS | entity=JWT_VALIDATION | username=admin | ip=0:0:0:0:0:0:0:1
2026-01-21 12:15:08.516 | INFO  | [3e7cb50e-7c6a-4448-8422-b0fc206a1482] [] | com.gasagency.audit | AUDIT | action=UPDATE | entity=SUPPLIER_TRANSACTION | transactionId=1 | supplierId=2
2026-01-21 12:15:08.547 | INFO  | [] [] | com.gasagency.audit | AUDIT | action=AUTHENTICATION_SUCCESS | entity=JWT_VALIDATION | username=admin | ip=0:0:0:0:0:0:0:1
2026-01-21 12:15:11.584 | INFO  | [] [] | com.gasagency.audit | AUDIT | action=AUTHENTICATION_SUCCESS | entity=JWT_VALIDATION | username=admin | ip=0:0:0:0:0:0:0:1
2026-01-21 12:15:11.584 | INFO  | [] [] | com.gasagency.audit | AUDIT | action=AUTHENTICATION_SUCCESS | entity=JWT_VALIDATION | username=admin | ip=0:0:0:0:0:0:0:1
2026-01-21 12:15:11.587 | INFO  | [] [] | com.gasagency.audit | AUDIT | action=AUTHENTICATION_SUCCESS | entity=JWT_VALIDATION | username=admin | ip=0:0:0:0:0:0:0:1
2026-01-21 12:15:11.588 | INFO  | [] [] | com.gasagency.audit | AUDIT | action=AUTHENTICATION_SUCCESS | entity=JWT_VALIDATION | username=admin | ip=0:0:0:0:0:0:0:1
2026-01-21 12:15:28.602 | INFO  | [] [] | com.gasagency.audit | AUDIT | action=AUTHENTICATION_SUCCESS | entity=JWT_VALIDATION | username=admin | ip=0:0:0:0:0:0:0:1
2026-01-21 12:15:28.602 | INFO  | [] [] | com.gasagency.audit | AUDIT | action=AUTHENTICATION_SUCCESS | entity=JWT_VALIDATION | username=admin | ip=0:0:0:0:0:0:0:1
2026-01-21 12:15:28.602 | INFO  | [] [] | com.gasagency.audit | AUDIT | action=AUTHENTICATION_SUCCESS | entity=JWT_VALIDATION | username=admin | ip=0:0:0:0:0:0:0:1
2026-01-21 12:15:28.630 | INFO  | [] [] | com.gasagency.audit | AUDIT | action=AUTHENTICATION_SUCCESS | entity=JWT_VALIDATION | username=admin | ip=0:0:0:0:0:0:0:1
2026-01-21 12:15:28.662 | INFO  | [] [] | com.gasagency.audit | AUDIT | action=AUTHENTICATION_SUCCESS | entity=JWT_VALIDATION | username=admin | ip=0:0:0:0:0:0:0:1
2026-01-21 12:15:50.687 | INFO  | [] [] | com.gasagency.audit | AUDIT | action=AUTHENTICATION_SUCCESS | entity=JWT_VALIDATION | username=admin | ip=0:0:0:0:0:0:0:1
2026-01-21 12:15:50.797 | INFO  | [5b7a194b-077a-4fd3-a370-3f3f1ffdf847] [] | com.gasagency.audit | AUDIT | action=CREATE | entity=LEDGER | ledgerId=1 | customerId=1
2026-01-21 12:15:50.810 | INFO  | [5b7a194b-077a-4fd3-a370-3f3f1ffdf847] [] | com.gasagency.audit | AUDIT | action=CREATE | entity=CUSTOMER | customerId=1 | name=Tushar 
2026-01-21 12:15:50.851 | INFO  | [] [] | com.gasagency.audit | AUDIT | action=AUTHENTICATION_SUCCESS | entity=JWT_VALIDATION | username=admin | ip=0:0:0:0:0:0:0:1
2026-01-21 12:15:50.860 | INFO  | [] [] | com.gasagency.audit | AUDIT | action=AUTHENTICATION_SUCCESS | entity=JWT_VALIDATION | username=admin | ip=0:0:0:0:0:0:0:1
2026-01-21 12:15:50.914 | INFO  | [] [] | com.gasagency.audit | AUDIT | action=AUTHENTICATION_SUCCESS | entity=JWT_VALIDATION | username=admin | ip=0:0:0:0:0:0:0:1
2026-01-21 12:15:50.969 | INFO  | [] [] | com.gasagency.audit | AUDIT | action=AUTHENTICATION_SUCCESS | entity=JWT_VALIDATION | username=admin | ip=0:0:0:0:0:0:0:1
2026-01-21 12:15:57.234 | INFO  | [] [] | com.gasagency.audit | AUDIT | action=AUTHENTICATION_SUCCESS | entity=JWT_VALIDATION | username=admin | ip=0:0:0:0:0:0:0:1
2026-01-21 12:15:57.235 | INFO  | [] [] | com.gasagency.audit | AUDIT | action=AUTHENTICATION_SUCCESS | entity=JWT_VALIDATION | username=admin | ip=0:0:0:0:0:0:0:1
2026-01-21 12:16:08.445 | INFO  | [] [] | com.gasagency.audit | AUDIT | action=AUTHENTICATION_SUCCESS | entity=JWT_VALIDATION | username=admin | ip=0:0:0:0:0:0:0:1
2026-01-21 12:16:08.472 | INFO  | [6414f31c-4286-4357-bf2f-a2479f0bea31] [] | com.gasagency.audit | AUDIT | action=CREATE | entity=LEDGER | ledgerId=2 | customerId=1
2026-01-21 12:16:08.481 | INFO  | [6414f31c-4286-4357-bf2f-a2479f0bea31] [] | com.gasagency.audit | AUDIT | action=UPDATE | entity=CUSTOMER | customerId=1 | name=Tushar 
2026-01-21 12:16:08.513 | INFO  | [] [] | com.gasagency.audit | AUDIT | action=AUTHENTICATION_SUCCESS | entity=JWT_VALIDATION | username=admin | ip=0:0:0:0:0:0:0:1
2026-01-21 12:16:08.513 | INFO  | [] [] | com.gasagency.audit | AUDIT | action=AUTHENTICATION_SUCCESS | entity=JWT_VALIDATION | username=admin | ip=0:0:0:0:0:0:0:1
2026-01-21 12:16:08.534 | INFO  | [] [] | com.gasagency.audit | AUDIT | action=AUTHENTICATION_SUCCESS | entity=JWT_VALIDATION | username=admin | ip=0:0:0:0:0:0:0:1
2026-01-21 12:16:12.879 | INFO  | [] [] | com.gasagency.audit | AUDIT | action=AUTHENTICATION_SUCCESS | entity=JWT_VALIDATION | username=admin | ip=0:0:0:0:0:0:0:1
2026-01-21 12:16:12.909 | INFO  | [] [] | com.gasagency.audit | AUDIT | action=AUTHENTICATION_SUCCESS | entity=JWT_VALIDATION | username=admin | ip=0:0:0:0:0:0:0:1
2026-01-21 12:16:27.357 | INFO  | [] [] | com.gasagency.audit | AUDIT | action=AUTHENTICATION_SUCCESS | entity=JWT_VALIDATION | username=admin | ip=0:0:0:0:0:0:0:1
2026-01-21 12:16:27.357 | INFO  | [] [] | com.gasagency.audit | AUDIT | action=AUTHENTICATION_SUCCESS | entity=JWT_VALIDATION | username=admin | ip=0:0:0:0:0:0:0:1
2026-01-21 12:16:27.369 | INFO  | [] [] | com.gasagency.audit | AUDIT | action=AUTHENTICATION_SUCCESS | entity=JWT_VALIDATION | username=admin | ip=0:0:0:0:0:0:0:1
2026-01-21 12:16:27.376 | INFO  | [] [] | com.gasagency.audit | AUDIT | action=AUTHENTICATION_SUCCESS | entity=JWT_VALIDATION | username=admin | ip=0:0:0:0:0:0:0:1
2026-01-21 12:16:27.381 | INFO  | [] [] | com.gasagency.audit | AUDIT | action=AUTHENTICATION_SUCCESS | entity=JWT_VALIDATION | username=admin | ip=0:0:0:0:0:0:0:1
2026-01-21 12:16:32.053 | INFO  | [] [] | com.gasagency.audit | AUDIT | action=AUTHENTICATION_SUCCESS | entity=JWT_VALIDATION | username=admin | ip=0:0:0:0:0:0:0:1
2026-01-21 12:16:36.938 | INFO  | [] [] | com.gasagency.audit | AUDIT | action=AUTHENTICATION_SUCCESS | entity=JWT_VALIDATION | username=admin | ip=0:0:0:0:0:0:0:1
2026-01-21 12:16:37.142 | INFO  | [930ab01e-9c7f-4de7-9ed1-07d3b9ac38a5] [] | com.gasagency.audit | AUDIT | action=CREATE | entity=LEDGER | ledgerId=3 | customerId=1
2026-01-21 12:16:37.153 | INFO  | [930ab01e-9c7f-4de7-9ed1-07d3b9ac38a5] [] | com.gasagency.audit | SALE_CREATED | saleId=1 | customerId=1 | customer=Tushar  | amount=2600.0 | timestamp=2026-01-21 12:16:37
2026-01-21 12:16:41.679 | INFO  | [] [] | com.gasagency.audit | AUDIT | action=AUTHENTICATION_SUCCESS | entity=JWT_VALIDATION | username=admin | ip=0:0:0:0:0:0:0:1
2026-01-21 12:16:50.195 | INFO  | [] [] | com.gasagency.audit | AUDIT | action=AUTHENTICATION_SUCCESS | entity=JWT_VALIDATION | username=admin | ip=0:0:0:0:0:0:0:1
2026-01-21 12:16:50.274 | INFO  | [ae679e73-2835-4acb-b531-66e826485ec9] [] | com.gasagency.audit | AUDIT | action=CREATE | entity=LEDGER | ledgerId=4 | customerId=1
2026-01-21 12:16:50.293 | INFO  | [ae679e73-2835-4acb-b531-66e826485ec9] [] | com.gasagency.audit | SALE_CREATED | saleId=2 | customerId=1 | customer=Tushar  | amount=3900.0 | timestamp=2026-01-21 12:16:50
2026-01-21 12:16:56.235 | INFO  | [] [] | com.gasagency.audit | AUDIT | action=AUTHENTICATION_SUCCESS | entity=JWT_VALIDATION | username=admin | ip=0:0:0:0:0:0:0:1
2026-01-21 12:17:08.594 | INFO  | [] [] | com.gasagency.audit | AUDIT | action=AUTHENTICATION_SUCCESS | entity=JWT_VALIDATION | username=admin | ip=0:0:0:0:0:0:0:1
2026-01-21 12:17:08.717 | INFO  | [14c15a0d-b078-4089-b66a-e5b435689ad7] [] | com.gasagency.audit | AUDIT | action=CREATE | entity=LEDGER | ledgerId=5 | customerId=1
2026-01-21 12:17:08.746 | INFO  | [14c15a0d-b078-4089-b66a-e5b435689ad7] [] | com.gasagency.audit | SALE_CREATED | saleId=3 | customerId=1 | customer=Tushar  | amount=2600.0 | timestamp=2026-01-21 12:17:08
2026-01-21 12:17:12.581 | INFO  | [] [] | com.gasagency.audit | AUDIT | action=AUTHENTICATION_SUCCESS | entity=JWT_VALIDATION | username=admin | ip=0:0:0:0:0:0:0:1
2026-01-21 12:17:12.583 | INFO  | [] [] | com.gasagency.audit | AUDIT | action=AUTHENTICATION_SUCCESS | entity=JWT_VALIDATION | username=admin | ip=0:0:0:0:0:0:0:1
2026-01-21 12:17:12.583 | INFO  | [] [] | com.gasagency.audit | AUDIT | action=AUTHENTICATION_SUCCESS | entity=JWT_VALIDATION | username=admin | ip=0:0:0:0:0:0:0:1
2026-01-21 12:17:12.638 | INFO  | [] [] | com.gasagency.audit | AUDIT | action=AUTHENTICATION_SUCCESS | entity=JWT_VALIDATION | username=admin | ip=0:0:0:0:0:0:0:1
2026-01-21 12:17:12.716 | INFO  | [] [] | com.gasagency.audit | AUDIT | action=AUTHENTICATION_SUCCESS | entity=JWT_VALIDATION | username=admin | ip=0:0:0:0:0:0:0:1
2026-01-21 12:17:12.801 | INFO  | [] [] | com.gasagency.audit | AUDIT | action=AUTHENTICATION_SUCCESS | entity=JWT_VALIDATION | username=admin | ip=0:0:0:0:0:0:0:1
2026-01-21 12:17:15.873 | INFO  | [] [] | com.gasagency.audit | AUDIT | action=AUTHENTICATION_SUCCESS | entity=JWT_VALIDATION | username=admin | ip=0:0:0:0:0:0:0:1
2026-01-21 12:17:15.901 | INFO  | [] [] | com.gasagency.audit | AUDIT | action=AUTHENTICATION_SUCCESS | entity=JWT_VALIDATION | username=admin | ip=0:0:0:0:0:0:0:1
2026-01-21 12:17:43.409 | INFO  | [] [] | com.gasagency.audit | AUDIT | action=AUTHENTICATION_SUCCESS | entity=JWT_VALIDATION | username=admin | ip=0:0:0:0:0:0:0:1
2026-01-21 12:17:43.414 | INFO  | [] [] | com.gasagency.audit | AUDIT | action=AUTHENTICATION_SUCCESS | entity=JWT_VALIDATION | username=admin | ip=0:0:0:0:0:0:0:1
2026-01-21 12:17:43.415 | INFO  | [] [] | com.gasagency.audit | AUDIT | action=AUTHENTICATION_SUCCESS | entity=JWT_VALIDATION | username=admin | ip=0:0:0:0:0:0:0:1
2026-01-21 12:17:43.415 | INFO  | [] [] | com.gasagency.audit | AUDIT | action=AUTHENTICATION_SUCCESS | entity=JWT_VALIDATION | username=admin | ip=0:0:0:0:0:0:0:1
2026-01-21 12:17:43.419 | INFO  | [] [] | com.gasagency.audit | AUDIT | action=AUTHENTICATION_SUCCESS | entity=JWT_VALIDATION | username=admin | ip=0:0:0:0:0:0:0:1
2026-01-21 12:17:54.465 | INFO  | [] [] | com.gasagency.audit | AUDIT | action=AUTHENTICATION_SUCCESS | entity=JWT_VALIDATION | username=admin | ip=0:0:0:0:0:0:0:1
2026-01-21 12:17:54.496 | INFO  | [028cb72f-3c65-4a3a-aa31-7c32fc14cda8] [] | com.gasagency.audit | AUDIT | action=CREATE | entity=LEDGER | ledgerId=6 | customerId=1
2026-01-21 12:18:04.995 | INFO  | [] [] | com.gasagency.audit | AUDIT | action=AUTHENTICATION_SUCCESS | entity=JWT_VALIDATION | username=admin | ip=0:0:0:0:0:0:0:1
2026-01-21 12:18:05.020 | INFO  | [bf35ab2d-d73e-4f53-a7ad-2824816869a9] [] | com.gasagency.audit | AUDIT | action=CREATE | entity=LEDGER | ledgerId=7 | customerId=1
2026-01-21 12:18:15.875 | INFO  | [] [] | com.gasagency.audit | AUDIT | action=AUTHENTICATION_SUCCESS | entity=JWT_VALIDATION | username=admin | ip=0:0:0:0:0:0:0:1
2026-01-21 12:18:48.019 | INFO  | [] [] | com.gasagency.audit | AUDIT | action=AUTHENTICATION_SUCCESS | entity=JWT_VALIDATION | username=admin | ip=0:0:0:0:0:0:0:1
2026-01-21 12:18:57.758 | INFO  | [] [] | com.gasagency.audit | AUDIT | action=AUTHENTICATION_SUCCESS | entity=JWT_VALIDATION | username=admin | ip=0:0:0:0:0:0:0:1
2026-01-21 12:20:36.500 | INFO  | [] [] | com.gasagency.audit | AUDIT | action=AUTHENTICATION_SUCCESS | entity=JWT_VALIDATION | username=admin | ip=0:0:0:0:0:0:0:1
2026-01-21 12:20:36.725 | INFO  | [] [] | com.gasagency.audit | AUDIT | action=AUTHENTICATION_SUCCESS | entity=JWT_VALIDATION | username=admin | ip=0:0:0:0:0:0:0:1
2026-01-21 12:20:36.735 | INFO  | [] [] | com.gasagency.audit | AUDIT | action=AUTHENTICATION_SUCCESS | entity=JWT_VALIDATION | username=admin | ip=0:0:0:0:0:0:0:1
2026-01-21 12:20:36.736 | INFO  | [] [] | com.gasagency.audit | AUDIT | action=AUTHENTICATION_SUCCESS | entity=JWT_VALIDATION | username=admin | ip=0:0:0:0:0:0:0:1
2026-01-21 12:20:36.739 | INFO  | [] [] | com.gasagency.audit | AUDIT | action=AUTHENTICATION_SUCCESS | entity=JWT_VALIDATION | username=admin | ip=0:0:0:0:0:0:0:1
2026-01-21 12:20:58.417 | INFO  | [] [] | com.gasagency.audit | AUDIT | action=AUTHENTICATION_SUCCESS | entity=JWT_VALIDATION | username=admin | ip=0:0:0:0:0:0:0:1
2026-01-21 12:20:58.452 | INFO  | [] [] | com.gasagency.audit | AUDIT | action=AUTHENTICATION_SUCCESS | entity=JWT_VALIDATION | username=admin | ip=0:0:0:0:0:0:0:1
2026-01-21 12:20:58.460 | INFO  | [] [] | com.gasagency.audit | AUDIT | action=AUTHENTICATION_SUCCESS | entity=JWT_VALIDATION | username=admin | ip=0:0:0:0:0:0:0:1
2026-01-21 12:20:58.461 | INFO  | [] [] | com.gasagency.audit | AUDIT | action=AUTHENTICATION_SUCCESS | entity=JWT_VALIDATION | username=admin | ip=0:0:0:0:0:0:0:1
2026-01-21 12:20:58.478 | INFO  | [] [] | com.gasagency.audit | AUDIT | action=AUTHENTICATION_SUCCESS | entity=JWT_VALIDATION | username=admin | ip=0:0:0:0:0:0:0:1
2026-01-21 12:21:05.140 | INFO  | [] [] | com.gasagency.audit | AUDIT | action=AUTHENTICATION_SUCCESS | entity=JWT_VALIDATION | username=admin | ip=0:0:0:0:0:0:0:1
2026-01-21 12:21:19.674 | INFO  | [] [] | com.gasagency.audit | AUDIT | action=AUTHENTICATION_SUCCESS | entity=JWT_VALIDATION | username=admin | ip=0:0:0:0:0:0:0:1
2026-01-21 12:21:19.694 | INFO  | [27aeedf4-85f2-494d-9361-68ceb4794951] [] | com.gasagency.audit | AUDIT | action=CREATE | entity=LEDGER | ledgerId=8 | customerId=1
2026-01-21 12:21:36.237 | INFO  | [] [] | com.gasagency.audit | AUDIT | action=AUTHENTICATION_SUCCESS | entity=JWT_VALIDATION | username=admin | ip=0:0:0:0:0:0:0:1
2026-01-21 12:21:36.266 | INFO  | [1d1bad63-7306-4f36-a466-4f0a219dcbc5] [] | com.gasagency.audit | AUDIT | action=CREATE | entity=LEDGER | ledgerId=9 | customerId=1
2026-01-21 12:25:51.224 | INFO  | [] [] | com.gasagency.audit | AUDIT | action=AUTHENTICATION_SUCCESS | entity=JWT_VALIDATION | username=admin | ip=0:0:0:0:0:0:0:1
2026-01-21 12:26:00.127 | INFO  | [] [] | com.gasagency.audit | AUDIT | action=AUTHENTICATION_SUCCESS | entity=JWT_VALIDATION | username=admin | ip=0:0:0:0:0:0:0:1
2026-01-21 12:26:00.131 | INFO  | [] [] | com.gasagency.audit | AUDIT | action=AUTHENTICATION_SUCCESS | entity=JWT_VALIDATION | username=admin | ip=0:0:0:0:0:0:0:1
2026-01-21 12:26:00.135 | INFO  | [] [] | com.gasagency.audit | AUDIT | action=AUTHENTICATION_SUCCESS | entity=JWT_VALIDATION | username=admin | ip=0:0:0:0:0:0:0:1
2026-01-21 12:26:00.135 | INFO  | [] [] | com.gasagency.audit | AUDIT | action=AUTHENTICATION_SUCCESS | entity=JWT_VALIDATION | username=admin | ip=0:0:0:0:0:0:0:1
2026-01-21 12:26:00.136 | INFO  | [] [] | com.gasagency.audit | AUDIT | action=AUTHENTICATION_SUCCESS | entity=JWT_VALIDATION | username=admin | ip=0:0:0:0:0:0:0:1
2026-01-21 12:26:14.019 | INFO  | [] [] | com.gasagency.audit | AUDIT | action=AUTHENTICATION_SUCCESS | entity=JWT_VALIDATION | username=admin | ip=0:0:0:0:0:0:0:1
2026-01-21 12:26:14.122 | INFO  | [22b049ad-35af-40d7-a489-45a8d6c81460] [] | com.gasagency.audit | AUDIT | action=CREATE | entity=LEDGER | ledgerId=10 | customerId=1
2026-01-21 12:27:54.789 | INFO  | [] [] | com.gasagency.audit | AUDIT | action=AUTHENTICATION_SUCCESS | entity=JWT_VALIDATION | username=admin | ip=0:0:0:0:0:0:0:1
2026-01-21 12:27:55.037 | INFO  | [4323f079-3ce1-4acd-b60d-b7b107b9e1b6] [] | com.gasagency.audit | AUDIT | action=CREATE | entity=LEDGER | ledgerId=11 | customerId=1
2026-01-21 12:28:09.795 | INFO  | [] [] | com.gasagency.audit | AUDIT | action=AUTHENTICATION_SUCCESS | entity=JWT_VALIDATION | username=admin | ip=0:0:0:0:0:0:0:1
2026-01-21 12:28:09.800 | INFO  | [] [] | com.gasagency.audit | AUDIT | action=AUTHENTICATION_SUCCESS | entity=JWT_VALIDATION | username=admin | ip=0:0:0:0:0:0:0:1
2026-01-21 12:28:09.800 | INFO  | [] [] | com.gasagency.audit | AUDIT | action=AUTHENTICATION_SUCCESS | entity=JWT_VALIDATION | username=admin | ip=0:0:0:0:0:0:0:1
2026-01-21 12:28:09.899 | INFO  | [] [] | com.gasagency.audit | AUDIT | action=AUTHENTICATION_SUCCESS | entity=JWT_VALIDATION | username=admin | ip=0:0:0:0:0:0:0:1
2026-01-21 12:28:09.949 | INFO  | [] [] | com.gasagency.audit | AUDIT | action=AUTHENTICATION_SUCCESS | entity=JWT_VALIDATION | username=admin | ip=0:0:0:0:0:0:0:1
2026-01-21 12:28:09.993 | INFO  | [] [] | com.gasagency.audit | AUDIT | action=AUTHENTICATION_SUCCESS | entity=JWT_VALIDATION | username=admin | ip=0:0:0:0:0:0:0:1
2026-01-21 12:28:11.868 | INFO  | [] [] | com.gasagency.audit | AUDIT | action=AUTHENTICATION_SUCCESS | entity=JWT_VALIDATION | username=admin | ip=0:0:0:0:0:0:0:1
2026-01-21 12:28:11.906 | INFO  | [] [] | com.gasagency.audit | AUDIT | action=AUTHENTICATION_SUCCESS | entity=JWT_VALIDATION | username=admin | ip=0:0:0:0:0:0:0:1
2026-01-21 12:28:16.174 | INFO  | [] [] | com.gasagency.audit | AUDIT | action=AUTHENTICATION_SUCCESS | entity=JWT_VALIDATION | username=admin | ip=0:0:0:0:0:0:0:1
2026-01-21 12:28:35.319 | INFO  | [] [] | com.gasagency.audit | AUDIT | action=AUTHENTICATION_SUCCESS | entity=JWT_VALIDATION | username=admin | ip=0:0:0:0:0:0:0:1
2026-01-21 12:28:44.324 | INFO  | [] [] | com.gasagency.audit | AUDIT | action=AUTHENTICATION_SUCCESS | entity=JWT_VALIDATION | username=admin | ip=0:0:0:0:0:0:0:1
2026-01-21 12:29:33.750 | INFO  | [] [] | com.gasagency.audit | AUDIT | action=AUTHENTICATION_SUCCESS | entity=JWT_VALIDATION | username=admin | ip=0:0:0:0:0:0:0:1
2026-01-21 12:29:56.840 | INFO  | [] [] | com.gasagency.audit | AUDIT | action=AUTHENTICATION_SUCCESS | entity=JWT_VALIDATION | username=admin | ip=0:0:0:0:0:0:0:1
2026-01-21 12:30:15.917 | INFO  | [] [] | com.gasagency.audit | AUDIT | action=AUTHENTICATION_SUCCESS | entity=JWT_VALIDATION | username=admin | ip=0:0:0:0:0:0:0:1
2026-01-21 12:30:44.922 | INFO  | [] [] | com.gasagency.audit | AUDIT | action=AUTHENTICATION_SUCCESS | entity=JWT_VALIDATION | username=admin | ip=0:0:0:0:0:0:0:1
2026-01-21 12:30:48.000 | INFO  | [] [] | com.gasagency.audit | AUDIT | action=AUTHENTICATION_SUCCESS | entity=JWT_VALIDATION | username=admin | ip=0:0:0:0:0:0:0:1
2026-01-21 12:30:57.520 | INFO  | [] [] | com.gasagency.audit | AUDIT | action=AUTHENTICATION_SUCCESS | entity=JWT_VALIDATION | username=admin | ip=0:0:0:0:0:0:0:1
2026-01-21 12:31:04.155 | INFO  | [] [] | com.gasagency.audit | AUDIT | action=AUTHENTICATION_SUCCESS | entity=JWT_VALIDATION | username=admin | ip=0:0:0:0:0:0:0:1
2026-01-21 12:31:21.361 | INFO  | [] [] | com.gasagency.audit | AUDIT | action=AUTHENTICATION_SUCCESS | entity=JWT_VALIDATION | username=admin | ip=0:0:0:0:0:0:0:1
2026-01-21 12:31:26.583 | INFO  | [] [] | com.gasagency.audit | AUDIT | action=AUTHENTICATION_SUCCESS | entity=JWT_VALIDATION | username=admin | ip=0:0:0:0:0:0:0:1
2026-01-21 12:31:26.583 | INFO  | [] [] | com.gasagency.audit | AUDIT | action=AUTHENTICATION_SUCCESS | entity=JWT_VALIDATION | username=admin | ip=0:0:0:0:0:0:0:1
2026-01-21 12:31:26.584 | INFO  | [] [] | com.gasagency.audit | AUDIT | action=AUTHENTICATION_SUCCESS | entity=JWT_VALIDATION | username=admin | ip=0:0:0:0:0:0:0:1
2026-01-21 12:31:26.589 | INFO  | [] [] | com.gasagency.audit | AUDIT | action=AUTHENTICATION_SUCCESS | entity=JWT_VALIDATION | username=admin | ip=0:0:0:0:0:0:0:1
2026-01-21 12:31:26.589 | INFO  | [] [] | com.gasagency.audit | AUDIT | action=AUTHENTICATION_SUCCESS | entity=JWT_VALIDATION | username=admin | ip=0:0:0:0:0:0:0:1
2026-01-21 12:31:26.589 | INFO  | [] [] | com.gasagency.audit | AUDIT | action=AUTHENTICATION_SUCCESS | entity=JWT_VALIDATION | username=admin | ip=0:0:0:0:0:0:0:1
2026-01-21 12:31:26.620 | INFO  | [] [] | com.gasagency.audit | AUDIT | action=AUTHENTICATION_SUCCESS | entity=JWT_VALIDATION | username=admin | ip=0:0:0:0:0:0:0:1
2026-01-21 12:31:26.647 | INFO  | [] [] | com.gasagency.audit | AUDIT | action=AUTHENTICATION_SUCCESS | entity=JWT_VALIDATION | username=admin | ip=0:0:0:0:0:0:0:1
2026-01-21 12:31:26.683 | INFO  | [] [] | com.gasagency.audit | AUDIT | action=AUTHENTICATION_SUCCESS | entity=JWT_VALIDATION | username=admin | ip=0:0:0:0:0:0:0:1
2026-01-21 12:31:26.689 | INFO  | [] [] | com.gasagency.audit | AUDIT | action=AUTHENTICATION_SUCCESS | entity=JWT_VALIDATION | username=admin | ip=0:0:0:0:0:0:0:1
2026-01-21 12:31:26.696 | INFO  | [] [] | com.gasagency.audit | AUDIT | action=AUTHENTICATION_SUCCESS | entity=JWT_VALIDATION | username=admin | ip=0:0:0:0:0:0:0:1
2026-01-21 12:31:27.396 | INFO  | [] [] | com.gasagency.audit | AUDIT | action=AUTHENTICATION_SUCCESS | entity=JWT_VALIDATION | username=admin | ip=0:0:0:0:0:0:0:1
2026-01-21 12:31:27.396 | INFO  | [] [] | com.gasagency.audit | AUDIT | action=AUTHENTICATION_SUCCESS | entity=JWT_VALIDATION | username=admin | ip=0:0:0:0:0:0:0:1
2026-01-21 12:31:27.424 | INFO  | [] [] | com.gasagency.audit | AUDIT | action=AUTHENTICATION_SUCCESS | entity=JWT_VALIDATION | username=admin | ip=0:0:0:0:0:0:0:1
2026-01-21 12:31:50.584 | INFO  | [] [] | com.gasagency.audit | AUDIT | action=AUTHENTICATION_SUCCESS | entity=JWT_VALIDATION | username=admin | ip=0:0:0:0:0:0:0:1
2026-01-21 12:31:50.584 | INFO  | [] [] | com.gasagency.audit | AUDIT | action=AUTHENTICATION_SUCCESS | entity=JWT_VALIDATION | username=admin | ip=0:0:0:0:0:0:0:1
2026-01-21 12:31:50.592 | INFO  | [] [] | com.gasagency.audit | AUDIT | action=AUTHENTICATION_SUCCESS | entity=JWT_VALIDATION | username=admin | ip=0:0:0:0:0:0:0:1
2026-01-21 12:31:50.594 | INFO  | [] [] | com.gasagency.audit | AUDIT | action=AUTHENTICATION_SUCCESS | entity=JWT_VALIDATION | username=admin | ip=0:0:0:0:0:0:0:1
2026-01-21 12:31:50.647 | INFO  | [] [] | com.gasagency.audit | AUDIT | action=AUTHENTICATION_SUCCESS | entity=JWT_VALIDATION | username=admin | ip=0:0:0:0:0:0:0:1
2026-01-21 12:31:50.675 | INFO  | [] [] | com.gasagency.audit | AUDIT | action=AUTHENTICATION_SUCCESS | entity=JWT_VALIDATION | username=admin | ip=0:0:0:0:0:0:0:1
2026-01-21 12:31:50.700 | INFO  | [] [] | com.gasagency.audit | AUDIT | action=AUTHENTICATION_SUCCESS | entity=JWT_VALIDATION | username=admin | ip=0:0:0:0:0:0:0:1
2026-01-21 12:31:50.701 | INFO  | [] [] | com.gasagency.audit | AUDIT | action=AUTHENTICATION_SUCCESS | entity=JWT_VALIDATION | username=admin | ip=0:0:0:0:0:0:0:1
2026-01-21 12:31:50.712 | INFO  | [] [] | com.gasagency.audit | AUDIT | action=AUTHENTICATION_SUCCESS | entity=JWT_VALIDATION | username=admin | ip=0:0:0:0:0:0:0:1
2026-01-21 12:31:50.719 | INFO  | [] [] | com.gasagency.audit | AUDIT | action=AUTHENTICATION_SUCCESS | entity=JWT_VALIDATION | username=admin | ip=0:0:0:0:0:0:0:1
2026-01-21 12:31:50.727 | INFO  | [] [] | com.gasagency.audit | AUDIT | action=AUTHENTICATION_SUCCESS | entity=JWT_VALIDATION | username=admin | ip=0:0:0:0:0:0:0:1
2026-01-21 12:31:57.462 | INFO  | [] [] | com.gasagency.audit | AUDIT | action=AUTHENTICATION_SUCCESS | entity=JWT_VALIDATION | username=admin | ip=0:0:0:0:0:0:0:1
2026-01-21 12:31:57.463 | INFO  | [] [] | com.gasagency.audit | AUDIT | action=AUTHENTICATION_SUCCESS | entity=JWT_VALIDATION | username=admin | ip=0:0:0:0:0:0:0:1
2026-01-21 12:31:57.463 | INFO  | [] [] | com.gasagency.audit | AUDIT | action=AUTHENTICATION_SUCCESS | entity=JWT_VALIDATION | username=admin | ip=0:0:0:0:0:0:0:1
2026-01-21 12:31:57.485 | INFO  | [] [] | com.gasagency.audit | AUDIT | action=AUTHENTICATION_SUCCESS | entity=JWT_VALIDATION | username=admin | ip=0:0:0:0:0:0:0:1
2026-01-21 12:31:57.544 | INFO  | [] [] | com.gasagency.audit | AUDIT | action=AUTHENTICATION_SUCCESS | entity=JWT_VALIDATION | username=admin | ip=0:0:0:0:0:0:0:1
2026-01-21 12:31:57.575 | INFO  | [] [] | com.gasagency.audit | AUDIT | action=AUTHENTICATION_SUCCESS | entity=JWT_VALIDATION | username=admin | ip=0:0:0:0:0:0:0:1
2026-01-21 12:32:01.952 | INFO  | [] [] | com.gasagency.audit | AUDIT | action=AUTHENTICATION_SUCCESS | entity=JWT_VALIDATION | username=admin | ip=0:0:0:0:0:0:0:1
2026-01-21 12:32:01.986 | INFO  | [] [] | com.gasagency.audit | AUDIT | action=AUTHENTICATION_SUCCESS | entity=JWT_VALIDATION | username=admin | ip=0:0:0:0:0:0:0:1
2026-01-21 12:32:13.312 | INFO  | [] [] | com.gasagency.audit | AUDIT | action=AUTHENTICATION_SUCCESS | entity=JWT_VALIDATION | username=admin | ip=0:0:0:0:0:0:0:1
2026-01-21 12:32:13.388 | INFO  | [] [] | com.gasagency.audit | AUDIT | action=AUTHENTICATION_SUCCESS | entity=JWT_VALIDATION | username=admin | ip=0:0:0:0:0:0:0:1
2026-01-21 12:32:13.391 | INFO  | [] [] | com.gasagency.audit | AUDIT | action=AUTHENTICATION_SUCCESS | entity=JWT_VALIDATION | username=admin | ip=0:0:0:0:0:0:0:1
2026-01-21 12:32:13.431 | INFO  | [] [] | com.gasagency.audit | AUDIT | action=AUTHENTICATION_SUCCESS | entity=JWT_VALIDATION | username=admin | ip=0:0:0:0:0:0:0:1
2026-01-21 12:32:25.533 | INFO  | [] [] | com.gasagency.audit | AUDIT | action=AUTHENTICATION_SUCCESS | entity=JWT_VALIDATION | username=admin | ip=0:0:0:0:0:0:0:1
2026-01-21 12:32:25.535 | INFO  | [] [] | com.gasagency.audit | AUDIT | action=AUTHENTICATION_SUCCESS | entity=JWT_VALIDATION | username=admin | ip=0:0:0:0:0:0:0:1
2026-01-21 12:32:25.535 | INFO  | [] [] | com.gasagency.audit | AUDIT | action=AUTHENTICATION_SUCCESS | entity=JWT_VALIDATION | username=admin | ip=0:0:0:0:0:0:0:1
2026-01-21 12:32:25.592 | INFO  | [] [] | com.gasagency.audit | AUDIT | action=AUTHENTICATION_SUCCESS | entity=JWT_VALIDATION | username=admin | ip=0:0:0:0:0:0:0:1
2026-01-21 12:32:27.121 | INFO  | [] [] | com.gasagency.audit | AUDIT | action=AUTHENTICATION_SUCCESS | entity=JWT_VALIDATION | username=admin | ip=0:0:0:0:0:0:0:1
2026-01-21 12:32:38.370 | INFO  | [] [] | com.gasagency.audit | AUDIT | action=AUTHENTICATION_SUCCESS | entity=JWT_VALIDATION | username=admin | ip=0:0:0:0:0:0:0:1
2026-01-21 12:32:38.405 | INFO  | [] [] | com.gasagency.audit | AUDIT | action=AUTHENTICATION_SUCCESS | entity=JWT_VALIDATION | username=admin | ip=0:0:0:0:0:0:0:1
2026-01-21 12:32:38.406 | INFO  | [] [] | com.gasagency.audit | AUDIT | action=AUTHENTICATION_SUCCESS | entity=JWT_VALIDATION | username=admin | ip=0:0:0:0:0:0:0:1
2026-01-21 12:32:38.448 | INFO  | [] [] | com.gasagency.audit | AUDIT | action=AUTHENTICATION_SUCCESS | entity=JWT_VALIDATION | username=admin | ip=0:0:0:0:0:0:0:1
2026-01-21 12:32:49.656 | INFO  | [] [] | com.gasagency.audit | AUDIT | action=AUTHENTICATION_SUCCESS | entity=JWT_VALIDATION | username=admin | ip=0:0:0:0:0:0:0:1
2026-01-21 12:32:49.657 | INFO  | [] [] | com.gasagency.audit | AUDIT | action=AUTHENTICATION_SUCCESS | entity=JWT_VALIDATION | username=admin | ip=0:0:0:0:0:0:0:1
2026-01-21 12:32:49.657 | INFO  | [] [] | com.gasagency.audit | AUDIT | action=AUTHENTICATION_SUCCESS | entity=JWT_VALIDATION | username=admin | ip=0:0:0:0:0:0:0:1
2026-01-21 12:32:49.658 | INFO  | [] [] | com.gasagency.audit | AUDIT | action=AUTHENTICATION_SUCCESS | entity=JWT_VALIDATION | username=admin | ip=0:0:0:0:0:0:0:1
2026-01-21 12:32:52.648 | INFO  | [] [] | com.gasagency.audit | AUDIT | action=AUTHENTICATION_SUCCESS | entity=JWT_VALIDATION | username=admin | ip=0:0:0:0:0:0:0:1
2026-01-21 12:32:52.652 | INFO  | [] [] | com.gasagency.audit | AUDIT | action=AUTHENTICATION_SUCCESS | entity=JWT_VALIDATION | username=admin | ip=0:0:0:0:0:0:0:1
2026-01-21 12:32:52.654 | INFO  | [] [] | com.gasagency.audit | AUDIT | action=AUTHENTICATION_SUCCESS | entity=JWT_VALIDATION | username=admin | ip=0:0:0:0:0:0:0:1
2026-01-21 12:33:06.681 | INFO  | [] [] | com.gasagency.audit | AUDIT | action=AUTHENTICATION_SUCCESS | entity=JWT_VALIDATION | username=admin | ip=0:0:0:0:0:0:0:1
2026-01-21 12:33:11.889 | INFO  | [] [] | com.gasagency.audit | AUDIT | action=AUTHENTICATION_SUCCESS | entity=JWT_VALIDATION | username=admin | ip=0:0:0:0:0:0:0:1
2026-01-21 12:33:28.043 | INFO  | [] [] | com.gasagency.audit | AUDIT | action=AUTHENTICATION_SUCCESS | entity=JWT_VALIDATION | username=admin | ip=0:0:0:0:0:0:0:1
2026-01-21 12:33:28.046 | INFO  | [] [] | com.gasagency.audit | AUDIT | action=AUTHENTICATION_SUCCESS | entity=JWT_VALIDATION | username=admin | ip=0:0:0:0:0:0:0:1
2026-01-21 12:33:28.050 | INFO  | [] [] | com.gasagency.audit | AUDIT | action=AUTHENTICATION_SUCCESS | entity=JWT_VALIDATION | username=admin | ip=0:0:0:0:0:0:0:1
2026-01-21 12:33:28.057 | INFO  | [] [] | com.gasagency.audit | AUDIT | action=AUTHENTICATION_SUCCESS | entity=JWT_VALIDATION | username=admin | ip=0:0:0:0:0:0:0:1
2026-01-21 12:33:28.065 | INFO  | [] [] | com.gasagency.audit | AUDIT | action=AUTHENTICATION_SUCCESS | entity=JWT_VALIDATION | username=admin | ip=0:0:0:0:0:0:0:1
2026-01-21 12:33:28.077 | INFO  | [] [] | com.gasagency.audit | AUDIT | action=AUTHENTICATION_SUCCESS | entity=JWT_VALIDATION | username=admin | ip=0:0:0:0:0:0:0:1
2026-01-21 12:33:28.077 | INFO  | [] [] | com.gasagency.audit | AUDIT | action=AUTHENTICATION_SUCCESS | entity=JWT_VALIDATION | username=admin | ip=0:0:0:0:0:0:0:1
2026-01-21 12:33:28.087 | INFO  | [] [] | com.gasagency.audit | AUDIT | action=AUTHENTICATION_SUCCESS | entity=JWT_VALIDATION | username=admin | ip=0:0:0:0:0:0:0:1
2026-01-21 12:33:28.100 | INFO  | [] [] | com.gasagency.audit | AUDIT | action=AUTHENTICATION_SUCCESS | entity=JWT_VALIDATION | username=admin | ip=0:0:0:0:0:0:0:1
2026-01-21 12:33:28.104 | INFO  | [] [] | com.gasagency.audit | AUDIT | action=AUTHENTICATION_SUCCESS | entity=JWT_VALIDATION | username=admin | ip=0:0:0:0:0:0:0:1
2026-01-21 12:33:28.106 | INFO  | [] [] | com.gasagency.audit | AUDIT | action=AUTHENTICATION_SUCCESS | entity=JWT_VALIDATION | username=admin | ip=0:0:0:0:0:0:0:1
2026-01-21 12:33:32.897 | INFO  | [] [] | com.gasagency.audit | AUDIT | action=AUTHENTICATION_SUCCESS | entity=JWT_VALIDATION | username=admin | ip=0:0:0:0:0:0:0:1
2026-01-21 12:33:32.897 | INFO  | [] [] | com.gasagency.audit | AUDIT | action=AUTHENTICATION_SUCCESS | entity=JWT_VALIDATION | username=admin | ip=0:0:0:0:0:0:0:1
2026-01-21 12:33:34.748 | INFO  | [] [] | com.gasagency.audit | AUDIT | action=AUTHENTICATION_SUCCESS | entity=JWT_VALIDATION | username=admin | ip=0:0:0:0:0:0:0:1
2026-01-21 12:33:34.748 | INFO  | [] [] | com.gasagency.audit | AUDIT | action=AUTHENTICATION_SUCCESS | entity=JWT_VALIDATION | username=admin | ip=0:0:0:0:0:0:0:1
2026-01-21 12:33:34.776 | INFO  | [] [] | com.gasagency.audit | AUDIT | action=AUTHENTICATION_SUCCESS | entity=JWT_VALIDATION | username=admin | ip=0:0:0:0:0:0:0:1
2026-01-21 12:33:37.648 | INFO  | [] [] | com.gasagency.audit | AUDIT | action=AUTHENTICATION_SUCCESS | entity=JWT_VALIDATION | username=admin | ip=0:0:0:0:0:0:0:1
2026-01-21 12:33:37.648 | INFO  | [] [] | com.gasagency.audit | AUDIT | action=AUTHENTICATION_SUCCESS | entity=JWT_VALIDATION | username=admin | ip=0:0:0:0:0:0:0:1
2026-01-21 12:33:53.984 | INFO  | [] [] | com.gasagency.audit | AUDIT | action=AUTHENTICATION_SUCCESS | entity=JWT_VALIDATION | username=admin | ip=0:0:0:0:0:0:0:1
2026-01-21 12:34:00.858 | INFO  | [] [] | com.gasagency.audit | AUDIT | action=AUTHENTICATION_SUCCESS | entity=JWT_VALIDATION | username=admin | ip=0:0:0:0:0:0:0:1
2026-01-21 12:34:03.712 | INFO  | [] [] | com.gasagency.audit | AUDIT | action=AUTHENTICATION_SUCCESS | entity=JWT_VALIDATION | username=admin | ip=0:0:0:0:0:0:0:1
2026-01-21 12:34:06.052 | INFO  | [] [] | com.gasagency.audit | AUDIT | action=AUTHENTICATION_SUCCESS | entity=JWT_VALIDATION | username=admin | ip=0:0:0:0:0:0:0:1
2026-01-21 12:34:20.851 | INFO  | [] [] | com.gasagency.audit | AUDIT | action=AUTHENTICATION_SUCCESS | entity=JWT_VALIDATION | username=admin | ip=0:0:0:0:0:0:0:1
2026-01-21 12:34:20.851 | INFO  | [] [] | com.gasagency.audit | AUDIT | action=AUTHENTICATION_SUCCESS | entity=JWT_VALIDATION | username=admin | ip=0:0:0:0:0:0:0:1
2026-01-21 12:34:22.648 | INFO  | [] [] | com.gasagency.audit | AUDIT | action=AUTHENTICATION_SUCCESS | entity=JWT_VALIDATION | username=admin | ip=0:0:0:0:0:0:0:1
2026-01-21 12:34:22.670 | INFO  | [] [] | com.gasagency.audit | AUDIT | action=AUTHENTICATION_SUCCESS | entity=JWT_VALIDATION | username=admin | ip=0:0:0:0:0:0:0:1
2026-01-21 12:34:29.363 | INFO  | [] [] | com.gasagency.audit | AUDIT | action=AUTHENTICATION_SUCCESS | entity=JWT_VALIDATION | username=admin | ip=0:0:0:0:0:0:0:1
2026-01-21 12:34:29.364 | INFO  | [] [] | com.gasagency.audit | AUDIT | action=AUTHENTICATION_SUCCESS | entity=JWT_VALIDATION | username=admin | ip=0:0:0:0:0:0:0:1
2026-01-21 12:34:29.367 | INFO  | [] [] | com.gasagency.audit | AUDIT | action=AUTHENTICATION_SUCCESS | entity=JWT_VALIDATION | username=admin | ip=0:0:0:0:0:0:0:1
2026-01-21 12:34:29.371 | INFO  | [] [] | com.gasagency.audit | AUDIT | action=AUTHENTICATION_SUCCESS | entity=JWT_VALIDATION | username=admin | ip=0:0:0:0:0:0:0:1
2026-01-21 12:34:39.861 | INFO  | [] [] | com.gasagency.audit | AUDIT | action=AUTHENTICATION_SUCCESS | entity=JWT_VALIDATION | username=admin | ip=0:0:0:0:0:0:0:1
2026-01-21 12:34:47.585 | INFO  | [] [] | com.gasagency.audit | AUDIT | action=AUTHENTICATION_SUCCESS | entity=JWT_VALIDATION | username=admin | ip=0:0:0:0:0:0:0:1
2026-01-21 12:34:47.648 | INFO  | [] [] | com.gasagency.audit | AUDIT | action=AUTHENTICATION_SUCCESS | entity=JWT_VALIDATION | username=admin | ip=0:0:0:0:0:0:0:1
2026-01-21 12:34:47.648 | INFO  | [] [] | com.gasagency.audit | AUDIT | action=AUTHENTICATION_SUCCESS | entity=JWT_VALIDATION | username=admin | ip=0:0:0:0:0:0:0:1
2026-01-21 12:34:51.582 | INFO  | [] [] | com.gasagency.audit | AUDIT | action=AUTHENTICATION_SUCCESS | entity=JWT_VALIDATION | username=admin | ip=0:0:0:0:0:0:0:1
2026-01-21 12:34:51.582 | INFO  | [] [] | com.gasagency.audit | AUDIT | action=AUTHENTICATION_SUCCESS | entity=JWT_VALIDATION | username=admin | ip=0:0:0:0:0:0:0:1
2026-01-21 12:34:51.600 | INFO  | [] [] | com.gasagency.audit | AUDIT | action=AUTHENTICATION_SUCCESS | entity=JWT_VALIDATION | username=admin | ip=0:0:0:0:0:0:0:1
2026-01-21 12:34:52.883 | INFO  | [] [] | com.gasagency.audit | AUDIT | action=AUTHENTICATION_SUCCESS | entity=JWT_VALIDATION | username=admin | ip=0:0:0:0:0:0:0:1
2026-01-21 12:34:52.883 | INFO  | [] [] | com.gasagency.audit | AUDIT | action=AUTHENTICATION_SUCCESS | entity=JWT_VALIDATION | username=admin | ip=0:0:0:0:0:0:0:1
2026-01-21 12:34:52.900 | INFO  | [] [] | com.gasagency.audit | AUDIT | action=AUTHENTICATION_SUCCESS | entity=JWT_VALIDATION | username=admin | ip=0:0:0:0:0:0:0:1
2026-01-21 12:35:11.447 | INFO  | [] [] | com.gasagency.audit | AUDIT | action=AUTHENTICATION_SUCCESS | entity=JWT_VALIDATION | username=admin | ip=0:0:0:0:0:0:0:1
2026-01-21 12:35:24.069 | INFO  | [] [] | com.gasagency.audit | AUDIT | action=AUTHENTICATION_SUCCESS | entity=JWT_VALIDATION | username=admin | ip=0:0:0:0:0:0:0:1
2026-01-21 12:35:24.164 | INFO  | [] [] | com.gasagency.audit | AUDIT | action=AUTHENTICATION_SUCCESS | entity=JWT_VALIDATION | username=admin | ip=0:0:0:0:0:0:0:1
2026-01-21 12:35:32.971 | INFO  | [] [] | com.gasagency.audit | AUDIT | action=AUTHENTICATION_SUCCESS | entity=JWT_VALIDATION | username=admin | ip=0:0:0:0:0:0:0:1
2026-01-21 12:35:33.013 | INFO  | [] [] | com.gasagency.audit | AUDIT | action=AUTHENTICATION_SUCCESS | entity=JWT_VALIDATION | username=admin | ip=0:0:0:0:0:0:0:1
2026-01-21 12:35:41.287 | INFO  | [] [] | com.gasagency.audit | AUDIT | action=AUTHENTICATION_SUCCESS | entity=JWT_VALIDATION | username=admin | ip=0:0:0:0:0:0:0:1
2026-01-21 12:35:44.338 | INFO  | [] [] | com.gasagency.audit | AUDIT | action=AUTHENTICATION_SUCCESS | entity=JWT_VALIDATION | username=admin | ip=0:0:0:0:0:0:0:1
2026-01-21 12:35:57.089 | INFO  | [] [] | com.gasagency.audit | AUDIT | action=AUTHENTICATION_SUCCESS | entity=JWT_VALIDATION | username=admin | ip=0:0:0:0:0:0:0:1
2026-01-21 12:35:57.089 | INFO  | [] [] | com.gasagency.audit | AUDIT | action=AUTHENTICATION_SUCCESS | entity=JWT_VALIDATION | username=admin | ip=0:0:0:0:0:0:0:1
2026-01-21 12:36:12.160 | INFO  | [] [] | com.gasagency.audit | AUDIT | action=AUTHENTICATION_SUCCESS | entity=JWT_VALIDATION | username=admin | ip=0:0:0:0:0:0:0:1
