2026-02-04 23:15:07.350 | INFO  | [] [] | com.gasagency.audit | AUDIT | action=AUTHENTICATION_SUCCESS | entity=JWT_VALIDATION | username=admin | ip=0:0:0:0:0:0:0:1
2026-02-04 23:15:07.363 | INFO  | [] [] | com.gasagency.audit | AUDIT | action=AUTHENTICATION_SUCCESS | entity=JWT_VALIDATION | username=admin | ip=0:0:0:0:0:0:0:1
2026-02-04 23:15:07.465 | INFO  | [] [] | com.gasagency.audit | AUDIT | action=AUTHENTICATION_SUCCESS | entity=JWT_VALIDATION | username=admin | ip=0:0:0:0:0:0:0:1
2026-02-04 23:15:46.580 | INFO  | [] [] | com.gasagency.audit | AUDIT | action=AUTHENTICATION_SUCCESS | entity=JWT_VALIDATION | username=admin | ip=0:0:0:0:0:0:0:1
2026-02-04 23:15:52.180 | INFO  | [] [] | com.gasagency.audit | AUDIT | action=AUTHENTICATION_SUCCESS | entity=JWT_VALIDATION | username=admin | ip=0:0:0:0:0:0:0:1
2026-02-04 23:15:52.229 | INFO  | [] [] | com.gasagency.audit | AUDIT | action=AUTHENTICATION_SUCCESS | entity=JWT_VALIDATION | username=admin | ip=0:0:0:0:0:0:0:1
2026-02-04 23:15:52.304 | INFO  | [] [] | com.gasagency.audit | AUDIT | action=AUTHENTICATION_SUCCESS | entity=JWT_VALIDATION | username=admin | ip=0:0:0:0:0:0:0:1
2026-02-04 23:15:57.323 | INFO  | [] [] | com.gasagency.audit | AUDIT | action=AUTHENTICATION_SUCCESS | entity=JWT_VALIDATION | username=admin | ip=0:0:0:0:0:0:0:1
2026-02-04 23:15:57.483 | INFO  | [] [] | com.gasagency.audit | AUDIT | action=AUTHENTICATION_SUCCESS | entity=JWT_VALIDATION | username=admin | ip=0:0:0:0:0:0:0:1
2026-02-04 23:15:59.555 | INFO  | [] [] | com.gasagency.audit | AUDIT | action=AUTHENTICATION_SUCCESS | entity=JWT_VALIDATION | username=admin | ip=0:0:0:0:0:0:0:1
2026-02-04 23:15:59.565 | INFO  | [] [] | com.gasagency.audit | AUDIT | action=AUTHENTICATION_SUCCESS | entity=JWT_VALIDATION | username=admin | ip=0:0:0:0:0:0:0:1
2026-02-04 23:15:59.565 | INFO  | [] [] | com.gasagency.audit | AUDIT | action=AUTHENTICATION_SUCCESS | entity=JWT_VALIDATION | username=admin | ip=0:0:0:0:0:0:0:1
2026-02-04 23:15:59.593 | INFO  | [] [] | com.gasagency.audit | AUDIT | action=AUTHENTICATION_SUCCESS | entity=JWT_VALIDATION | username=admin | ip=0:0:0:0:0:0:0:1
2026-02-04 23:15:59.599 | INFO  | [] [] | com.gasagency.audit | AUDIT | action=AUTHENTICATION_SUCCESS | entity=JWT_VALIDATION | username=admin | ip=0:0:0:0:0:0:0:1
2026-02-04 23:16:02.197 | INFO  | [] [] | com.gasagency.audit | AUDIT | action=AUTHENTICATION_SUCCESS | entity=JWT_VALIDATION | username=admin | ip=0:0:0:0:0:0:0:1
2026-02-04 23:16:02.239 | INFO  | [] [] | com.gasagency.audit | AUDIT | action=AUTHENTICATION_SUCCESS | entity=JWT_VALIDATION | username=admin | ip=0:0:0:0:0:0:0:1
2026-02-04 23:16:03.244 | INFO  | [] [] | com.gasagency.audit | AUDIT | action=AUTHENTICATION_SUCCESS | entity=JWT_VALIDATION | username=admin | ip=0:0:0:0:0:0:0:1
2026-02-04 23:16:03.261 | INFO  | [] [] | com.gasagency.audit | AUDIT | action=AUTHENTICATION_SUCCESS | entity=JWT_VALIDATION | username=admin | ip=0:0:0:0:0:0:0:1
2026-02-04 23:16:03.261 | INFO  | [] [] | com.gasagency.audit | AUDIT | action=AUTHENTICATION_SUCCESS | entity=JWT_VALIDATION | username=admin | ip=0:0:0:0:0:0:0:1
2026-02-04 23:16:03.272 | INFO  | [] [] | com.gasagency.audit | AUDIT | action=AUTHENTICATION_SUCCESS | entity=JWT_VALIDATION | username=admin | ip=0:0:0:0:0:0:0:1
2026-02-04 23:16:22.195 | INFO  | [] [] | com.gasagency.audit | AUDIT | action=AUTHENTICATION_SUCCESS | entity=JWT_VALIDATION | username=admin | ip=0:0:0:0:0:0:0:1
2026-02-04 23:16:22.252 | INFO  | [] [] | com.gasagency.audit | AUDIT | action=AUTHENTICATION_SUCCESS | entity=JWT_VALIDATION | username=admin | ip=0:0:0:0:0:0:0:1
2026-02-04 23:16:28.542 | INFO  | [] [] | com.gasagency.audit | AUDIT | action=AUTHENTICATION_SUCCESS | entity=JWT_VALIDATION | username=admin | ip=0:0:0:0:0:0:0:1
2026-02-04 23:16:28.563 | INFO  | [] [] | com.gasagency.audit | AUDIT | action=AUTHENTICATION_SUCCESS | entity=JWT_VALIDATION | username=admin | ip=0:0:0:0:0:0:0:1
2026-02-04 23:16:28.584 | INFO  | [] [] | com.gasagency.audit | AUDIT | action=AUTHENTICATION_SUCCESS | entity=JWT_VALIDATION | username=admin | ip=0:0:0:0:0:0:0:1
2026-02-04 23:16:28.584 | INFO  | [] [] | com.gasagency.audit | AUDIT | action=AUTHENTICATION_SUCCESS | entity=JWT_VALIDATION | username=admin | ip=0:0:0:0:0:0:0:1
2026-02-04 23:16:51.420 | INFO  | [] [] | com.gasagency.audit | AUDIT | action=AUTHENTICATION_SUCCESS | entity=JWT_VALIDATION | username=admin | ip=0:0:0:0:0:0:0:1
2026-02-04 23:16:51.458 | INFO  | [] [] | com.gasagency.audit | AUDIT | action=AUTHENTICATION_SUCCESS | entity=JWT_VALIDATION | username=admin | ip=0:0:0:0:0:0:0:1
2026-02-04 23:16:51.458 | INFO  | [] [] | com.gasagency.audit | AUDIT | action=AUTHENTICATION_SUCCESS | entity=JWT_VALIDATION | username=admin | ip=0:0:0:0:0:0:0:1
2026-02-04 23:16:51.470 | INFO  | [] [] | com.gasagency.audit | AUDIT | action=AUTHENTICATION_SUCCESS | entity=JWT_VALIDATION | username=admin | ip=0:0:0:0:0:0:0:1
2026-02-04 23:19:39.645 | INFO  | [] [] | com.gasagency.audit | AUDIT | action=AUTHENTICATION_SUCCESS | entity=JWT_VALIDATION | username=admin | ip=0:0:0:0:0:0:0:1
2026-02-04 23:19:39.649 | INFO  | [] [] | com.gasagency.audit | AUDIT | action=AUTHENTICATION_SUCCESS | entity=JWT_VALIDATION | username=admin | ip=0:0:0:0:0:0:0:1
2026-02-04 23:19:39.652 | INFO  | [] [] | com.gasagency.audit | AUDIT | action=AUTHENTICATION_SUCCESS | entity=JWT_VALIDATION | username=admin | ip=0:0:0:0:0:0:0:1
2026-02-04 23:19:39.654 | INFO  | [] [] | com.gasagency.audit | AUDIT | action=AUTHENTICATION_SUCCESS | entity=JWT_VALIDATION | username=admin | ip=0:0:0:0:0:0:0:1
2026-02-04 23:19:39.655 | INFO  | [] [] | com.gasagency.audit | AUDIT | action=AUTHENTICATION_SUCCESS | entity=JWT_VALIDATION | username=admin | ip=0:0:0:0:0:0:0:1
2026-02-04 23:19:39.656 | INFO  | [] [] | com.gasagency.audit | AUDIT | action=AUTHENTICATION_SUCCESS | entity=JWT_VALIDATION | username=admin | ip=0:0:0:0:0:0:0:1
2026-02-04 23:19:40.168 | INFO  | [] [] | com.gasagency.audit | AUDIT | action=AUTHENTICATION_SUCCESS | entity=JWT_VALIDATION | username=admin | ip=0:0:0:0:0:0:0:1
2026-02-04 23:19:44.764 | INFO  | [] [] | com.gasagency.audit | AUDIT | action=AUTHENTICATION_SUCCESS | entity=JWT_VALIDATION | username=admin | ip=0:0:0:0:0:0:0:1
2026-02-04 23:19:47.324 | INFO  | [] [] | com.gasagency.audit | AUDIT | action=AUTHENTICATION_SUCCESS | entity=JWT_VALIDATION | username=admin | ip=0:0:0:0:0:0:0:1
2026-02-04 23:19:47.480 | INFO  | [] [] | com.gasagency.audit | AUDIT | action=AUTHENTICATION_SUCCESS | entity=JWT_VALIDATION | username=admin | ip=0:0:0:0:0:0:0:1
2026-02-04 23:19:49.007 | INFO  | [] [] | com.gasagency.audit | AUDIT | action=AUTHENTICATION_SUCCESS | entity=JWT_VALIDATION | username=admin | ip=0:0:0:0:0:0:0:1
2026-02-04 23:19:49.007 | INFO  | [] [] | com.gasagency.audit | AUDIT | action=AUTHENTICATION_SUCCESS | entity=JWT_VALIDATION | username=admin | ip=0:0:0:0:0:0:0:1
2026-02-04 23:19:50.399 | INFO  | [] [] | com.gasagency.audit | AUDIT | action=AUTHENTICATION_SUCCESS | entity=JWT_VALIDATION | username=admin | ip=0:0:0:0:0:0:0:1
2026-02-04 23:19:50.437 | INFO  | [] [] | com.gasagency.audit | AUDIT | action=AUTHENTICATION_SUCCESS | entity=JWT_VALIDATION | username=admin | ip=0:0:0:0:0:0:0:1
2026-02-04 23:19:52.345 | INFO  | [] [] | com.gasagency.audit | AUDIT | action=AUTHENTICATION_SUCCESS | entity=JWT_VALIDATION | username=admin | ip=0:0:0:0:0:0:0:1
2026-02-04 23:19:52.345 | INFO  | [] [] | com.gasagency.audit | AUDIT | action=AUTHENTICATION_SUCCESS | entity=JWT_VALIDATION | username=admin | ip=0:0:0:0:0:0:0:1
2026-02-04 23:19:52.368 | INFO  | [] [] | com.gasagency.audit | AUDIT | action=AUTHENTICATION_SUCCESS | entity=JWT_VALIDATION | username=admin | ip=0:0:0:0:0:0:0:1
2026-02-04 23:19:54.527 | INFO  | [] [] | com.gasagency.audit | AUDIT | action=AUTHENTICATION_SUCCESS | entity=JWT_VALIDATION | username=admin | ip=0:0:0:0:0:0:0:1
2026-02-04 23:19:54.531 | INFO  | [] [] | com.gasagency.audit | AUDIT | action=AUTHENTICATION_SUCCESS | entity=JWT_VALIDATION | username=admin | ip=0:0:0:0:0:0:0:1
2026-02-04 23:19:54.537 | INFO  | [] [] | com.gasagency.audit | AUDIT | action=AUTHENTICATION_SUCCESS | entity=JWT_VALIDATION | username=admin | ip=0:0:0:0:0:0:0:1
2026-02-04 23:19:57.633 | INFO  | [] [] | com.gasagency.audit | AUDIT | action=AUTHENTICATION_SUCCESS | entity=JWT_VALIDATION | username=admin | ip=0:0:0:0:0:0:0:1
2026-02-04 23:19:57.653 | INFO  | [] [] | com.gasagency.audit | AUDIT | action=AUTHENTICATION_SUCCESS | entity=JWT_VALIDATION | username=admin | ip=0:0:0:0:0:0:0:1
2026-02-04 23:20:00.846 | INFO  | [] [] | com.gasagency.audit | AUDIT | action=AUTHENTICATION_SUCCESS | entity=JWT_VALIDATION | username=admin | ip=0:0:0:0:0:0:0:1
2026-02-04 23:20:00.846 | INFO  | [] [] | com.gasagency.audit | AUDIT | action=AUTHENTICATION_SUCCESS | entity=JWT_VALIDATION | username=admin | ip=0:0:0:0:0:0:0:1
2026-02-04 23:20:03.277 | INFO  | [] [] | com.gasagency.audit | AUDIT | action=AUTHENTICATION_SUCCESS | entity=JWT_VALIDATION | username=admin | ip=0:0:0:0:0:0:0:1
2026-02-04 23:20:03.285 | INFO  | [] [] | com.gasagency.audit | AUDIT | action=AUTHENTICATION_SUCCESS | entity=JWT_VALIDATION | username=admin | ip=0:0:0:0:0:0:0:1
2026-02-04 23:20:03.285 | INFO  | [] [] | com.gasagency.audit | AUDIT | action=AUTHENTICATION_SUCCESS | entity=JWT_VALIDATION | username=admin | ip=0:0:0:0:0:0:0:1
2026-02-04 23:20:03.295 | INFO  | [] [] | com.gasagency.audit | AUDIT | action=AUTHENTICATION_SUCCESS | entity=JWT_VALIDATION | username=admin | ip=0:0:0:0:0:0:0:1
2026-02-04 23:20:03.339 | INFO  | [] [] | com.gasagency.audit | AUDIT | action=AUTHENTICATION_SUCCESS | entity=JWT_VALIDATION | username=admin | ip=0:0:0:0:0:0:0:1
2026-02-04 23:20:03.358 | INFO  | [] [] | com.gasagency.audit | AUDIT | action=AUTHENTICATION_SUCCESS | entity=JWT_VALIDATION | username=admin | ip=0:0:0:0:0:0:0:1
2026-02-04 23:20:03.368 | INFO  | [] [] | com.gasagency.audit | AUDIT | action=AUTHENTICATION_SUCCESS | entity=JWT_VALIDATION | username=admin | ip=0:0:0:0:0:0:0:1
2026-02-04 23:20:03.373 | INFO  | [] [] | com.gasagency.audit | AUDIT | action=AUTHENTICATION_SUCCESS | entity=JWT_VALIDATION | username=admin | ip=0:0:0:0:0:0:0:1
2026-02-04 23:20:03.385 | INFO  | [] [] | com.gasagency.audit | AUDIT | action=AUTHENTICATION_SUCCESS | entity=JWT_VALIDATION | username=admin | ip=0:0:0:0:0:0:0:1
2026-02-04 23:20:03.412 | INFO  | [] [] | com.gasagency.audit | AUDIT | action=AUTHENTICATION_SUCCESS | entity=JWT_VALIDATION | username=admin | ip=0:0:0:0:0:0:0:1
2026-02-04 23:20:03.415 | INFO  | [] [] | com.gasagency.audit | AUDIT | action=AUTHENTICATION_SUCCESS | entity=JWT_VALIDATION | username=admin | ip=0:0:0:0:0:0:0:1
2026-02-04 23:20:04.932 | INFO  | [] [] | com.gasagency.audit | AUDIT | action=AUTHENTICATION_SUCCESS | entity=JWT_VALIDATION | username=admin | ip=0:0:0:0:0:0:0:1
2026-02-04 23:20:04.932 | INFO  | [] [] | com.gasagency.audit | AUDIT | action=AUTHENTICATION_SUCCESS | entity=JWT_VALIDATION | username=admin | ip=0:0:0:0:0:0:0:1
2026-02-04 23:20:04.948 | INFO  | [] [] | com.gasagency.audit | AUDIT | action=AUTHENTICATION_SUCCESS | entity=JWT_VALIDATION | username=admin | ip=0:0:0:0:0:0:0:1
2026-02-04 23:20:04.948 | INFO  | [] [] | com.gasagency.audit | AUDIT | action=AUTHENTICATION_SUCCESS | entity=JWT_VALIDATION | username=admin | ip=0:0:0:0:0:0:0:1
2026-02-04 23:20:05.071 | INFO  | [] [] | com.gasagency.audit | AUDIT | action=AUTHENTICATION_SUCCESS | entity=JWT_VALIDATION | username=admin | ip=0:0:0:0:0:0:0:1
2026-02-04 23:20:07.577 | INFO  | [] [] | com.gasagency.audit | AUDIT | action=AUTHENTICATION_SUCCESS | entity=JWT_VALIDATION | username=admin | ip=0:0:0:0:0:0:0:1
2026-02-04 23:20:07.577 | INFO  | [] [] | com.gasagency.audit | AUDIT | action=AUTHENTICATION_SUCCESS | entity=JWT_VALIDATION | username=admin | ip=0:0:0:0:0:0:0:1
2026-02-04 23:20:12.104 | INFO  | [] [] | com.gasagency.audit | AUDIT | action=AUTHENTICATION_SUCCESS | entity=JWT_VALIDATION | username=admin | ip=0:0:0:0:0:0:0:1
2026-02-04 23:20:14.695 | INFO  | [] [] | com.gasagency.audit | AUDIT | action=AUTHENTICATION_SUCCESS | entity=JWT_VALIDATION | username=admin | ip=0:0:0:0:0:0:0:1
2026-02-04 23:20:14.696 | INFO  | [] [] | com.gasagency.audit | AUDIT | action=AUTHENTICATION_SUCCESS | entity=JWT_VALIDATION | username=admin | ip=0:0:0:0:0:0:0:1
2026-02-04 23:20:16.836 | INFO  | [] [] | com.gasagency.audit | AUDIT | action=AUTHENTICATION_SUCCESS | entity=JWT_VALIDATION | username=admin | ip=0:0:0:0:0:0:0:1
2026-02-04 23:20:18.631 | INFO  | [] [] | com.gasagency.audit | AUDIT | action=AUTHENTICATION_SUCCESS | entity=JWT_VALIDATION | username=admin | ip=0:0:0:0:0:0:0:1
2026-02-04 23:20:20.379 | INFO  | [] [] | com.gasagency.audit | AUDIT | action=AUTHENTICATION_SUCCESS | entity=JWT_VALIDATION | username=admin | ip=0:0:0:0:0:0:0:1
2026-02-04 23:20:20.379 | INFO  | [] [] | com.gasagency.audit | AUDIT | action=AUTHENTICATION_SUCCESS | entity=JWT_VALIDATION | username=admin | ip=0:0:0:0:0:0:0:1
2026-02-04 23:20:20.379 | INFO  | [] [] | com.gasagency.audit | AUDIT | action=AUTHENTICATION_SUCCESS | entity=JWT_VALIDATION | username=admin | ip=0:0:0:0:0:0:0:1
2026-02-04 23:20:20.387 | INFO  | [] [] | com.gasagency.audit | AUDIT | action=AUTHENTICATION_SUCCESS | entity=JWT_VALIDATION | username=admin | ip=0:0:0:0:0:0:0:1
2026-02-04 23:20:27.342 | INFO  | [] [] | com.gasagency.audit | AUDIT | action=AUTHENTICATION_SUCCESS | entity=JWT_VALIDATION | username=admin | ip=0:0:0:0:0:0:0:1
2026-02-04 23:20:27.342 | INFO  | [] [] | com.gasagency.audit | AUDIT | action=AUTHENTICATION_SUCCESS | entity=JWT_VALIDATION | username=admin | ip=0:0:0:0:0:0:0:1
2026-02-04 23:20:27.351 | INFO  | [] [] | com.gasagency.audit | AUDIT | action=AUTHENTICATION_SUCCESS | entity=JWT_VALIDATION | username=admin | ip=0:0:0:0:0:0:0:1
2026-02-04 23:20:27.400 | INFO  | [] [] | com.gasagency.audit | AUDIT | action=AUTHENTICATION_SUCCESS | entity=JWT_VALIDATION | username=admin | ip=0:0:0:0:0:0:0:1
2026-02-04 23:20:27.463 | INFO  | [] [] | com.gasagency.audit | AUDIT | action=AUTHENTICATION_SUCCESS | entity=JWT_VALIDATION | username=admin | ip=0:0:0:0:0:0:0:1
2026-02-04 23:20:29.703 | INFO  | [] [] | com.gasagency.audit | AUDIT | action=AUTHENTICATION_SUCCESS | entity=JWT_VALIDATION | username=admin | ip=0:0:0:0:0:0:0:1
2026-02-04 23:20:35.328 | INFO  | [] [] | com.gasagency.audit | AUDIT | action=AUTHENTICATION_SUCCESS | entity=JWT_VALIDATION | username=admin | ip=0:0:0:0:0:0:0:1
2026-02-04 23:20:35.338 | INFO  | [] [] | com.gasagency.audit | AUDIT | action=AUTHENTICATION_SUCCESS | entity=JWT_VALIDATION | username=admin | ip=0:0:0:0:0:0:0:1
2026-02-04 23:20:36.241 | INFO  | [] [] | com.gasagency.audit | AUDIT | action=AUTHENTICATION_SUCCESS | entity=JWT_VALIDATION | username=admin | ip=0:0:0:0:0:0:0:1
2026-02-04 23:20:36.257 | INFO  | [] [] | com.gasagency.audit | AUDIT | action=AUTHENTICATION_SUCCESS | entity=JWT_VALIDATION | username=admin | ip=0:0:0:0:0:0:0:1
2026-02-04 23:20:37.234 | INFO  | [] [] | com.gasagency.audit | AUDIT | action=AUTHENTICATION_SUCCESS | entity=JWT_VALIDATION | username=admin | ip=0:0:0:0:0:0:0:1
2026-02-04 23:20:37.243 | INFO  | [] [] | com.gasagency.audit | AUDIT | action=AUTHENTICATION_SUCCESS | entity=JWT_VALIDATION | username=admin | ip=0:0:0:0:0:0:0:1
2026-02-04 23:20:37.252 | INFO  | [] [] | com.gasagency.audit | AUDIT | action=AUTHENTICATION_SUCCESS | entity=JWT_VALIDATION | username=admin | ip=0:0:0:0:0:0:0:1
2026-02-04 23:20:37.255 | INFO  | [] [] | com.gasagency.audit | AUDIT | action=AUTHENTICATION_SUCCESS | entity=JWT_VALIDATION | username=admin | ip=0:0:0:0:0:0:0:1
2026-02-04 23:20:39.602 | INFO  | [] [] | com.gasagency.audit | AUDIT | action=AUTHENTICATION_SUCCESS | entity=JWT_VALIDATION | username=admin | ip=0:0:0:0:0:0:0:1
2026-02-04 23:20:40.634 | INFO  | [] [] | com.gasagency.audit | AUDIT | action=AUTHENTICATION_SUCCESS | entity=JWT_VALIDATION | username=admin | ip=0:0:0:0:0:0:0:1
2026-02-04 23:20:41.668 | INFO  | [] [] | com.gasagency.audit | AUDIT | action=AUTHENTICATION_SUCCESS | entity=JWT_VALIDATION | username=admin | ip=0:0:0:0:0:0:0:1
2026-02-04 23:20:41.673 | INFO  | [] [] | com.gasagency.audit | AUDIT | action=AUTHENTICATION_SUCCESS | entity=JWT_VALIDATION | username=admin | ip=0:0:0:0:0:0:0:1
2026-02-04 23:20:41.677 | INFO  | [] [] | com.gasagency.audit | AUDIT | action=AUTHENTICATION_SUCCESS | entity=JWT_VALIDATION | username=admin | ip=0:0:0:0:0:0:0:1
2026-02-04 23:20:58.008 | INFO  | [] [] | com.gasagency.audit | AUDIT | action=AUTHENTICATION_SUCCESS | entity=JWT_VALIDATION | username=admin | ip=0:0:0:0:0:0:0:1
2026-02-04 23:20:58.484 | INFO  | [0b1e59ba-d585-4436-ba53-4d8a2cf63364] [] | com.gasagency.audit | AUDIT | action=CREATE | entity=CYLINDER_VARIANT | variantId=1 | name=19KG Cylinder
2026-02-04 23:20:58.530 | INFO  | [] [] | com.gasagency.audit | AUDIT | action=AUTHENTICATION_SUCCESS | entity=JWT_VALIDATION | username=admin | ip=0:0:0:0:0:0:0:1
2026-02-04 23:21:13.180 | INFO  | [] [] | com.gasagency.audit | AUDIT | action=AUTHENTICATION_SUCCESS | entity=JWT_VALIDATION | username=admin | ip=0:0:0:0:0:0:0:1
2026-02-04 23:21:13.196 | INFO  | [c96158a9-cc50-45e7-af25-63bbda8fc81a] [] | com.gasagency.audit | AUDIT | action=CREATE | entity=CYLINDER_VARIANT | variantId=2 | name=5KG Cylinder
2026-02-04 23:21:13.227 | INFO  | [] [] | com.gasagency.audit | AUDIT | action=AUTHENTICATION_SUCCESS | entity=JWT_VALIDATION | username=admin | ip=0:0:0:0:0:0:0:1
2026-02-04 23:21:17.503 | INFO  | [] [] | com.gasagency.audit | AUDIT | action=AUTHENTICATION_SUCCESS | entity=JWT_VALIDATION | username=admin | ip=0:0:0:0:0:0:0:1
2026-02-04 23:21:22.652 | INFO  | [] [] | com.gasagency.audit | AUDIT | action=AUTHENTICATION_SUCCESS | entity=JWT_VALIDATION | username=admin | ip=0:0:0:0:0:0:0:1
2026-02-04 23:21:22.762 | INFO  | [] [] | com.gasagency.audit | AUDIT | action=AUTHENTICATION_SUCCESS | entity=JWT_VALIDATION | username=admin | ip=0:0:0:0:0:0:0:1
2026-02-04 23:21:30.528 | INFO  | [] [] | com.gasagency.audit | AUDIT | action=AUTHENTICATION_SUCCESS | entity=JWT_VALIDATION | username=admin | ip=0:0:0:0:0:0:0:1
2026-02-04 23:21:30.579 | INFO  | [] [] | com.gasagency.audit | AUDIT | action=AUTHENTICATION_SUCCESS | entity=JWT_VALIDATION | username=admin | ip=0:0:0:0:0:0:0:1
2026-02-04 23:21:40.020 | INFO  | [] [] | com.gasagency.audit | AUDIT | action=AUTHENTICATION_SUCCESS | entity=JWT_VALIDATION | username=admin | ip=0:0:0:0:0:0:0:1
2026-02-04 23:21:40.090 | INFO  | [] [] | com.gasagency.audit | AUDIT | action=AUTHENTICATION_SUCCESS | entity=JWT_VALIDATION | username=admin | ip=0:0:0:0:0:0:0:1
2026-02-04 23:21:42.093 | INFO  | [] [] | com.gasagency.audit | AUDIT | action=AUTHENTICATION_SUCCESS | entity=JWT_VALIDATION | username=admin | ip=0:0:0:0:0:0:0:1
2026-02-04 23:21:49.520 | INFO  | [] [] | com.gasagency.audit | AUDIT | action=AUTHENTICATION_SUCCESS | entity=JWT_VALIDATION | username=admin | ip=0:0:0:0:0:0:0:1
2026-02-04 23:21:49.650 | INFO  | [] [] | com.gasagency.audit | AUDIT | action=AUTHENTICATION_SUCCESS | entity=JWT_VALIDATION | username=admin | ip=0:0:0:0:0:0:0:1
2026-02-04 23:22:01.836 | INFO  | [] [] | com.gasagency.audit | AUDIT | action=AUTHENTICATION_SUCCESS | entity=JWT_VALIDATION | username=admin | ip=0:0:0:0:0:0:0:1
2026-02-04 23:22:01.888 | INFO  | [] [] | com.gasagency.audit | AUDIT | action=AUTHENTICATION_SUCCESS | entity=JWT_VALIDATION | username=admin | ip=0:0:0:0:0:0:0:1
2026-02-04 23:22:09.208 | INFO  | [] [] | com.gasagency.audit | AUDIT | action=AUTHENTICATION_SUCCESS | entity=JWT_VALIDATION | username=admin | ip=0:0:0:0:0:0:0:1
2026-02-04 23:22:09.256 | INFO  | [] [] | com.gasagency.audit | AUDIT | action=AUTHENTICATION_SUCCESS | entity=JWT_VALIDATION | username=admin | ip=0:0:0:0:0:0:0:1
2026-02-04 23:22:14.410 | INFO  | [] [] | com.gasagency.audit | AUDIT | action=AUTHENTICATION_SUCCESS | entity=JWT_VALIDATION | username=admin | ip=0:0:0:0:0:0:0:1
2026-02-04 23:22:14.540 | INFO  | [] [] | com.gasagency.audit | AUDIT | action=AUTHENTICATION_SUCCESS | entity=JWT_VALIDATION | username=admin | ip=0:0:0:0:0:0:0:1
2026-02-04 23:22:17.443 | INFO  | [] [] | com.gasagency.audit | AUDIT | action=AUTHENTICATION_SUCCESS | entity=JWT_VALIDATION | username=admin | ip=0:0:0:0:0:0:0:1
2026-02-04 23:22:22.249 | INFO  | [] [] | com.gasagency.audit | AUDIT | action=AUTHENTICATION_SUCCESS | entity=JWT_VALIDATION | username=admin | ip=0:0:0:0:0:0:0:1
2026-02-04 23:22:22.623 | INFO  | [] [] | com.gasagency.audit | AUDIT | action=AUTHENTICATION_SUCCESS | entity=JWT_VALIDATION | username=admin | ip=0:0:0:0:0:0:0:1
2026-02-04 23:22:27.285 | INFO  | [] [] | com.gasagency.audit | AUDIT | action=AUTHENTICATION_SUCCESS | entity=JWT_VALIDATION | username=admin | ip=0:0:0:0:0:0:0:1
2026-02-04 23:22:27.338 | INFO  | [] [] | com.gasagency.audit | AUDIT | action=AUTHENTICATION_SUCCESS | entity=JWT_VALIDATION | username=admin | ip=0:0:0:0:0:0:0:1
2026-02-04 23:22:30.027 | INFO  | [] [] | com.gasagency.audit | AUDIT | action=AUTHENTICATION_SUCCESS | entity=JWT_VALIDATION | username=admin | ip=0:0:0:0:0:0:0:1
2026-02-04 23:22:30.030 | INFO  | [] [] | com.gasagency.audit | AUDIT | action=AUTHENTICATION_SUCCESS | entity=JWT_VALIDATION | username=admin | ip=0:0:0:0:0:0:0:1
2026-02-04 23:22:32.306 | INFO  | [] [] | com.gasagency.audit | AUDIT | action=AUTHENTICATION_SUCCESS | entity=JWT_VALIDATION | username=admin | ip=0:0:0:0:0:0:0:1
2026-02-04 23:22:35.699 | INFO  | [] [] | com.gasagency.audit | AUDIT | action=AUTHENTICATION_SUCCESS | entity=JWT_VALIDATION | username=admin | ip=0:0:0:0:0:0:0:1
2026-02-04 23:22:38.233 | INFO  | [] [] | com.gasagency.audit | AUDIT | action=AUTHENTICATION_SUCCESS | entity=JWT_VALIDATION | username=admin | ip=0:0:0:0:0:0:0:1
2026-02-04 23:22:40.555 | INFO  | [] [] | com.gasagency.audit | AUDIT | action=AUTHENTICATION_SUCCESS | entity=JWT_VALIDATION | username=admin | ip=0:0:0:0:0:0:0:1
2026-02-04 23:22:47.402 | INFO  | [] [] | com.gasagency.audit | AUDIT | action=AUTHENTICATION_SUCCESS | entity=JWT_VALIDATION | username=admin | ip=0:0:0:0:0:0:0:1
2026-02-04 23:23:00.579 | INFO  | [] [] | com.gasagency.audit | AUDIT | action=AUTHENTICATION_SUCCESS | entity=JWT_VALIDATION | username=admin | ip=0:0:0:0:0:0:0:1
2026-02-04 23:23:00.670 | INFO  | [] [] | com.gasagency.audit | AUDIT | action=AUTHENTICATION_SUCCESS | entity=JWT_VALIDATION | username=admin | ip=0:0:0:0:0:0:0:1
2026-02-04 23:23:16.317 | INFO  | [] [] | com.gasagency.audit | AUDIT | action=AUTHENTICATION_SUCCESS | entity=JWT_VALIDATION | username=admin | ip=0:0:0:0:0:0:0:1
2026-02-04 23:23:16.372 | INFO  | [] [] | com.gasagency.audit | AUDIT | action=AUTHENTICATION_SUCCESS | entity=JWT_VALIDATION | username=admin | ip=0:0:0:0:0:0:0:1
2026-02-04 23:23:31.248 | INFO  | [] [] | com.gasagency.audit | AUDIT | action=AUTHENTICATION_SUCCESS | entity=JWT_VALIDATION | username=admin | ip=0:0:0:0:0:0:0:1
2026-02-04 23:23:31.335 | INFO  | [] [] | com.gasagency.audit | AUDIT | action=AUTHENTICATION_SUCCESS | entity=JWT_VALIDATION | username=admin | ip=0:0:0:0:0:0:0:1
2026-02-04 23:23:34.999 | INFO  | [] [] | com.gasagency.audit | AUDIT | action=AUTHENTICATION_SUCCESS | entity=JWT_VALIDATION | username=admin | ip=0:0:0:0:0:0:0:1
2026-02-04 23:23:38.712 | INFO  | [] [] | com.gasagency.audit | AUDIT | action=AUTHENTICATION_SUCCESS | entity=JWT_VALIDATION | username=admin | ip=0:0:0:0:0:0:0:1
2026-02-04 23:25:35.269 | INFO  | [] [] | com.gasagency.audit | AUDIT | action=AUTHENTICATION_SUCCESS | entity=JWT_VALIDATION | username=admin | ip=0:0:0:0:0:0:0:1
2026-02-04 23:25:35.496 | INFO  | [] [] | com.gasagency.audit | AUDIT | action=AUTHENTICATION_SUCCESS | entity=JWT_VALIDATION | username=admin | ip=0:0:0:0:0:0:0:1
2026-02-04 23:25:37.256 | INFO  | [] [] | com.gasagency.audit | AUDIT | action=AUTHENTICATION_SUCCESS | entity=JWT_VALIDATION | username=admin | ip=0:0:0:0:0:0:0:1
2026-02-04 23:25:37.256 | INFO  | [] [] | com.gasagency.audit | AUDIT | action=AUTHENTICATION_SUCCESS | entity=JWT_VALIDATION | username=admin | ip=0:0:0:0:0:0:0:1
2026-02-04 23:25:37.256 | INFO  | [] [] | com.gasagency.audit | AUDIT | action=AUTHENTICATION_SUCCESS | entity=JWT_VALIDATION | username=admin | ip=0:0:0:0:0:0:0:1
2026-02-04 23:25:41.563 | INFO  | [] [] | com.gasagency.audit | AUDIT | action=AUTHENTICATION_SUCCESS | entity=JWT_VALIDATION | username=admin | ip=0:0:0:0:0:0:0:1
2026-02-04 23:25:48.232 | INFO  | [] [] | com.gasagency.audit | AUDIT | action=AUTHENTICATION_SUCCESS | entity=JWT_VALIDATION | username=admin | ip=0:0:0:0:0:0:0:1
2026-02-04 23:25:48.308 | INFO  | [cfa01c7c-1e23-45a1-9a9f-c1a45b9f6e36] [] | com.gasagency.audit | AUDIT | action=CREATE | entity=INVENTORY_STOCK | warehouseId=2 | variantId=1 | filledQty=100 | emptyQty=100
2026-02-04 23:25:48.329 | INFO  | [cfa01c7c-1e23-45a1-9a9f-c1a45b9f6e36] [] | com.gasagency.audit | AUDIT | action=CREATE | entity=INVENTORY_STOCK | warehouseId=2 | variantId=2 | filledQty=100 | emptyQty=100
2026-02-04 23:25:51.523 | INFO  | [] [] | com.gasagency.audit | AUDIT | action=AUTHENTICATION_SUCCESS | entity=JWT_VALIDATION | username=admin | ip=0:0:0:0:0:0:0:1
2026-02-04 23:25:58.262 | INFO  | [] [] | com.gasagency.audit | AUDIT | action=AUTHENTICATION_SUCCESS | entity=JWT_VALIDATION | username=admin | ip=0:0:0:0:0:0:0:1
2026-02-04 23:25:58.282 | INFO  | [df857029-c80d-4562-a1aa-9d14947433c4] [] | com.gasagency.audit | AUDIT | action=CREATE | entity=INVENTORY_STOCK | warehouseId=1 | variantId=1 | filledQty=100 | emptyQty=100
2026-02-04 23:25:58.297 | INFO  | [df857029-c80d-4562-a1aa-9d14947433c4] [] | com.gasagency.audit | AUDIT | action=CREATE | entity=INVENTORY_STOCK | warehouseId=1 | variantId=2 | filledQty=100 | emptyQty=100
2026-02-04 23:26:11.319 | INFO  | [] [] | com.gasagency.audit | AUDIT | action=AUTHENTICATION_SUCCESS | entity=JWT_VALIDATION | username=admin | ip=0:0:0:0:0:0:0:1
2026-02-04 23:26:19.811 | INFO  | [] [] | com.gasagency.audit | AUDIT | action=AUTHENTICATION_SUCCESS | entity=JWT_VALIDATION | username=admin | ip=0:0:0:0:0:0:0:1
2026-02-04 23:26:19.869 | INFO  | [974edb51-8b72-4ba4-a97c-a3fb3c6b8279] [] | com.gasagency.audit | AUDIT | action=CREATE | entity=SUPPLIER | supplierId=1 | name=BPCL
2026-02-04 23:26:26.112 | INFO  | [] [] | com.gasagency.audit | AUDIT | action=AUTHENTICATION_SUCCESS | entity=JWT_VALIDATION | username=admin | ip=0:0:0:0:0:0:0:1
2026-02-04 23:26:26.166 | INFO  | [da31a5d3-b459-448c-9815-caaac1f81fce] [] | com.gasagency.audit | AUDIT | action=UPDATE | entity=SUPPLIER | supplierId=1 | name=BPCLs
2026-02-04 23:26:30.216 | INFO  | [] [] | com.gasagency.audit | AUDIT | action=AUTHENTICATION_SUCCESS | entity=JWT_VALIDATION | username=admin | ip=0:0:0:0:0:0:0:1
2026-02-04 23:26:30.258 | INFO  | [99560d0c-8414-4464-bbce-7a54cb556961] [] | com.gasagency.audit | AUDIT | action=UPDATE | entity=SUPPLIER | supplierId=1 | name=BPCL
2026-02-04 23:27:28.131 | INFO  | [] [] | com.gasagency.audit | AUDIT | action=AUTHENTICATION_SUCCESS | entity=JWT_VALIDATION | username=admin | ip=0:0:0:0:0:0:0:1
2026-02-04 23:27:28.132 | INFO  | [] [] | com.gasagency.audit | AUDIT | action=AUTHENTICATION_SUCCESS | entity=JWT_VALIDATION | username=admin | ip=0:0:0:0:0:0:0:1
2026-02-04 23:27:28.136 | INFO  | [] [] | com.gasagency.audit | AUDIT | action=AUTHENTICATION_SUCCESS | entity=JWT_VALIDATION | username=admin | ip=0:0:0:0:0:0:0:1
2026-02-04 23:27:28.217 | INFO  | [] [] | com.gasagency.audit | AUDIT | action=AUTHENTICATION_SUCCESS | entity=JWT_VALIDATION | username=admin | ip=0:0:0:0:0:0:0:1
2026-02-04 23:27:28.265 | INFO  | [] [] | com.gasagency.audit | AUDIT | action=AUTHENTICATION_SUCCESS | entity=JWT_VALIDATION | username=admin | ip=0:0:0:0:0:0:0:1
2026-02-04 23:28:07.518 | INFO  | [] [] | com.gasagency.audit | AUDIT | action=AUTHENTICATION_SUCCESS | entity=JWT_VALIDATION | username=admin | ip=0:0:0:0:0:0:0:1
2026-02-04 23:28:07.707 | INFO  | [47f4529f-0946-4782-bffa-38f8d1c00dc8] [] | com.gasagency.audit | AUDIT | action=CREATE | entity=LEDGER | ledgerId=1 | customerId=1
2026-02-04 23:28:07.727 | INFO  | [47f4529f-0946-4782-bffa-38f8d1c00dc8] [] | com.gasagency.audit | AUDIT | action=CREATE | entity=CUSTOMER | customerId=1 | name=Tushar Rokade
2026-02-04 23:28:07.807 | INFO  | [] [] | com.gasagency.audit | AUDIT | action=AUTHENTICATION_SUCCESS | entity=JWT_VALIDATION | username=admin | ip=0:0:0:0:0:0:0:1
2026-02-04 23:28:07.815 | INFO  | [] [] | com.gasagency.audit | AUDIT | action=AUTHENTICATION_SUCCESS | entity=JWT_VALIDATION | username=admin | ip=0:0:0:0:0:0:0:1
2026-02-04 23:28:07.905 | INFO  | [] [] | com.gasagency.audit | AUDIT | action=AUTHENTICATION_SUCCESS | entity=JWT_VALIDATION | username=admin | ip=0:0:0:0:0:0:0:1
2026-02-04 23:28:07.990 | INFO  | [] [] | com.gasagency.audit | AUDIT | action=AUTHENTICATION_SUCCESS | entity=JWT_VALIDATION | username=admin | ip=0:0:0:0:0:0:0:1
2026-02-04 23:31:10.820 | INFO  | [] [] | com.gasagency.audit | AUDIT | action=AUTHENTICATION_SUCCESS | entity=JWT_VALIDATION | username=admin | ip=0:0:0:0:0:0:0:1
2026-02-04 23:31:11.259 | INFO  | [] [] | com.gasagency.audit | AUDIT | action=AUTHENTICATION_SUCCESS | entity=JWT_VALIDATION | username=admin | ip=0:0:0:0:0:0:0:1
2026-02-04 23:31:11.341 | INFO  | [] [] | com.gasagency.audit | AUDIT | action=AUTHENTICATION_SUCCESS | entity=JWT_VALIDATION | username=admin | ip=0:0:0:0:0:0:0:1
2026-02-04 23:31:23.582 | INFO  | [] [] | com.gasagency.audit | AUDIT | action=AUTHENTICATION_SUCCESS | entity=JWT_VALIDATION | username=admin | ip=0:0:0:0:0:0:0:1
2026-02-04 23:31:23.590 | INFO  | [] [] | com.gasagency.audit | AUDIT | action=AUTHENTICATION_SUCCESS | entity=JWT_VALIDATION | username=admin | ip=0:0:0:0:0:0:0:1
2026-02-04 23:31:23.601 | INFO  | [] [] | com.gasagency.audit | AUDIT | action=AUTHENTICATION_SUCCESS | entity=JWT_VALIDATION | username=admin | ip=0:0:0:0:0:0:0:1
2026-02-04 23:31:23.936 | INFO  | [] [] | com.gasagency.audit | AUDIT | action=AUTHENTICATION_SUCCESS | entity=JWT_VALIDATION | username=admin | ip=0:0:0:0:0:0:0:1
2026-02-04 23:31:24.027 | INFO  | [] [] | com.gasagency.audit | AUDIT | action=AUTHENTICATION_SUCCESS | entity=JWT_VALIDATION | username=admin | ip=0:0:0:0:0:0:0:1
2026-02-04 23:32:06.844 | INFO  | [] [] | com.gasagency.audit | AUDIT | action=AUTHENTICATION_SUCCESS | entity=JWT_VALIDATION | username=admin | ip=0:0:0:0:0:0:0:1
2026-02-04 23:32:07.223 | INFO  | [47e1eba3-ceab-4d0f-b5ce-a71352bcf5c5] [] | com.gasagency.audit | AUDIT | action=CREATE | entity=LEDGER | ledgerId=2 | customerId=2
2026-02-04 23:32:07.327 | INFO  | [47e1eba3-ceab-4d0f-b5ce-a71352bcf5c5] [] | com.gasagency.audit | AUDIT | action=CREATE | entity=LEDGER | ledgerId=3 | customerId=2
2026-02-04 23:32:07.347 | INFO  | [47e1eba3-ceab-4d0f-b5ce-a71352bcf5c5] [] | com.gasagency.audit | AUDIT | action=CREATE | entity=CUSTOMER | customerId=2 | name=Mahesh Patil
2026-02-04 23:32:07.443 | INFO  | [] [] | com.gasagency.audit | AUDIT | action=AUTHENTICATION_SUCCESS | entity=JWT_VALIDATION | username=admin | ip=0:0:0:0:0:0:0:1
2026-02-04 23:32:07.456 | INFO  | [] [] | com.gasagency.audit | AUDIT | action=AUTHENTICATION_SUCCESS | entity=JWT_VALIDATION | username=admin | ip=0:0:0:0:0:0:0:1
2026-02-04 23:32:07.509 | INFO  | [] [] | com.gasagency.audit | AUDIT | action=AUTHENTICATION_SUCCESS | entity=JWT_VALIDATION | username=admin | ip=0:0:0:0:0:0:0:1
2026-02-04 23:32:07.749 | INFO  | [] [] | com.gasagency.audit | AUDIT | action=AUTHENTICATION_SUCCESS | entity=JWT_VALIDATION | username=admin | ip=0:0:0:0:0:0:0:1
2026-02-04 23:32:07.826 | INFO  | [] [] | com.gasagency.audit | AUDIT | action=AUTHENTICATION_SUCCESS | entity=JWT_VALIDATION | username=admin | ip=0:0:0:0:0:0:0:1
2026-02-04 23:32:30.166 | INFO  | [] [] | com.gasagency.audit | AUDIT | action=AUTHENTICATION_SUCCESS | entity=JWT_VALIDATION | username=admin | ip=0:0:0:0:0:0:0:1
2026-02-04 23:32:30.176 | INFO  | [] [] | com.gasagency.audit | AUDIT | action=AUTHENTICATION_SUCCESS | entity=JWT_VALIDATION | username=admin | ip=0:0:0:0:0:0:0:1
2026-02-04 23:32:30.188 | INFO  | [] [] | com.gasagency.audit | AUDIT | action=AUTHENTICATION_SUCCESS | entity=JWT_VALIDATION | username=admin | ip=0:0:0:0:0:0:0:1
2026-02-04 23:32:41.270 | INFO  | [] [] | com.gasagency.audit | AUDIT | action=AUTHENTICATION_SUCCESS | entity=JWT_VALIDATION | username=admin | ip=0:0:0:0:0:0:0:1
2026-02-04 23:32:41.283 | INFO  | [] [] | com.gasagency.audit | AUDIT | action=AUTHENTICATION_SUCCESS | entity=JWT_VALIDATION | username=admin | ip=0:0:0:0:0:0:0:1
2026-02-04 23:32:41.289 | INFO  | [] [] | com.gasagency.audit | AUDIT | action=AUTHENTICATION_SUCCESS | entity=JWT_VALIDATION | username=admin | ip=0:0:0:0:0:0:0:1
2026-02-04 23:32:49.876 | INFO  | [] [] | com.gasagency.audit | AUDIT | action=AUTHENTICATION_SUCCESS | entity=JWT_VALIDATION | username=admin | ip=0:0:0:0:0:0:0:1
2026-02-04 23:32:50.269 | INFO  | [a6c555dd-2726-423a-9fea-212c52f4623b] [] | com.gasagency.audit | AUDIT | action=UPDATE | entity=CYLINDER_VARIANT | variantId=1 | name=19KG Cylinder
2026-02-04 23:32:50.302 | INFO  | [] [] | com.gasagency.audit | AUDIT | action=AUTHENTICATION_SUCCESS | entity=JWT_VALIDATION | username=admin | ip=0:0:0:0:0:0:0:1
2026-02-04 23:33:07.430 | INFO  | [] [] | com.gasagency.audit | AUDIT | action=AUTHENTICATION_SUCCESS | entity=JWT_VALIDATION | username=admin | ip=0:0:0:0:0:0:0:1
2026-02-04 23:33:12.295 | INFO  | [] [] | com.gasagency.audit | AUDIT | action=AUTHENTICATION_SUCCESS | entity=JWT_VALIDATION | username=admin | ip=0:0:0:0:0:0:0:1
2026-02-04 23:33:12.458 | INFO  | [] [] | com.gasagency.audit | AUDIT | action=AUTHENTICATION_SUCCESS | entity=JWT_VALIDATION | username=admin | ip=0:0:0:0:0:0:0:1
2026-02-04 23:33:15.330 | INFO  | [] [] | com.gasagency.audit | AUDIT | action=AUTHENTICATION_SUCCESS | entity=JWT_VALIDATION | username=admin | ip=0:0:0:0:0:0:0:1
2026-02-04 23:33:15.336 | INFO  | [] [] | com.gasagency.audit | AUDIT | action=AUTHENTICATION_SUCCESS | entity=JWT_VALIDATION | username=admin | ip=0:0:0:0:0:0:0:1
2026-02-04 23:33:15.349 | INFO  | [] [] | com.gasagency.audit | AUDIT | action=AUTHENTICATION_SUCCESS | entity=JWT_VALIDATION | username=admin | ip=0:0:0:0:0:0:0:1
2026-02-04 23:33:15.364 | INFO  | [] [] | com.gasagency.audit | AUDIT | action=AUTHENTICATION_SUCCESS | entity=JWT_VALIDATION | username=admin | ip=0:0:0:0:0:0:0:1
2026-02-04 23:33:27.140 | INFO  | [] [] | com.gasagency.audit | AUDIT | action=AUTHENTICATION_SUCCESS | entity=JWT_VALIDATION | username=admin | ip=0:0:0:0:0:0:0:1
2026-02-04 23:33:27.144 | INFO  | [] [] | com.gasagency.audit | AUDIT | action=AUTHENTICATION_SUCCESS | entity=JWT_VALIDATION | username=admin | ip=0:0:0:0:0:0:0:1
2026-02-04 23:33:35.733 | INFO  | [] [] | com.gasagency.audit | AUDIT | action=AUTHENTICATION_SUCCESS | entity=JWT_VALIDATION | username=admin | ip=0:0:0:0:0:0:0:1
2026-02-04 23:33:35.738 | INFO  | [] [] | com.gasagency.audit | AUDIT | action=AUTHENTICATION_SUCCESS | entity=JWT_VALIDATION | username=admin | ip=0:0:0:0:0:0:0:1
2026-02-04 23:33:35.743 | INFO  | [] [] | com.gasagency.audit | AUDIT | action=AUTHENTICATION_SUCCESS | entity=JWT_VALIDATION | username=admin | ip=0:0:0:0:0:0:0:1
2026-02-04 23:33:37.349 | INFO  | [] [] | com.gasagency.audit | AUDIT | action=AUTHENTICATION_SUCCESS | entity=JWT_VALIDATION | username=admin | ip=0:0:0:0:0:0:0:1
2026-02-04 23:33:45.190 | INFO  | [] [] | com.gasagency.audit | AUDIT | action=AUTHENTICATION_SUCCESS | entity=JWT_VALIDATION | username=admin | ip=0:0:0:0:0:0:0:1
2026-02-04 23:33:45.190 | INFO  | [] [] | com.gasagency.audit | AUDIT | action=AUTHENTICATION_SUCCESS | entity=JWT_VALIDATION | username=admin | ip=0:0:0:0:0:0:0:1
2026-02-04 23:33:51.011 | INFO  | [] [] | com.gasagency.audit | AUDIT | action=AUTHENTICATION_SUCCESS | entity=JWT_VALIDATION | username=admin | ip=0:0:0:0:0:0:0:1
2026-02-04 23:33:51.023 | INFO  | [] [] | com.gasagency.audit | AUDIT | action=AUTHENTICATION_SUCCESS | entity=JWT_VALIDATION | username=admin | ip=0:0:0:0:0:0:0:1
2026-02-04 23:33:55.801 | INFO  | [] [] | com.gasagency.audit | AUDIT | action=AUTHENTICATION_SUCCESS | entity=JWT_VALIDATION | username=admin | ip=0:0:0:0:0:0:0:1
2026-02-04 23:33:55.835 | INFO  | [] [] | com.gasagency.audit | AUDIT | action=AUTHENTICATION_SUCCESS | entity=JWT_VALIDATION | username=admin | ip=0:0:0:0:0:0:0:1
2026-02-04 23:33:55.836 | INFO  | [] [] | com.gasagency.audit | AUDIT | action=AUTHENTICATION_SUCCESS | entity=JWT_VALIDATION | username=admin | ip=0:0:0:0:0:0:0:1
2026-02-04 23:33:55.845 | INFO  | [] [] | com.gasagency.audit | AUDIT | action=AUTHENTICATION_SUCCESS | entity=JWT_VALIDATION | username=admin | ip=0:0:0:0:0:0:0:1
2026-02-04 23:33:55.845 | INFO  | [] [] | com.gasagency.audit | AUDIT | action=AUTHENTICATION_SUCCESS | entity=JWT_VALIDATION | username=admin | ip=0:0:0:0:0:0:0:1
2026-02-04 23:33:55.882 | INFO  | [] [] | com.gasagency.audit | AUDIT | action=AUTHENTICATION_SUCCESS | entity=JWT_VALIDATION | username=admin | ip=0:0:0:0:0:0:0:1
2026-02-04 23:33:55.967 | INFO  | [] [] | com.gasagency.audit | AUDIT | action=AUTHENTICATION_SUCCESS | entity=JWT_VALIDATION | username=admin | ip=0:0:0:0:0:0:0:1
2026-02-04 23:33:55.968 | INFO  | [] [] | com.gasagency.audit | AUDIT | action=AUTHENTICATION_SUCCESS | entity=JWT_VALIDATION | username=admin | ip=0:0:0:0:0:0:0:1
2026-02-04 23:33:55.967 | INFO  | [] [] | com.gasagency.audit | AUDIT | action=AUTHENTICATION_SUCCESS | entity=JWT_VALIDATION | username=admin | ip=0:0:0:0:0:0:0:1
2026-02-04 23:33:55.987 | INFO  | [] [] | com.gasagency.audit | AUDIT | action=AUTHENTICATION_SUCCESS | entity=JWT_VALIDATION | username=admin | ip=0:0:0:0:0:0:0:1
2026-02-04 23:33:56.016 | INFO  | [] [] | com.gasagency.audit | AUDIT | action=AUTHENTICATION_SUCCESS | entity=JWT_VALIDATION | username=admin | ip=0:0:0:0:0:0:0:1
2026-02-04 23:34:04.597 | INFO  | [] [] | com.gasagency.audit | AUDIT | action=AUTHENTICATION_SUCCESS | entity=JWT_VALIDATION | username=admin | ip=0:0:0:0:0:0:0:1
2026-02-04 23:34:04.606 | INFO  | [] [] | com.gasagency.audit | AUDIT | action=AUTHENTICATION_SUCCESS | entity=JWT_VALIDATION | username=admin | ip=0:0:0:0:0:0:0:1
2026-02-04 23:34:04.613 | INFO  | [] [] | com.gasagency.audit | AUDIT | action=AUTHENTICATION_SUCCESS | entity=JWT_VALIDATION | username=admin | ip=0:0:0:0:0:0:0:1
2026-02-04 23:34:04.617 | INFO  | [] [] | com.gasagency.audit | AUDIT | action=AUTHENTICATION_SUCCESS | entity=JWT_VALIDATION | username=admin | ip=0:0:0:0:0:0:0:1
2026-02-04 23:34:07.108 | INFO  | [] [] | com.gasagency.audit | AUDIT | action=AUTHENTICATION_SUCCESS | entity=JWT_VALIDATION | username=admin | ip=0:0:0:0:0:0:0:1
2026-02-04 23:34:07.108 | INFO  | [] [] | com.gasagency.audit | AUDIT | action=AUTHENTICATION_SUCCESS | entity=JWT_VALIDATION | username=admin | ip=0:0:0:0:0:0:0:1
2026-02-04 23:34:07.157 | INFO  | [] [] | com.gasagency.audit | AUDIT | action=AUTHENTICATION_SUCCESS | entity=JWT_VALIDATION | username=admin | ip=0:0:0:0:0:0:0:1
2026-02-04 23:34:09.191 | INFO  | [] [] | com.gasagency.audit | AUDIT | action=AUTHENTICATION_SUCCESS | entity=JWT_VALIDATION | username=admin | ip=0:0:0:0:0:0:0:1
2026-02-04 23:34:09.191 | INFO  | [] [] | com.gasagency.audit | AUDIT | action=AUTHENTICATION_SUCCESS | entity=JWT_VALIDATION | username=admin | ip=0:0:0:0:0:0:0:1
2026-02-04 23:34:09.238 | INFO  | [] [] | com.gasagency.audit | AUDIT | action=AUTHENTICATION_SUCCESS | entity=JWT_VALIDATION | username=admin | ip=0:0:0:0:0:0:0:1
2026-02-04 23:34:20.046 | INFO  | [] [] | com.gasagency.audit | AUDIT | action=AUTHENTICATION_SUCCESS | entity=JWT_VALIDATION | username=admin | ip=0:0:0:0:0:0:0:1
2026-02-04 23:34:20.081 | INFO  | [] [] | com.gasagency.audit | AUDIT | action=AUTHENTICATION_SUCCESS | entity=JWT_VALIDATION | username=admin | ip=0:0:0:0:0:0:0:1
2026-02-04 23:34:20.081 | INFO  | [] [] | com.gasagency.audit | AUDIT | action=AUTHENTICATION_SUCCESS | entity=JWT_VALIDATION | username=admin | ip=0:0:0:0:0:0:0:1
2026-02-04 23:34:25.256 | INFO  | [] [] | com.gasagency.audit | AUDIT | action=AUTHENTICATION_SUCCESS | entity=JWT_VALIDATION | username=admin | ip=0:0:0:0:0:0:0:1
2026-02-04 23:34:25.438 | INFO  | [52e2d8b7-b4f4-4747-9def-a788f624bbdb] [] | com.gasagency.audit | AUDIT | action=UPDATE | entity=CYLINDER_VARIANT | variantId=1 | name=19KG Cylinder
2026-02-04 23:34:25.462 | INFO  | [] [] | com.gasagency.audit | AUDIT | action=AUTHENTICATION_SUCCESS | entity=JWT_VALIDATION | username=admin | ip=0:0:0:0:0:0:0:1
2026-02-04 23:34:31.034 | INFO  | [] [] | com.gasagency.audit | AUDIT | action=AUTHENTICATION_SUCCESS | entity=JWT_VALIDATION | username=admin | ip=0:0:0:0:0:0:0:1
2026-02-04 23:34:35.510 | INFO  | [] [] | com.gasagency.audit | AUDIT | action=AUTHENTICATION_SUCCESS | entity=JWT_VALIDATION | username=admin | ip=0:0:0:0:0:0:0:1
2026-02-04 23:34:35.561 | INFO  | [] [] | com.gasagency.audit | AUDIT | action=AUTHENTICATION_SUCCESS | entity=JWT_VALIDATION | username=admin | ip=0:0:0:0:0:0:0:1
2026-02-04 23:34:39.949 | INFO  | [] [] | com.gasagency.audit | AUDIT | action=AUTHENTICATION_SUCCESS | entity=JWT_VALIDATION | username=admin | ip=0:0:0:0:0:0:0:1
2026-02-04 23:34:39.989 | INFO  | [] [] | com.gasagency.audit | AUDIT | action=AUTHENTICATION_SUCCESS | entity=JWT_VALIDATION | username=admin | ip=0:0:0:0:0:0:0:1
2026-02-04 23:34:41.232 | INFO  | [] [] | com.gasagency.audit | AUDIT | action=AUTHENTICATION_SUCCESS | entity=JWT_VALIDATION | username=admin | ip=0:0:0:0:0:0:0:1
2026-02-04 23:34:45.000 | INFO  | [] [] | com.gasagency.audit | AUDIT | action=AUTHENTICATION_SUCCESS | entity=JWT_VALIDATION | username=admin | ip=0:0:0:0:0:0:0:1
2026-02-04 23:34:45.000 | INFO  | [] [] | com.gasagency.audit | AUDIT | action=AUTHENTICATION_SUCCESS | entity=JWT_VALIDATION | username=admin | ip=0:0:0:0:0:0:0:1
2026-02-04 23:34:45.000 | INFO  | [] [] | com.gasagency.audit | AUDIT | action=AUTHENTICATION_SUCCESS | entity=JWT_VALIDATION | username=admin | ip=0:0:0:0:0:0:0:1
2026-02-04 23:34:45.023 | INFO  | [] [] | com.gasagency.audit | AUDIT | action=AUTHENTICATION_SUCCESS | entity=JWT_VALIDATION | username=admin | ip=0:0:0:0:0:0:0:1
2026-02-04 23:34:46.023 | INFO  | [] [] | com.gasagency.audit | AUDIT | action=AUTHENTICATION_SUCCESS | entity=JWT_VALIDATION | username=admin | ip=0:0:0:0:0:0:0:1
2026-02-04 23:35:29.265 | INFO  | [] [] | com.gasagency.audit | AUDIT | action=AUTHENTICATION_SUCCESS | entity=JWT_VALIDATION | username=admin | ip=0:0:0:0:0:0:0:1
2026-02-04 23:35:29.268 | INFO  | [] [] | com.gasagency.audit | AUDIT | action=AUTHENTICATION_SUCCESS | entity=JWT_VALIDATION | username=admin | ip=0:0:0:0:0:0:0:1
2026-02-04 23:35:29.290 | INFO  | [] [] | com.gasagency.audit | AUDIT | action=AUTHENTICATION_SUCCESS | entity=JWT_VALIDATION | username=admin | ip=0:0:0:0:0:0:0:1
2026-02-04 23:35:30.762 | INFO  | [] [] | com.gasagency.audit | AUDIT | action=AUTHENTICATION_SUCCESS | entity=JWT_VALIDATION | username=admin | ip=0:0:0:0:0:0:0:1
2026-02-04 23:35:48.698 | INFO  | [] [] | com.gasagency.audit | AUDIT | action=AUTHENTICATION_SUCCESS | entity=JWT_VALIDATION | username=admin | ip=0:0:0:0:0:0:0:1
2026-02-04 23:35:48.837 | INFO  | [e68369f4-bd74-4e62-8312-214fa2b2c824] [] | com.gasagency.audit | AUDIT | action=CREATE | entity=SUPPLIER_TRANSACTION | transactionId=1 | supplierId=1
2026-02-04 23:35:48.900 | INFO  | [] [] | com.gasagency.audit | AUDIT | action=AUTHENTICATION_SUCCESS | entity=JWT_VALIDATION | username=admin | ip=0:0:0:0:0:0:0:1
2026-02-04 23:36:01.005 | INFO  | [] [] | com.gasagency.audit | AUDIT | action=AUTHENTICATION_SUCCESS | entity=JWT_VALIDATION | username=admin | ip=0:0:0:0:0:0:0:1
2026-02-04 23:36:01.013 | INFO  | [] [] | com.gasagency.audit | AUDIT | action=AUTHENTICATION_SUCCESS | entity=JWT_VALIDATION | username=admin | ip=0:0:0:0:0:0:0:1
2026-02-04 23:36:01.033 | INFO  | [] [] | com.gasagency.audit | AUDIT | action=AUTHENTICATION_SUCCESS | entity=JWT_VALIDATION | username=admin | ip=0:0:0:0:0:0:0:1
2026-02-04 23:36:01.046 | INFO  | [] [] | com.gasagency.audit | AUDIT | action=AUTHENTICATION_SUCCESS | entity=JWT_VALIDATION | username=admin | ip=0:0:0:0:0:0:0:1
2026-02-04 23:36:04.701 | INFO  | [] [] | com.gasagency.audit | AUDIT | action=AUTHENTICATION_SUCCESS | entity=JWT_VALIDATION | username=admin | ip=0:0:0:0:0:0:0:1
2026-02-04 23:36:04.701 | INFO  | [] [] | com.gasagency.audit | AUDIT | action=AUTHENTICATION_SUCCESS | entity=JWT_VALIDATION | username=admin | ip=0:0:0:0:0:0:0:1
2026-02-04 23:36:04.738 | INFO  | [] [] | com.gasagency.audit | AUDIT | action=AUTHENTICATION_SUCCESS | entity=JWT_VALIDATION | username=admin | ip=0:0:0:0:0:0:0:1
2026-02-04 23:36:10.358 | INFO  | [] [] | com.gasagency.audit | AUDIT | action=AUTHENTICATION_SUCCESS | entity=JWT_VALIDATION | username=admin | ip=0:0:0:0:0:0:0:1
2026-02-04 23:36:10.358 | INFO  | [] [] | com.gasagency.audit | AUDIT | action=AUTHENTICATION_SUCCESS | entity=JWT_VALIDATION | username=admin | ip=0:0:0:0:0:0:0:1
2026-02-04 23:36:10.361 | INFO  | [] [] | com.gasagency.audit | AUDIT | action=AUTHENTICATION_SUCCESS | entity=JWT_VALIDATION | username=admin | ip=0:0:0:0:0:0:0:1
2026-02-04 23:36:24.163 | INFO  | [] [] | com.gasagency.audit | AUDIT | action=AUTHENTICATION_SUCCESS | entity=JWT_VALIDATION | username=admin | ip=0:0:0:0:0:0:0:1
2026-02-04 23:36:24.196 | INFO  | [e5daa9f6-dad2-4f5b-b374-03bfa75365e8] [] | com.gasagency.audit | AUDIT | action=UPDATE | entity=SUPPLIER_TRANSACTION | transactionId=1 | supplierId=1
2026-02-04 23:36:24.232 | INFO  | [] [] | com.gasagency.audit | AUDIT | action=AUTHENTICATION_SUCCESS | entity=JWT_VALIDATION | username=admin | ip=0:0:0:0:0:0:0:1
2026-02-04 23:36:26.819 | INFO  | [] [] | com.gasagency.audit | AUDIT | action=AUTHENTICATION_SUCCESS | entity=JWT_VALIDATION | username=admin | ip=0:0:0:0:0:0:0:1
2026-02-04 23:36:26.819 | INFO  | [] [] | com.gasagency.audit | AUDIT | action=AUTHENTICATION_SUCCESS | entity=JWT_VALIDATION | username=admin | ip=0:0:0:0:0:0:0:1
2026-02-04 23:36:26.819 | INFO  | [] [] | com.gasagency.audit | AUDIT | action=AUTHENTICATION_SUCCESS | entity=JWT_VALIDATION | username=admin | ip=0:0:0:0:0:0:0:1
2026-02-04 23:36:26.824 | INFO  | [] [] | com.gasagency.audit | AUDIT | action=AUTHENTICATION_SUCCESS | entity=JWT_VALIDATION | username=admin | ip=0:0:0:0:0:0:0:1
2026-02-04 23:36:29.773 | INFO  | [] [] | com.gasagency.audit | AUDIT | action=AUTHENTICATION_SUCCESS | entity=JWT_VALIDATION | username=admin | ip=0:0:0:0:0:0:0:1
2026-02-04 23:36:29.773 | INFO  | [] [] | com.gasagency.audit | AUDIT | action=AUTHENTICATION_SUCCESS | entity=JWT_VALIDATION | username=admin | ip=0:0:0:0:0:0:0:1
2026-02-04 23:36:29.831 | INFO  | [] [] | com.gasagency.audit | AUDIT | action=AUTHENTICATION_SUCCESS | entity=JWT_VALIDATION | username=admin | ip=0:0:0:0:0:0:0:1
2026-02-04 23:36:33.033 | INFO  | [] [] | com.gasagency.audit | AUDIT | action=AUTHENTICATION_SUCCESS | entity=JWT_VALIDATION | username=admin | ip=0:0:0:0:0:0:0:1
2026-02-04 23:36:33.034 | INFO  | [] [] | com.gasagency.audit | AUDIT | action=AUTHENTICATION_SUCCESS | entity=JWT_VALIDATION | username=admin | ip=0:0:0:0:0:0:0:1
2026-02-04 23:36:33.047 | INFO  | [] [] | com.gasagency.audit | AUDIT | action=AUTHENTICATION_SUCCESS | entity=JWT_VALIDATION | username=admin | ip=0:0:0:0:0:0:0:1
2026-02-04 23:37:18.350 | INFO  | [] [] | com.gasagency.audit | AUDIT | action=AUTHENTICATION_SUCCESS | entity=JWT_VALIDATION | username=admin | ip=0:0:0:0:0:0:0:1
2026-02-04 23:37:37.920 | INFO  | [] [] | com.gasagency.audit | AUDIT | action=AUTHENTICATION_SUCCESS | entity=JWT_VALIDATION | username=admin | ip=0:0:0:0:0:0:0:1
2026-02-04 23:37:38.220 | INFO  | [] [] | com.gasagency.audit | AUDIT | action=AUTHENTICATION_SUCCESS | entity=JWT_VALIDATION | username=admin | ip=0:0:0:0:0:0:0:1
2026-02-04 23:38:04.623 | INFO  | [] [] | com.gasagency.audit | AUDIT | action=AUTHENTICATION_SUCCESS | entity=JWT_VALIDATION | username=admin | ip=0:0:0:0:0:0:0:1
2026-02-04 23:38:04.906 | INFO  | [] [] | com.gasagency.audit | AUDIT | action=AUTHENTICATION_SUCCESS | entity=JWT_VALIDATION | username=admin | ip=0:0:0:0:0:0:0:1
2026-02-04 23:38:16.938 | INFO  | [] [] | com.gasagency.audit | AUDIT | action=AUTHENTICATION_SUCCESS | entity=JWT_VALIDATION | username=admin | ip=0:0:0:0:0:0:0:1
2026-02-04 23:38:17.017 | INFO  | [] [] | com.gasagency.audit | AUDIT | action=AUTHENTICATION_SUCCESS | entity=JWT_VALIDATION | username=admin | ip=0:0:0:0:0:0:0:1
2026-02-04 23:38:29.218 | INFO  | [] [] | com.gasagency.audit | AUDIT | action=AUTHENTICATION_SUCCESS | entity=JWT_VALIDATION | username=admin | ip=0:0:0:0:0:0:0:1
2026-02-04 23:38:32.842 | INFO  | [] [] | com.gasagency.audit | AUDIT | action=AUTHENTICATION_SUCCESS | entity=JWT_VALIDATION | username=admin | ip=0:0:0:0:0:0:0:1
2026-02-04 23:38:47.203 | INFO  | [] [] | com.gasagency.audit | AUDIT | action=AUTHENTICATION_SUCCESS | entity=JWT_VALIDATION | username=admin | ip=0:0:0:0:0:0:0:1
2026-02-04 23:38:47.210 | INFO  | [] [] | com.gasagency.audit | AUDIT | action=AUTHENTICATION_SUCCESS | entity=JWT_VALIDATION | username=admin | ip=0:0:0:0:0:0:0:1
2026-02-04 23:38:47.225 | INFO  | [] [] | com.gasagency.audit | AUDIT | action=AUTHENTICATION_SUCCESS | entity=JWT_VALIDATION | username=admin | ip=0:0:0:0:0:0:0:1
2026-02-04 23:38:47.225 | INFO  | [] [] | com.gasagency.audit | AUDIT | action=AUTHENTICATION_SUCCESS | entity=JWT_VALIDATION | username=admin | ip=0:0:0:0:0:0:0:1
2026-02-04 23:38:50.757 | INFO  | [] [] | com.gasagency.audit | AUDIT | action=AUTHENTICATION_SUCCESS | entity=JWT_VALIDATION | username=admin | ip=0:0:0:0:0:0:0:1
2026-02-04 23:39:16.221 | INFO  | [] [] | com.gasagency.audit | AUDIT | action=AUTHENTICATION_SUCCESS | entity=JWT_VALIDATION | username=admin | ip=0:0:0:0:0:0:0:1
2026-02-04 23:39:16.423 | INFO  | [] [] | com.gasagency.audit | AUDIT | action=AUTHENTICATION_SUCCESS | entity=JWT_VALIDATION | username=admin | ip=0:0:0:0:0:0:0:1
2026-02-04 23:39:16.423 | INFO  | [] [] | com.gasagency.audit | AUDIT | action=AUTHENTICATION_SUCCESS | entity=JWT_VALIDATION | username=admin | ip=0:0:0:0:0:0:0:1
2026-02-04 23:39:16.423 | INFO  | [] [] | com.gasagency.audit | AUDIT | action=AUTHENTICATION_SUCCESS | entity=JWT_VALIDATION | username=admin | ip=0:0:0:0:0:0:0:1
2026-02-04 23:39:20.413 | INFO  | [] [] | com.gasagency.audit | AUDIT | action=AUTHENTICATION_SUCCESS | entity=JWT_VALIDATION | username=admin | ip=0:0:0:0:0:0:0:1
2026-02-04 23:39:20.413 | INFO  | [] [] | com.gasagency.audit | AUDIT | action=AUTHENTICATION_SUCCESS | entity=JWT_VALIDATION | username=admin | ip=0:0:0:0:0:0:0:1
2026-02-04 23:39:20.416 | INFO  | [] [] | com.gasagency.audit | AUDIT | action=AUTHENTICATION_SUCCESS | entity=JWT_VALIDATION | username=admin | ip=0:0:0:0:0:0:0:1
2026-02-04 23:39:20.545 | INFO  | [] [] | com.gasagency.audit | AUDIT | action=AUTHENTICATION_SUCCESS | entity=JWT_VALIDATION | username=admin | ip=0:0:0:0:0:0:0:1
2026-02-04 23:39:20.615 | INFO  | [] [] | com.gasagency.audit | AUDIT | action=AUTHENTICATION_SUCCESS | entity=JWT_VALIDATION | username=admin | ip=0:0:0:0:0:0:0:1
2026-02-04 23:39:31.717 | INFO  | [] [] | com.gasagency.audit | AUDIT | action=AUTHENTICATION_SUCCESS | entity=JWT_VALIDATION | username=admin | ip=0:0:0:0:0:0:0:1
2026-02-04 23:39:31.718 | INFO  | [] [] | com.gasagency.audit | AUDIT | action=AUTHENTICATION_SUCCESS | entity=JWT_VALIDATION | username=admin | ip=0:0:0:0:0:0:0:1
2026-02-04 23:39:31.727 | INFO  | [] [] | com.gasagency.audit | AUDIT | action=AUTHENTICATION_SUCCESS | entity=JWT_VALIDATION | username=admin | ip=0:0:0:0:0:0:0:1
2026-02-04 23:39:31.727 | INFO  | [] [] | com.gasagency.audit | AUDIT | action=AUTHENTICATION_SUCCESS | entity=JWT_VALIDATION | username=admin | ip=0:0:0:0:0:0:0:1
2026-02-04 23:39:33.666 | INFO  | [] [] | com.gasagency.audit | AUDIT | action=AUTHENTICATION_SUCCESS | entity=JWT_VALIDATION | username=admin | ip=0:0:0:0:0:0:0:1
2026-02-04 23:39:40.569 | INFO  | [] [] | com.gasagency.audit | AUDIT | action=AUTHENTICATION_SUCCESS | entity=JWT_VALIDATION | username=admin | ip=0:0:0:0:0:0:0:1
2026-02-04 23:39:40.622 | INFO  | [] [] | com.gasagency.audit | AUDIT | action=AUTHENTICATION_SUCCESS | entity=JWT_VALIDATION | username=admin | ip=0:0:0:0:0:0:0:1
2026-02-04 23:39:40.622 | INFO  | [] [] | com.gasagency.audit | AUDIT | action=AUTHENTICATION_SUCCESS | entity=JWT_VALIDATION | username=admin | ip=0:0:0:0:0:0:0:1
2026-02-04 23:39:40.624 | INFO  | [] [] | com.gasagency.audit | AUDIT | action=AUTHENTICATION_SUCCESS | entity=JWT_VALIDATION | username=admin | ip=0:0:0:0:0:0:0:1
2026-02-04 23:39:52.426 | INFO  | [] [] | com.gasagency.audit | AUDIT | action=AUTHENTICATION_SUCCESS | entity=JWT_VALIDATION | username=admin | ip=0:0:0:0:0:0:0:1
2026-02-04 23:39:52.454 | INFO  | [] [] | com.gasagency.audit | AUDIT | action=AUTHENTICATION_SUCCESS | entity=JWT_VALIDATION | username=admin | ip=0:0:0:0:0:0:0:1
2026-02-04 23:39:56.018 | INFO  | [] [] | com.gasagency.audit | AUDIT | action=AUTHENTICATION_SUCCESS | entity=JWT_VALIDATION | username=admin | ip=0:0:0:0:0:0:0:1
2026-02-04 23:39:56.027 | INFO  | [] [] | com.gasagency.audit | AUDIT | action=AUTHENTICATION_SUCCESS | entity=JWT_VALIDATION | username=admin | ip=0:0:0:0:0:0:0:1
2026-02-04 23:39:56.032 | INFO  | [] [] | com.gasagency.audit | AUDIT | action=AUTHENTICATION_SUCCESS | entity=JWT_VALIDATION | username=admin | ip=0:0:0:0:0:0:0:1
2026-02-04 23:39:56.032 | INFO  | [] [] | com.gasagency.audit | AUDIT | action=AUTHENTICATION_SUCCESS | entity=JWT_VALIDATION | username=admin | ip=0:0:0:0:0:0:0:1
2026-02-04 23:39:57.955 | INFO  | [] [] | com.gasagency.audit | AUDIT | action=AUTHENTICATION_SUCCESS | entity=JWT_VALIDATION | username=admin | ip=0:0:0:0:0:0:0:1
2026-02-04 23:39:57.964 | INFO  | [] [] | com.gasagency.audit | AUDIT | action=AUTHENTICATION_SUCCESS | entity=JWT_VALIDATION | username=admin | ip=0:0:0:0:0:0:0:1
2026-02-04 23:40:14.346 | INFO  | [] [] | com.gasagency.audit | AUDIT | action=AUTHENTICATION_SUCCESS | entity=JWT_VALIDATION | username=admin | ip=0:0:0:0:0:0:0:1
2026-02-04 23:40:17.540 | INFO  | [] [] | com.gasagency.audit | AUDIT | action=AUTHENTICATION_SUCCESS | entity=JWT_VALIDATION | username=admin | ip=0:0:0:0:0:0:0:1
2026-02-04 23:40:17.540 | INFO  | [] [] | com.gasagency.audit | AUDIT | action=AUTHENTICATION_SUCCESS | entity=JWT_VALIDATION | username=admin | ip=0:0:0:0:0:0:0:1
2026-02-04 23:40:17.556 | INFO  | [] [] | com.gasagency.audit | AUDIT | action=AUTHENTICATION_SUCCESS | entity=JWT_VALIDATION | username=admin | ip=0:0:0:0:0:0:0:1
2026-02-04 23:40:17.566 | INFO  | [] [] | com.gasagency.audit | AUDIT | action=AUTHENTICATION_SUCCESS | entity=JWT_VALIDATION | username=admin | ip=0:0:0:0:0:0:0:1
2026-02-04 23:40:30.160 | INFO  | [] [] | com.gasagency.audit | AUDIT | action=AUTHENTICATION_SUCCESS | entity=JWT_VALIDATION | username=admin | ip=0:0:0:0:0:0:0:1
2026-02-04 23:40:30.246 | INFO  | [] [] | com.gasagency.audit | AUDIT | action=AUTHENTICATION_SUCCESS | entity=JWT_VALIDATION | username=admin | ip=0:0:0:0:0:0:0:1
2026-02-04 23:40:30.247 | INFO  | [] [] | com.gasagency.audit | AUDIT | action=AUTHENTICATION_SUCCESS | entity=JWT_VALIDATION | username=admin | ip=0:0:0:0:0:0:0:1
2026-02-04 23:40:33.122 | INFO  | [] [] | com.gasagency.audit | AUDIT | action=AUTHENTICATION_SUCCESS | entity=JWT_VALIDATION | username=admin | ip=0:0:0:0:0:0:0:1
2026-02-04 23:40:33.122 | INFO  | [] [] | com.gasagency.audit | AUDIT | action=AUTHENTICATION_SUCCESS | entity=JWT_VALIDATION | username=admin | ip=0:0:0:0:0:0:0:1
2026-02-04 23:40:42.922 | INFO  | [] [] | com.gasagency.audit | AUDIT | action=AUTHENTICATION_SUCCESS | entity=JWT_VALIDATION | username=admin | ip=0:0:0:0:0:0:0:1
2026-02-04 23:40:45.324 | INFO  | [] [] | com.gasagency.audit | AUDIT | action=AUTHENTICATION_SUCCESS | entity=JWT_VALIDATION | username=admin | ip=0:0:0:0:0:0:0:1
2026-02-04 23:40:45.353 | INFO  | [] [] | com.gasagency.audit | AUDIT | action=AUTHENTICATION_SUCCESS | entity=JWT_VALIDATION | username=admin | ip=0:0:0:0:0:0:0:1
2026-02-04 23:40:45.353 | INFO  | [] [] | com.gasagency.audit | AUDIT | action=AUTHENTICATION_SUCCESS | entity=JWT_VALIDATION | username=admin | ip=0:0:0:0:0:0:0:1
2026-02-04 23:40:45.357 | INFO  | [] [] | com.gasagency.audit | AUDIT | action=AUTHENTICATION_SUCCESS | entity=JWT_VALIDATION | username=admin | ip=0:0:0:0:0:0:0:1
2026-02-04 23:40:53.940 | INFO  | [] [] | com.gasagency.audit | AUDIT | action=AUTHENTICATION_SUCCESS | entity=JWT_VALIDATION | username=admin | ip=0:0:0:0:0:0:0:1
2026-02-04 23:40:53.940 | INFO  | [] [] | com.gasagency.audit | AUDIT | action=AUTHENTICATION_SUCCESS | entity=JWT_VALIDATION | username=admin | ip=0:0:0:0:0:0:0:1
2026-02-04 23:41:10.154 | INFO  | [] [] | com.gasagency.audit | AUDIT | action=AUTHENTICATION_SUCCESS | entity=JWT_VALIDATION | username=admin | ip=0:0:0:0:0:0:0:1
2026-02-04 23:41:10.156 | INFO  | [] [] | com.gasagency.audit | AUDIT | action=AUTHENTICATION_SUCCESS | entity=JWT_VALIDATION | username=admin | ip=0:0:0:0:0:0:0:1
2026-02-04 23:41:10.163 | INFO  | [] [] | com.gasagency.audit | AUDIT | action=AUTHENTICATION_SUCCESS | entity=JWT_VALIDATION | username=admin | ip=0:0:0:0:0:0:0:1
2026-02-04 23:41:10.166 | INFO  | [] [] | com.gasagency.audit | AUDIT | action=AUTHENTICATION_SUCCESS | entity=JWT_VALIDATION | username=admin | ip=0:0:0:0:0:0:0:1
2026-02-04 23:41:26.399 | INFO  | [] [] | com.gasagency.audit | AUDIT | action=AUTHENTICATION_SUCCESS | entity=JWT_VALIDATION | username=admin | ip=0:0:0:0:0:0:0:1
2026-02-04 23:41:26.402 | INFO  | [] [] | com.gasagency.audit | AUDIT | action=AUTHENTICATION_SUCCESS | entity=JWT_VALIDATION | username=admin | ip=0:0:0:0:0:0:0:1
2026-02-04 23:41:26.412 | INFO  | [] [] | com.gasagency.audit | AUDIT | action=AUTHENTICATION_SUCCESS | entity=JWT_VALIDATION | username=admin | ip=0:0:0:0:0:0:0:1
2026-02-04 23:41:30.016 | INFO  | [] [] | com.gasagency.audit | AUDIT | action=AUTHENTICATION_SUCCESS | entity=JWT_VALIDATION | username=admin | ip=0:0:0:0:0:0:0:1
2026-02-04 23:41:30.023 | INFO  | [] [] | com.gasagency.audit | AUDIT | action=AUTHENTICATION_SUCCESS | entity=JWT_VALIDATION | username=admin | ip=0:0:0:0:0:0:0:1
2026-02-04 23:41:30.024 | INFO  | [] [] | com.gasagency.audit | AUDIT | action=AUTHENTICATION_SUCCESS | entity=JWT_VALIDATION | username=admin | ip=0:0:0:0:0:0:0:1
2026-02-04 23:41:33.649 | INFO  | [] [] | com.gasagency.audit | AUDIT | action=AUTHENTICATION_SUCCESS | entity=JWT_VALIDATION | username=admin | ip=0:0:0:0:0:0:0:1
2026-02-04 23:41:39.503 | INFO  | [] [] | com.gasagency.audit | AUDIT | action=AUTHENTICATION_SUCCESS | entity=JWT_VALIDATION | username=admin | ip=0:0:0:0:0:0:0:1
2026-02-04 23:41:39.558 | INFO  | [] [] | com.gasagency.audit | AUDIT | action=AUTHENTICATION_SUCCESS | entity=JWT_VALIDATION | username=admin | ip=0:0:0:0:0:0:0:1
2026-02-04 23:41:42.842 | INFO  | [] [] | com.gasagency.audit | AUDIT | action=AUTHENTICATION_SUCCESS | entity=JWT_VALIDATION | username=admin | ip=0:0:0:0:0:0:0:1
2026-02-04 23:41:42.856 | INFO  | [] [] | com.gasagency.audit | AUDIT | action=AUTHENTICATION_SUCCESS | entity=JWT_VALIDATION | username=admin | ip=0:0:0:0:0:0:0:1
2026-02-04 23:41:42.865 | INFO  | [] [] | com.gasagency.audit | AUDIT | action=AUTHENTICATION_SUCCESS | entity=JWT_VALIDATION | username=admin | ip=0:0:0:0:0:0:0:1
2026-02-04 23:42:05.664 | INFO  | [] [] | com.gasagency.audit | AUDIT | action=AUTHENTICATION_SUCCESS | entity=JWT_VALIDATION | username=admin | ip=0:0:0:0:0:0:0:1
2026-02-04 23:42:07.743 | INFO  | [] [] | com.gasagency.audit | AUDIT | action=AUTHENTICATION_SUCCESS | entity=JWT_VALIDATION | username=admin | ip=0:0:0:0:0:0:0:1
2026-02-04 23:42:28.385 | INFO  | [] [] | com.gasagency.audit | AUDIT | action=AUTHENTICATION_SUCCESS | entity=JWT_VALIDATION | username=admin | ip=0:0:0:0:0:0:0:1
2026-02-04 23:42:28.385 | INFO  | [] [] | com.gasagency.audit | AUDIT | action=AUTHENTICATION_SUCCESS | entity=JWT_VALIDATION | username=admin | ip=0:0:0:0:0:0:0:1
2026-02-04 23:42:34.161 | INFO  | [] [] | com.gasagency.audit | AUDIT | action=AUTHENTICATION_SUCCESS | entity=JWT_VALIDATION | username=admin | ip=0:0:0:0:0:0:0:1
2026-02-04 23:42:34.459 | INFO  | [] [] | com.gasagency.audit | AUDIT | action=AUTHENTICATION_SUCCESS | entity=JWT_VALIDATION | username=admin | ip=0:0:0:0:0:0:0:1
2026-02-04 23:42:49.737 | INFO  | [] [] | com.gasagency.audit | AUDIT | action=AUTHENTICATION_SUCCESS | entity=JWT_VALIDATION | username=admin | ip=0:0:0:0:0:0:0:1
2026-02-04 23:42:50.198 | INFO  | [6099be53-faa2-4282-8192-60db4d4c5874] [] | com.gasagency.audit | AUDIT | action=CREATE | entity=LEDGER | ledgerId=6 | customerId=1
2026-02-04 23:42:50.243 | INFO  | [6099be53-faa2-4282-8192-60db4d4c5874] [] | com.gasagency.audit | SALE_CREATED | saleId=1 | customerId=1 | customer=Tushar Rokade | amount=2800.0 | timestamp=2026-02-04 23:42:50
2026-02-04 23:43:11.585 | INFO  | [] [] | com.gasagency.audit | AUDIT | action=AUTHENTICATION_SUCCESS | entity=JWT_VALIDATION | username=admin | ip=0:0:0:0:0:0:0:1
2026-02-04 23:43:23.086 | INFO  | [] [] | com.gasagency.audit | AUDIT | action=AUTHENTICATION_SUCCESS | entity=JWT_VALIDATION | username=admin | ip=0:0:0:0:0:0:0:1
2026-02-04 23:43:23.104 | INFO  | [] [] | com.gasagency.audit | AUDIT | action=AUTHENTICATION_SUCCESS | entity=JWT_VALIDATION | username=admin | ip=0:0:0:0:0:0:0:1
2026-02-04 23:43:27.711 | INFO  | [] [] | com.gasagency.audit | AUDIT | action=AUTHENTICATION_SUCCESS | entity=JWT_VALIDATION | username=admin | ip=0:0:0:0:0:0:0:1
2026-02-04 23:43:27.997 | INFO  | [] [] | com.gasagency.audit | AUDIT | action=AUTHENTICATION_SUCCESS | entity=JWT_VALIDATION | username=admin | ip=0:0:0:0:0:0:0:1
2026-02-04 23:43:53.080 | INFO  | [] [] | com.gasagency.audit | AUDIT | action=AUTHENTICATION_SUCCESS | entity=JWT_VALIDATION | username=admin | ip=0:0:0:0:0:0:0:1
2026-02-04 23:43:59.537 | INFO  | [] [] | com.gasagency.audit | AUDIT | action=AUTHENTICATION_SUCCESS | entity=JWT_VALIDATION | username=admin | ip=0:0:0:0:0:0:0:1
2026-02-04 23:43:59.582 | INFO  | [] [] | com.gasagency.audit | AUDIT | action=AUTHENTICATION_SUCCESS | entity=JWT_VALIDATION | username=admin | ip=0:0:0:0:0:0:0:1
2026-02-04 23:44:04.717 | INFO  | [] [] | com.gasagency.audit | AUDIT | action=AUTHENTICATION_SUCCESS | entity=JWT_VALIDATION | username=admin | ip=0:0:0:0:0:0:0:1
2026-02-04 23:44:04.752 | INFO  | [] [] | com.gasagency.audit | AUDIT | action=AUTHENTICATION_SUCCESS | entity=JWT_VALIDATION | username=admin | ip=0:0:0:0:0:0:0:1
2026-02-04 23:44:04.891 | INFO  | [89d81229-38d4-4fdf-8348-52b1a6ddbbfa] [] | com.gasagency.audit | AUDIT | action=CREATE | entity=LEDGER | ledgerId=7 | customerId=2
2026-02-04 23:44:04.959 | INFO  | [89d81229-38d4-4fdf-8348-52b1a6ddbbfa] [] | com.gasagency.audit | SALE_CREATED | saleId=2 | customerId=2 | customer=Mahesh Patil | amount=2250.0 | timestamp=2026-02-04 23:44:04
2026-02-04 23:44:15.048 | INFO  | [] [] | com.gasagency.audit | AUDIT | action=AUTHENTICATION_SUCCESS | entity=JWT_VALIDATION | username=admin | ip=0:0:0:0:0:0:0:1
2026-02-04 23:44:35.196 | INFO  | [] [] | com.gasagency.audit | AUDIT | action=AUTHENTICATION_SUCCESS | entity=JWT_VALIDATION | username=admin | ip=0:0:0:0:0:0:0:1
2026-02-04 23:44:35.196 | INFO  | [] [] | com.gasagency.audit | AUDIT | action=AUTHENTICATION_SUCCESS | entity=JWT_VALIDATION | username=admin | ip=0:0:0:0:0:0:0:1
2026-02-04 23:44:35.196 | INFO  | [] [] | com.gasagency.audit | AUDIT | action=AUTHENTICATION_SUCCESS | entity=JWT_VALIDATION | username=admin | ip=0:0:0:0:0:0:0:1
2026-02-04 23:44:35.207 | INFO  | [] [] | com.gasagency.audit | AUDIT | action=AUTHENTICATION_SUCCESS | entity=JWT_VALIDATION | username=admin | ip=0:0:0:0:0:0:0:1
2026-02-04 23:44:35.224 | INFO  | [] [] | com.gasagency.audit | AUDIT | action=AUTHENTICATION_SUCCESS | entity=JWT_VALIDATION | username=admin | ip=0:0:0:0:0:0:0:1
2026-02-04 23:44:35.228 | INFO  | [] [] | com.gasagency.audit | AUDIT | action=AUTHENTICATION_SUCCESS | entity=JWT_VALIDATION | username=admin | ip=0:0:0:0:0:0:0:1
2026-02-04 23:44:35.247 | INFO  | [] [] | com.gasagency.audit | AUDIT | action=AUTHENTICATION_SUCCESS | entity=JWT_VALIDATION | username=admin | ip=0:0:0:0:0:0:0:1
2026-02-04 23:44:35.247 | INFO  | [] [] | com.gasagency.audit | AUDIT | action=AUTHENTICATION_SUCCESS | entity=JWT_VALIDATION | username=admin | ip=0:0:0:0:0:0:0:1
2026-02-04 23:44:35.253 | INFO  | [] [] | com.gasagency.audit | AUDIT | action=AUTHENTICATION_SUCCESS | entity=JWT_VALIDATION | username=admin | ip=0:0:0:0:0:0:0:1
2026-02-04 23:44:35.266 | INFO  | [] [] | com.gasagency.audit | AUDIT | action=AUTHENTICATION_SUCCESS | entity=JWT_VALIDATION | username=admin | ip=0:0:0:0:0:0:0:1
2026-02-04 23:44:35.272 | INFO  | [] [] | com.gasagency.audit | AUDIT | action=AUTHENTICATION_SUCCESS | entity=JWT_VALIDATION | username=admin | ip=0:0:0:0:0:0:0:1
2026-02-04 23:44:58.736 | INFO  | [] [] | com.gasagency.audit | AUDIT | action=AUTHENTICATION_SUCCESS | entity=JWT_VALIDATION | username=admin | ip=0:0:0:0:0:0:0:1
2026-02-04 23:44:58.742 | INFO  | [] [] | com.gasagency.audit | AUDIT | action=AUTHENTICATION_SUCCESS | entity=JWT_VALIDATION | username=admin | ip=0:0:0:0:0:0:0:1
2026-02-04 23:45:03.033 | INFO  | [] [] | com.gasagency.audit | AUDIT | action=AUTHENTICATION_SUCCESS | entity=JWT_VALIDATION | username=admin | ip=0:0:0:0:0:0:0:1
2026-02-04 23:45:03.033 | INFO  | [] [] | com.gasagency.audit | AUDIT | action=AUTHENTICATION_SUCCESS | entity=JWT_VALIDATION | username=admin | ip=0:0:0:0:0:0:0:1
2026-02-04 23:45:08.665 | INFO  | [] [] | com.gasagency.audit | AUDIT | action=AUTHENTICATION_SUCCESS | entity=JWT_VALIDATION | username=admin | ip=0:0:0:0:0:0:0:1
2026-02-04 23:45:08.669 | INFO  | [] [] | com.gasagency.audit | AUDIT | action=AUTHENTICATION_SUCCESS | entity=JWT_VALIDATION | username=admin | ip=0:0:0:0:0:0:0:1
2026-02-04 23:45:08.681 | INFO  | [] [] | com.gasagency.audit | AUDIT | action=AUTHENTICATION_SUCCESS | entity=JWT_VALIDATION | username=admin | ip=0:0:0:0:0:0:0:1
2026-02-04 23:45:08.698 | INFO  | [] [] | com.gasagency.audit | AUDIT | action=AUTHENTICATION_SUCCESS | entity=JWT_VALIDATION | username=admin | ip=0:0:0:0:0:0:0:1
2026-02-04 23:45:15.821 | INFO  | [] [] | com.gasagency.audit | AUDIT | action=AUTHENTICATION_SUCCESS | entity=JWT_VALIDATION | username=admin | ip=0:0:0:0:0:0:0:1
2026-02-04 23:45:17.327 | INFO  | [] [] | com.gasagency.audit | AUDIT | action=AUTHENTICATION_SUCCESS | entity=JWT_VALIDATION | username=admin | ip=0:0:0:0:0:0:0:1
2026-02-04 23:45:17.363 | INFO  | [] [] | com.gasagency.audit | AUDIT | action=AUTHENTICATION_SUCCESS | entity=JWT_VALIDATION | username=admin | ip=0:0:0:0:0:0:0:1
2026-02-04 23:45:27.971 | INFO  | [] [] | com.gasagency.audit | AUDIT | action=AUTHENTICATION_SUCCESS | entity=JWT_VALIDATION | username=admin | ip=0:0:0:0:0:0:0:1
2026-02-04 23:45:27.996 | INFO  | [] [] | com.gasagency.audit | AUDIT | action=AUTHENTICATION_SUCCESS | entity=JWT_VALIDATION | username=admin | ip=0:0:0:0:0:0:0:1
2026-02-04 23:45:48.831 | INFO  | [] [] | com.gasagency.audit | AUDIT | action=AUTHENTICATION_SUCCESS | entity=JWT_VALIDATION | username=admin | ip=0:0:0:0:0:0:0:1
2026-02-04 23:45:48.862 | INFO  | [2e2be403-c42d-4e9e-bbd8-3a9c818122a3] [] | com.gasagency.audit | AUDIT | action=CREATE | entity=LEDGER | ledgerId=8 | customerId=2
2026-02-04 23:45:57.552 | INFO  | [] [] | com.gasagency.audit | AUDIT | action=AUTHENTICATION_SUCCESS | entity=JWT_VALIDATION | username=admin | ip=0:0:0:0:0:0:0:1
2026-02-04 23:45:57.558 | INFO  | [] [] | com.gasagency.audit | AUDIT | action=AUTHENTICATION_SUCCESS | entity=JWT_VALIDATION | username=admin | ip=0:0:0:0:0:0:0:1
2026-02-04 23:46:09.760 | INFO  | [] [] | com.gasagency.audit | AUDIT | action=AUTHENTICATION_SUCCESS | entity=JWT_VALIDATION | username=admin | ip=0:0:0:0:0:0:0:1
2026-02-04 23:46:09.818 | INFO  | [] [] | com.gasagency.audit | AUDIT | action=AUTHENTICATION_SUCCESS | entity=JWT_VALIDATION | username=admin | ip=0:0:0:0:0:0:0:1
2026-02-04 23:50:09.545 | INFO  | [] [] | com.gasagency.audit | AUDIT | action=AUTHENTICATION_SUCCESS | entity=JWT_VALIDATION | username=admin | ip=0:0:0:0:0:0:0:1
2026-02-04 23:50:09.553 | INFO  | [] [] | com.gasagency.audit | AUDIT | action=AUTHENTICATION_SUCCESS | entity=JWT_VALIDATION | username=admin | ip=0:0:0:0:0:0:0:1
2026-02-04 23:50:09.596 | INFO  | [] [] | com.gasagency.audit | AUDIT | action=AUTHENTICATION_SUCCESS | entity=JWT_VALIDATION | username=admin | ip=0:0:0:0:0:0:0:1
2026-02-04 23:50:39.061 | INFO  | [] [] | com.gasagency.audit | AUDIT | action=AUTHENTICATION_SUCCESS | entity=JWT_VALIDATION | username=admin | ip=0:0:0:0:0:0:0:1
2026-02-04 23:50:39.065 | INFO  | [] [] | com.gasagency.audit | AUDIT | action=AUTHENTICATION_SUCCESS | entity=JWT_VALIDATION | username=admin | ip=0:0:0:0:0:0:0:1
2026-02-04 23:50:39.074 | INFO  | [] [] | com.gasagency.audit | AUDIT | action=AUTHENTICATION_SUCCESS | entity=JWT_VALIDATION | username=admin | ip=0:0:0:0:0:0:0:1
2026-02-04 23:50:39.445 | INFO  | [] [] | com.gasagency.audit | AUDIT | action=AUTHENTICATION_SUCCESS | entity=JWT_VALIDATION | username=admin | ip=0:0:0:0:0:0:0:1
2026-02-04 23:50:39.564 | INFO  | [] [] | com.gasagency.audit | AUDIT | action=AUTHENTICATION_SUCCESS | entity=JWT_VALIDATION | username=admin | ip=0:0:0:0:0:0:0:1
2026-02-04 23:50:44.423 | INFO  | [] [] | com.gasagency.audit | AUDIT | action=AUTHENTICATION_SUCCESS | entity=JWT_VALIDATION | username=admin | ip=0:0:0:0:0:0:0:1
2026-02-04 23:50:44.498 | INFO  | [] [] | com.gasagency.audit | AUDIT | action=AUTHENTICATION_SUCCESS | entity=JWT_VALIDATION | username=admin | ip=0:0:0:0:0:0:0:1
2026-02-04 23:50:50.740 | INFO  | [] [] | com.gasagency.audit | AUDIT | action=AUTHENTICATION_SUCCESS | entity=JWT_VALIDATION | username=admin | ip=0:0:0:0:0:0:0:1
2026-02-04 23:50:50.806 | INFO  | [] [] | com.gasagency.audit | AUDIT | action=AUTHENTICATION_SUCCESS | entity=JWT_VALIDATION | username=admin | ip=0:0:0:0:0:0:0:1
2026-02-04 23:50:54.257 | INFO  | [] [] | com.gasagency.audit | AUDIT | action=AUTHENTICATION_SUCCESS | entity=JWT_VALIDATION | username=admin | ip=0:0:0:0:0:0:0:1
2026-02-04 23:50:54.260 | INFO  | [] [] | com.gasagency.audit | AUDIT | action=AUTHENTICATION_SUCCESS | entity=JWT_VALIDATION | username=admin | ip=0:0:0:0:0:0:0:1
2026-02-04 23:50:54.264 | INFO  | [] [] | com.gasagency.audit | AUDIT | action=AUTHENTICATION_SUCCESS | entity=JWT_VALIDATION | username=admin | ip=0:0:0:0:0:0:0:1
2026-02-04 23:50:54.273 | INFO  | [] [] | com.gasagency.audit | AUDIT | action=AUTHENTICATION_SUCCESS | entity=JWT_VALIDATION | username=admin | ip=0:0:0:0:0:0:0:1
2026-02-04 23:50:57.813 | INFO  | [] [] | com.gasagency.audit | AUDIT | action=AUTHENTICATION_SUCCESS | entity=JWT_VALIDATION | username=admin | ip=0:0:0:0:0:0:0:1
2026-02-04 23:50:57.817 | INFO  | [] [] | com.gasagency.audit | AUDIT | action=AUTHENTICATION_SUCCESS | entity=JWT_VALIDATION | username=admin | ip=0:0:0:0:0:0:0:1
2026-02-04 23:50:57.824 | INFO  | [] [] | com.gasagency.audit | AUDIT | action=AUTHENTICATION_SUCCESS | entity=JWT_VALIDATION | username=admin | ip=0:0:0:0:0:0:0:1
2026-02-04 23:50:57.980 | INFO  | [] [] | com.gasagency.audit | AUDIT | action=AUTHENTICATION_SUCCESS | entity=JWT_VALIDATION | username=admin | ip=0:0:0:0:0:0:0:1
2026-02-04 23:50:58.056 | INFO  | [] [] | com.gasagency.audit | AUDIT | action=AUTHENTICATION_SUCCESS | entity=JWT_VALIDATION | username=admin | ip=0:0:0:0:0:0:0:1
