2026-01-06 11:07:25.477 | INFO  | [a53853cb-50f2-46f6-a5da-dba432cfc8e3] [] | com.gasagency.audit | AUDIT | action=CREATE | entity=CYLINDER_VARIANT | variantId=1 | name=19KG
2026-01-06 11:07:33.713 | INFO  | [b3739d54-e8df-41b7-9776-3969d6bf0a18] [] | com.gasagency.audit | AUDIT | action=CREATE | entity=CYLINDER_VARIANT | variantId=2 | name=5KG
2026-01-06 11:07:45.959 | INFO  | [c5647309-696b-4406-9261-1fec07171aee] [] | com.gasagency.audit | AUDIT | action=CREATE | entity=MONTHLY_PRICE | priceId=2 | variantId=2
2026-01-06 11:07:45.959 | INFO  | [5994228e-3dda-499c-ae32-4bec91b70c3c] [] | com.gasagency.audit | AUDIT | action=CREATE | entity=MONTHLY_PRICE | priceId=1 | variantId=1
2026-01-06 11:07:56.634 | INFO  | [e586330f-022b-4b5d-ac86-42b5c1a3b1ca] [] | com.gasagency.audit | AUDIT | action=UPDATE | entity=MONTHLY_PRICE | priceId=2
2026-01-06 11:07:56.634 | INFO  | [ce5507ea-4433-43d9-961c-94f008cde709] [] | com.gasagency.audit | AUDIT | action=UPDATE | entity=MONTHLY_PRICE | priceId=1
2026-01-06 11:08:14.902 | INFO  | [53bd7831-dc1c-42a4-acde-ba5f3c76fefd] [] | com.gasagency.audit | AUDIT | action=CREATE | entity=SUPPLIER | supplierId=1 | name=HP Gas
2026-01-06 11:08:35.198 | INFO  | [1a745d09-b34e-4a87-b9c0-9f0e1d323a63] [] | com.gasagency.audit | AUDIT | action=CREATE | entity=SUPPLIER_TRANSACTION | transactionId=1 | supplierId=1
2026-01-06 11:08:57.353 | INFO  | [6a1d6a36-b7ff-4e6c-996e-185ed3a7ecc7] [] | com.gasagency.audit | AUDIT | action=CREATE | entity=SUPPLIER_TRANSACTION | transactionId=2 | supplierId=1
2026-01-06 11:09:26.366 | INFO  | [823d42ec-8785-418e-befe-0469367ea493] [] | com.gasagency.audit | AUDIT | action=CREATE | entity=CUSTOMER | customerId=1 | name=Tushar
2026-01-06 11:09:58.712 | INFO  | [b9b27823-eb14-4544-88ef-8d5efef10087] [] | com.gasagency.audit | AUDIT | action=CREATE | entity=LEDGER | ledgerId=1 | customerId=1
2026-01-06 11:09:58.712 | INFO  | [b9b27823-eb14-4544-88ef-8d5efef10087] [] | com.gasagency.audit | SALE_CREATED | saleId=1 | customerId=1 | customer=Tushar | amount=2900.0 | timestamp=2026-01-06 11:09:58
2026-01-06 11:10:41.877 | INFO  | [5118c1e8-0302-41ba-929e-7b012d2daebd] [] | com.gasagency.audit | AUDIT | action=CREATE | entity=LEDGER | ledgerId=2 | customerId=1
2026-01-06 11:10:41.877 | INFO  | [5118c1e8-0302-41ba-929e-7b012d2daebd] [] | com.gasagency.audit | SALE_CREATED | saleId=2 | customerId=1 | customer=Tushar | amount=2400.0 | timestamp=2026-01-06 11:10:41
2026-01-06 11:14:03.033 | INFO  | [5b1d7ea3-42fc-49b6-a313-9a46b5facec6] [] | com.gasagency.audit | AUDIT | action=CREATE | entity=LEDGER | ledgerId=3 | customerId=1
2026-01-06 11:15:08.007 | INFO  | [178f1478-57e9-4adb-8664-6f812f6f561f] [] | com.gasagency.audit | AUDIT | action=UPDATE | entity=INVENTORY_STOCK | stockId=1 | variantId=1 | emptyQty=1
2026-01-06 11:15:08.011 | INFO  | [178f1478-57e9-4adb-8664-6f812f6f561f] [] | com.gasagency.audit | AUDIT | action=CREATE | entity=LEDGER | ledgerId=4 | customerId=1
2026-01-06 11:15:08.017 | INFO  | [178f1478-57e9-4adb-8664-6f812f6f561f] [] | com.gasagency.audit | SALE_CREATED | saleId=3 | customerId=1 | customer=Tushar | amount=3000.0 | timestamp=2026-01-06 11:15:08
2026-01-06 11:16:37.011 | INFO  | [647ac428-8dae-4b3e-8e31-a4db8f30b013] [] | com.gasagency.audit | AUDIT | action=UPDATE | entity=INVENTORY_STOCK | stockId=1 | variantId=1 | emptyQty=3
2026-01-06 11:16:37.026 | INFO  | [647ac428-8dae-4b3e-8e31-a4db8f30b013] [] | com.gasagency.audit | AUDIT | action=CREATE | entity=LEDGER | ledgerId=5 | customerId=1
2026-01-06 11:16:37.026 | INFO  | [647ac428-8dae-4b3e-8e31-a4db8f30b013] [] | com.gasagency.audit | SALE_CREATED | saleId=4 | customerId=1 | customer=Tushar | amount=3000.0 | timestamp=2026-01-06 11:16:37
2026-01-06 11:18:22.323 | INFO  | [25ec8150-d2b9-41db-b830-58c659693b2d] [] | com.gasagency.audit | AUDIT | action=UPDATE | entity=INVENTORY_STOCK | stockId=1 | variantId=1 | emptyQty=5
2026-01-06 11:18:22.339 | INFO  | [25ec8150-d2b9-41db-b830-58c659693b2d] [] | com.gasagency.audit | AUDIT | action=CREATE | entity=LEDGER | ledgerId=6 | customerId=1
2026-01-06 11:18:22.339 | INFO  | [25ec8150-d2b9-41db-b830-58c659693b2d] [] | com.gasagency.audit | SALE_CREATED | saleId=5 | customerId=1 | customer=Tushar | amount=3000.0 | timestamp=2026-01-06 11:18:22
2026-01-06 11:20:45.298 | INFO  | [bfa1fb90-5eb2-4b2a-b244-f5af6c0c7f0a] [] | com.gasagency.audit | AUDIT | action=CREATE | entity=LEDGER | ledgerId=7 | customerId=1
2026-01-06 12:22:43.245 | INFO  | [2303cde2-110d-4c41-a033-3494ffeee3de] [] | com.gasagency.audit | AUDIT | action=CREATE | entity=CYLINDER_VARIANT | variantId=1 | name=19KG
2026-01-06 12:22:50.727 | INFO  | [1e5b3b59-3481-453f-98fd-4f105fc49fc0] [] | com.gasagency.audit | AUDIT | action=CREATE | entity=CYLINDER_VARIANT | variantId=2 | name=5KG
2026-01-06 12:23:01.364 | INFO  | [5ff2dc43-e783-4d10-a0fa-2cf4623ec9d1] [] | com.gasagency.audit | AUDIT | action=CREATE | entity=MONTHLY_PRICE | priceId=1 | variantId=2
2026-01-06 12:23:01.364 | INFO  | [fef8e3b5-3876-4a94-9258-35fec3c03670] [] | com.gasagency.audit | AUDIT | action=CREATE | entity=MONTHLY_PRICE | priceId=2 | variantId=1
2026-01-06 12:23:17.452 | INFO  | [a2755636-4d61-41a1-883e-d0fe1f29ef94] [] | com.gasagency.audit | AUDIT | action=CREATE | entity=CUSTOMER | customerId=1 | name=Tushar Rokade
2026-01-06 12:23:33.406 | INFO  | [184538ec-886a-4df5-b55f-d7effe2dfff5] [] | com.gasagency.audit | AUDIT | action=CREATE | entity=CUSTOMER | customerId=2 | name=Mahesh Patil
2026-01-06 12:24:04.613 | INFO  | [baec267d-d9da-496a-b7c6-5876fd1b50ac] [] | com.gasagency.audit | AUDIT | action=CREATE | entity=SUPPLIER | supplierId=1 | name=HP Gas
2026-01-06 12:24:21.172 | INFO  | [777f7552-762a-492d-83b3-05f9cae75397] [] | com.gasagency.audit | AUDIT | action=CREATE | entity=SUPPLIER_TRANSACTION | transactionId=1 | supplierId=1
2026-01-06 12:24:37.340 | INFO  | [61d44a36-2d11-426e-8f5f-4f0b6d49ea64] [] | com.gasagency.audit | AUDIT | action=CREATE | entity=SUPPLIER_TRANSACTION | transactionId=2 | supplierId=1
2026-01-06 12:25:10.352 | INFO  | [bbe511ea-9058-4285-a240-d5759e5c5e30] [] | com.gasagency.audit | AUDIT | action=CREATE | entity=LEDGER | ledgerId=1 | customerId=1
2026-01-06 12:25:10.352 | INFO  | [bbe511ea-9058-4285-a240-d5759e5c5e30] [] | com.gasagency.audit | SALE_CREATED | saleId=1 | customerId=1 | customer=Tushar Rokade | amount=1500.0 | timestamp=2026-01-06 12:25:10
2026-01-06 12:25:34.394 | INFO  | [88405587-2aaa-4afa-abbb-3621461f75d1] [] | com.gasagency.audit | AUDIT | action=UPDATE | entity=INVENTORY_STOCK | stockId=1 | variantId=1 | emptyQty=1
2026-01-06 12:25:34.394 | INFO  | [88405587-2aaa-4afa-abbb-3621461f75d1] [] | com.gasagency.audit | AUDIT | action=CREATE | entity=LEDGER | ledgerId=2 | customerId=1
2026-01-06 12:25:34.394 | INFO  | [88405587-2aaa-4afa-abbb-3621461f75d1] [] | com.gasagency.audit | SALE_CREATED | saleId=2 | customerId=1 | customer=Tushar Rokade | amount=1500.0 | timestamp=2026-01-06 12:25:34
2026-01-06 12:27:14.837 | INFO  | [ccca805b-8953-49f8-b321-b1c9cf3388d1] [] | com.gasagency.audit | AUDIT | action=CREATE | entity=LEDGER | ledgerId=3 | customerId=1
2026-01-06 12:33:14.543 | INFO  | [b8dabf6d-b445-496f-a559-6aefb8d1f0c3] [] | com.gasagency.audit | AUDIT | action=CREATE | entity=CYLINDER_VARIANT | variantId=3 | name=8KG
2026-01-06 12:33:22.726 | INFO  | [14b71227-9fe3-4794-a09b-8e8475b2d5c9] [] | com.gasagency.audit | AUDIT | action=CREATE | entity=MONTHLY_PRICE | priceId=3 | variantId=3
2026-01-06 12:42:13.413 | INFO  | [5578f293-e9ec-40b7-b705-68e9570de388] [] | com.gasagency.audit | AUDIT | action=CREATE | entity=CYLINDER_VARIANT | variantId=1 | name=19KG
2026-01-06 12:42:21.096 | INFO  | [4fd5177e-3de0-44dd-9423-46328b409ea6] [] | com.gasagency.audit | AUDIT | action=CREATE | entity=CYLINDER_VARIANT | variantId=2 | name=5KG
2026-01-06 12:42:30.969 | INFO  | [a85dd823-a05c-4af6-bf25-202eddc7153d] [] | com.gasagency.audit | AUDIT | action=CREATE | entity=MONTHLY_PRICE | priceId=1 | variantId=2
2026-01-06 12:42:30.969 | INFO  | [a32034c0-6aa7-419b-93d2-ee422db8ba65] [] | com.gasagency.audit | AUDIT | action=CREATE | entity=MONTHLY_PRICE | priceId=2 | variantId=1
2026-01-06 12:42:45.693 | INFO  | [e2fbde7c-8c5a-4a67-a11b-037799839bfc] [] | com.gasagency.audit | AUDIT | action=CREATE | entity=SUPPLIER | supplierId=1 | name=HP Gas
2026-01-06 12:42:59.380 | INFO  | [6fdc6e34-1cf5-40f9-ad4f-f7fb41208fda] [] | com.gasagency.audit | AUDIT | action=CREATE | entity=CUSTOMER | customerId=1 | name=Tushar Rokade
2026-01-06 12:43:16.419 | INFO  | [504c0ac8-9c1a-4654-86de-f06f1a1e519f] [] | com.gasagency.audit | AUDIT | action=CREATE | entity=SUPPLIER_TRANSACTION | transactionId=1 | supplierId=1
2026-01-06 12:43:46.340 | INFO  | [4f94a90d-d4a6-4a0f-83b8-74d811dba2bc] [] | com.gasagency.audit | AUDIT | action=CREATE | entity=LEDGER | ledgerId=1 | customerId=1
2026-01-06 12:43:46.341 | INFO  | [4f94a90d-d4a6-4a0f-83b8-74d811dba2bc] [] | com.gasagency.audit | SALE_CREATED | saleId=1 | customerId=1 | customer=Tushar Rokade | amount=3000.0 | timestamp=2026-01-06 12:43:46
2026-01-06 12:44:30.680 | INFO  | [2f2fb9c7-e105-4880-856c-e0a76b5e164b] [] | com.gasagency.audit | AUDIT | action=CREATE | entity=LEDGER | ledgerId=2 | customerId=1
2026-01-06 12:44:30.680 | INFO  | [2f2fb9c7-e105-4880-856c-e0a76b5e164b] [] | com.gasagency.audit | AUDIT | action=UPDATE | entity=INVENTORY_STOCK | stockId=1 | variantId=1 | emptyQty=1
2026-01-06 12:45:39.842 | INFO  | [12238828-6183-4c9d-a522-5e875d1434f6] [] | com.gasagency.audit | AUDIT | action=CREATE | entity=LEDGER | ledgerId=3 | customerId=1
2026-01-06 12:45:39.842 | INFO  | [12238828-6183-4c9d-a522-5e875d1434f6] [] | com.gasagency.audit | AUDIT | action=UPDATE | entity=INVENTORY_STOCK | stockId=1 | variantId=1 | emptyQty=2
2026-01-06 12:46:44.845 | INFO  | [21ad6445-d741-433c-a98a-927088643219] [] | com.gasagency.audit | AUDIT | action=CREATE | entity=SUPPLIER_TRANSACTION | transactionId=2 | supplierId=1
2026-01-06 13:30:05.119 | INFO  | [85eec0ab-4cd3-49d4-b2d7-9a3a702c07a8] [] | com.gasagency.audit | AUDIT | action=CREATE | entity=CUSTOMER | customerId=1 | name=Tushar
2026-01-06 13:38:31.668 | INFO  | [053c2f25-5c44-4047-934f-89d630e17fc6] [] | com.gasagency.audit | AUDIT | action=CREATE | entity=CYLINDER_VARIANT | variantId=1 | name=19KG
2026-01-06 13:38:45.158 | INFO  | [cabf9fa3-8500-435a-8245-907b6b5dc9af] [] | com.gasagency.audit | AUDIT | action=CREATE | entity=SUPPLIER | supplierId=1 | name=HP GAS
2026-01-06 13:39:42.676 | INFO  | [cd0f9d9a-873f-4bf0-a04d-f9e7c76b4c5e] [] | com.gasagency.audit | AUDIT | action=CREATE | entity=SUPPLIER_TRANSACTION | transactionId=1 | supplierId=1
2026-01-06 13:40:11.113 | INFO  | [6446d9e0-5244-4ce5-a524-bc1445721774] [] | com.gasagency.audit | AUDIT | action=CREATE | entity=MONTHLY_PRICE | priceId=1 | variantId=1
2026-01-06 13:40:32.581 | INFO  | [8e2d7cb8-190b-4122-873c-61003bccba77] [] | com.gasagency.audit | AUDIT | action=CREATE | entity=SUPPLIER_TRANSACTION | transactionId=2 | supplierId=1
2026-01-06 13:41:23.594 | INFO  | [2c76e516-67f2-4cc5-9548-1dbc41f675c9] [] | com.gasagency.audit | AUDIT | action=CREATE | entity=LEDGER | ledgerId=1 | customerId=1
2026-01-06 13:41:23.594 | INFO  | [2c76e516-67f2-4cc5-9548-1dbc41f675c9] [] | com.gasagency.audit | SALE_CREATED | saleId=1 | customerId=1 | customer=Tushar | amount=3000.0 | timestamp=2026-01-06 13:41:23
2026-01-06 13:47:03.855 | INFO  | [51858102-3c03-41c1-a699-5e2177d7db80] [] | com.gasagency.audit | AUDIT | action=CREATE | entity=LEDGER | ledgerId=2 | customerId=1
2026-01-06 13:47:03.855 | INFO  | [51858102-3c03-41c1-a699-5e2177d7db80] [] | com.gasagency.audit | SALE_CREATED | saleId=2 | customerId=1 | customer=Tushar | amount=3000.0 | timestamp=2026-01-06 13:47:03
2026-01-06 13:53:42.812 | INFO  | [a82636bb-38e7-479e-938c-f3fb16f31e7c] [] | com.gasagency.audit | AUDIT | action=CREATE | entity=LEDGER | ledgerId=3 | customerId=1
2026-01-06 13:53:42.819 | INFO  | [a82636bb-38e7-479e-938c-f3fb16f31e7c] [] | com.gasagency.audit | AUDIT | action=UPDATE | entity=INVENTORY_STOCK | stockId=1 | variantId=1 | emptyQty=2
2026-01-06 13:56:15.373 | INFO  | [1bf937ee-0c3e-4686-b622-a85c3010fae5] [] | com.gasagency.audit | AUDIT | action=CREATE | entity=CYLINDER_VARIANT | variantId=2 | name=5KG
2026-01-06 13:56:38.949 | INFO  | [085d18f4-90fe-4387-b7b0-617bb2ae8471] [] | com.gasagency.audit | AUDIT | action=CREATE | entity=SUPPLIER_TRANSACTION | transactionId=3 | supplierId=1
2026-01-06 13:57:19.802 | INFO  | [685c5e3e-99d9-49d5-afa3-49c004ec53f4] [] | com.gasagency.audit | AUDIT | action=CREATE | entity=MONTHLY_PRICE | priceId=2 | variantId=2
2026-01-06 13:57:32.685 | INFO  | [2ea523d9-2abd-4533-b801-99c004b69a3f] [] | com.gasagency.audit | AUDIT | action=CREATE | entity=LEDGER | ledgerId=4 | customerId=1
2026-01-06 13:57:32.685 | INFO  | [2ea523d9-2abd-4533-b801-99c004b69a3f] [] | com.gasagency.audit | SALE_CREATED | saleId=3 | customerId=1 | customer=Tushar | amount=500.0 | timestamp=2026-01-06 13:57:32
2026-01-06 14:23:01.573 | INFO  | [2073306a-0cc4-45ca-a541-30dc312006a5] [] | com.gasagency.audit | AUDIT | action=UPDATE | entity=CUSTOMER | customerId=1 | name=Tushar Rokade
2026-01-06 14:24:10.750 | INFO  | [1d9df86e-8a7f-4bbe-b2fc-e85829bc9856] [] | com.gasagency.audit | AUDIT | action=UPDATE | entity=CUSTOMER | customerId=1 | name=Tushar Rokade
2026-01-06 14:28:55.680 | INFO  | [ef9c84e3-f955-44b3-92d2-0befa7f09db6] [] | com.gasagency.audit | AUDIT | action=UPDATE | entity=CUSTOMER | customerId=1 | name=Tushar Rokade
2026-01-06 14:29:14.596 | INFO  | [ca547afa-aea8-4ed6-9c5c-2381c3f51ca9] [] | com.gasagency.audit | AUDIT | action=UPDATE | entity=CUSTOMER | customerId=1 | name=Tushar Rokadee
2026-01-06 14:30:57.210 | INFO  | [ef58f03c-27d7-4dd9-b0b1-76d2fbf4acbe] [] | com.gasagency.audit | AUDIT | action=UPDATE | entity=CUSTOMER | customerId=1 | name=Tushar Rokade
2026-01-06 14:33:56.560 | INFO  | [671a17ec-be46-4a5d-b75c-b0ddcfe8348b] [] | com.gasagency.audit | AUDIT | action=CREATE | entity=LEDGER | ledgerId=5 | customerId=1
2026-01-06 14:33:56.574 | INFO  | [671a17ec-be46-4a5d-b75c-b0ddcfe8348b] [] | com.gasagency.audit | AUDIT | action=UPDATE | entity=INVENTORY_STOCK | stockId=1 | variantId=1 | emptyQty=3
2026-01-06 14:36:08.525 | INFO  | [eb0af2c5-7523-4e0d-8ceb-ea867d14cd33] [] | com.gasagency.audit | AUDIT | action=UPDATE | entity=CUSTOMER | customerId=1 | name=Tushar Rokade
2026-01-06 15:13:06.819 | INFO  | [259d9c73-4474-4f98-8d58-0887bea6e5c4] [] | com.gasagency.audit | AUDIT | action=UPDATE | entity=CUSTOMER | customerId=1 | name=Tushar Rokade
2026-01-06 15:15:04.284 | INFO  | [7d0b2b65-147d-4fea-9c61-662634c18a49] [] | com.gasagency.audit | AUDIT | action=UPDATE | entity=CUSTOMER | customerId=1 | name=Tushar Rokade
2026-01-06 15:15:41.992 | INFO  | [9d84a2ae-3976-45a3-80f7-2f9bbef875b3] [] | com.gasagency.audit | AUDIT | action=CREATE | entity=LEDGER | ledgerId=6 | customerId=1
2026-01-06 15:15:42.002 | INFO  | [9d84a2ae-3976-45a3-80f7-2f9bbef875b3] [] | com.gasagency.audit | AUDIT | action=UPDATE | entity=INVENTORY_STOCK | stockId=1 | variantId=1 | emptyQty=4
2026-01-06 15:15:49.728 | INFO  | [1e5016c3-dcc3-4b87-b26e-db66f5103287] [] | com.gasagency.audit | AUDIT | action=CREATE | entity=LEDGER | ledgerId=7 | customerId=1
2026-01-06 15:15:49.737 | INFO  | [1e5016c3-dcc3-4b87-b26e-db66f5103287] [] | com.gasagency.audit | AUDIT | action=UPDATE | entity=INVENTORY_STOCK | stockId=2 | variantId=2 | emptyQty=1
2026-01-06 15:20:10.873 | INFO  | [4d6963a1-5f3a-4aec-841b-daa50f7609f6] [] | com.gasagency.audit | AUDIT | action=CREATE | entity=LEDGER | ledgerId=8 | customerId=1
2026-01-06 15:20:10.881 | INFO  | [4d6963a1-5f3a-4aec-841b-daa50f7609f6] [] | com.gasagency.audit | SALE_CREATED | saleId=4 | customerId=1 | customer=Tushar Rokade | amount=3500.0 | timestamp=2026-01-06 15:20:10
2026-01-06 15:35:45.770 | INFO  | [f03bd57d-20bf-4e18-8ef7-6f48e9438d5b] [] | com.gasagency.audit | AUDIT | action=CREATE | entity=CYLINDER_VARIANT | variantId=1 | name=19KG
2026-01-06 15:35:51.921 | INFO  | [f46a0444-a6e3-4f07-b03a-3877507da783] [] | com.gasagency.audit | AUDIT | action=CREATE | entity=MONTHLY_PRICE | priceId=1 | variantId=1
2026-01-06 15:36:04.743 | INFO  | [bac87885-e743-4a75-b6fc-fe04857a8f5d] [] | com.gasagency.audit | AUDIT | action=CREATE | entity=SUPPLIER | supplierId=1 | name=Aa
2026-01-06 15:36:19.629 | INFO  | [23e65748-00e3-4426-8e1e-3470150d1b6c] [] | com.gasagency.audit | AUDIT | action=CREATE | entity=SUPPLIER_TRANSACTION | transactionId=1 | supplierId=1
2026-01-06 15:36:40.340 | INFO  | [c8039de2-fb02-48b9-a022-e168b5eae0da] [] | com.gasagency.audit | AUDIT | action=CREATE | entity=CUSTOMER | customerId=1 | name=Tushar
2026-01-06 15:36:59.888 | INFO  | [6cc5688d-9cca-4af6-91f8-0c45843a8500] [] | com.gasagency.audit | AUDIT | action=CREATE | entity=LEDGER | ledgerId=1 | customerId=1
2026-01-06 15:36:59.892 | INFO  | [6cc5688d-9cca-4af6-91f8-0c45843a8500] [] | com.gasagency.audit | SALE_CREATED | saleId=1 | customerId=1 | customer=Tushar | amount=3900.0 | timestamp=2026-01-06 15:36:59
2026-01-06 15:55:24.659 | INFO  | [523f4aad-6220-4bbd-89ca-c27d9bd7b350] [] | com.gasagency.audit | AUDIT | action=CREATE | entity=CUSTOMER | customerId=2 | name=Mahesh
2026-01-06 16:01:38.117 | INFO  | [3e3a3e40-8ac4-49b6-bffa-f4a5258a45dc] [] | com.gasagency.audit | AUDIT | action=CREATE | entity=LEDGER | ledgerId=2 | customerId=2
2026-01-06 16:01:38.117 | INFO  | [3e3a3e40-8ac4-49b6-bffa-f4a5258a45dc] [] | com.gasagency.audit | SALE_CREATED | saleId=2 | customerId=2 | customer=Mahesh | amount=8000.0 | timestamp=2026-01-06 16:01:38
