2026-01-08 11:37:56.814 | INFO  | [b158c7ba-7b86-48ba-a2dd-018140a31bc7] [] | com.gasagency.audit | AUDIT | action=CREATE | entity=SUPPLIER | supplierId=1 | name=HP Gas
2026-01-08 11:38:19.036 | INFO  | [094e02d8-8cf1-4765-9d0e-d37eaf2c9da9] [] | com.gasagency.audit | AUDIT | action=CREATE | entity=CUSTOMER | customerId=1 | name=Tushar
2026-01-08 11:38:32.413 | INFO  | [d3de6fc6-780b-463e-b0ea-94d79110fec6] [] | com.gasagency.audit | AUDIT | action=CREATE | entity=CYLINDER_VARIANT | variantId=1 | name=19KG
2026-01-08 11:38:39.252 | INFO  | [8dfdd3c7-0075-4572-a8b2-ceceb6fefd01] [] | com.gasagency.audit | AUDIT | action=CREATE | entity=MONTHLY_PRICE | priceId=1 | variantId=1
2026-01-08 11:38:53.120 | INFO  | [8cf5732f-9407-43e2-8f25-8444bad48a18] [] | com.gasagency.audit | AUDIT | action=CREATE | entity=SUPPLIER_TRANSACTION | transactionId=1 | supplierId=1
2026-01-08 11:39:05.524 | INFO  | [fc728254-d31d-4827-a195-e11ecdcb850b] [] | com.gasagency.audit | AUDIT | action=CREATE | entity=LEDGER | ledgerId=1 | customerId=1
2026-01-08 11:39:05.524 | INFO  | [fc728254-d31d-4827-a195-e11ecdcb850b] [] | com.gasagency.audit | SALE_CREATED | saleId=1 | customerId=1 | customer=Tushar | amount=4000.0 | timestamp=2026-01-08 11:39:05
2026-01-08 11:51:10.160 | INFO  | [8be2550f-49ae-4e12-97f4-336a160a1370] [] | com.gasagency.audit | AUDIT | action=CREATE | entity=CYLINDER_VARIANT | variantId=1 | name=19KG Cylinder
2026-01-08 11:51:21.846 | INFO  | [802bf929-3a78-4c85-941a-3717eb7fc001] [] | com.gasagency.audit | AUDIT | action=CREATE | entity=CYLINDER_VARIANT | variantId=2 | name=5KG Cylinder
2026-01-08 11:51:36.210 | INFO  | [cf550ff6-6643-460f-ae99-1358aeded719] [] | com.gasagency.audit | AUDIT | action=CREATE | entity=MONTHLY_PRICE | priceId=2 | variantId=2
2026-01-08 11:51:36.210 | INFO  | [b1af818a-9cf3-493f-bb33-3958097571a5] [] | com.gasagency.audit | AUDIT | action=CREATE | entity=MONTHLY_PRICE | priceId=1 | variantId=1
2026-01-08 11:52:31.412 | INFO  | [12ce6153-6749-4a70-8287-6adce6eafd42] [] | com.gasagency.audit | AUDIT | action=CREATE | entity=SUPPLIER | supplierId=1 | name=HP GAS
2026-01-08 11:53:21.878 | INFO  | [ab15ebbd-79de-4035-9a79-d58e452b8341] [] | com.gasagency.audit | AUDIT | action=CREATE | entity=SUPPLIER_TRANSACTION | transactionId=1 | supplierId=1
2026-01-08 11:54:03.656 | INFO  | [5829e4e4-bc3d-4292-bc91-89228dec4170] [] | com.gasagency.audit | AUDIT | action=CREATE | entity=CUSTOMER | customerId=1 | name=Tushar Rokade
2026-01-08 11:54:19.506 | INFO  | [5779931f-4f9b-420e-a374-c3ad1f49eff6] [] | com.gasagency.audit | AUDIT | action=CREATE | entity=CUSTOMER | customerId=2 | name=Mahesh Patil
2026-01-08 11:55:04.397 | INFO  | [eca0ff95-4a99-4808-b4f5-c444993f9968] [] | com.gasagency.audit | AUDIT | action=CREATE | entity=CUSTOMER | customerId=3 | name=Mrunal Patil
2026-01-08 11:55:40.427 | INFO  | [d6434200-0ed8-43b1-88c1-9f919677b29d] [] | com.gasagency.audit | AUDIT | action=CREATE | entity=SUPPLIER_TRANSACTION | transactionId=2 | supplierId=1
2026-01-08 11:57:37.903 | INFO  | [3e549b06-7cf3-440f-aeda-cadde37d1e4d] [] | com.gasagency.audit | AUDIT | action=CREATE | entity=LEDGER | ledgerId=1 | customerId=1
2026-01-08 11:57:37.904 | INFO  | [3e549b06-7cf3-440f-aeda-cadde37d1e4d] [] | com.gasagency.audit | SALE_CREATED | saleId=1 | customerId=1 | customer=Tushar Rokade | amount=4300.0 | timestamp=2026-01-08 11:57:37
2026-01-08 11:58:00.525 | INFO  | [d3df8bcf-0b76-440f-8224-9051f948a5d9] [] | com.gasagency.audit | AUDIT | action=CREATE | entity=LEDGER | ledgerId=2 | customerId=2
2026-01-08 11:58:00.525 | INFO  | [d3df8bcf-0b76-440f-8224-9051f948a5d9] [] | com.gasagency.audit | SALE_CREATED | saleId=2 | customerId=2 | customer=Mahesh Patil | amount=400.0 | timestamp=2026-01-08 11:58:00
2026-01-08 11:58:58.381 | INFO  | [293fd32b-11ed-465f-b1cf-d891390e499a] [] | com.gasagency.audit | AUDIT | action=CREATE | entity=LEDGER | ledgerId=3 | customerId=1
2026-01-08 11:58:58.381 | INFO  | [293fd32b-11ed-465f-b1cf-d891390e499a] [] | com.gasagency.audit | SALE_CREATED | saleId=3 | customerId=1 | customer=Tushar Rokade | amount=1000.0 | timestamp=2026-01-08 11:58:58
2026-01-08 12:08:07.116 | INFO  | [e5aa8a7a-23fd-4daa-b4fb-cfe54273837e] [] | com.gasagency.audit | AUDIT | action=CREATE | entity=SUPPLIER_TRANSACTION | transactionId=3 | supplierId=1
2026-01-08 16:52:48.872 | INFO  | [60d2bd59-9e6d-4cbc-913b-e0d5e76a2966] [] | com.gasagency.audit | AUDIT | action=CREATE | entity=MONTHLY_PRICE | priceId=3 | variantId=1
2026-01-08 16:52:48.872 | INFO  | [5f0b2b48-83d2-471c-ac01-f63110a14277] [] | com.gasagency.audit | AUDIT | action=CREATE | entity=MONTHLY_PRICE | priceId=4 | variantId=2
2026-01-08 16:53:16.864 | INFO  | [e0934c9c-dd47-46e4-87a4-8117cfd9f4df] [] | com.gasagency.audit | AUDIT | action=UPDATE | entity=MONTHLY_PRICE | priceId=3
2026-01-08 16:53:16.864 | INFO  | [2157abe7-0479-4a57-966c-fa7f867965f7] [] | com.gasagency.audit | AUDIT | action=UPDATE | entity=MONTHLY_PRICE | priceId=4
2026-01-08 16:59:58.090 | INFO  | [f28b727c-0cc3-4abf-9b52-a0c4b76139e2] [] | com.gasagency.audit | AUDIT | action=CREATE | entity=LEDGER | ledgerId=4 | customerId=1
2026-01-08 16:59:58.097 | INFO  | [f28b727c-0cc3-4abf-9b52-a0c4b76139e2] [] | com.gasagency.audit | AUDIT | action=UPDATE | entity=INVENTORY_STOCK | stockId=1 | variantId=1 | emptyQty=3
2026-01-08 20:06:19.937 | INFO  | [3633c1f1-42d1-402c-be1a-bb660dd30ea3] [] | com.gasagency.audit | AUDIT | action=CREATE | entity=SUPPLIER_TRANSACTION | transactionId=4 | supplierId=1
2026-01-08 20:14:32.866 | INFO  | [5f80e0d6-879e-4405-97d4-ecd11434e0f6] [] | com.gasagency.audit | AUDIT | action=DELETE | entity=SUPPLIER_TRANSACTION | transactionId=4
2026-01-08 20:15:24.564 | INFO  | [c8d35a77-d069-4441-a7fa-7a6727c586fb] [] | com.gasagency.audit | AUDIT | action=DELETE | entity=SUPPLIER_TRANSACTION | transactionId=3
2026-01-08 20:15:26.476 | INFO  | [cbd4dffb-e81e-4d31-92fd-5ffdd3227f59] [] | com.gasagency.audit | AUDIT | action=DELETE | entity=SUPPLIER_TRANSACTION | transactionId=2
2026-01-08 20:15:28.340 | INFO  | [fd95f583-7f09-430a-b493-990e1fae36dc] [] | com.gasagency.audit | AUDIT | action=DELETE | entity=SUPPLIER_TRANSACTION | transactionId=1
2026-01-08 20:46:56.831 | INFO  | [93c0cb7f-9dbf-43b0-b581-cc8bc70af774] [] | com.gasagency.audit | AUDIT | action=CREATE | entity=SUPPLIER | supplierId=1 | name=HP Gas
2026-01-08 20:47:22.783 | INFO  | [d06be11a-ca41-4b37-8f64-797bed26925e] [] | com.gasagency.audit | AUDIT | action=CREATE | entity=CUSTOMER | customerId=1 | name=Tushar Rokade
2026-01-08 20:47:39.314 | INFO  | [b5a05f7b-6f15-4904-a25c-b91184b78677] [] | com.gasagency.audit | AUDIT | action=CREATE | entity=CUSTOMER | customerId=2 | name=Mahesh Patil
2026-01-08 20:48:00.994 | INFO  | [2ddbf1ed-0cb6-43b5-a585-9d9335244aca] [] | com.gasagency.audit | AUDIT | action=CREATE | entity=CUSTOMER | customerId=3 | name=Prashant Patil
2026-01-08 20:48:17.439 | INFO  | [36844b5e-ed4f-4595-9325-e0761d331dc5] [] | com.gasagency.audit | AUDIT | action=CREATE | entity=CUSTOMER | customerId=4 | name=Raj Shinde
2026-01-08 20:48:41.048 | INFO  | [dc7d0b4a-48ff-45f6-b574-51cb48c19706] [] | com.gasagency.audit | AUDIT | action=CREATE | entity=CYLINDER_VARIANT | variantId=1 | name=19KG Cylinder
2026-01-08 20:48:50.379 | INFO  | [5aecff21-104a-4551-b375-d424a6815036] [] | com.gasagency.audit | AUDIT | action=CREATE | entity=CYLINDER_VARIANT | variantId=2 | name=5KG Cylinder
2026-01-08 20:48:59.827 | INFO  | [964903db-0e41-4876-8b32-6a49f4f722c2] [] | com.gasagency.audit | AUDIT | action=CREATE | entity=MONTHLY_PRICE | priceId=1 | variantId=1
2026-01-08 20:48:59.827 | INFO  | [a21a0dca-32ef-46bc-9484-be3e6436f5f9] [] | com.gasagency.audit | AUDIT | action=CREATE | entity=MONTHLY_PRICE | priceId=2 | variantId=2
2026-01-08 20:49:21.347 | INFO  | [4e6b6d3e-ebc0-49b4-99d8-d7a33842d52e] [] | com.gasagency.audit | AUDIT | action=CREATE | entity=SUPPLIER_TRANSACTION | transactionId=1 | supplierId=1
2026-01-08 20:49:40.503 | INFO  | [557c3e83-ac6c-4971-8914-572a5429fe0d] [] | com.gasagency.audit | AUDIT | action=CREATE | entity=SUPPLIER_TRANSACTION | transactionId=2 | supplierId=1
2026-01-08 20:49:57.471 | INFO  | [78f8ede2-ea8a-4b1c-836c-2124f21147ab] [] | com.gasagency.audit | AUDIT | action=UPDATE | entity=SUPPLIER_TRANSACTION | transactionId=2 | supplierId=1
2026-01-08 20:50:19.979 | INFO  | [f9f4817b-37ba-40bd-b488-5b0ece21b1dd] [] | com.gasagency.audit | AUDIT | action=UPDATE | entity=SUPPLIER_TRANSACTION | transactionId=2 | supplierId=1
2026-01-08 20:50:25.996 | INFO  | [fc4f7930-c9dc-4159-a129-1688f494cabe] [] | com.gasagency.audit | AUDIT | action=UPDATE | entity=SUPPLIER_TRANSACTION | transactionId=1 | supplierId=1
2026-01-08 20:50:44.951 | INFO  | [a56084b8-4b31-4626-9a2e-14830668565e] [] | com.gasagency.audit | AUDIT | action=CREATE | entity=LEDGER | ledgerId=1 | customerId=1
2026-01-08 20:50:44.952 | INFO  | [a56084b8-4b31-4626-9a2e-14830668565e] [] | com.gasagency.audit | SALE_CREATED | saleId=1 | customerId=1 | customer=Tushar Rokade | amount=2500.0 | timestamp=2026-01-08 20:50:44
2026-01-08 20:50:59.597 | INFO  | [e3277213-4ec9-485e-83f3-47f31ae97a41] [] | com.gasagency.audit | AUDIT | action=UPDATE | entity=SUPPLIER_TRANSACTION | transactionId=2 | supplierId=1
2026-01-08 21:02:29.723 | INFO  | [6a3af7e2-7f82-4786-97d6-5c5286908fc5] [] | com.gasagency.audit | AUDIT | action=CREATE | entity=SUPPLIER_TRANSACTION | transactionId=3 | supplierId=1
2026-01-08 21:03:00.169 | INFO  | [a8c94b63-8b23-4033-b3eb-d07d6e836beb] [] | com.gasagency.audit | AUDIT | action=UPDATE | entity=SUPPLIER_TRANSACTION | transactionId=3 | supplierId=1
2026-01-08 21:03:57.653 | INFO  | [b983ac74-083d-4707-8c47-783a1a93e980] [] | com.gasagency.audit | AUDIT | action=CREATE | entity=LEDGER | ledgerId=2 | customerId=1
2026-01-08 21:03:57.653 | INFO  | [b983ac74-083d-4707-8c47-783a1a93e980] [] | com.gasagency.audit | SALE_CREATED | saleId=2 | customerId=1 | customer=Tushar Rokade | amount=1500.0 | timestamp=2026-01-08 21:03:57
2026-01-08 21:04:29.746 | INFO  | [31f600a8-11cc-4544-bad3-93b6f7958da8] [] | com.gasagency.audit | AUDIT | action=CREATE | entity=LEDGER | ledgerId=3 | customerId=1
2026-01-08 21:04:29.754 | INFO  | [31f600a8-11cc-4544-bad3-93b6f7958da8] [] | com.gasagency.audit | AUDIT | action=UPDATE | entity=INVENTORY_STOCK | stockId=1 | variantId=1 | emptyQty=1
