2026-01-12 20:40:31.056 | INFO  | [584e362e-294c-4796-a6ef-4eec8531ad9b] [] [] | http-nio-8080-exec-8 | c.g.service.MonthlyPriceService | OPERATION_START | operation=UPDATE_PRICE | id=2
2026-01-12 20:40:31.056 | INFO  | [0a80c315-4a05-4b8c-a73a-d0f2a2170572] [] [] | http-nio-8080-exec-9 | c.g.service.MonthlyPriceService | OPERATION_START | operation=UPDATE_PRICE | id=1
2026-01-12 20:40:31.092 | INFO  | [584e362e-294c-4796-a6ef-4eec8531ad9b] [] [] | http-nio-8080-exec-8 | c.g.service.MonthlyPriceService | OPERATION_SUCCESS | operation=UPDATE_PRICE | id=2 | price=500
2026-01-12 20:40:31.092 | INFO  | [0a80c315-4a05-4b8c-a73a-d0f2a2170572] [] [] | http-nio-8080-exec-9 | c.g.service.MonthlyPriceService | OPERATION_SUCCESS | operation=UPDATE_PRICE | id=1 | price=1500
2026-01-12 20:42:03.894 | INFO  | [e98cfc28-0094-4bdb-8e8b-f096d29ad2cb] [] [] | http-nio-8080-exec-2 | c.g.service.MonthlyPriceService | OPERATION_START | operation=UPDATE_PRICE | id=1
2026-01-12 20:42:03.894 | INFO  | [3869fbfb-cf68-4ba3-b731-cae701330479] [] [] | http-nio-8080-exec-10 | c.g.service.MonthlyPriceService | OPERATION_START | operation=UPDATE_PRICE | id=2
2026-01-12 20:42:03.902 | INFO  | [e98cfc28-0094-4bdb-8e8b-f096d29ad2cb] [] [] | http-nio-8080-exec-2 | c.g.service.MonthlyPriceService | OPERATION_SUCCESS | operation=UPDATE_PRICE | id=1 | price=1500
2026-01-12 20:42:03.902 | INFO  | [3869fbfb-cf68-4ba3-b731-cae701330479] [] [] | http-nio-8080-exec-10 | c.g.service.MonthlyPriceService | OPERATION_SUCCESS | operation=UPDATE_PRICE | id=2 | price=600
2026-01-12 21:48:51.987 | INFO  | [af9d5b83-b7f1-4cf8-bb5b-e5cf0aa8f436] [] [3bd0b921-143f-45b3-8c3d-53db18d1f9c5] | http-nio-8080-exec-5 | com.gasagency.service.SaleService | Creating new sale with request: com.gasagency.dto.CreateSaleRequestDTO@c86ce8d
2026-01-12 21:48:52.044 | ERROR | [af9d5b83-b7f1-4cf8-bb5b-e5cf0aa8f436] [] [3bd0b921-143f-45b3-8c3d-53db18d1f9c5] | http-nio-8080-exec-5 | com.gasagency.service.SaleService | Insufficient inventory for variant: 19KG Cylinder. Available: 1, Requested: 2
2026-01-12 21:49:26.898 | INFO  | [6956dae4-b559-4eaf-a255-4e79c74c68e2] [] [a04e0c36-18eb-4b03-bfe4-5edbcceaf57c] | http-nio-8080-exec-1 | com.gasagency.service.SaleService | Creating new sale with request: com.gasagency.dto.CreateSaleRequestDTO@342bc7a5
2026-01-12 21:49:26.931 | INFO  | [6956dae4-b559-4eaf-a255-4e79c74c68e2] [] [a04e0c36-18eb-4b03-bfe4-5edbcceaf57c] | http-nio-8080-exec-1 | com.gasagency.service.SaleService | Sale validation complete - Total amount: 1300.00, Items: 1
2026-01-12 21:49:26.969 | INFO  | [6956dae4-b559-4eaf-a255-4e79c74c68e2] [] [a04e0c36-18eb-4b03-bfe4-5edbcceaf57c] | http-nio-8080-exec-1 | com.gasagency.service.SaleService | Sale created with id: 14 for customer: Tushar Rokade - Total: 1300.00
2026-01-12 21:49:27.003 | INFO  | [6956dae4-b559-4eaf-a255-4e79c74c68e2] [] [a04e0c36-18eb-4b03-bfe4-5edbcceaf57c] | http-nio-8080-exec-1 | c.g.service.InventoryStockService | OPERATION_START | operation=DECREMENT_FILLED_WITH_CHECK | variantId=1 | qty=1
2026-01-12 21:49:27.020 | INFO  | [6956dae4-b559-4eaf-a255-4e79c74c68e2] [] [a04e0c36-18eb-4b03-bfe4-5edbcceaf57c] | http-nio-8080-exec-1 | c.g.service.InventoryStockService | OPERATION_SUCCESS | operation=DECREMENT_FILLED_QTY_CHECK | variantId=1 | newQty=0
2026-01-12 21:49:27.020 | INFO  | [6956dae4-b559-4eaf-a255-4e79c74c68e2] [] [a04e0c36-18eb-4b03-bfe4-5edbcceaf57c] | http-nio-8080-exec-1 | c.g.service.InventoryStockService | OPERATION_START | operation=INCREMENT_EMPTY_QTY | variantId=1 | qty=1
2026-01-12 21:49:27.071 | INFO  | [6956dae4-b559-4eaf-a255-4e79c74c68e2] [] [a04e0c36-18eb-4b03-bfe4-5edbcceaf57c] | http-nio-8080-exec-1 | c.g.service.InventoryStockService | OPERATION_SUCCESS | operation=INCREMENT_EMPTY_QTY | variantId=1 | newEmptyQty=1
2026-01-12 21:49:27.077 | INFO  | [6956dae4-b559-4eaf-a255-4e79c74c68e2] [] [a04e0c36-18eb-4b03-bfe4-5edbcceaf57c] | http-nio-8080-exec-1 | c.g.s.CustomerCylinderLedgerService | OPERATION_START | operation=CREATE_LEDGER_ENTRY | customerId=1 | variantId=1
2026-01-12 21:49:27.109 | INFO  | [6956dae4-b559-4eaf-a255-4e79c74c68e2] [] [a04e0c36-18eb-4b03-bfe4-5edbcceaf57c] | http-nio-8080-exec-1 | c.g.s.CustomerCylinderLedgerService | OPERATION_SUCCESS | operation=CREATE_LEDGER_ENTRY | id=20 | customerId=1 | balance=10
2026-01-12 21:49:27.109 | INFO  | [6956dae4-b559-4eaf-a255-4e79c74c68e2] [] [a04e0c36-18eb-4b03-bfe4-5edbcceaf57c] | http-nio-8080-exec-1 | com.gasagency.service.SaleService | Sale 14 completed successfully for customer Tushar Rokade
2026-01-12 21:49:27.109 | INFO  | [6956dae4-b559-4eaf-a255-4e79c74c68e2] [] [a04e0c36-18eb-4b03-bfe4-5edbcceaf57c] | http-nio-8080-exec-1 | com.gasagency.service.SaleService | TRANSACTION_SUMMARY | txnId=a04e0c36-18eb-4b03-bfe4-5edbcceaf57c | saleId=14 | customer=Tushar Rokade | amount=1300.00 | duration=211ms
2026-01-12 21:50:29.839 | INFO  | [a0b43298-50a4-4ecc-8cf5-d19a26178609] [] [] | http-nio-8080-exec-2 | c.g.s.CustomerCylinderLedgerService | OPERATION_START | operation=CREATE_LEDGER_ENTRY | customerId=1 | variantId=1
2026-01-12 21:50:29.858 | INFO  | [a0b43298-50a4-4ecc-8cf5-d19a26178609] [] [] | http-nio-8080-exec-2 | c.g.s.CustomerCylinderLedgerService | OPERATION_SUCCESS | operation=CREATE_LEDGER_ENTRY | id=21 | customerId=1 | balance=8
2026-01-12 21:50:29.863 | INFO  | [a0b43298-50a4-4ecc-8cf5-d19a26178609] [] [] | http-nio-8080-exec-2 | c.g.service.InventoryStockService | OPERATION_START | operation=INCREMENT_EMPTY_QTY | variantId=1 | qty=2
2026-01-12 21:50:29.874 | INFO  | [a0b43298-50a4-4ecc-8cf5-d19a26178609] [] [] | http-nio-8080-exec-2 | c.g.service.InventoryStockService | OPERATION_SUCCESS | operation=INCREMENT_EMPTY_QTY | variantId=1 | newEmptyQty=3
2026-01-12 21:52:39.190 | INFO  | [5f5e3f81-0c4f-45fc-b641-aa2e701619fb] [] [] | http-nio-8080-exec-2 | c.g.s.SupplierTransactionService | OPERATION_START | operation=RECORD_TRANSACTION | supplierId=1 | variantId=1
2026-01-12 21:52:39.227 | INFO  | [5f5e3f81-0c4f-45fc-b641-aa2e701619fb] [] [] | http-nio-8080-exec-2 | c.g.service.InventoryStockService | OPERATION_SUCCESS | operation=INCREMENT_FILLED_QTY | variantId=1 | newQty=20
2026-01-12 21:52:39.236 | INFO  | [5f5e3f81-0c4f-45fc-b641-aa2e701619fb] [] [] | http-nio-8080-exec-2 | c.g.service.InventoryStockService | OPERATION_SUCCESS | operation=DECREMENT_EMPTY_QTY | variantId=1 | newQty=0
2026-01-12 21:52:39.236 | INFO  | [5f5e3f81-0c4f-45fc-b641-aa2e701619fb] [] [] | http-nio-8080-exec-2 | c.g.s.SupplierTransactionService | OPERATION_SUCCESS | operation=RECORD_TRANSACTION | id=6 | supplierId=1 | filled=20
2026-01-12 22:24:45.992 | INFO  | [7814ec22-4570-47fb-bcc2-ad8f2cb9508e] [] [] | http-nio-8080-exec-5 | c.g.service.CylinderVariantService | OPERATION_START | operation=CREATE_VARIANT | name=19KG Cylinder
2026-01-12 22:24:46.047 | INFO  | [7814ec22-4570-47fb-bcc2-ad8f2cb9508e] [] [] | http-nio-8080-exec-5 | c.g.service.CylinderVariantService | OPERATION_SUCCESS | operation=CREATE_VARIANT | id=1 | name=19KG Cylinder
2026-01-12 22:24:57.597 | INFO  | [cd8dded4-47f2-4971-87ec-9a51f42e013c] [] [] | http-nio-8080-exec-8 | c.g.service.CylinderVariantService | OPERATION_START | operation=CREATE_VARIANT | name=5KG Cylinder
2026-01-12 22:24:57.613 | INFO  | [cd8dded4-47f2-4971-87ec-9a51f42e013c] [] [] | http-nio-8080-exec-8 | c.g.service.CylinderVariantService | OPERATION_SUCCESS | operation=CREATE_VARIANT | id=2 | name=5KG Cylinder
2026-01-12 22:25:08.767 | INFO  | [d6f41793-da39-4de6-9883-0a9a31ee7d04] [] [] | http-nio-8080-exec-8 | c.g.service.MonthlyPriceService | OPERATION_START | operation=CREATE_PRICE | variantId=1 | month=2026-01-01
2026-01-12 22:25:08.767 | INFO  | [eb5aa3e8-6bbf-4fb1-b71b-9f46448ffd0f] [] [] | http-nio-8080-exec-7 | c.g.service.MonthlyPriceService | OPERATION_START | operation=CREATE_PRICE | variantId=2 | month=2026-01-01
2026-01-12 22:25:08.827 | INFO  | [d6f41793-da39-4de6-9883-0a9a31ee7d04] [] [] | http-nio-8080-exec-8 | c.g.service.MonthlyPriceService | OPERATION_SUCCESS | operation=CREATE_PRICE | id=1 | variant=19KG Cylinder | price=1500
2026-01-12 22:25:08.827 | INFO  | [eb5aa3e8-6bbf-4fb1-b71b-9f46448ffd0f] [] [] | http-nio-8080-exec-7 | c.g.service.MonthlyPriceService | OPERATION_SUCCESS | operation=CREATE_PRICE | id=2 | variant=5KG Cylinder | price=500
2026-01-12 22:25:23.761 | INFO  | [940eedf9-6b56-489a-93b8-3b5e10661c5f] [] [] | http-nio-8080-exec-3 | c.gasagency.service.SupplierService | OPERATION_START | operation=CREATE_SUPPLIER | name=Bharat Gas
2026-01-12 22:25:23.790 | INFO  | [940eedf9-6b56-489a-93b8-3b5e10661c5f] [] [] | http-nio-8080-exec-3 | c.gasagency.service.SupplierService | OPERATION_SUCCESS | operation=CREATE_SUPPLIER | id=1 | name=Bharat Gas
2026-01-12 22:27:18.489 | INFO  | [9f814d99-2096-40f2-bfc3-337bfbe0f329] [] [] | http-nio-8080-exec-9 | c.g.s.SupplierTransactionService | OPERATION_START | operation=RECORD_TRANSACTION | supplierId=1 | variantId=1
2026-01-12 22:27:18.603 | INFO  | [9f814d99-2096-40f2-bfc3-337bfbe0f329] [] [] | http-nio-8080-exec-9 | c.g.service.InventoryStockService | OPERATION_SUCCESS | operation=INCREMENT_FILLED_QTY | variantId=1 | newQty=100
2026-01-12 22:27:18.627 | INFO  | [9f814d99-2096-40f2-bfc3-337bfbe0f329] [] [] | http-nio-8080-exec-9 | c.g.service.InventoryStockService | OPERATION_SUCCESS | operation=DECREMENT_EMPTY_QTY | variantId=1 | newQty=0
2026-01-12 22:27:18.627 | INFO  | [9f814d99-2096-40f2-bfc3-337bfbe0f329] [] [] | http-nio-8080-exec-9 | c.g.s.SupplierTransactionService | OPERATION_SUCCESS | operation=RECORD_TRANSACTION | id=1 | supplierId=1 | filled=100
2026-01-12 22:34:02.701 | INFO  | [4162171b-6f17-4f04-a401-b008faeb5fe0] [] [] | http-nio-8080-exec-9 | c.g.s.SupplierTransactionService | OPERATION_START | operation=RECORD_TRANSACTION | supplierId=1 | variantId=2
2026-01-12 22:34:02.734 | INFO  | [4162171b-6f17-4f04-a401-b008faeb5fe0] [] [] | http-nio-8080-exec-9 | c.g.service.InventoryStockService | OPERATION_SUCCESS | operation=INCREMENT_FILLED_QTY | variantId=2 | newQty=200
2026-01-12 22:34:02.754 | INFO  | [4162171b-6f17-4f04-a401-b008faeb5fe0] [] [] | http-nio-8080-exec-9 | c.g.service.InventoryStockService | OPERATION_SUCCESS | operation=DECREMENT_EMPTY_QTY | variantId=2 | newQty=0
2026-01-12 22:34:02.754 | INFO  | [4162171b-6f17-4f04-a401-b008faeb5fe0] [] [] | http-nio-8080-exec-9 | c.g.s.SupplierTransactionService | OPERATION_SUCCESS | operation=RECORD_TRANSACTION | id=2 | supplierId=1 | filled=200
