2026-02-04 23:07:11.424 | INFO  | [] [] [] | main | c.g.service.AlertDetectionService | AlertDetectionService initialized with 2 detectors
2026-02-04 23:07:11.424 | INFO  | [] [] [] | main | c.g.service.AlertDetectionService |   - LOW_STOCK_WAREHOUSE
2026-02-04 23:07:11.424 | INFO  | [] [] [] | main | c.g.service.AlertDetectionService |   - PENDING_RETURN_CYLINDERS
2026-02-04 23:15:07.476 | INFO  | [c5ae8b48-f720-4e57-aab2-50dd8d636ab2] [] [] | http-nio-8080-exec-15 | com.gasagency.service.SseService | User admin subscribing to alerts
2026-02-04 23:15:07.831 | INFO  | [15dd2f30-b505-40d0-9e62-225e4a958f4e] [] [] | http-nio-8080-exec-14 | c.gasagency.service.DashboardService | Dashboard alerts set: 0 active alerts
2026-02-04 23:15:52.311 | INFO  | [41a6d548-cc0a-45a8-a414-573e137204bd] [] [] | http-nio-8080-exec-30 | com.gasagency.service.SseService | User admin subscribing to alerts
2026-02-04 23:15:52.491 | INFO  | [f3755350-fefc-4f32-8fa4-b63064c06a15] [] [] | http-nio-8080-exec-31 | c.gasagency.service.DashboardService | Dashboard alerts set: 0 active alerts
2026-02-04 23:16:07.508 | WARN  | [] [] [] | http-nio-8080-exec-8 | com.gasagency.service.SseService | User admin SSE error: An established connection was aborted by the software in your host machine
2026-02-04 23:19:30.936 | INFO  | [] [] [] | main | c.g.service.AlertDetectionService | AlertDetectionService initialized with 2 detectors
2026-02-04 23:19:30.936 | INFO  | [] [] [] | main | c.g.service.AlertDetectionService |   - LOW_STOCK_WAREHOUSE
2026-02-04 23:19:30.936 | INFO  | [] [] [] | main | c.g.service.AlertDetectionService |   - PENDING_RETURN_CYLINDERS
2026-02-04 23:19:39.859 | INFO  | [12730966-45fa-4ad2-87d3-58eb9c63ab19] [] [] | http-nio-8080-exec-3 | com.gasagency.service.SseService | User admin subscribing to alerts
2026-02-04 23:19:45.276 | INFO  | [dc38419b-cc58-4237-8b63-6133c8840ebf] [] [] | http-nio-8080-exec-8 | c.gasagency.service.DashboardService | Dashboard alerts set: 0 active alerts
2026-02-04 23:20:07.601 | INFO  | [de3793e6-8bb9-4e27-944d-b4aa40590dfd] [] [] | http-nio-8080-exec-29 | c.g.s.CustomerDuePaymentService | OPERATION_START | operation=GET_DUE_PAYMENT_REPORT | fromDate=null | toDate=null | customerId=null
2026-02-04 23:20:37.258 | INFO  | [611822ee-8797-46bb-8f89-d45cac41a040] [] [] | http-nio-8080-exec-19 | c.g.service.BankDepositService | Fetching bank deposits with filters
2026-02-04 23:20:58.248 | INFO  | [0b1e59ba-d585-4436-ba53-4d8a2cf63364] [] [] | http-nio-8080-exec-32 | c.g.service.CylinderVariantService | OPERATION_START | operation=CREATE_VARIANT | name=19KG Cylinder
2026-02-04 23:20:58.484 | INFO  | [0b1e59ba-d585-4436-ba53-4d8a2cf63364] [] [] | http-nio-8080-exec-32 | c.g.service.CylinderVariantService | OPERATION_SUCCESS | operation=CREATE_VARIANT | id=1 | name=19KG Cylinder
2026-02-04 23:21:13.188 | INFO  | [c96158a9-cc50-45e7-af25-63bbda8fc81a] [] [] | http-nio-8080-exec-36 | c.g.service.CylinderVariantService | OPERATION_START | operation=CREATE_VARIANT | name=5KG Cylinder
2026-02-04 23:21:13.196 | INFO  | [c96158a9-cc50-45e7-af25-63bbda8fc81a] [] [] | http-nio-8080-exec-36 | c.g.service.CylinderVariantService | OPERATION_SUCCESS | operation=CREATE_VARIANT | id=2 | name=5KG Cylinder
2026-02-04 23:23:31.252 | INFO  | [5ab0fc3f-9403-434c-8dfa-bf1fbaa06a4c] [] [] | http-nio-8080-exec-32 | c.g.s.AlertConfigurationService | Starting updateAlertConfig for alertType: LOW_STOCK_WAREHOUSE
2026-02-04 23:23:31.260 | INFO  | [5ab0fc3f-9403-434c-8dfa-bf1fbaa06a4c] [] [] | http-nio-8080-exec-32 | c.g.s.AlertConfigurationService | Creating new AlertConfiguration for type: LOW_STOCK_WAREHOUSE
2026-02-04 23:23:31.260 | INFO  | [5ab0fc3f-9403-434c-8dfa-bf1fbaa06a4c] [] [] | http-nio-8080-exec-32 | c.g.s.AlertConfigurationService | Alert LOW_STOCK_WAREHOUSE enabled by admin
2026-02-04 23:23:31.260 | INFO  | [5ab0fc3f-9403-434c-8dfa-bf1fbaa06a4c] [] [] | http-nio-8080-exec-32 | c.g.s.AlertConfigurationService | Alert LOW_STOCK_WAREHOUSE filled threshold updated to 100
2026-02-04 23:23:31.260 | INFO  | [5ab0fc3f-9403-434c-8dfa-bf1fbaa06a4c] [] [] | http-nio-8080-exec-32 | c.g.s.AlertConfigurationService | Alert LOW_STOCK_WAREHOUSE empty threshold updated to 100
2026-02-04 23:23:31.260 | INFO  | [5ab0fc3f-9403-434c-8dfa-bf1fbaa06a4c] [] [] | http-nio-8080-exec-32 | c.g.s.AlertConfigurationService | Saving AlertConfiguration for type: LOW_STOCK_WAREHOUSE with enabled: true
2026-02-04 23:23:31.276 | INFO  | [5ab0fc3f-9403-434c-8dfa-bf1fbaa06a4c] [] [] | http-nio-8080-exec-32 | c.g.s.AlertConfigurationService | AlertConfiguration saved with id: 1, pendingReturnThreshold: null
2026-02-04 23:23:31.276 | INFO  | [5ab0fc3f-9403-434c-8dfa-bf1fbaa06a4c] [] [] | http-nio-8080-exec-32 | c.g.s.AlertConfigurationService | Triggering immediate alert detection after config update
2026-02-04 23:23:31.278 | INFO  | [5ab0fc3f-9403-434c-8dfa-bf1fbaa06a4c] [] [] | http-nio-8080-exec-32 | c.g.service.AlertDetectionService | Manual alert detection triggered
2026-02-04 23:23:31.341 | INFO  | [ca4305f4-2b34-4e02-81ae-4edaaaa1ec8f] [] [] | http-nio-8080-exec-33 | c.g.s.AlertConfigurationService | Starting updateAlertConfig for alertType: PENDING_RETURN_CYLINDERS
2026-02-04 23:23:31.348 | INFO  | [ca4305f4-2b34-4e02-81ae-4edaaaa1ec8f] [] [] | http-nio-8080-exec-33 | c.g.s.AlertConfigurationService | Creating new AlertConfiguration for type: PENDING_RETURN_CYLINDERS
2026-02-04 23:23:31.348 | INFO  | [ca4305f4-2b34-4e02-81ae-4edaaaa1ec8f] [] [] | http-nio-8080-exec-33 | c.g.s.AlertConfigurationService | Alert PENDING_RETURN_CYLINDERS enabled by admin
2026-02-04 23:23:31.348 | INFO  | [ca4305f4-2b34-4e02-81ae-4edaaaa1ec8f] [] [] | http-nio-8080-exec-33 | c.g.s.AlertConfigurationService | Alert PENDING_RETURN_CYLINDERS pending return threshold updated to 5
2026-02-04 23:23:31.348 | INFO  | [ca4305f4-2b34-4e02-81ae-4edaaaa1ec8f] [] [] | http-nio-8080-exec-33 | c.g.s.AlertConfigurationService | Saving AlertConfiguration for type: PENDING_RETURN_CYLINDERS with enabled: true
2026-02-04 23:23:31.351 | INFO  | [ca4305f4-2b34-4e02-81ae-4edaaaa1ec8f] [] [] | http-nio-8080-exec-33 | c.g.s.AlertConfigurationService | AlertConfiguration saved with id: 2, pendingReturnThreshold: 5
2026-02-04 23:23:31.351 | INFO  | [ca4305f4-2b34-4e02-81ae-4edaaaa1ec8f] [] [] | http-nio-8080-exec-33 | c.g.s.AlertConfigurationService | Triggering immediate alert detection after config update
2026-02-04 23:23:31.351 | INFO  | [ca4305f4-2b34-4e02-81ae-4edaaaa1ec8f] [] [] | http-nio-8080-exec-33 | c.g.service.AlertDetectionService | Manual alert detection triggered
2026-02-04 23:25:35.496 | INFO  | [587afefe-d187-44ac-a8d2-5aa26050f0ad] [] [] | http-nio-8080-exec-34 | com.gasagency.service.SseService | User admin subscribing to alerts
2026-02-04 23:25:40.034 | WARN  | [] [] [] | http-nio-8080-exec-38 | com.gasagency.service.SseService | User admin SSE error: An established connection was aborted by the software in your host machine
2026-02-04 23:25:48.248 | INFO  | [cfa01c7c-1e23-45a1-9a9f-c1a45b9f6e36] [] [] | http-nio-8080-exec-29 | c.g.service.InventoryStockService | OPERATION_START | operation=SETUP_WAREHOUSE_INVENTORY | warehouseId=2 | itemsCount=2
2026-02-04 23:25:48.330 | INFO  | [cfa01c7c-1e23-45a1-9a9f-c1a45b9f6e36] [] [] | http-nio-8080-exec-29 | c.g.service.InventoryStockService | OPERATION_SUCCESS | operation=SETUP_WAREHOUSE_INVENTORY | warehouseId=2
2026-02-04 23:25:58.264 | INFO  | [df857029-c80d-4562-a1aa-9d14947433c4] [] [] | http-nio-8080-exec-48 | c.g.service.InventoryStockService | OPERATION_START | operation=SETUP_WAREHOUSE_INVENTORY | warehouseId=1 | itemsCount=2
2026-02-04 23:25:58.297 | INFO  | [df857029-c80d-4562-a1aa-9d14947433c4] [] [] | http-nio-8080-exec-48 | c.g.service.InventoryStockService | OPERATION_SUCCESS | operation=SETUP_WAREHOUSE_INVENTORY | warehouseId=1
2026-02-04 23:26:19.820 | INFO  | [974edb51-8b72-4ba4-a97c-a3fb3c6b8279] [] [] | http-nio-8080-exec-49 | c.gasagency.service.SupplierService | OPERATION_START | operation=CREATE_SUPPLIER | name=BPCL
2026-02-04 23:26:19.869 | INFO  | [974edb51-8b72-4ba4-a97c-a3fb3c6b8279] [] [] | http-nio-8080-exec-49 | c.gasagency.service.SupplierService | OPERATION_SUCCESS | operation=CREATE_SUPPLIER | id=1 | name=BPCL
2026-02-04 23:26:26.134 | INFO  | [da31a5d3-b459-448c-9815-caaac1f81fce] [] [] | http-nio-8080-exec-7 | c.gasagency.service.SupplierService | OPERATION_START | operation=UPDATE_SUPPLIER | id=1 | name=BPCLs
2026-02-04 23:26:26.166 | INFO  | [da31a5d3-b459-448c-9815-caaac1f81fce] [] [] | http-nio-8080-exec-7 | c.gasagency.service.SupplierService | OPERATION_SUCCESS | operation=UPDATE_SUPPLIER | id=1 | name=BPCLs
2026-02-04 23:26:30.217 | INFO  | [99560d0c-8414-4464-bbce-7a54cb556961] [] [] | http-nio-8080-exec-3 | c.gasagency.service.SupplierService | OPERATION_START | operation=UPDATE_SUPPLIER | id=1 | name=BPCL
2026-02-04 23:26:30.258 | INFO  | [99560d0c-8414-4464-bbce-7a54cb556961] [] [] | http-nio-8080-exec-3 | c.gasagency.service.SupplierService | OPERATION_SUCCESS | operation=UPDATE_SUPPLIER | id=1 | name=BPCL
2026-02-04 23:28:07.562 | INFO  | [47f4529f-0946-4782-bffa-38f8d1c00dc8] [] [] | http-nio-8080-exec-16 | c.gasagency.service.CustomerService | OPERATION_START | operation=CREATE_CUSTOMER | name=Tushar Rokade
2026-02-04 23:28:07.617 | INFO  | [47f4529f-0946-4782-bffa-38f8d1c00dc8] [] [] | http-nio-8080-exec-16 | c.g.s.CustomerCylinderLedgerService | OPERATION_START | operation=CREATE_LEDGER_ENTRY | customerId=1 | warehouseId=null | variantId=1
2026-02-04 23:28:07.699 | INFO  | [47f4529f-0946-4782-bffa-38f8d1c00dc8] [] [] | http-nio-8080-exec-16 | c.g.s.CustomerCylinderLedgerService | OPERATION_SUCCESS | operation=CREATE_LEDGER_ENTRY | id=1 | customerId=1 | balance=4
2026-02-04 23:28:07.727 | INFO  | [47f4529f-0946-4782-bffa-38f8d1c00dc8] [] [] | http-nio-8080-exec-16 | c.gasagency.service.CustomerService | OPERATION_SUCCESS | operation=CREATE_CUSTOMER_INITIAL_LEDGER | customerId=1 | variantId=1 | filledOut=4 | balance=4
2026-02-04 23:28:07.727 | INFO  | [47f4529f-0946-4782-bffa-38f8d1c00dc8] [] [] | http-nio-8080-exec-16 | c.gasagency.service.CustomerService | OPERATION_SUCCESS | operation=CREATE_CUSTOMER | id=1 | name=Tushar Rokade | mobile=9897646543
2026-02-04 23:28:07.857 | INFO  | [ca8e59b9-babb-46b2-803e-889575988b3f] [] [] | http-nio-8080-exec-19 | c.g.s.CustomerVariantPriceService | OPERATION_START | operation=CREATE_CUSTOMER_VARIANT_PRICE | customerId=1 | variantId=1
2026-02-04 23:28:07.938 | INFO  | [ca8e59b9-babb-46b2-803e-889575988b3f] [] [] | http-nio-8080-exec-19 | c.g.s.CustomerVariantPriceService | OPERATION_SUCCESS | operation=CREATE_CUSTOMER_VARIANT_PRICE | id=1 | customerId=1 | variantId=1
2026-02-04 23:30:10.874 | INFO  | [] [] [] | main | c.g.service.AlertDetectionService | AlertDetectionService initialized with 2 detectors
2026-02-04 23:30:10.874 | INFO  | [] [] [] | main | c.g.service.AlertDetectionService |   - LOW_STOCK_WAREHOUSE
2026-02-04 23:30:10.874 | INFO  | [] [] [] | main | c.g.service.AlertDetectionService |   - PENDING_RETURN_CYLINDERS
2026-02-04 23:31:11.351 | INFO  | [86340282-4eda-428e-bc7f-e8ecbb5a1f54] [] [] | http-nio-8080-exec-6 | com.gasagency.service.SseService | User admin subscribing to alerts
2026-02-04 23:31:11.671 | INFO  | [44ac8730-1ba0-451e-a8fc-98d8b9461de6] [] [] | http-nio-8080-exec-10 | c.gasagency.service.DashboardService | Dashboard alerts set: 0 active alerts
2026-02-04 23:32:06.996 | INFO  | [47e1eba3-ceab-4d0f-b5ce-a71352bcf5c5] [] [] | http-nio-8080-exec-13 | c.gasagency.service.CustomerService | OPERATION_START | operation=CREATE_CUSTOMER | name=Mahesh Patil
2026-02-04 23:32:07.102 | INFO  | [47e1eba3-ceab-4d0f-b5ce-a71352bcf5c5] [] [] | http-nio-8080-exec-13 | c.g.s.CustomerCylinderLedgerService | OPERATION_START | operation=CREATE_LEDGER_ENTRY | customerId=2 | warehouseId=null | variantId=1
2026-02-04 23:32:07.223 | INFO  | [47e1eba3-ceab-4d0f-b5ce-a71352bcf5c5] [] [] | http-nio-8080-exec-13 | c.g.s.CustomerCylinderLedgerService | OPERATION_SUCCESS | operation=CREATE_LEDGER_ENTRY | id=2 | customerId=2 | balance=5
2026-02-04 23:32:07.290 | INFO  | [47e1eba3-ceab-4d0f-b5ce-a71352bcf5c5] [] [] | http-nio-8080-exec-13 | c.gasagency.service.CustomerService | OPERATION_SUCCESS | operation=CREATE_CUSTOMER_INITIAL_LEDGER | customerId=2 | variantId=1 | filledOut=5 | balance=5
2026-02-04 23:32:07.290 | INFO  | [47e1eba3-ceab-4d0f-b5ce-a71352bcf5c5] [] [] | http-nio-8080-exec-13 | c.g.s.CustomerCylinderLedgerService | OPERATION_START | operation=CREATE_LEDGER_ENTRY | customerId=2 | warehouseId=null | variantId=2
2026-02-04 23:32:07.327 | INFO  | [47e1eba3-ceab-4d0f-b5ce-a71352bcf5c5] [] [] | http-nio-8080-exec-13 | c.g.s.CustomerCylinderLedgerService | OPERATION_SUCCESS | operation=CREATE_LEDGER_ENTRY | id=3 | customerId=2 | balance=4
2026-02-04 23:32:07.340 | INFO  | [47e1eba3-ceab-4d0f-b5ce-a71352bcf5c5] [] [] | http-nio-8080-exec-13 | c.gasagency.service.CustomerService | OPERATION_SUCCESS | operation=CREATE_CUSTOMER_INITIAL_LEDGER | customerId=2 | variantId=2 | filledOut=4 | balance=4
2026-02-04 23:32:07.340 | INFO  | [47e1eba3-ceab-4d0f-b5ce-a71352bcf5c5] [] [] | http-nio-8080-exec-13 | c.gasagency.service.CustomerService | OPERATION_SUCCESS | operation=CREATE_CUSTOMER | id=2 | name=Mahesh Patil | mobile=9898765645
2026-02-04 23:32:07.492 | INFO  | [34feb77e-b2e6-4b19-84c7-13fd06e297f8] [] [] | http-nio-8080-exec-43 | c.g.s.CustomerVariantPriceService | OPERATION_START | operation=CREATE_CUSTOMER_VARIANT_PRICE | customerId=2 | variantId=2
2026-02-04 23:32:07.527 | INFO  | [8598a208-8d4d-41bf-afbc-0999e58d9198] [] [] | http-nio-8080-exec-24 | c.g.s.CustomerVariantPriceService | OPERATION_START | operation=CREATE_CUSTOMER_VARIANT_PRICE | customerId=2 | variantId=1
2026-02-04 23:32:07.592 | INFO  | [34feb77e-b2e6-4b19-84c7-13fd06e297f8] [] [] | http-nio-8080-exec-43 | c.g.s.CustomerVariantPriceService | OPERATION_SUCCESS | operation=CREATE_CUSTOMER_VARIANT_PRICE | id=2 | customerId=2 | variantId=2
2026-02-04 23:32:07.704 | INFO  | [8598a208-8d4d-41bf-afbc-0999e58d9198] [] [] | http-nio-8080-exec-24 | c.g.s.CustomerVariantPriceService | OPERATION_SUCCESS | operation=CREATE_CUSTOMER_VARIANT_PRICE | id=3 | customerId=2 | variantId=1
2026-02-04 23:32:49.922 | INFO  | [a6c555dd-2726-423a-9fea-212c52f4623b] [] [] | http-nio-8080-exec-15 | c.g.service.CylinderVariantService | OPERATION_START | operation=UPDATE_VARIANT | id=1 | name=19KG Cylinder
2026-02-04 23:32:50.073 | INFO  | [a6c555dd-2726-423a-9fea-212c52f4623b] [] [] | http-nio-8080-exec-15 | c.g.service.CylinderVariantService | OPERATION_SUCCESS | operation=CASCADE_UPDATE_PRICE | customerId=1 | variantId=1 | oldPrice=1500.00 | newPrice=1500
2026-02-04 23:32:50.150 | INFO  | [a6c555dd-2726-423a-9fea-212c52f4623b] [] [] | http-nio-8080-exec-15 | c.g.service.CylinderVariantService | OPERATION_SUCCESS | operation=CASCADE_UPDATE_PRICE | customerId=2 | variantId=1 | oldPrice=1500.00 | newPrice=1500
2026-02-04 23:32:50.269 | INFO  | [a6c555dd-2726-423a-9fea-212c52f4623b] [] [] | http-nio-8080-exec-15 | c.g.service.CylinderVariantService | OPERATION_SUCCESS | operation=UPDATE_VARIANT | id=1 | name=19KG Cylinder
2026-02-04 23:34:25.264 | INFO  | [52e2d8b7-b4f4-4747-9def-a788f624bbdb] [] [] | http-nio-8080-exec-38 | c.g.service.CylinderVariantService | OPERATION_START | operation=UPDATE_VARIANT | id=1 | name=19KG Cylinder
2026-02-04 23:34:25.338 | INFO  | [52e2d8b7-b4f4-4747-9def-a788f624bbdb] [] [] | http-nio-8080-exec-38 | c.g.service.CylinderVariantService | OPERATION_SUCCESS | operation=CASCADE_UPDATE_PRICE | customerId=1 | variantId=1 | oldPrice=1500.00 | newPrice=1500
2026-02-04 23:34:25.396 | INFO  | [52e2d8b7-b4f4-4747-9def-a788f624bbdb] [] [] | http-nio-8080-exec-38 | c.g.service.CylinderVariantService | OPERATION_SUCCESS | operation=CASCADE_UPDATE_PRICE | customerId=2 | variantId=1 | oldPrice=1500.00 | newPrice=1500
2026-02-04 23:34:25.438 | INFO  | [52e2d8b7-b4f4-4747-9def-a788f624bbdb] [] [] | http-nio-8080-exec-38 | c.g.service.CylinderVariantService | OPERATION_SUCCESS | operation=UPDATE_VARIANT | id=1 | name=19KG Cylinder
2026-02-04 23:34:41.470 | INFO  | [db107cbd-6826-4b62-b8b2-2060144add21] [] [] | http-nio-8080-exec-47 | c.gasagency.service.DashboardService | Dashboard alerts set: 0 active alerts
2026-02-04 23:34:46.193 | INFO  | [28fe7977-4dac-4f02-99e8-222ddb5a8083] [] [] | http-nio-8080-exec-2 | c.gasagency.service.DashboardService | Dashboard alerts set: 0 active alerts
2026-02-04 23:35:48.741 | INFO  | [e68369f4-bd74-4e62-8312-214fa2b2c824] [] [] | http-nio-8080-exec-40 | c.g.s.SupplierTransactionService | OPERATION_START | operation=RECORD_TRANSACTION | warehouseId=2 | supplierId=1 | variantId=1
2026-02-04 23:35:48.826 | INFO  | [e68369f4-bd74-4e62-8312-214fa2b2c824] [] [] | http-nio-8080-exec-40 | c.g.s.SupplierTransactionService | Supplier transaction created with id: 1 - Reference: PO-SUP001-202602-000001
2026-02-04 23:35:48.837 | INFO  | [e68369f4-bd74-4e62-8312-214fa2b2c824] [] [] | http-nio-8080-exec-40 | c.g.service.InventoryStockService | OPERATION_SUCCESS | operation=INCREMENT_FILLED_QTY | warehouseId=2 | variantId=1 | newQty=200
2026-02-04 23:35:48.837 | INFO  | [e68369f4-bd74-4e62-8312-214fa2b2c824] [] [] | http-nio-8080-exec-40 | c.g.s.SupplierTransactionService | OPERATION_SUCCESS | operation=RECORD_TRANSACTION | id=1 | supplierId=1 | filled=100
2026-02-04 23:36:24.180 | INFO  | [e5daa9f6-dad2-4f5b-b374-03bfa75365e8] [] [] | http-nio-8080-exec-22 | c.g.s.SupplierTransactionService | OPERATION_START | operation=UPDATE_TRANSACTION | id=1 | supplierId=1 | variantId=1
2026-02-04 23:36:24.195 | INFO  | [e5daa9f6-dad2-4f5b-b374-03bfa75365e8] [] [] | http-nio-8080-exec-22 | c.g.service.InventoryStockService | OPERATION_SUCCESS | operation=INCREMENT_FILLED_QTY | warehouseId=2 | variantId=1 | newQty=300
2026-02-04 23:36:24.196 | INFO  | [e5daa9f6-dad2-4f5b-b374-03bfa75365e8] [] [] | http-nio-8080-exec-22 | c.g.s.SupplierTransactionService | OPERATION_SUCCESS | operation=UPDATE_TRANSACTION | id=1 | supplierId=1 | filled=200
2026-02-04 23:38:47.217 | INFO  | [f88ec62f-73bc-434b-9312-682dd811be24] [] [] | http-nio-8080-exec-35 | c.g.s.CustomerDuePaymentService | OPERATION_START | operation=GET_DUE_PAYMENT_REPORT | fromDate=null | toDate=null | customerId=2
2026-02-04 23:38:47.217 | INFO  | [7a2e87f1-21f6-4f05-91c3-4a1ae20ee89e] [] [] | http-nio-8080-exec-14 | c.g.s.CustomerDuePaymentService | OPERATION_START | operation=GET_DUE_PAYMENT_REPORT | fromDate=null | toDate=null | customerId=1
2026-02-04 23:38:47.234 | INFO  | [f88ec62f-73bc-434b-9312-682dd811be24] [] [] | http-nio-8080-exec-35 | c.g.s.CustomerDuePaymentService | OPERATION_SUCCESS | operation=GET_DUE_PAYMENT_REPORT | totalRecords=1 | returnedRecords=1
2026-02-04 23:38:47.234 | INFO  | [7a2e87f1-21f6-4f05-91c3-4a1ae20ee89e] [] [] | http-nio-8080-exec-14 | c.g.s.CustomerDuePaymentService | OPERATION_SUCCESS | operation=GET_DUE_PAYMENT_REPORT | totalRecords=1 | returnedRecords=1
2026-02-04 23:39:16.375 | INFO  | [63fb922c-8b41-466f-99c4-e5d7a13ada0d] [] [] | http-nio-8080-exec-8 | c.g.s.CustomerCylinderLedgerService | Bank account ledger entry recorded for due payment - Customer: Tushar Rokade, Amount: 5000
2026-02-04 23:39:16.376 | INFO  | [63fb922c-8b41-466f-99c4-e5d7a13ada0d] [] [] | http-nio-8080-exec-8 | c.g.s.CustomerCylinderLedgerService | OPERATION_SUCCESS | operation=RECORD_PAYMENT | customerId=1 | amount=5000
2026-02-04 23:39:16.430 | INFO  | [b3da50b4-75f1-4d2a-9f3e-4f855749c0d0] [] [] | http-nio-8080-exec-23 | c.g.s.CustomerDuePaymentService | OPERATION_START | operation=GET_DUE_PAYMENT_REPORT | fromDate=null | toDate=null | customerId=2
2026-02-04 23:39:16.430 | INFO  | [1d639b25-9450-424c-84a4-85c5af98740f] [] [] | http-nio-8080-exec-50 | c.g.s.CustomerDuePaymentService | OPERATION_START | operation=GET_DUE_PAYMENT_REPORT | fromDate=null | toDate=null | customerId=1
2026-02-04 23:39:16.439 | INFO  | [b3da50b4-75f1-4d2a-9f3e-4f855749c0d0] [] [] | http-nio-8080-exec-23 | c.g.s.CustomerDuePaymentService | OPERATION_SUCCESS | operation=GET_DUE_PAYMENT_REPORT | totalRecords=1 | returnedRecords=1
2026-02-04 23:39:16.439 | INFO  | [1d639b25-9450-424c-84a4-85c5af98740f] [] [] | http-nio-8080-exec-50 | c.g.s.CustomerDuePaymentService | OPERATION_SUCCESS | operation=GET_DUE_PAYMENT_REPORT | totalRecords=1 | returnedRecords=1
2026-02-04 23:39:31.722 | INFO  | [7ffa13c0-7156-42ba-86f5-18530aa5d0f0] [] [] | http-nio-8080-exec-32 | c.g.s.CustomerDuePaymentService | OPERATION_START | operation=GET_DUE_PAYMENT_REPORT | fromDate=null | toDate=null | customerId=1
2026-02-04 23:39:31.730 | INFO  | [17ac4bc1-ee7d-4179-ba82-7fc528ff3ffe] [] [] | http-nio-8080-exec-33 | c.g.s.CustomerDuePaymentService | OPERATION_START | operation=GET_DUE_PAYMENT_REPORT | fromDate=null | toDate=null | customerId=2
2026-02-04 23:39:31.736 | INFO  | [7ffa13c0-7156-42ba-86f5-18530aa5d0f0] [] [] | http-nio-8080-exec-32 | c.g.s.CustomerDuePaymentService | OPERATION_SUCCESS | operation=GET_DUE_PAYMENT_REPORT | totalRecords=1 | returnedRecords=1
2026-02-04 23:39:31.752 | INFO  | [17ac4bc1-ee7d-4179-ba82-7fc528ff3ffe] [] [] | http-nio-8080-exec-33 | c.g.s.CustomerDuePaymentService | OPERATION_SUCCESS | operation=GET_DUE_PAYMENT_REPORT | totalRecords=1 | returnedRecords=1
2026-02-04 23:39:40.585 | INFO  | [a92e7842-fb55-44ec-8f4c-68c7c6f98506] [] [] | http-nio-8080-exec-31 | c.g.s.CustomerCylinderLedgerService | OPERATION_SUCCESS | operation=RECORD_PAYMENT | customerId=1 | amount=5000
2026-02-04 23:39:40.626 | INFO  | [7b455f09-7dd5-49ef-945b-e094d02b1c97] [] [] | http-nio-8080-exec-38 | c.g.s.CustomerDuePaymentService | OPERATION_START | operation=GET_DUE_PAYMENT_REPORT | fromDate=null | toDate=null | customerId=1
2026-02-04 23:39:40.626 | INFO  | [c86e951f-4a4f-40cb-8f86-98b1d22aa525] [] [] | http-nio-8080-exec-39 | c.g.s.CustomerDuePaymentService | OPERATION_START | operation=GET_DUE_PAYMENT_REPORT | fromDate=null | toDate=null | customerId=2
2026-02-04 23:39:40.635 | INFO  | [7b455f09-7dd5-49ef-945b-e094d02b1c97] [] [] | http-nio-8080-exec-38 | c.g.s.CustomerDuePaymentService | OPERATION_SUCCESS | operation=GET_DUE_PAYMENT_REPORT | totalRecords=1 | returnedRecords=1
2026-02-04 23:39:40.635 | INFO  | [c86e951f-4a4f-40cb-8f86-98b1d22aa525] [] [] | http-nio-8080-exec-39 | c.g.s.CustomerDuePaymentService | OPERATION_SUCCESS | operation=GET_DUE_PAYMENT_REPORT | totalRecords=1 | returnedRecords=1
2026-02-04 23:39:56.041 | INFO  | [c8dd1cc0-7f33-49bd-9cb1-864eea17f96f] [] [] | http-nio-8080-exec-45 | c.g.service.BankDepositService | Fetching bank deposits with filters
2026-02-04 23:40:14.360 | INFO  | [a46aaa96-c5e6-4244-a7d5-93246abc3b69] [] [] | http-nio-8080-exec-49 | c.g.service.BankDepositService | Creating new bank deposit for account: 1
2026-02-04 23:40:14.406 | INFO  | [a46aaa96-c5e6-4244-a7d5-93246abc3b69] [] [] | http-nio-8080-exec-49 | c.g.service.BankDepositService | Bank deposit created successfully with ID: 1
2026-02-04 23:40:17.577 | INFO  | [07ae80f4-aa92-4a0b-8343-9b3290aea4a8] [] [] | http-nio-8080-exec-4 | c.g.service.BankDepositService | Fetching bank deposits with filters
2026-02-04 23:40:30.169 | INFO  | [5521166c-371f-4da2-b772-d1b674acf112] [] [] | http-nio-8080-exec-18 | c.g.service.BankDepositService | Deleting bank deposit with ID: 1
2026-02-04 23:40:30.249 | INFO  | [528b3e8b-8c4b-42cb-8a0a-1dc4f607c730] [] [] | http-nio-8080-exec-10 | c.g.service.BankDepositService | Fetching bank deposits with filters
2026-02-04 23:40:42.937 | INFO  | [4e761ba6-ba35-4e9d-8d43-b4bacb4d48db] [] [] | http-nio-8080-exec-43 | c.g.service.BankDepositService | Creating new bank deposit for account: 1
2026-02-04 23:40:42.951 | INFO  | [4e761ba6-ba35-4e9d-8d43-b4bacb4d48db] [] [] | http-nio-8080-exec-43 | c.g.service.BankDepositService | Bank deposit created successfully with ID: 2
2026-02-04 23:40:45.357 | INFO  | [97ef0765-6f10-4d27-946b-117ce6a4229b] [] [] | http-nio-8080-exec-13 | c.g.service.BankDepositService | Fetching bank deposits with filters
2026-02-04 23:40:53.951 | INFO  | [6e3f0d64-0bb2-4883-9b3d-ab80f593f4ac] [] [] | http-nio-8080-exec-8 | c.g.service.BankDepositService | Fetching bank deposits with filters
2026-02-04 23:41:10.161 | INFO  | [c20ce9ae-8913-4fb5-b9e2-641d357724e1] [] [] | http-nio-8080-exec-27 | c.g.s.CustomerDuePaymentService | OPERATION_START | operation=GET_DUE_PAYMENT_REPORT | fromDate=null | toDate=null | customerId=2
2026-02-04 23:41:10.162 | INFO  | [51faf1bd-cbed-4e5b-82fe-2ca614a6348f] [] [] | http-nio-8080-exec-5 | c.g.s.CustomerDuePaymentService | OPERATION_START | operation=GET_DUE_PAYMENT_REPORT | fromDate=null | toDate=null | customerId=1
2026-02-04 23:41:10.183 | INFO  | [c20ce9ae-8913-4fb5-b9e2-641d357724e1] [] [] | http-nio-8080-exec-27 | c.g.s.CustomerDuePaymentService | OPERATION_SUCCESS | operation=GET_DUE_PAYMENT_REPORT | totalRecords=1 | returnedRecords=1
2026-02-04 23:41:10.186 | INFO  | [51faf1bd-cbed-4e5b-82fe-2ca614a6348f] [] [] | http-nio-8080-exec-5 | c.g.s.CustomerDuePaymentService | OPERATION_SUCCESS | operation=GET_DUE_PAYMENT_REPORT | totalRecords=1 | returnedRecords=1
2026-02-04 23:42:07.866 | INFO  | [75cfb662-2056-48ac-9c57-f544ad8a8c92] [] [] | http-nio-8080-exec-1 | c.gasagency.service.DashboardService | Dashboard alerts set: 0 active alerts
2026-02-04 23:42:49.964 | INFO  | [6099be53-faa2-4282-8192-60db4d4c5874] [] [6a39b53f-95a2-4461-9e51-d4de48dae9fc] | http-nio-8080-exec-36 | com.gasagency.service.SaleService | Creating new sale with request: com.gasagency.dto.CreateSaleRequestDTO@139e2428
2026-02-04 23:42:50.017 | INFO  | [6099be53-faa2-4282-8192-60db4d4c5874] [] [6a39b53f-95a2-4461-9e51-d4de48dae9fc] | http-nio-8080-exec-36 | c.g.service.InventoryStockService | OPERATION_SUCCESS | operation=GET_STOCK_WAREHOUSE_VARIANT_WITH_LOCK | warehouseId=2 | variantId=1 | filledQty=300 | emptyQty=100
2026-02-04 23:42:50.027 | INFO  | [6099be53-faa2-4282-8192-60db4d4c5874] [] [6a39b53f-95a2-4461-9e51-d4de48dae9fc] | http-nio-8080-exec-36 | com.gasagency.service.SaleService | Sale validation complete - Total amount: 2800.00, Items: 1
2026-02-04 23:42:50.071 | INFO  | [6099be53-faa2-4282-8192-60db4d4c5874] [] [6a39b53f-95a2-4461-9e51-d4de48dae9fc] | http-nio-8080-exec-36 | com.gasagency.service.SaleService | Sale created with id: 1 for customer: Tushar Rokade - Total: 2800.00 - Reference: SO-WH002-202602-000001
2026-02-04 23:42:50.150 | INFO  | [6099be53-faa2-4282-8192-60db4d4c5874] [] [6a39b53f-95a2-4461-9e51-d4de48dae9fc] | http-nio-8080-exec-36 | c.g.service.InventoryStockService | OPERATION_SUCCESS | operation=DECREMENT_FILLED_QTY | warehouseId=2 | variantId=1 | newQty=298
2026-02-04 23:42:50.163 | INFO  | [6099be53-faa2-4282-8192-60db4d4c5874] [] [6a39b53f-95a2-4461-9e51-d4de48dae9fc] | http-nio-8080-exec-36 | c.g.s.CustomerCylinderLedgerService | OPERATION_START | operation=CREATE_LEDGER_ENTRY | customerId=1 | warehouseId=2 | variantId=1
2026-02-04 23:42:50.198 | INFO  | [6099be53-faa2-4282-8192-60db4d4c5874] [] [6a39b53f-95a2-4461-9e51-d4de48dae9fc] | http-nio-8080-exec-36 | c.g.s.CustomerCylinderLedgerService | OPERATION_SUCCESS | operation=CREATE_LEDGER_ENTRY | id=6 | customerId=1 | balance=6
2026-02-04 23:42:50.224 | INFO  | [6099be53-faa2-4282-8192-60db4d4c5874] [] [6a39b53f-95a2-4461-9e51-d4de48dae9fc] | http-nio-8080-exec-36 | com.gasagency.service.SaleService | Sale 1 completed successfully for customer Tushar Rokade
2026-02-04 23:42:50.243 | INFO  | [6099be53-faa2-4282-8192-60db4d4c5874] [] [6a39b53f-95a2-4461-9e51-d4de48dae9fc] | http-nio-8080-exec-36 | com.gasagency.service.SaleService | TRANSACTION_SUMMARY | txnId=6a39b53f-95a2-4461-9e51-d4de48dae9fc | saleId=1 | customer=Tushar Rokade | amount=2800.00 | duration=279ms
2026-02-04 23:43:11.746 | INFO  | [5a4f4e19-f790-4afc-b2e2-a6946ae72754] [] [] | http-nio-8080-exec-12 | c.gasagency.service.DashboardService | Dashboard alerts set: 0 active alerts
2026-02-04 23:43:59.587 | INFO  | [9e87f438-cd0c-414d-81d5-cecc3a71b3c2] [] [6740547a-f9ae-4794-beba-c3e7d2026eb5] | http-nio-8080-exec-13 | com.gasagency.service.SaleService | Creating new sale with request: com.gasagency.dto.CreateSaleRequestDTO@20a46051
2026-02-04 23:43:59.680 | INFO  | [9e87f438-cd0c-414d-81d5-cecc3a71b3c2] [] [6740547a-f9ae-4794-beba-c3e7d2026eb5] | http-nio-8080-exec-13 | c.g.service.InventoryStockService | OPERATION_SUCCESS | operation=GET_STOCK_WAREHOUSE_VARIANT_WITH_LOCK | warehouseId=1 | variantId=2 | filledQty=100 | emptyQty=100
2026-02-04 23:43:59.705 | INFO  | [9e87f438-cd0c-414d-81d5-cecc3a71b3c2] [] [6740547a-f9ae-4794-beba-c3e7d2026eb5] | http-nio-8080-exec-13 | com.gasagency.service.SaleService | Sale validation complete - Total amount: 2250.00, Items: 1
2026-02-04 23:43:59.721 | INFO  | [9e87f438-cd0c-414d-81d5-cecc3a71b3c2] [] [6740547a-f9ae-4794-beba-c3e7d2026eb5] | http-nio-8080-exec-13 | c.g.s.CustomerCylinderLedgerService | getCustomerPreviousDue - customerId: 2, total entries found: 2
2026-02-04 23:43:59.721 | INFO  | [9e87f438-cd0c-414d-81d5-cecc3a71b3c2] [] [6740547a-f9ae-4794-beba-c3e7d2026eb5] | http-nio-8080-exec-13 | c.g.s.CustomerCylinderLedgerService | Latest ledger for customer 2 - Entry ID: 3, Due Amount: 10000.00, Total Amount: 0.00, Amount Received: 0.00
2026-02-04 23:43:59.721 | INFO  | [9e87f438-cd0c-414d-81d5-cecc3a71b3c2] [] [6740547a-f9ae-4794-beba-c3e7d2026eb5] | http-nio-8080-exec-13 | com.gasagency.service.SaleService | Payment validation - customerId: 2, previousDue: 10000.00, currentSale: 2250.00, totalDue: 12250.00, amountReceived: 30000
2026-02-04 23:43:59.721 | ERROR | [9e87f438-cd0c-414d-81d5-cecc3a71b3c2] [] [6740547a-f9ae-4794-beba-c3e7d2026eb5] | http-nio-8080-exec-13 | com.gasagency.service.SaleService | Amount received 30000 exceeds total due amount 12250.00 (previous due: 10000.00, current sale: 2250.00)
2026-02-04 23:44:04.752 | INFO  | [89d81229-38d4-4fdf-8348-52b1a6ddbbfa] [] [d38001b6-d894-4655-afa5-d2f0394a21d5] | http-nio-8080-exec-50 | com.gasagency.service.SaleService | Creating new sale with request: com.gasagency.dto.CreateSaleRequestDTO@2dad4082
2026-02-04 23:44:04.777 | INFO  | [89d81229-38d4-4fdf-8348-52b1a6ddbbfa] [] [d38001b6-d894-4655-afa5-d2f0394a21d5] | http-nio-8080-exec-50 | c.g.service.InventoryStockService | OPERATION_SUCCESS | operation=GET_STOCK_WAREHOUSE_VARIANT_WITH_LOCK | warehouseId=1 | variantId=2 | filledQty=100 | emptyQty=100
2026-02-04 23:44:04.778 | INFO  | [89d81229-38d4-4fdf-8348-52b1a6ddbbfa] [] [d38001b6-d894-4655-afa5-d2f0394a21d5] | http-nio-8080-exec-50 | com.gasagency.service.SaleService | Sale validation complete - Total amount: 2250.00, Items: 1
2026-02-04 23:44:04.793 | INFO  | [89d81229-38d4-4fdf-8348-52b1a6ddbbfa] [] [d38001b6-d894-4655-afa5-d2f0394a21d5] | http-nio-8080-exec-50 | c.g.s.CustomerCylinderLedgerService | getCustomerPreviousDue - customerId: 2, total entries found: 2
2026-02-04 23:44:04.793 | INFO  | [89d81229-38d4-4fdf-8348-52b1a6ddbbfa] [] [d38001b6-d894-4655-afa5-d2f0394a21d5] | http-nio-8080-exec-50 | c.g.s.CustomerCylinderLedgerService | Latest ledger for customer 2 - Entry ID: 3, Due Amount: 10000.00, Total Amount: 0.00, Amount Received: 0.00
2026-02-04 23:44:04.793 | INFO  | [89d81229-38d4-4fdf-8348-52b1a6ddbbfa] [] [d38001b6-d894-4655-afa5-d2f0394a21d5] | http-nio-8080-exec-50 | com.gasagency.service.SaleService | Payment validation - customerId: 2, previousDue: 10000.00, currentSale: 2250.00, totalDue: 12250.00, amountReceived: 3000
2026-02-04 23:44:04.814 | INFO  | [89d81229-38d4-4fdf-8348-52b1a6ddbbfa] [] [d38001b6-d894-4655-afa5-d2f0394a21d5] | http-nio-8080-exec-50 | com.gasagency.service.SaleService | Sale created with id: 2 for customer: Mahesh Patil - Total: 2250.00 - Reference: SO-WH001-202602-000001
2026-02-04 23:44:04.846 | INFO  | [89d81229-38d4-4fdf-8348-52b1a6ddbbfa] [] [d38001b6-d894-4655-afa5-d2f0394a21d5] | http-nio-8080-exec-50 | c.g.service.InventoryStockService | OPERATION_SUCCESS | operation=DECREMENT_FILLED_QTY | warehouseId=1 | variantId=2 | newQty=97
2026-02-04 23:44:04.858 | INFO  | [89d81229-38d4-4fdf-8348-52b1a6ddbbfa] [] [d38001b6-d894-4655-afa5-d2f0394a21d5] | http-nio-8080-exec-50 | c.g.service.InventoryStockService | OPERATION_SUCCESS | operation=INCREMENT_EMPTY_QTY | warehouseId=1 | variantId=2 | newQty=102
2026-02-04 23:44:04.868 | INFO  | [89d81229-38d4-4fdf-8348-52b1a6ddbbfa] [] [d38001b6-d894-4655-afa5-d2f0394a21d5] | http-nio-8080-exec-50 | c.g.s.CustomerCylinderLedgerService | OPERATION_START | operation=CREATE_LEDGER_ENTRY | customerId=2 | warehouseId=1 | variantId=2
2026-02-04 23:44:04.891 | INFO  | [89d81229-38d4-4fdf-8348-52b1a6ddbbfa] [] [d38001b6-d894-4655-afa5-d2f0394a21d5] | http-nio-8080-exec-50 | c.g.s.CustomerCylinderLedgerService | OPERATION_SUCCESS | operation=CREATE_LEDGER_ENTRY | id=7 | customerId=2 | balance=5
2026-02-04 23:44:04.913 | INFO  | [89d81229-38d4-4fdf-8348-52b1a6ddbbfa] [] [d38001b6-d894-4655-afa5-d2f0394a21d5] | http-nio-8080-exec-50 | com.gasagency.service.SaleService | Sale 2 completed successfully for customer Mahesh Patil
2026-02-04 23:44:04.956 | INFO  | [89d81229-38d4-4fdf-8348-52b1a6ddbbfa] [] [d38001b6-d894-4655-afa5-d2f0394a21d5] | http-nio-8080-exec-50 | c.g.service.AlertNotificationService | Created alert: LOW_STOCK_FILLED_WH_1_VAR_2 - Panvel - 5KG Cylinder: Only 97 filled cylinders (threshold: 100)
2026-02-04 23:44:04.959 | WARN  | [89d81229-38d4-4fdf-8348-52b1a6ddbbfa] [] [d38001b6-d894-4655-afa5-d2f0394a21d5] | http-nio-8080-exec-50 | com.gasagency.service.SaleService | ALERT: Real-time low filled stock alert created - Panvel - 5KG Cylinder: Only 97 filled cylinders (threshold: 100)
2026-02-04 23:44:04.959 | INFO  | [89d81229-38d4-4fdf-8348-52b1a6ddbbfa] [] [d38001b6-d894-4655-afa5-d2f0394a21d5] | http-nio-8080-exec-50 | com.gasagency.service.SaleService | TRANSACTION_SUMMARY | txnId=d38001b6-d894-4655-afa5-d2f0394a21d5 | saleId=2 | customer=Mahesh Patil | amount=2250.00 | duration=207ms
2026-02-04 23:44:15.283 | INFO  | [3e158654-0b85-41db-a218-e18f69ee35a7] [] [] | http-nio-8080-exec-8 | c.gasagency.service.DashboardService | Dashboard alerts set: 1 active alerts
2026-02-04 23:45:15.946 | INFO  | [901e5c0a-2728-42e9-8f5f-e237e69db099] [] [] | http-nio-8080-exec-47 | c.gasagency.service.DashboardService | Dashboard alerts set: 1 active alerts
2026-02-04 23:45:48.845 | INFO  | [2e2be403-c42d-4e9e-bbd8-3a9c818122a3] [] [] | http-nio-8080-exec-36 | c.g.s.CustomerCylinderLedgerService | OPERATION_START | operation=CREATE_LEDGER_ENTRY | customerId=2 | warehouseId=1 | variantId=2
2026-02-04 23:45:48.862 | INFO  | [2e2be403-c42d-4e9e-bbd8-3a9c818122a3] [] [] | http-nio-8080-exec-36 | c.g.s.CustomerCylinderLedgerService | Return reference generated for empty return: 8 - Reference: ER-WH001-202602-000001
2026-02-04 23:45:48.862 | INFO  | [2e2be403-c42d-4e9e-bbd8-3a9c818122a3] [] [] | http-nio-8080-exec-36 | c.g.s.CustomerCylinderLedgerService | OPERATION_SUCCESS | operation=CREATE_LEDGER_ENTRY | id=8 | customerId=2 | balance=1
2026-02-04 23:45:48.871 | INFO  | [2e2be403-c42d-4e9e-bbd8-3a9c818122a3] [] [] | http-nio-8080-exec-36 | c.g.service.InventoryStockService | OPERATION_SUCCESS | operation=INCREMENT_EMPTY_QTY | warehouseId=1 | variantId=2 | newQty=106
2026-02-04 23:48:20.620 | INFO  | [] [] [] | main | c.g.service.AlertDetectionService | AlertDetectionService initialized with 2 detectors
2026-02-04 23:48:20.620 | INFO  | [] [] [] | main | c.g.service.AlertDetectionService |   - LOW_STOCK_WAREHOUSE
2026-02-04 23:48:20.620 | INFO  | [] [] [] | main | c.g.service.AlertDetectionService |   - PENDING_RETURN_CYLINDERS
2026-02-04 23:50:09.602 | INFO  | [5872ca9d-ff73-407b-a301-55fab46f3d83] [] [] | http-nio-8080-exec-12 | com.gasagency.service.SseService | User admin subscribing to alerts
2026-02-04 23:50:10.197 | INFO  | [138ab281-2c7b-4f26-a581-96fdde8321a7] [] [] | http-nio-8080-exec-11 | c.gasagency.service.DashboardService | Dashboard alerts set: 1 active alerts
