2026-01-06 11:07:25.405 | INFO  | [a53853cb-50f2-46f6-a5da-dba432cfc8e3] [] [] | http-nio-8080-exec-9 | c.g.service.CylinderVariantService | OPERATION_START | operation=CREATE_VARIANT | name=19KG
2026-01-06 11:07:25.477 | INFO  | [a53853cb-50f2-46f6-a5da-dba432cfc8e3] [] [] | http-nio-8080-exec-9 | c.g.service.CylinderVariantService | OPERATION_SUCCESS | operation=CREATE_VARIANT | id=1 | name=19KG
2026-01-06 11:07:33.705 | INFO  | [b3739d54-e8df-41b7-9776-3969d6bf0a18] [] [] | http-nio-8080-exec-10 | c.g.service.CylinderVariantService | OPERATION_START | operation=CREATE_VARIANT | name=5KG
2026-01-06 11:07:33.713 | INFO  | [b3739d54-e8df-41b7-9776-3969d6bf0a18] [] [] | http-nio-8080-exec-10 | c.g.service.CylinderVariantService | OPERATION_SUCCESS | operation=CREATE_VARIANT | id=2 | name=5KG
2026-01-06 11:07:45.910 | INFO  | [c5647309-696b-4406-9261-1fec07171aee] [] [] | http-nio-8080-exec-5 | c.g.service.MonthlyPriceService | OPERATION_START | operation=CREATE_PRICE | variantId=2 | month=2026-01-01
2026-01-06 11:07:45.910 | INFO  | [5994228e-3dda-499c-ae32-4bec91b70c3c] [] [] | http-nio-8080-exec-8 | c.g.service.MonthlyPriceService | OPERATION_START | operation=CREATE_PRICE | variantId=1 | month=2026-01-01
2026-01-06 11:07:45.959 | INFO  | [c5647309-696b-4406-9261-1fec07171aee] [] [] | http-nio-8080-exec-5 | c.g.service.MonthlyPriceService | OPERATION_SUCCESS | operation=CREATE_PRICE | id=2 | variant=5KG | price=900
2026-01-06 11:07:45.959 | INFO  | [5994228e-3dda-499c-ae32-4bec91b70c3c] [] [] | http-nio-8080-exec-8 | c.g.service.MonthlyPriceService | OPERATION_SUCCESS | operation=CREATE_PRICE | id=1 | variant=19KG | price=1500
2026-01-06 11:07:56.610 | INFO  | [ce5507ea-4433-43d9-961c-94f008cde709] [] [] | http-nio-8080-exec-10 | c.g.service.MonthlyPriceService | OPERATION_START | operation=UPDATE_PRICE | id=1
2026-01-06 11:07:56.610 | INFO  | [e586330f-022b-4b5d-ac86-42b5c1a3b1ca] [] [] | http-nio-8080-exec-7 | c.g.service.MonthlyPriceService | OPERATION_START | operation=UPDATE_PRICE | id=2
2026-01-06 11:07:56.634 | INFO  | [e586330f-022b-4b5d-ac86-42b5c1a3b1ca] [] [] | http-nio-8080-exec-7 | c.g.service.MonthlyPriceService | OPERATION_SUCCESS | operation=UPDATE_PRICE | id=2 | price=800
2026-01-06 11:07:56.634 | INFO  | [ce5507ea-4433-43d9-961c-94f008cde709] [] [] | http-nio-8080-exec-10 | c.g.service.MonthlyPriceService | OPERATION_SUCCESS | operation=UPDATE_PRICE | id=1 | price=1500
2026-01-06 11:08:14.889 | INFO  | [53bd7831-dc1c-42a4-acde-ba5f3c76fefd] [] [] | http-nio-8080-exec-8 | c.gasagency.service.SupplierService | OPERATION_START | operation=CREATE_SUPPLIER | name=HP Gas
2026-01-06 11:08:14.902 | INFO  | [53bd7831-dc1c-42a4-acde-ba5f3c76fefd] [] [] | http-nio-8080-exec-8 | c.gasagency.service.SupplierService | OPERATION_SUCCESS | operation=CREATE_SUPPLIER | id=1 | name=HP Gas
2026-01-06 11:08:35.133 | INFO  | [1a745d09-b34e-4a87-b9c0-9f0e1d323a63] [] [] | http-nio-8080-exec-7 | c.g.s.SupplierTransactionService | OPERATION_START | operation=RECORD_TRANSACTION | supplierId=1 | variantId=1
2026-01-06 11:08:35.190 | INFO  | [1a745d09-b34e-4a87-b9c0-9f0e1d323a63] [] [] | http-nio-8080-exec-7 | c.g.service.InventoryStockService | OPERATION_SUCCESS | operation=INCREMENT_FILLED_QTY | variantId=1 | newQty=20
2026-01-06 11:08:35.198 | INFO  | [1a745d09-b34e-4a87-b9c0-9f0e1d323a63] [] [] | http-nio-8080-exec-7 | c.g.service.InventoryStockService | OPERATION_SUCCESS | operation=DECREMENT_EMPTY_QTY | variantId=1 | newQty=0
2026-01-06 11:08:35.198 | INFO  | [1a745d09-b34e-4a87-b9c0-9f0e1d323a63] [] [] | http-nio-8080-exec-7 | c.g.s.SupplierTransactionService | OPERATION_SUCCESS | operation=RECORD_TRANSACTION | id=1 | supplierId=1 | filled=20
2026-01-06 11:08:57.321 | INFO  | [6a1d6a36-b7ff-4e6c-996e-185ed3a7ecc7] [] [] | http-nio-8080-exec-3 | c.g.s.SupplierTransactionService | OPERATION_START | operation=RECORD_TRANSACTION | supplierId=1 | variantId=2
2026-01-06 11:08:57.343 | INFO  | [6a1d6a36-b7ff-4e6c-996e-185ed3a7ecc7] [] [] | http-nio-8080-exec-3 | c.g.service.InventoryStockService | OPERATION_SUCCESS | operation=INCREMENT_FILLED_QTY | variantId=2 | newQty=10
2026-01-06 11:08:57.353 | INFO  | [6a1d6a36-b7ff-4e6c-996e-185ed3a7ecc7] [] [] | http-nio-8080-exec-3 | c.g.service.InventoryStockService | OPERATION_SUCCESS | operation=DECREMENT_EMPTY_QTY | variantId=2 | newQty=0
2026-01-06 11:08:57.353 | INFO  | [6a1d6a36-b7ff-4e6c-996e-185ed3a7ecc7] [] [] | http-nio-8080-exec-3 | c.g.s.SupplierTransactionService | OPERATION_SUCCESS | operation=RECORD_TRANSACTION | id=2 | supplierId=1 | filled=10
2026-01-06 11:09:26.350 | INFO  | [823d42ec-8785-418e-befe-0469367ea493] [] [] | http-nio-8080-exec-7 | c.gasagency.service.CustomerService | OPERATION_START | operation=CREATE_CUSTOMER | name=Tushar
2026-01-06 11:09:26.366 | INFO  | [823d42ec-8785-418e-befe-0469367ea493] [] [] | http-nio-8080-exec-7 | c.gasagency.service.CustomerService | OPERATION_SUCCESS | operation=CREATE_CUSTOMER | id=1 | name=Tushar | mobile=8767565456
2026-01-06 11:09:45.296 | INFO  | [908c1c6c-9bb7-4b45-a30c-d025189b7a28] [] [ea16e3ed-60e4-4447-ac13-7c1a8963f1e2] | http-nio-8080-exec-4 | com.gasagency.service.SaleService | Creating new sale with request: com.gasagency.dto.CreateSaleRequestDTO@ffcf698
2026-01-06 11:09:45.304 | ERROR | [908c1c6c-9bb7-4b45-a30c-d025189b7a28] [] [ea16e3ed-60e4-4447-ac13-7c1a8963f1e2] | http-nio-8080-exec-4 | com.gasagency.service.SaleService | Insufficient inventory for variant: 19KG. Available: 20, Requested: 30
2026-01-06 11:09:58.619 | INFO  | [b9b27823-eb14-4544-88ef-8d5efef10087] [] [3fa48a4e-ec3f-4276-9d9d-f100957b4310] | http-nio-8080-exec-9 | com.gasagency.service.SaleService | Creating new sale with request: com.gasagency.dto.CreateSaleRequestDTO@5a88191e
2026-01-06 11:09:58.632 | INFO  | [b9b27823-eb14-4544-88ef-8d5efef10087] [] [3fa48a4e-ec3f-4276-9d9d-f100957b4310] | http-nio-8080-exec-9 | com.gasagency.service.SaleService | Sale validation complete - Total amount: 2900.00, Items: 1
2026-01-06 11:09:58.661 | INFO  | [b9b27823-eb14-4544-88ef-8d5efef10087] [] [3fa48a4e-ec3f-4276-9d9d-f100957b4310] | http-nio-8080-exec-9 | com.gasagency.service.SaleService | Sale created with id: 1 for customer: Tushar - Total: 2900.00
2026-01-06 11:09:58.671 | INFO  | [b9b27823-eb14-4544-88ef-8d5efef10087] [] [3fa48a4e-ec3f-4276-9d9d-f100957b4310] | http-nio-8080-exec-9 | c.g.service.InventoryStockService | OPERATION_START | operation=DECREMENT_FILLED_WITH_CHECK | variantId=1 | qty=2
2026-01-06 11:09:58.687 | INFO  | [b9b27823-eb14-4544-88ef-8d5efef10087] [] [3fa48a4e-ec3f-4276-9d9d-f100957b4310] | http-nio-8080-exec-9 | c.g.service.InventoryStockService | OPERATION_SUCCESS | operation=DECREMENT_FILLED_QTY_CHECK | variantId=1 | newQty=18
2026-01-06 11:09:58.687 | INFO  | [b9b27823-eb14-4544-88ef-8d5efef10087] [] [3fa48a4e-ec3f-4276-9d9d-f100957b4310] | http-nio-8080-exec-9 | c.g.service.InventoryStockService | OPERATION_START | operation=INCREMENT_EMPTY_QTY | variantId=1 | qty=0
2026-01-06 11:09:58.687 | INFO  | [b9b27823-eb14-4544-88ef-8d5efef10087] [] [3fa48a4e-ec3f-4276-9d9d-f100957b4310] | http-nio-8080-exec-9 | c.g.service.InventoryStockService | OPERATION_SUCCESS | operation=INCREMENT_EMPTY_QTY | variantId=1 | newEmptyQty=No increment (qty=0)
2026-01-06 11:09:58.689 | INFO  | [b9b27823-eb14-4544-88ef-8d5efef10087] [] [3fa48a4e-ec3f-4276-9d9d-f100957b4310] | http-nio-8080-exec-9 | c.g.s.CustomerCylinderLedgerService | OPERATION_START | operation=CREATE_LEDGER_ENTRY | customerId=1 | variantId=1
2026-01-06 11:09:58.712 | INFO  | [b9b27823-eb14-4544-88ef-8d5efef10087] [] [3fa48a4e-ec3f-4276-9d9d-f100957b4310] | http-nio-8080-exec-9 | c.g.s.CustomerCylinderLedgerService | OPERATION_SUCCESS | operation=CREATE_LEDGER_ENTRY | id=1 | customerId=1 | balance=2
2026-01-06 11:09:58.712 | INFO  | [b9b27823-eb14-4544-88ef-8d5efef10087] [] [3fa48a4e-ec3f-4276-9d9d-f100957b4310] | http-nio-8080-exec-9 | com.gasagency.service.SaleService | Sale 1 completed successfully for customer Tushar
2026-01-06 11:09:58.712 | INFO  | [b9b27823-eb14-4544-88ef-8d5efef10087] [] [3fa48a4e-ec3f-4276-9d9d-f100957b4310] | http-nio-8080-exec-9 | com.gasagency.service.SaleService | TRANSACTION_SUMMARY | txnId=3fa48a4e-ec3f-4276-9d9d-f100957b4310 | saleId=1 | customer=Tushar | amount=2900.00 | duration=93ms
2026-01-06 11:10:41.832 | INFO  | [5118c1e8-0302-41ba-929e-7b012d2daebd] [] [1c611eed-b808-4599-875c-98259b912cae] | http-nio-8080-exec-10 | com.gasagency.service.SaleService | Creating new sale with request: com.gasagency.dto.CreateSaleRequestDTO@23d06dde
2026-01-06 11:10:41.851 | INFO  | [5118c1e8-0302-41ba-929e-7b012d2daebd] [] [1c611eed-b808-4599-875c-98259b912cae] | http-nio-8080-exec-10 | com.gasagency.service.SaleService | Sale validation complete - Total amount: 2400.00, Items: 1
2026-01-06 11:10:41.860 | INFO  | [5118c1e8-0302-41ba-929e-7b012d2daebd] [] [1c611eed-b808-4599-875c-98259b912cae] | http-nio-8080-exec-10 | com.gasagency.service.SaleService | Sale created with id: 2 for customer: Tushar - Total: 2400.00
2026-01-06 11:10:41.860 | INFO  | [5118c1e8-0302-41ba-929e-7b012d2daebd] [] [1c611eed-b808-4599-875c-98259b912cae] | http-nio-8080-exec-10 | c.g.service.InventoryStockService | OPERATION_START | operation=DECREMENT_FILLED_WITH_CHECK | variantId=2 | qty=3
2026-01-06 11:10:41.867 | INFO  | [5118c1e8-0302-41ba-929e-7b012d2daebd] [] [1c611eed-b808-4599-875c-98259b912cae] | http-nio-8080-exec-10 | c.g.service.InventoryStockService | OPERATION_SUCCESS | operation=DECREMENT_FILLED_QTY_CHECK | variantId=2 | newQty=7
2026-01-06 11:10:41.867 | INFO  | [5118c1e8-0302-41ba-929e-7b012d2daebd] [] [1c611eed-b808-4599-875c-98259b912cae] | http-nio-8080-exec-10 | c.g.service.InventoryStockService | OPERATION_START | operation=INCREMENT_EMPTY_QTY | variantId=2 | qty=0
2026-01-06 11:10:41.867 | INFO  | [5118c1e8-0302-41ba-929e-7b012d2daebd] [] [1c611eed-b808-4599-875c-98259b912cae] | http-nio-8080-exec-10 | c.g.service.InventoryStockService | OPERATION_SUCCESS | operation=INCREMENT_EMPTY_QTY | variantId=2 | newEmptyQty=No increment (qty=0)
2026-01-06 11:10:41.867 | INFO  | [5118c1e8-0302-41ba-929e-7b012d2daebd] [] [1c611eed-b808-4599-875c-98259b912cae] | http-nio-8080-exec-10 | c.g.s.CustomerCylinderLedgerService | OPERATION_START | operation=CREATE_LEDGER_ENTRY | customerId=1 | variantId=2
2026-01-06 11:10:41.877 | INFO  | [5118c1e8-0302-41ba-929e-7b012d2daebd] [] [1c611eed-b808-4599-875c-98259b912cae] | http-nio-8080-exec-10 | c.g.s.CustomerCylinderLedgerService | OPERATION_SUCCESS | operation=CREATE_LEDGER_ENTRY | id=2 | customerId=1 | balance=3
2026-01-06 11:10:41.877 | INFO  | [5118c1e8-0302-41ba-929e-7b012d2daebd] [] [1c611eed-b808-4599-875c-98259b912cae] | http-nio-8080-exec-10 | com.gasagency.service.SaleService | Sale 2 completed successfully for customer Tushar
2026-01-06 11:10:41.877 | INFO  | [5118c1e8-0302-41ba-929e-7b012d2daebd] [] [1c611eed-b808-4599-875c-98259b912cae] | http-nio-8080-exec-10 | com.gasagency.service.SaleService | TRANSACTION_SUMMARY | txnId=1c611eed-b808-4599-875c-98259b912cae | saleId=2 | customer=Tushar | amount=2400.00 | duration=45ms
2026-01-06 11:13:56.387 | INFO  | [691d5598-1136-4865-b97c-7073890eea07] [] [] | http-nio-8080-exec-9 | c.g.s.CustomerCylinderLedgerService | OPERATION_START | operation=CREATE_LEDGER_ENTRY | customerId=1 | variantId=1
2026-01-06 11:13:56.399 | WARN  | [691d5598-1136-4865-b97c-7073890eea07] [] [] | http-nio-8080-exec-9 | c.g.s.CustomerCylinderLedgerService | OPERATION_FAILED | operation=CREATE_LEDGER_ENTRY | error=Empty return exceeds filled cylinders held (after this sale) | customerId=1 | variantId=1 | previousBalance=2 | filledOut=0 | emptyIn=3
2026-01-06 11:14:03.022 | INFO  | [5b1d7ea3-42fc-49b6-a313-9a46b5facec6] [] [] | http-nio-8080-exec-6 | c.g.s.CustomerCylinderLedgerService | OPERATION_START | operation=CREATE_LEDGER_ENTRY | customerId=1 | variantId=1
2026-01-06 11:14:03.033 | INFO  | [5b1d7ea3-42fc-49b6-a313-9a46b5facec6] [] [] | http-nio-8080-exec-6 | c.g.s.CustomerCylinderLedgerService | OPERATION_SUCCESS | operation=CREATE_LEDGER_ENTRY | id=3 | customerId=1 | balance=1
2026-01-06 11:14:54.140 | INFO  | [8fcda4f9-4344-41b6-aa3d-5c1ec5a7c76b] [] [bd25ab71-c4ac-40a8-8306-d97565562b52] | http-nio-8080-exec-8 | com.gasagency.service.SaleService | Creating new sale with request: com.gasagency.dto.CreateSaleRequestDTO@761ac317
2026-01-06 11:14:54.146 | ERROR | [8fcda4f9-4344-41b6-aa3d-5c1ec5a7c76b] [] [bd25ab71-c4ac-40a8-8306-d97565562b52] | http-nio-8080-exec-8 | com.gasagency.service.SaleService | Attempt to return more empty cylinders than held in sale. Customer: 1, Variant: 1, Held: 1, Attempted Return: 2
2026-01-06 11:14:58.161 | INFO  | [5161211a-bbf3-4ca1-81ea-8a44320d283a] [] [4e200216-973c-40aa-99e4-85cae486bb08] | http-nio-8080-exec-10 | com.gasagency.service.SaleService | Creating new sale with request: com.gasagency.dto.CreateSaleRequestDTO@762b163a
2026-01-06 11:14:58.163 | ERROR | [5161211a-bbf3-4ca1-81ea-8a44320d283a] [] [4e200216-973c-40aa-99e4-85cae486bb08] | http-nio-8080-exec-10 | com.gasagency.service.SaleService | Attempt to return more empty cylinders than held in sale. Customer: 1, Variant: 1, Held: 1, Attempted Return: 2
2026-01-06 11:15:07.961 | INFO  | [178f1478-57e9-4adb-8664-6f812f6f561f] [] [69b09039-56a3-45cc-ad03-f806c2e1231b] | http-nio-8080-exec-2 | com.gasagency.service.SaleService | Creating new sale with request: com.gasagency.dto.CreateSaleRequestDTO@34cd4e44
2026-01-06 11:15:07.982 | INFO  | [178f1478-57e9-4adb-8664-6f812f6f561f] [] [69b09039-56a3-45cc-ad03-f806c2e1231b] | http-nio-8080-exec-2 | com.gasagency.service.SaleService | Sale validation complete - Total amount: 3000.00, Items: 1
2026-01-06 11:15:07.984 | INFO  | [178f1478-57e9-4adb-8664-6f812f6f561f] [] [69b09039-56a3-45cc-ad03-f806c2e1231b] | http-nio-8080-exec-2 | com.gasagency.service.SaleService | Sale created with id: 3 for customer: Tushar - Total: 3000.00
2026-01-06 11:15:07.991 | INFO  | [178f1478-57e9-4adb-8664-6f812f6f561f] [] [69b09039-56a3-45cc-ad03-f806c2e1231b] | http-nio-8080-exec-2 | c.g.service.InventoryStockService | OPERATION_START | operation=DECREMENT_FILLED_WITH_CHECK | variantId=1 | qty=2
2026-01-06 11:15:07.992 | INFO  | [178f1478-57e9-4adb-8664-6f812f6f561f] [] [69b09039-56a3-45cc-ad03-f806c2e1231b] | http-nio-8080-exec-2 | c.g.service.InventoryStockService | OPERATION_SUCCESS | operation=DECREMENT_FILLED_QTY_CHECK | variantId=1 | newQty=16
2026-01-06 11:15:07.992 | INFO  | [178f1478-57e9-4adb-8664-6f812f6f561f] [] [69b09039-56a3-45cc-ad03-f806c2e1231b] | http-nio-8080-exec-2 | c.g.service.InventoryStockService | OPERATION_START | operation=INCREMENT_EMPTY_QTY | variantId=1 | qty=1
2026-01-06 11:15:08.007 | INFO  | [178f1478-57e9-4adb-8664-6f812f6f561f] [] [69b09039-56a3-45cc-ad03-f806c2e1231b] | http-nio-8080-exec-2 | c.g.service.InventoryStockService | OPERATION_SUCCESS | operation=INCREMENT_EMPTY_QTY | variantId=1 | newEmptyQty=1
2026-01-06 11:15:08.007 | INFO  | [178f1478-57e9-4adb-8664-6f812f6f561f] [] [69b09039-56a3-45cc-ad03-f806c2e1231b] | http-nio-8080-exec-2 | c.g.s.CustomerCylinderLedgerService | OPERATION_START | operation=CREATE_LEDGER_ENTRY | customerId=1 | variantId=1
2026-01-06 11:15:08.011 | INFO  | [178f1478-57e9-4adb-8664-6f812f6f561f] [] [69b09039-56a3-45cc-ad03-f806c2e1231b] | http-nio-8080-exec-2 | c.g.s.CustomerCylinderLedgerService | OPERATION_SUCCESS | operation=CREATE_LEDGER_ENTRY | id=4 | customerId=1 | balance=2
2026-01-06 11:15:08.011 | INFO  | [178f1478-57e9-4adb-8664-6f812f6f561f] [] [69b09039-56a3-45cc-ad03-f806c2e1231b] | http-nio-8080-exec-2 | com.gasagency.service.SaleService | Sale 3 completed successfully for customer Tushar
2026-01-06 11:15:08.017 | INFO  | [178f1478-57e9-4adb-8664-6f812f6f561f] [] [69b09039-56a3-45cc-ad03-f806c2e1231b] | http-nio-8080-exec-2 | com.gasagency.service.SaleService | TRANSACTION_SUMMARY | txnId=69b09039-56a3-45cc-ad03-f806c2e1231b | saleId=3 | customer=Tushar | amount=3000.00 | duration=56ms
2026-01-06 11:16:36.951 | INFO  | [647ac428-8dae-4b3e-8e31-a4db8f30b013] [] [39d18700-5a0a-48d6-90e5-ca8d4cfe4b6a] | http-nio-8080-exec-8 | com.gasagency.service.SaleService | Creating new sale with request: com.gasagency.dto.CreateSaleRequestDTO@677f3425
2026-01-06 11:16:36.974 | INFO  | [647ac428-8dae-4b3e-8e31-a4db8f30b013] [] [39d18700-5a0a-48d6-90e5-ca8d4cfe4b6a] | http-nio-8080-exec-8 | com.gasagency.service.SaleService | Sale validation complete - Total amount: 3000.00, Items: 1
2026-01-06 11:16:36.976 | INFO  | [647ac428-8dae-4b3e-8e31-a4db8f30b013] [] [39d18700-5a0a-48d6-90e5-ca8d4cfe4b6a] | http-nio-8080-exec-8 | com.gasagency.service.SaleService | Sale created with id: 4 for customer: Tushar - Total: 3000.00
2026-01-06 11:16:36.984 | INFO  | [647ac428-8dae-4b3e-8e31-a4db8f30b013] [] [39d18700-5a0a-48d6-90e5-ca8d4cfe4b6a] | http-nio-8080-exec-8 | c.g.service.InventoryStockService | OPERATION_START | operation=DECREMENT_FILLED_WITH_CHECK | variantId=1 | qty=2
2026-01-06 11:16:36.993 | INFO  | [647ac428-8dae-4b3e-8e31-a4db8f30b013] [] [39d18700-5a0a-48d6-90e5-ca8d4cfe4b6a] | http-nio-8080-exec-8 | c.g.service.InventoryStockService | OPERATION_SUCCESS | operation=DECREMENT_FILLED_QTY_CHECK | variantId=1 | newQty=14
2026-01-06 11:16:36.993 | INFO  | [647ac428-8dae-4b3e-8e31-a4db8f30b013] [] [39d18700-5a0a-48d6-90e5-ca8d4cfe4b6a] | http-nio-8080-exec-8 | c.g.service.InventoryStockService | OPERATION_START | operation=INCREMENT_EMPTY_QTY | variantId=1 | qty=2
2026-01-06 11:16:37.011 | INFO  | [647ac428-8dae-4b3e-8e31-a4db8f30b013] [] [39d18700-5a0a-48d6-90e5-ca8d4cfe4b6a] | http-nio-8080-exec-8 | c.g.service.InventoryStockService | OPERATION_SUCCESS | operation=INCREMENT_EMPTY_QTY | variantId=1 | newEmptyQty=3
2026-01-06 11:16:37.011 | INFO  | [647ac428-8dae-4b3e-8e31-a4db8f30b013] [] [39d18700-5a0a-48d6-90e5-ca8d4cfe4b6a] | http-nio-8080-exec-8 | c.g.s.CustomerCylinderLedgerService | OPERATION_START | operation=CREATE_LEDGER_ENTRY | customerId=1 | variantId=1
2026-01-06 11:16:37.026 | INFO  | [647ac428-8dae-4b3e-8e31-a4db8f30b013] [] [39d18700-5a0a-48d6-90e5-ca8d4cfe4b6a] | http-nio-8080-exec-8 | c.g.s.CustomerCylinderLedgerService | OPERATION_SUCCESS | operation=CREATE_LEDGER_ENTRY | id=5 | customerId=1 | balance=2
2026-01-06 11:16:37.026 | INFO  | [647ac428-8dae-4b3e-8e31-a4db8f30b013] [] [39d18700-5a0a-48d6-90e5-ca8d4cfe4b6a] | http-nio-8080-exec-8 | com.gasagency.service.SaleService | Sale 4 completed successfully for customer Tushar
2026-01-06 11:16:37.026 | INFO  | [647ac428-8dae-4b3e-8e31-a4db8f30b013] [] [39d18700-5a0a-48d6-90e5-ca8d4cfe4b6a] | http-nio-8080-exec-8 | com.gasagency.service.SaleService | TRANSACTION_SUMMARY | txnId=39d18700-5a0a-48d6-90e5-ca8d4cfe4b6a | saleId=4 | customer=Tushar | amount=3000.00 | duration=75ms
2026-01-06 11:18:03.981 | INFO  | [6f930d11-a62f-4a7d-95de-d6f5a3894041] [] [eaadb598-133a-46e7-a3d9-c2ee7914056b] | http-nio-8080-exec-9 | com.gasagency.service.SaleService | Creating new sale with request: com.gasagency.dto.CreateSaleRequestDTO@5e592985
2026-01-06 11:18:03.997 | ERROR | [6f930d11-a62f-4a7d-95de-d6f5a3894041] [] [eaadb598-133a-46e7-a3d9-c2ee7914056b] | http-nio-8080-exec-9 | com.gasagency.service.SaleService | Attempt to return more empty cylinders than held in sale. Customer: 1, Variant: 1, Held: 2, Attempted Return: 4
2026-01-06 11:18:22.223 | INFO  | [25ec8150-d2b9-41db-b830-58c659693b2d] [] [b4321e61-2ce8-4bf1-91ec-82d3ddfb99b2] | http-nio-8080-exec-6 | com.gasagency.service.SaleService | Creating new sale with request: com.gasagency.dto.CreateSaleRequestDTO@476a8a05
2026-01-06 11:18:22.258 | INFO  | [25ec8150-d2b9-41db-b830-58c659693b2d] [] [b4321e61-2ce8-4bf1-91ec-82d3ddfb99b2] | http-nio-8080-exec-6 | com.gasagency.service.SaleService | Sale validation complete - Total amount: 3000.00, Items: 1
2026-01-06 11:18:22.258 | INFO  | [25ec8150-d2b9-41db-b830-58c659693b2d] [] [b4321e61-2ce8-4bf1-91ec-82d3ddfb99b2] | http-nio-8080-exec-6 | com.gasagency.service.SaleService | Sale created with id: 5 for customer: Tushar - Total: 3000.00
2026-01-06 11:18:22.273 | INFO  | [25ec8150-d2b9-41db-b830-58c659693b2d] [] [b4321e61-2ce8-4bf1-91ec-82d3ddfb99b2] | http-nio-8080-exec-6 | c.g.service.InventoryStockService | OPERATION_START | operation=DECREMENT_FILLED_WITH_CHECK | variantId=1 | qty=2
2026-01-06 11:18:22.286 | INFO  | [25ec8150-d2b9-41db-b830-58c659693b2d] [] [b4321e61-2ce8-4bf1-91ec-82d3ddfb99b2] | http-nio-8080-exec-6 | c.g.service.InventoryStockService | OPERATION_SUCCESS | operation=DECREMENT_FILLED_QTY_CHECK | variantId=1 | newQty=12
2026-01-06 11:18:22.286 | INFO  | [25ec8150-d2b9-41db-b830-58c659693b2d] [] [b4321e61-2ce8-4bf1-91ec-82d3ddfb99b2] | http-nio-8080-exec-6 | c.g.service.InventoryStockService | OPERATION_START | operation=INCREMENT_EMPTY_QTY | variantId=1 | qty=2
2026-01-06 11:18:22.323 | INFO  | [25ec8150-d2b9-41db-b830-58c659693b2d] [] [b4321e61-2ce8-4bf1-91ec-82d3ddfb99b2] | http-nio-8080-exec-6 | c.g.service.InventoryStockService | OPERATION_SUCCESS | operation=INCREMENT_EMPTY_QTY | variantId=1 | newEmptyQty=5
2026-01-06 11:18:22.323 | INFO  | [25ec8150-d2b9-41db-b830-58c659693b2d] [] [b4321e61-2ce8-4bf1-91ec-82d3ddfb99b2] | http-nio-8080-exec-6 | c.g.s.CustomerCylinderLedgerService | OPERATION_START | operation=CREATE_LEDGER_ENTRY | customerId=1 | variantId=1
2026-01-06 11:18:22.339 | INFO  | [25ec8150-d2b9-41db-b830-58c659693b2d] [] [b4321e61-2ce8-4bf1-91ec-82d3ddfb99b2] | http-nio-8080-exec-6 | c.g.s.CustomerCylinderLedgerService | OPERATION_SUCCESS | operation=CREATE_LEDGER_ENTRY | id=6 | customerId=1 | balance=2
2026-01-06 11:18:22.339 | INFO  | [25ec8150-d2b9-41db-b830-58c659693b2d] [] [b4321e61-2ce8-4bf1-91ec-82d3ddfb99b2] | http-nio-8080-exec-6 | com.gasagency.service.SaleService | Sale 5 completed successfully for customer Tushar
2026-01-06 11:18:22.339 | INFO  | [25ec8150-d2b9-41db-b830-58c659693b2d] [] [b4321e61-2ce8-4bf1-91ec-82d3ddfb99b2] | http-nio-8080-exec-6 | com.gasagency.service.SaleService | TRANSACTION_SUMMARY | txnId=b4321e61-2ce8-4bf1-91ec-82d3ddfb99b2 | saleId=5 | customer=Tushar | amount=3000.00 | duration=116ms
2026-01-06 11:20:19.568 | INFO  | [4cf0cbb9-eef7-474c-8c91-edff6b33a94d] [] [] | http-nio-8080-exec-7 | c.g.s.CustomerCylinderLedgerService | OPERATION_START | operation=CREATE_LEDGER_ENTRY | customerId=1 | variantId=1
2026-01-06 11:20:19.580 | WARN  | [4cf0cbb9-eef7-474c-8c91-edff6b33a94d] [] [] | http-nio-8080-exec-7 | c.g.s.CustomerCylinderLedgerService | OPERATION_FAILED | operation=CREATE_LEDGER_ENTRY | error=Empty return exceeds filled cylinders held (after this sale) | customerId=1 | variantId=1 | previousBalance=2 | filledOut=0 | emptyIn=4
2026-01-06 11:20:45.276 | INFO  | [bfa1fb90-5eb2-4b2a-b244-f5af6c0c7f0a] [] [] | http-nio-8080-exec-1 | c.g.s.CustomerCylinderLedgerService | OPERATION_START | operation=CREATE_LEDGER_ENTRY | customerId=1 | variantId=1
2026-01-06 11:20:45.298 | INFO  | [bfa1fb90-5eb2-4b2a-b244-f5af6c0c7f0a] [] [] | http-nio-8080-exec-1 | c.g.s.CustomerCylinderLedgerService | OPERATION_SUCCESS | operation=CREATE_LEDGER_ENTRY | id=7 | customerId=1 | balance=0
2026-01-06 12:22:43.126 | INFO  | [2303cde2-110d-4c41-a033-3494ffeee3de] [] [] | http-nio-8080-exec-6 | c.g.service.CylinderVariantService | OPERATION_START | operation=CREATE_VARIANT | name=19KG
2026-01-06 12:22:43.245 | INFO  | [2303cde2-110d-4c41-a033-3494ffeee3de] [] [] | http-nio-8080-exec-6 | c.g.service.CylinderVariantService | OPERATION_SUCCESS | operation=CREATE_VARIANT | id=1 | name=19KG
2026-01-06 12:22:50.721 | INFO  | [1e5b3b59-3481-453f-98fd-4f105fc49fc0] [] [] | http-nio-8080-exec-8 | c.g.service.CylinderVariantService | OPERATION_START | operation=CREATE_VARIANT | name=5KG
2026-01-06 12:22:50.727 | INFO  | [1e5b3b59-3481-453f-98fd-4f105fc49fc0] [] [] | http-nio-8080-exec-8 | c.g.service.CylinderVariantService | OPERATION_SUCCESS | operation=CREATE_VARIANT | id=2 | name=5KG
2026-01-06 12:23:01.319 | INFO  | [5ff2dc43-e783-4d10-a0fa-2cf4623ec9d1] [] [] | http-nio-8080-exec-5 | c.g.service.MonthlyPriceService | OPERATION_START | operation=CREATE_PRICE | variantId=2 | month=2026-01-01
2026-01-06 12:23:01.319 | INFO  | [fef8e3b5-3876-4a94-9258-35fec3c03670] [] [] | http-nio-8080-exec-4 | c.g.service.MonthlyPriceService | OPERATION_START | operation=CREATE_PRICE | variantId=1 | month=2026-01-01
2026-01-06 12:23:01.364 | INFO  | [5ff2dc43-e783-4d10-a0fa-2cf4623ec9d1] [] [] | http-nio-8080-exec-5 | c.g.service.MonthlyPriceService | OPERATION_SUCCESS | operation=CREATE_PRICE | id=1 | variant=5KG | price=900
2026-01-06 12:23:01.364 | INFO  | [fef8e3b5-3876-4a94-9258-35fec3c03670] [] [] | http-nio-8080-exec-4 | c.g.service.MonthlyPriceService | OPERATION_SUCCESS | operation=CREATE_PRICE | id=2 | variant=19KG | price=1500
2026-01-06 12:23:17.419 | INFO  | [a2755636-4d61-41a1-883e-d0fe1f29ef94] [] [] | http-nio-8080-exec-8 | c.gasagency.service.CustomerService | OPERATION_START | operation=CREATE_CUSTOMER | name=Tushar Rokade
2026-01-06 12:23:17.452 | INFO  | [a2755636-4d61-41a1-883e-d0fe1f29ef94] [] [] | http-nio-8080-exec-8 | c.gasagency.service.CustomerService | OPERATION_SUCCESS | operation=CREATE_CUSTOMER | id=1 | name=Tushar Rokade | mobile=7876765456
2026-01-06 12:23:33.398 | INFO  | [184538ec-886a-4df5-b55f-d7effe2dfff5] [] [] | http-nio-8080-exec-5 | c.gasagency.service.CustomerService | OPERATION_START | operation=CREATE_CUSTOMER | name=Mahesh Patil
2026-01-06 12:23:33.406 | INFO  | [184538ec-886a-4df5-b55f-d7effe2dfff5] [] [] | http-nio-8080-exec-5 | c.gasagency.service.CustomerService | OPERATION_SUCCESS | operation=CREATE_CUSTOMER | id=2 | name=Mahesh Patil | mobile=8987675645
2026-01-06 12:24:04.601 | INFO  | [baec267d-d9da-496a-b7c6-5876fd1b50ac] [] [] | http-nio-8080-exec-6 | c.gasagency.service.SupplierService | OPERATION_START | operation=CREATE_SUPPLIER | name=HP Gas
2026-01-06 12:24:04.612 | INFO  | [baec267d-d9da-496a-b7c6-5876fd1b50ac] [] [] | http-nio-8080-exec-6 | c.gasagency.service.SupplierService | OPERATION_SUCCESS | operation=CREATE_SUPPLIER | id=1 | name=HP Gas
2026-01-06 12:24:21.034 | INFO  | [777f7552-762a-492d-83b3-05f9cae75397] [] [] | http-nio-8080-exec-2 | c.g.s.SupplierTransactionService | OPERATION_START | operation=RECORD_TRANSACTION | supplierId=1 | variantId=1
2026-01-06 12:24:21.123 | INFO  | [777f7552-762a-492d-83b3-05f9cae75397] [] [] | http-nio-8080-exec-2 | c.g.service.InventoryStockService | OPERATION_SUCCESS | operation=INCREMENT_FILLED_QTY | variantId=1 | newQty=20
2026-01-06 12:24:21.172 | INFO  | [777f7552-762a-492d-83b3-05f9cae75397] [] [] | http-nio-8080-exec-2 | c.g.service.InventoryStockService | OPERATION_SUCCESS | operation=DECREMENT_EMPTY_QTY | variantId=1 | newQty=0
2026-01-06 12:24:21.172 | INFO  | [777f7552-762a-492d-83b3-05f9cae75397] [] [] | http-nio-8080-exec-2 | c.g.s.SupplierTransactionService | OPERATION_SUCCESS | operation=RECORD_TRANSACTION | id=1 | supplierId=1 | filled=20
2026-01-06 12:24:37.313 | INFO  | [61d44a36-2d11-426e-8f5f-4f0b6d49ea64] [] [] | http-nio-8080-exec-5 | c.g.s.SupplierTransactionService | OPERATION_START | operation=RECORD_TRANSACTION | supplierId=1 | variantId=2
2026-01-06 12:24:37.334 | INFO  | [61d44a36-2d11-426e-8f5f-4f0b6d49ea64] [] [] | http-nio-8080-exec-5 | c.g.service.InventoryStockService | OPERATION_SUCCESS | operation=INCREMENT_FILLED_QTY | variantId=2 | newQty=10
2026-01-06 12:24:37.340 | INFO  | [61d44a36-2d11-426e-8f5f-4f0b6d49ea64] [] [] | http-nio-8080-exec-5 | c.g.service.InventoryStockService | OPERATION_SUCCESS | operation=DECREMENT_EMPTY_QTY | variantId=2 | newQty=0
2026-01-06 12:24:37.340 | INFO  | [61d44a36-2d11-426e-8f5f-4f0b6d49ea64] [] [] | http-nio-8080-exec-5 | c.g.s.SupplierTransactionService | OPERATION_SUCCESS | operation=RECORD_TRANSACTION | id=2 | supplierId=1 | filled=10
2026-01-06 12:25:00.607 | INFO  | [b40625b9-d355-4b42-a970-d1eaaebdf2ad] [] [1567ecf0-de11-4c11-9bda-b5c6c01cd1b5] | http-nio-8080-exec-3 | com.gasagency.service.SaleService | Creating new sale with request: com.gasagency.dto.CreateSaleRequestDTO@57d026bf
2026-01-06 12:25:00.625 | ERROR | [b40625b9-d355-4b42-a970-d1eaaebdf2ad] [] [1567ecf0-de11-4c11-9bda-b5c6c01cd1b5] | http-nio-8080-exec-3 | com.gasagency.service.SaleService | Insufficient inventory for variant: 19KG. Available: 20, Requested: 30
2026-01-06 12:25:10.256 | INFO  | [bbe511ea-9058-4285-a240-d5759e5c5e30] [] [e3bd17d0-c3dd-4f07-955f-677ab884089a] | http-nio-8080-exec-5 | com.gasagency.service.SaleService | Creating new sale with request: com.gasagency.dto.CreateSaleRequestDTO@5ce6ddc0
2026-01-06 12:25:10.274 | INFO  | [bbe511ea-9058-4285-a240-d5759e5c5e30] [] [e3bd17d0-c3dd-4f07-955f-677ab884089a] | http-nio-8080-exec-5 | com.gasagency.service.SaleService | Sale validation complete - Total amount: 1500.00, Items: 1
2026-01-06 12:25:10.303 | INFO  | [bbe511ea-9058-4285-a240-d5759e5c5e30] [] [e3bd17d0-c3dd-4f07-955f-677ab884089a] | http-nio-8080-exec-5 | com.gasagency.service.SaleService | Sale created with id: 1 for customer: Tushar Rokade - Total: 1500.00
2026-01-06 12:25:10.319 | INFO  | [bbe511ea-9058-4285-a240-d5759e5c5e30] [] [e3bd17d0-c3dd-4f07-955f-677ab884089a] | http-nio-8080-exec-5 | c.g.service.InventoryStockService | OPERATION_START | operation=DECREMENT_FILLED_WITH_CHECK | variantId=1 | qty=1
2026-01-06 12:25:10.336 | INFO  | [bbe511ea-9058-4285-a240-d5759e5c5e30] [] [e3bd17d0-c3dd-4f07-955f-677ab884089a] | http-nio-8080-exec-5 | c.g.service.InventoryStockService | OPERATION_SUCCESS | operation=DECREMENT_FILLED_QTY_CHECK | variantId=1 | newQty=19
2026-01-06 12:25:10.336 | INFO  | [bbe511ea-9058-4285-a240-d5759e5c5e30] [] [e3bd17d0-c3dd-4f07-955f-677ab884089a] | http-nio-8080-exec-5 | c.g.service.InventoryStockService | OPERATION_START | operation=INCREMENT_EMPTY_QTY | variantId=1 | qty=0
2026-01-06 12:25:10.336 | INFO  | [bbe511ea-9058-4285-a240-d5759e5c5e30] [] [e3bd17d0-c3dd-4f07-955f-677ab884089a] | http-nio-8080-exec-5 | c.g.service.InventoryStockService | OPERATION_SUCCESS | operation=INCREMENT_EMPTY_QTY | variantId=1 | newEmptyQty=No increment (qty=0)
2026-01-06 12:25:10.336 | INFO  | [bbe511ea-9058-4285-a240-d5759e5c5e30] [] [e3bd17d0-c3dd-4f07-955f-677ab884089a] | http-nio-8080-exec-5 | c.g.s.CustomerCylinderLedgerService | OPERATION_START | operation=CREATE_LEDGER_ENTRY | customerId=1 | variantId=1
2026-01-06 12:25:10.352 | INFO  | [bbe511ea-9058-4285-a240-d5759e5c5e30] [] [e3bd17d0-c3dd-4f07-955f-677ab884089a] | http-nio-8080-exec-5 | c.g.s.CustomerCylinderLedgerService | OPERATION_SUCCESS | operation=CREATE_LEDGER_ENTRY | id=1 | customerId=1 | balance=1
2026-01-06 12:25:10.352 | INFO  | [bbe511ea-9058-4285-a240-d5759e5c5e30] [] [e3bd17d0-c3dd-4f07-955f-677ab884089a] | http-nio-8080-exec-5 | com.gasagency.service.SaleService | Sale 1 completed successfully for customer Tushar Rokade
2026-01-06 12:25:10.352 | INFO  | [bbe511ea-9058-4285-a240-d5759e5c5e30] [] [e3bd17d0-c3dd-4f07-955f-677ab884089a] | http-nio-8080-exec-5 | com.gasagency.service.SaleService | TRANSACTION_SUMMARY | txnId=e3bd17d0-c3dd-4f07-955f-677ab884089a | saleId=1 | customer=Tushar Rokade | amount=1500.00 | duration=96ms
2026-01-06 12:25:34.352 | INFO  | [88405587-2aaa-4afa-abbb-3621461f75d1] [] [2f4abf44-b996-44c0-9e57-b19c6c376e47] | http-nio-8080-exec-10 | com.gasagency.service.SaleService | Creating new sale with request: com.gasagency.dto.CreateSaleRequestDTO@4c847974
2026-01-06 12:25:34.370 | INFO  | [88405587-2aaa-4afa-abbb-3621461f75d1] [] [2f4abf44-b996-44c0-9e57-b19c6c376e47] | http-nio-8080-exec-10 | com.gasagency.service.SaleService | Sale validation complete - Total amount: 1500.00, Items: 1
2026-01-06 12:25:34.370 | INFO  | [88405587-2aaa-4afa-abbb-3621461f75d1] [] [2f4abf44-b996-44c0-9e57-b19c6c376e47] | http-nio-8080-exec-10 | com.gasagency.service.SaleService | Sale created with id: 2 for customer: Tushar Rokade - Total: 1500.00
2026-01-06 12:25:34.370 | INFO  | [88405587-2aaa-4afa-abbb-3621461f75d1] [] [2f4abf44-b996-44c0-9e57-b19c6c376e47] | http-nio-8080-exec-10 | c.g.service.InventoryStockService | OPERATION_START | operation=DECREMENT_FILLED_WITH_CHECK | variantId=1 | qty=1
2026-01-06 12:25:34.383 | INFO  | [88405587-2aaa-4afa-abbb-3621461f75d1] [] [2f4abf44-b996-44c0-9e57-b19c6c376e47] | http-nio-8080-exec-10 | c.g.service.InventoryStockService | OPERATION_SUCCESS | operation=DECREMENT_FILLED_QTY_CHECK | variantId=1 | newQty=18
2026-01-06 12:25:34.383 | INFO  | [88405587-2aaa-4afa-abbb-3621461f75d1] [] [2f4abf44-b996-44c0-9e57-b19c6c376e47] | http-nio-8080-exec-10 | c.g.service.InventoryStockService | OPERATION_START | operation=INCREMENT_EMPTY_QTY | variantId=1 | qty=1
2026-01-06 12:25:34.394 | INFO  | [88405587-2aaa-4afa-abbb-3621461f75d1] [] [2f4abf44-b996-44c0-9e57-b19c6c376e47] | http-nio-8080-exec-10 | c.g.service.InventoryStockService | OPERATION_SUCCESS | operation=INCREMENT_EMPTY_QTY | variantId=1 | newEmptyQty=1
2026-01-06 12:25:34.394 | INFO  | [88405587-2aaa-4afa-abbb-3621461f75d1] [] [2f4abf44-b996-44c0-9e57-b19c6c376e47] | http-nio-8080-exec-10 | c.g.s.CustomerCylinderLedgerService | OPERATION_START | operation=CREATE_LEDGER_ENTRY | customerId=1 | variantId=1
2026-01-06 12:25:34.394 | INFO  | [88405587-2aaa-4afa-abbb-3621461f75d1] [] [2f4abf44-b996-44c0-9e57-b19c6c376e47] | http-nio-8080-exec-10 | c.g.s.CustomerCylinderLedgerService | OPERATION_SUCCESS | operation=CREATE_LEDGER_ENTRY | id=2 | customerId=1 | balance=1
2026-01-06 12:25:34.394 | INFO  | [88405587-2aaa-4afa-abbb-3621461f75d1] [] [2f4abf44-b996-44c0-9e57-b19c6c376e47] | http-nio-8080-exec-10 | com.gasagency.service.SaleService | Sale 2 completed successfully for customer Tushar Rokade
2026-01-06 12:25:34.394 | INFO  | [88405587-2aaa-4afa-abbb-3621461f75d1] [] [2f4abf44-b996-44c0-9e57-b19c6c376e47] | http-nio-8080-exec-10 | com.gasagency.service.SaleService | TRANSACTION_SUMMARY | txnId=2f4abf44-b996-44c0-9e57-b19c6c376e47 | saleId=2 | customer=Tushar Rokade | amount=1500.00 | duration=42ms
2026-01-06 12:27:14.825 | INFO  | [ccca805b-8953-49f8-b321-b1c9cf3388d1] [] [] | http-nio-8080-exec-9 | c.g.s.CustomerCylinderLedgerService | OPERATION_START | operation=CREATE_LEDGER_ENTRY | customerId=1 | variantId=1
2026-01-06 12:27:14.837 | INFO  | [ccca805b-8953-49f8-b321-b1c9cf3388d1] [] [] | http-nio-8080-exec-9 | c.g.s.CustomerCylinderLedgerService | OPERATION_SUCCESS | operation=CREATE_LEDGER_ENTRY | id=3 | customerId=1 | balance=0
2026-01-06 12:33:14.543 | INFO  | [b8dabf6d-b445-496f-a559-6aefb8d1f0c3] [] [] | http-nio-8080-exec-6 | c.g.service.CylinderVariantService | OPERATION_START | operation=CREATE_VARIANT | name=8KG
2026-01-06 12:33:14.543 | INFO  | [b8dabf6d-b445-496f-a559-6aefb8d1f0c3] [] [] | http-nio-8080-exec-6 | c.g.service.CylinderVariantService | OPERATION_SUCCESS | operation=CREATE_VARIANT | id=3 | name=8KG
2026-01-06 12:33:22.715 | INFO  | [14b71227-9fe3-4794-a09b-8e8475b2d5c9] [] [] | http-nio-8080-exec-9 | c.g.service.MonthlyPriceService | OPERATION_START | operation=CREATE_PRICE | variantId=3 | month=2026-01-01
2026-01-06 12:33:22.726 | INFO  | [14b71227-9fe3-4794-a09b-8e8475b2d5c9] [] [] | http-nio-8080-exec-9 | c.g.service.MonthlyPriceService | OPERATION_SUCCESS | operation=CREATE_PRICE | id=3 | variant=8KG | price=500
2026-01-06 12:42:13.354 | INFO  | [5578f293-e9ec-40b7-b705-68e9570de388] [] [] | http-nio-8080-exec-2 | c.g.service.CylinderVariantService | OPERATION_START | operation=CREATE_VARIANT | name=19KG
2026-01-06 12:42:13.413 | INFO  | [5578f293-e9ec-40b7-b705-68e9570de388] [] [] | http-nio-8080-exec-2 | c.g.service.CylinderVariantService | OPERATION_SUCCESS | operation=CREATE_VARIANT | id=1 | name=19KG
2026-01-06 12:42:21.096 | INFO  | [4fd5177e-3de0-44dd-9423-46328b409ea6] [] [] | http-nio-8080-exec-6 | c.g.service.CylinderVariantService | OPERATION_START | operation=CREATE_VARIANT | name=5KG
2026-01-06 12:42:21.096 | INFO  | [4fd5177e-3de0-44dd-9423-46328b409ea6] [] [] | http-nio-8080-exec-6 | c.g.service.CylinderVariantService | OPERATION_SUCCESS | operation=CREATE_VARIANT | id=2 | name=5KG
2026-01-06 12:42:30.903 | INFO  | [a85dd823-a05c-4af6-bf25-202eddc7153d] [] [] | http-nio-8080-exec-3 | c.g.service.MonthlyPriceService | OPERATION_START | operation=CREATE_PRICE | variantId=2 | month=2026-01-01
2026-01-06 12:42:30.903 | INFO  | [a32034c0-6aa7-419b-93d2-ee422db8ba65] [] [] | http-nio-8080-exec-10 | c.g.service.MonthlyPriceService | OPERATION_START | operation=CREATE_PRICE | variantId=1 | month=2026-01-01
2026-01-06 12:42:30.969 | INFO  | [a85dd823-a05c-4af6-bf25-202eddc7153d] [] [] | http-nio-8080-exec-3 | c.g.service.MonthlyPriceService | OPERATION_SUCCESS | operation=CREATE_PRICE | id=1 | variant=5KG | price=900
2026-01-06 12:42:30.969 | INFO  | [a32034c0-6aa7-419b-93d2-ee422db8ba65] [] [] | http-nio-8080-exec-10 | c.g.service.MonthlyPriceService | OPERATION_SUCCESS | operation=CREATE_PRICE | id=2 | variant=19KG | price=1500
2026-01-06 12:42:45.683 | INFO  | [e2fbde7c-8c5a-4a67-a11b-037799839bfc] [] [] | http-nio-8080-exec-7 | c.gasagency.service.SupplierService | OPERATION_START | operation=CREATE_SUPPLIER | name=HP Gas
2026-01-06 12:42:45.693 | INFO  | [e2fbde7c-8c5a-4a67-a11b-037799839bfc] [] [] | http-nio-8080-exec-7 | c.gasagency.service.SupplierService | OPERATION_SUCCESS | operation=CREATE_SUPPLIER | id=1 | name=HP Gas
2026-01-06 12:42:59.361 | INFO  | [6fdc6e34-1cf5-40f9-ad4f-f7fb41208fda] [] [] | http-nio-8080-exec-4 | c.gasagency.service.CustomerService | OPERATION_START | operation=CREATE_CUSTOMER | name=Tushar Rokade
2026-01-06 12:42:59.380 | INFO  | [6fdc6e34-1cf5-40f9-ad4f-f7fb41208fda] [] [] | http-nio-8080-exec-4 | c.gasagency.service.CustomerService | OPERATION_SUCCESS | operation=CREATE_CUSTOMER | id=1 | name=Tushar Rokade | mobile=7678980989
2026-01-06 12:43:16.344 | INFO  | [504c0ac8-9c1a-4654-86de-f06f1a1e519f] [] [] | http-nio-8080-exec-3 | c.g.s.SupplierTransactionService | OPERATION_START | operation=RECORD_TRANSACTION | supplierId=1 | variantId=1
2026-01-06 12:43:16.384 | INFO  | [504c0ac8-9c1a-4654-86de-f06f1a1e519f] [] [] | http-nio-8080-exec-3 | c.g.service.InventoryStockService | OPERATION_SUCCESS | operation=INCREMENT_FILLED_QTY | variantId=1 | newQty=20
2026-01-06 12:43:16.418 | INFO  | [504c0ac8-9c1a-4654-86de-f06f1a1e519f] [] [] | http-nio-8080-exec-3 | c.g.service.InventoryStockService | OPERATION_SUCCESS | operation=DECREMENT_EMPTY_QTY | variantId=1 | newQty=0
2026-01-06 12:43:16.419 | INFO  | [504c0ac8-9c1a-4654-86de-f06f1a1e519f] [] [] | http-nio-8080-exec-3 | c.g.s.SupplierTransactionService | OPERATION_SUCCESS | operation=RECORD_TRANSACTION | id=1 | supplierId=1 | filled=20
2026-01-06 12:43:46.261 | INFO  | [4f94a90d-d4a6-4a0f-83b8-74d811dba2bc] [] [d6880e5d-6e0c-4ddc-998d-2452bd698848] | http-nio-8080-exec-4 | com.gasagency.service.SaleService | Creating new sale with request: com.gasagency.dto.CreateSaleRequestDTO@57e24fae
2026-01-06 12:43:46.282 | INFO  | [4f94a90d-d4a6-4a0f-83b8-74d811dba2bc] [] [d6880e5d-6e0c-4ddc-998d-2452bd698848] | http-nio-8080-exec-4 | com.gasagency.service.SaleService | Sale validation complete - Total amount: 3000.00, Items: 1
2026-01-06 12:43:46.310 | INFO  | [4f94a90d-d4a6-4a0f-83b8-74d811dba2bc] [] [d6880e5d-6e0c-4ddc-998d-2452bd698848] | http-nio-8080-exec-4 | com.gasagency.service.SaleService | Sale created with id: 1 for customer: Tushar Rokade - Total: 3000.00
2026-01-06 12:43:46.318 | INFO  | [4f94a90d-d4a6-4a0f-83b8-74d811dba2bc] [] [d6880e5d-6e0c-4ddc-998d-2452bd698848] | http-nio-8080-exec-4 | c.g.service.InventoryStockService | OPERATION_START | operation=DECREMENT_FILLED_WITH_CHECK | variantId=1 | qty=2
2026-01-06 12:43:46.327 | INFO  | [4f94a90d-d4a6-4a0f-83b8-74d811dba2bc] [] [d6880e5d-6e0c-4ddc-998d-2452bd698848] | http-nio-8080-exec-4 | c.g.service.InventoryStockService | OPERATION_SUCCESS | operation=DECREMENT_FILLED_QTY_CHECK | variantId=1 | newQty=18
2026-01-06 12:43:46.327 | INFO  | [4f94a90d-d4a6-4a0f-83b8-74d811dba2bc] [] [d6880e5d-6e0c-4ddc-998d-2452bd698848] | http-nio-8080-exec-4 | c.g.service.InventoryStockService | OPERATION_START | operation=INCREMENT_EMPTY_QTY | variantId=1 | qty=0
2026-01-06 12:43:46.327 | INFO  | [4f94a90d-d4a6-4a0f-83b8-74d811dba2bc] [] [d6880e5d-6e0c-4ddc-998d-2452bd698848] | http-nio-8080-exec-4 | c.g.service.InventoryStockService | OPERATION_SUCCESS | operation=INCREMENT_EMPTY_QTY | variantId=1 | newEmptyQty=No increment (qty=0)
2026-01-06 12:43:46.328 | INFO  | [4f94a90d-d4a6-4a0f-83b8-74d811dba2bc] [] [d6880e5d-6e0c-4ddc-998d-2452bd698848] | http-nio-8080-exec-4 | c.g.s.CustomerCylinderLedgerService | OPERATION_START | operation=CREATE_LEDGER_ENTRY | customerId=1 | variantId=1
2026-01-06 12:43:46.340 | INFO  | [4f94a90d-d4a6-4a0f-83b8-74d811dba2bc] [] [d6880e5d-6e0c-4ddc-998d-2452bd698848] | http-nio-8080-exec-4 | c.g.s.CustomerCylinderLedgerService | OPERATION_SUCCESS | operation=CREATE_LEDGER_ENTRY | id=1 | customerId=1 | balance=2
2026-01-06 12:43:46.341 | INFO  | [4f94a90d-d4a6-4a0f-83b8-74d811dba2bc] [] [d6880e5d-6e0c-4ddc-998d-2452bd698848] | http-nio-8080-exec-4 | com.gasagency.service.SaleService | Sale 1 completed successfully for customer Tushar Rokade
2026-01-06 12:43:46.341 | INFO  | [4f94a90d-d4a6-4a0f-83b8-74d811dba2bc] [] [d6880e5d-6e0c-4ddc-998d-2452bd698848] | http-nio-8080-exec-4 | com.gasagency.service.SaleService | TRANSACTION_SUMMARY | txnId=d6880e5d-6e0c-4ddc-998d-2452bd698848 | saleId=1 | customer=Tushar Rokade | amount=3000.00 | duration=80ms
2026-01-06 12:44:30.661 | INFO  | [2f2fb9c7-e105-4880-856c-e0a76b5e164b] [] [] | http-nio-8080-exec-9 | c.g.s.CustomerCylinderLedgerService | OPERATION_START | operation=CREATE_LEDGER_ENTRY | customerId=1 | variantId=1
2026-01-06 12:44:30.680 | INFO  | [2f2fb9c7-e105-4880-856c-e0a76b5e164b] [] [] | http-nio-8080-exec-9 | c.g.s.CustomerCylinderLedgerService | OPERATION_SUCCESS | operation=CREATE_LEDGER_ENTRY | id=2 | customerId=1 | balance=1
2026-01-06 12:44:30.680 | INFO  | [2f2fb9c7-e105-4880-856c-e0a76b5e164b] [] [] | http-nio-8080-exec-9 | c.g.service.InventoryStockService | OPERATION_START | operation=INCREMENT_EMPTY_QTY | variantId=1 | qty=1
2026-01-06 12:44:30.680 | INFO  | [2f2fb9c7-e105-4880-856c-e0a76b5e164b] [] [] | http-nio-8080-exec-9 | c.g.service.InventoryStockService | OPERATION_SUCCESS | operation=INCREMENT_EMPTY_QTY | variantId=1 | newEmptyQty=1
2026-01-06 12:45:39.842 | INFO  | [12238828-6183-4c9d-a522-5e875d1434f6] [] [] | http-nio-8080-exec-7 | c.g.s.CustomerCylinderLedgerService | OPERATION_START | operation=CREATE_LEDGER_ENTRY | customerId=1 | variantId=1
2026-01-06 12:45:39.842 | INFO  | [12238828-6183-4c9d-a522-5e875d1434f6] [] [] | http-nio-8080-exec-7 | c.g.s.CustomerCylinderLedgerService | OPERATION_SUCCESS | operation=CREATE_LEDGER_ENTRY | id=3 | customerId=1 | balance=0
2026-01-06 12:45:39.842 | INFO  | [12238828-6183-4c9d-a522-5e875d1434f6] [] [] | http-nio-8080-exec-7 | c.g.service.InventoryStockService | OPERATION_START | operation=INCREMENT_EMPTY_QTY | variantId=1 | qty=1
2026-01-06 12:45:39.842 | INFO  | [12238828-6183-4c9d-a522-5e875d1434f6] [] [] | http-nio-8080-exec-7 | c.g.service.InventoryStockService | OPERATION_SUCCESS | operation=INCREMENT_EMPTY_QTY | variantId=1 | newEmptyQty=2
2026-01-06 12:46:44.830 | INFO  | [21ad6445-d741-433c-a98a-927088643219] [] [] | http-nio-8080-exec-9 | c.g.s.SupplierTransactionService | OPERATION_START | operation=RECORD_TRANSACTION | supplierId=1 | variantId=1
2026-01-06 12:46:44.840 | INFO  | [21ad6445-d741-433c-a98a-927088643219] [] [] | http-nio-8080-exec-9 | c.g.service.InventoryStockService | OPERATION_SUCCESS | operation=INCREMENT_FILLED_QTY | variantId=1 | newQty=38
2026-01-06 12:46:44.845 | INFO  | [21ad6445-d741-433c-a98a-927088643219] [] [] | http-nio-8080-exec-9 | c.g.service.InventoryStockService | OPERATION_SUCCESS | operation=DECREMENT_EMPTY_QTY | variantId=1 | newQty=0
2026-01-06 12:46:44.845 | INFO  | [21ad6445-d741-433c-a98a-927088643219] [] [] | http-nio-8080-exec-9 | c.g.s.SupplierTransactionService | OPERATION_SUCCESS | operation=RECORD_TRANSACTION | id=2 | supplierId=1 | filled=20
2026-01-06 13:30:04.994 | INFO  | [85eec0ab-4cd3-49d4-b2d7-9a3a702c07a8] [] [] | http-nio-8080-exec-5 | c.gasagency.service.CustomerService | OPERATION_START | operation=CREATE_CUSTOMER | name=Tushar
2026-01-06 13:30:05.104 | INFO  | [85eec0ab-4cd3-49d4-b2d7-9a3a702c07a8] [] [] | http-nio-8080-exec-5 | c.gasagency.service.CustomerService | OPERATION_SUCCESS | operation=CREATE_CUSTOMER | id=1 | name=Tushar | mobile=8987876756
2026-01-06 13:38:31.636 | INFO  | [053c2f25-5c44-4047-934f-89d630e17fc6] [] [] | http-nio-8080-exec-2 | c.g.service.CylinderVariantService | OPERATION_START | operation=CREATE_VARIANT | name=19KG
2026-01-06 13:38:31.660 | INFO  | [053c2f25-5c44-4047-934f-89d630e17fc6] [] [] | http-nio-8080-exec-2 | c.g.service.CylinderVariantService | OPERATION_SUCCESS | operation=CREATE_VARIANT | id=1 | name=19KG
2026-01-06 13:38:45.142 | INFO  | [cabf9fa3-8500-435a-8245-907b6b5dc9af] [] [] | http-nio-8080-exec-1 | c.gasagency.service.SupplierService | OPERATION_START | operation=CREATE_SUPPLIER | name=HP GAS
2026-01-06 13:38:45.150 | INFO  | [cabf9fa3-8500-435a-8245-907b6b5dc9af] [] [] | http-nio-8080-exec-1 | c.gasagency.service.SupplierService | OPERATION_SUCCESS | operation=CREATE_SUPPLIER | id=1 | name=HP GAS
2026-01-06 13:39:42.491 | INFO  | [cd0f9d9a-873f-4bf0-a04d-f9e7c76b4c5e] [] [] | http-nio-8080-exec-9 | c.g.s.SupplierTransactionService | OPERATION_START | operation=RECORD_TRANSACTION | supplierId=1 | variantId=1
2026-01-06 13:39:42.619 | INFO  | [cd0f9d9a-873f-4bf0-a04d-f9e7c76b4c5e] [] [] | http-nio-8080-exec-9 | c.g.service.InventoryStockService | OPERATION_SUCCESS | operation=INCREMENT_FILLED_QTY | variantId=1 | newQty=20
2026-01-06 13:39:42.676 | INFO  | [cd0f9d9a-873f-4bf0-a04d-f9e7c76b4c5e] [] [] | http-nio-8080-exec-9 | c.g.service.InventoryStockService | OPERATION_SUCCESS | operation=DECREMENT_EMPTY_QTY | variantId=1 | newQty=0
2026-01-06 13:39:42.676 | INFO  | [cd0f9d9a-873f-4bf0-a04d-f9e7c76b4c5e] [] [] | http-nio-8080-exec-9 | c.g.s.SupplierTransactionService | OPERATION_SUCCESS | operation=RECORD_TRANSACTION | id=1 | supplierId=1 | filled=20
2026-01-06 13:39:49.692 | WARN  | [3a137d22-45f2-46c9-9d52-665e39d52c08] [] [] | http-nio-8080-exec-5 | c.g.service.MonthlyPriceService | OPERATION_FAILED | operation=GET_PRICE_FOR_VARIANT_MONTH | error=Price not found | variantId=1 | month=2026-01-01
2026-01-06 13:40:11.080 | INFO  | [6446d9e0-5244-4ce5-a524-bc1445721774] [] [] | http-nio-8080-exec-3 | c.g.service.MonthlyPriceService | OPERATION_START | operation=CREATE_PRICE | variantId=1 | month=2026-01-01
2026-01-06 13:40:11.113 | INFO  | [6446d9e0-5244-4ce5-a524-bc1445721774] [] [] | http-nio-8080-exec-3 | c.g.service.MonthlyPriceService | OPERATION_SUCCESS | operation=CREATE_PRICE | id=1 | variant=19KG | price=1500
2026-01-06 13:40:32.548 | INFO  | [8e2d7cb8-190b-4122-873c-61003bccba77] [] [] | http-nio-8080-exec-4 | c.g.s.SupplierTransactionService | OPERATION_START | operation=RECORD_TRANSACTION | supplierId=1 | variantId=1
2026-01-06 13:40:32.565 | INFO  | [8e2d7cb8-190b-4122-873c-61003bccba77] [] [] | http-nio-8080-exec-4 | c.g.service.InventoryStockService | OPERATION_SUCCESS | operation=INCREMENT_FILLED_QTY | variantId=1 | newQty=22
2026-01-06 13:40:32.581 | INFO  | [8e2d7cb8-190b-4122-873c-61003bccba77] [] [] | http-nio-8080-exec-4 | c.g.service.InventoryStockService | OPERATION_SUCCESS | operation=DECREMENT_EMPTY_QTY | variantId=1 | newQty=0
2026-01-06 13:40:32.581 | INFO  | [8e2d7cb8-190b-4122-873c-61003bccba77] [] [] | http-nio-8080-exec-4 | c.g.s.SupplierTransactionService | OPERATION_SUCCESS | operation=RECORD_TRANSACTION | id=2 | supplierId=1 | filled=2
2026-01-06 13:41:23.456 | INFO  | [2c76e516-67f2-4cc5-9548-1dbc41f675c9] [] [042bd33e-facd-47e5-a619-b95d4152dad8] | http-nio-8080-exec-10 | com.gasagency.service.SaleService | Creating new sale with request: com.gasagency.dto.CreateSaleRequestDTO@7b978e0e
2026-01-06 13:41:23.494 | INFO  | [2c76e516-67f2-4cc5-9548-1dbc41f675c9] [] [042bd33e-facd-47e5-a619-b95d4152dad8] | http-nio-8080-exec-10 | com.gasagency.service.SaleService | Sale validation complete - Total amount: 3000.00, Items: 1
2026-01-06 13:41:23.528 | INFO  | [2c76e516-67f2-4cc5-9548-1dbc41f675c9] [] [042bd33e-facd-47e5-a619-b95d4152dad8] | http-nio-8080-exec-10 | com.gasagency.service.SaleService | Sale created with id: 1 for customer: Tushar - Total: 3000.00
2026-01-06 13:41:23.542 | INFO  | [2c76e516-67f2-4cc5-9548-1dbc41f675c9] [] [042bd33e-facd-47e5-a619-b95d4152dad8] | http-nio-8080-exec-10 | c.g.service.InventoryStockService | OPERATION_START | operation=DECREMENT_FILLED_WITH_CHECK | variantId=1 | qty=2
2026-01-06 13:41:23.558 | INFO  | [2c76e516-67f2-4cc5-9548-1dbc41f675c9] [] [042bd33e-facd-47e5-a619-b95d4152dad8] | http-nio-8080-exec-10 | c.g.service.InventoryStockService | OPERATION_SUCCESS | operation=DECREMENT_FILLED_QTY_CHECK | variantId=1 | newQty=20
2026-01-06 13:41:23.558 | INFO  | [2c76e516-67f2-4cc5-9548-1dbc41f675c9] [] [042bd33e-facd-47e5-a619-b95d4152dad8] | http-nio-8080-exec-10 | c.g.service.InventoryStockService | OPERATION_START | operation=INCREMENT_EMPTY_QTY | variantId=1 | qty=0
2026-01-06 13:41:23.558 | INFO  | [2c76e516-67f2-4cc5-9548-1dbc41f675c9] [] [042bd33e-facd-47e5-a619-b95d4152dad8] | http-nio-8080-exec-10 | c.g.service.InventoryStockService | OPERATION_SUCCESS | operation=INCREMENT_EMPTY_QTY | variantId=1 | newEmptyQty=No increment (qty=0)
2026-01-06 13:41:23.574 | INFO  | [2c76e516-67f2-4cc5-9548-1dbc41f675c9] [] [042bd33e-facd-47e5-a619-b95d4152dad8] | http-nio-8080-exec-10 | c.g.s.CustomerCylinderLedgerService | OPERATION_START | operation=CREATE_LEDGER_ENTRY | customerId=1 | variantId=1
2026-01-06 13:41:23.594 | INFO  | [2c76e516-67f2-4cc5-9548-1dbc41f675c9] [] [042bd33e-facd-47e5-a619-b95d4152dad8] | http-nio-8080-exec-10 | c.g.s.CustomerCylinderLedgerService | OPERATION_SUCCESS | operation=CREATE_LEDGER_ENTRY | id=1 | customerId=1 | balance=2
2026-01-06 13:41:23.594 | INFO  | [2c76e516-67f2-4cc5-9548-1dbc41f675c9] [] [042bd33e-facd-47e5-a619-b95d4152dad8] | http-nio-8080-exec-10 | com.gasagency.service.SaleService | Sale 1 completed successfully for customer Tushar
2026-01-06 13:41:23.594 | INFO  | [2c76e516-67f2-4cc5-9548-1dbc41f675c9] [] [042bd33e-facd-47e5-a619-b95d4152dad8] | http-nio-8080-exec-10 | com.gasagency.service.SaleService | TRANSACTION_SUMMARY | txnId=042bd33e-facd-47e5-a619-b95d4152dad8 | saleId=1 | customer=Tushar | amount=3000.00 | duration=138ms
2026-01-06 13:47:03.791 | INFO  | [51858102-3c03-41c1-a699-5e2177d7db80] [] [9a931532-f2ed-4ee5-9ce7-160933e477dd] | http-nio-8080-exec-3 | com.gasagency.service.SaleService | Creating new sale with request: com.gasagency.dto.CreateSaleRequestDTO@57308e13
2026-01-06 13:47:03.812 | INFO  | [51858102-3c03-41c1-a699-5e2177d7db80] [] [9a931532-f2ed-4ee5-9ce7-160933e477dd] | http-nio-8080-exec-3 | com.gasagency.service.SaleService | Sale validation complete - Total amount: 3000.00, Items: 1
2026-01-06 13:47:03.817 | INFO  | [51858102-3c03-41c1-a699-5e2177d7db80] [] [9a931532-f2ed-4ee5-9ce7-160933e477dd] | http-nio-8080-exec-3 | com.gasagency.service.SaleService | Sale created with id: 2 for customer: Tushar - Total: 3000.00
2026-01-06 13:47:03.817 | INFO  | [51858102-3c03-41c1-a699-5e2177d7db80] [] [9a931532-f2ed-4ee5-9ce7-160933e477dd] | http-nio-8080-exec-3 | c.g.service.InventoryStockService | OPERATION_START | operation=DECREMENT_FILLED_WITH_CHECK | variantId=1 | qty=2
2026-01-06 13:47:03.849 | INFO  | [51858102-3c03-41c1-a699-5e2177d7db80] [] [9a931532-f2ed-4ee5-9ce7-160933e477dd] | http-nio-8080-exec-3 | c.g.service.InventoryStockService | OPERATION_SUCCESS | operation=DECREMENT_FILLED_QTY_CHECK | variantId=1 | newQty=18
2026-01-06 13:47:03.849 | INFO  | [51858102-3c03-41c1-a699-5e2177d7db80] [] [9a931532-f2ed-4ee5-9ce7-160933e477dd] | http-nio-8080-exec-3 | c.g.service.InventoryStockService | OPERATION_START | operation=INCREMENT_EMPTY_QTY | variantId=1 | qty=0
2026-01-06 13:47:03.849 | INFO  | [51858102-3c03-41c1-a699-5e2177d7db80] [] [9a931532-f2ed-4ee5-9ce7-160933e477dd] | http-nio-8080-exec-3 | c.g.service.InventoryStockService | OPERATION_SUCCESS | operation=INCREMENT_EMPTY_QTY | variantId=1 | newEmptyQty=No increment (qty=0)
2026-01-06 13:47:03.849 | INFO  | [51858102-3c03-41c1-a699-5e2177d7db80] [] [9a931532-f2ed-4ee5-9ce7-160933e477dd] | http-nio-8080-exec-3 | c.g.s.CustomerCylinderLedgerService | OPERATION_START | operation=CREATE_LEDGER_ENTRY | customerId=1 | variantId=1
2026-01-06 13:47:03.855 | INFO  | [51858102-3c03-41c1-a699-5e2177d7db80] [] [9a931532-f2ed-4ee5-9ce7-160933e477dd] | http-nio-8080-exec-3 | c.g.s.CustomerCylinderLedgerService | OPERATION_SUCCESS | operation=CREATE_LEDGER_ENTRY | id=2 | customerId=1 | balance=4
2026-01-06 13:47:03.855 | INFO  | [51858102-3c03-41c1-a699-5e2177d7db80] [] [9a931532-f2ed-4ee5-9ce7-160933e477dd] | http-nio-8080-exec-3 | com.gasagency.service.SaleService | Sale 2 completed successfully for customer Tushar
2026-01-06 13:47:03.855 | INFO  | [51858102-3c03-41c1-a699-5e2177d7db80] [] [9a931532-f2ed-4ee5-9ce7-160933e477dd] | http-nio-8080-exec-3 | com.gasagency.service.SaleService | TRANSACTION_SUMMARY | txnId=9a931532-f2ed-4ee5-9ce7-160933e477dd | saleId=2 | customer=Tushar | amount=3000.00 | duration=64ms
2026-01-06 13:53:42.796 | INFO  | [a82636bb-38e7-479e-938c-f3fb16f31e7c] [] [] | http-nio-8080-exec-5 | c.g.s.CustomerCylinderLedgerService | OPERATION_START | operation=CREATE_LEDGER_ENTRY | customerId=1 | variantId=1
2026-01-06 13:53:42.812 | INFO  | [a82636bb-38e7-479e-938c-f3fb16f31e7c] [] [] | http-nio-8080-exec-5 | c.g.s.CustomerCylinderLedgerService | OPERATION_SUCCESS | operation=CREATE_LEDGER_ENTRY | id=3 | customerId=1 | balance=2
2026-01-06 13:53:42.812 | INFO  | [a82636bb-38e7-479e-938c-f3fb16f31e7c] [] [] | http-nio-8080-exec-5 | c.g.service.InventoryStockService | OPERATION_START | operation=INCREMENT_EMPTY_QTY | variantId=1 | qty=2
2026-01-06 13:53:42.819 | INFO  | [a82636bb-38e7-479e-938c-f3fb16f31e7c] [] [] | http-nio-8080-exec-5 | c.g.service.InventoryStockService | OPERATION_SUCCESS | operation=INCREMENT_EMPTY_QTY | variantId=1 | newEmptyQty=2
2026-01-06 13:56:15.363 | INFO  | [1bf937ee-0c3e-4686-b622-a85c3010fae5] [] [] | http-nio-8080-exec-7 | c.g.service.CylinderVariantService | OPERATION_START | operation=CREATE_VARIANT | name=5KG
2026-01-06 13:56:15.373 | INFO  | [1bf937ee-0c3e-4686-b622-a85c3010fae5] [] [] | http-nio-8080-exec-7 | c.g.service.CylinderVariantService | OPERATION_SUCCESS | operation=CREATE_VARIANT | id=2 | name=5KG
2026-01-06 13:56:38.932 | INFO  | [085d18f4-90fe-4387-b7b0-617bb2ae8471] [] [] | http-nio-8080-exec-2 | c.g.s.SupplierTransactionService | OPERATION_START | operation=RECORD_TRANSACTION | supplierId=1 | variantId=2
2026-01-06 13:56:38.941 | INFO  | [085d18f4-90fe-4387-b7b0-617bb2ae8471] [] [] | http-nio-8080-exec-2 | c.g.service.InventoryStockService | OPERATION_SUCCESS | operation=INCREMENT_FILLED_QTY | variantId=2 | newQty=10
2026-01-06 13:56:38.949 | INFO  | [085d18f4-90fe-4387-b7b0-617bb2ae8471] [] [] | http-nio-8080-exec-2 | c.g.service.InventoryStockService | OPERATION_SUCCESS | operation=DECREMENT_EMPTY_QTY | variantId=2 | newQty=0
2026-01-06 13:56:38.949 | INFO  | [085d18f4-90fe-4387-b7b0-617bb2ae8471] [] [] | http-nio-8080-exec-2 | c.g.s.SupplierTransactionService | OPERATION_SUCCESS | operation=RECORD_TRANSACTION | id=3 | supplierId=1 | filled=10
2026-01-06 13:57:07.226 | WARN  | [d1fe465c-05f3-4d22-8ea1-9a7585bdb768] [] [] | http-nio-8080-exec-9 | c.g.service.MonthlyPriceService | OPERATION_FAILED | operation=GET_PRICE_FOR_VARIANT_MONTH | error=Price not found | variantId=2 | month=2026-01-01
2026-01-06 13:57:19.793 | INFO  | [685c5e3e-99d9-49d5-afa3-49c004ec53f4] [] [] | http-nio-8080-exec-3 | c.g.service.MonthlyPriceService | OPERATION_START | operation=CREATE_PRICE | variantId=2 | month=2026-01-01
2026-01-06 13:57:19.802 | INFO  | [685c5e3e-99d9-49d5-afa3-49c004ec53f4] [] [] | http-nio-8080-exec-3 | c.g.service.MonthlyPriceService | OPERATION_SUCCESS | operation=CREATE_PRICE | id=2 | variant=5KG | price=500
2026-01-06 13:57:32.662 | INFO  | [2ea523d9-2abd-4533-b801-99c004b69a3f] [] [d7a131ef-932f-4a6f-a9df-74b0abd04ec0] | http-nio-8080-exec-5 | com.gasagency.service.SaleService | Creating new sale with request: com.gasagency.dto.CreateSaleRequestDTO@3bf5abc2
2026-01-06 13:57:32.671 | INFO  | [2ea523d9-2abd-4533-b801-99c004b69a3f] [] [d7a131ef-932f-4a6f-a9df-74b0abd04ec0] | http-nio-8080-exec-5 | com.gasagency.service.SaleService | Sale validation complete - Total amount: 500.00, Items: 1
2026-01-06 13:57:32.671 | INFO  | [2ea523d9-2abd-4533-b801-99c004b69a3f] [] [d7a131ef-932f-4a6f-a9df-74b0abd04ec0] | http-nio-8080-exec-5 | com.gasagency.service.SaleService | Sale created with id: 3 for customer: Tushar - Total: 500.00
2026-01-06 13:57:32.671 | INFO  | [2ea523d9-2abd-4533-b801-99c004b69a3f] [] [d7a131ef-932f-4a6f-a9df-74b0abd04ec0] | http-nio-8080-exec-5 | c.g.service.InventoryStockService | OPERATION_START | operation=DECREMENT_FILLED_WITH_CHECK | variantId=2 | qty=1
2026-01-06 13:57:32.679 | INFO  | [2ea523d9-2abd-4533-b801-99c004b69a3f] [] [d7a131ef-932f-4a6f-a9df-74b0abd04ec0] | http-nio-8080-exec-5 | c.g.service.InventoryStockService | OPERATION_SUCCESS | operation=DECREMENT_FILLED_QTY_CHECK | variantId=2 | newQty=9
2026-01-06 13:57:32.679 | INFO  | [2ea523d9-2abd-4533-b801-99c004b69a3f] [] [d7a131ef-932f-4a6f-a9df-74b0abd04ec0] | http-nio-8080-exec-5 | c.g.service.InventoryStockService | OPERATION_START | operation=INCREMENT_EMPTY_QTY | variantId=2 | qty=0
2026-01-06 13:57:32.679 | INFO  | [2ea523d9-2abd-4533-b801-99c004b69a3f] [] [d7a131ef-932f-4a6f-a9df-74b0abd04ec0] | http-nio-8080-exec-5 | c.g.service.InventoryStockService | OPERATION_SUCCESS | operation=INCREMENT_EMPTY_QTY | variantId=2 | newEmptyQty=No increment (qty=0)
2026-01-06 13:57:32.679 | INFO  | [2ea523d9-2abd-4533-b801-99c004b69a3f] [] [d7a131ef-932f-4a6f-a9df-74b0abd04ec0] | http-nio-8080-exec-5 | c.g.s.CustomerCylinderLedgerService | OPERATION_START | operation=CREATE_LEDGER_ENTRY | customerId=1 | variantId=2
2026-01-06 13:57:32.685 | INFO  | [2ea523d9-2abd-4533-b801-99c004b69a3f] [] [d7a131ef-932f-4a6f-a9df-74b0abd04ec0] | http-nio-8080-exec-5 | c.g.s.CustomerCylinderLedgerService | OPERATION_SUCCESS | operation=CREATE_LEDGER_ENTRY | id=4 | customerId=1 | balance=1
2026-01-06 13:57:32.685 | INFO  | [2ea523d9-2abd-4533-b801-99c004b69a3f] [] [d7a131ef-932f-4a6f-a9df-74b0abd04ec0] | http-nio-8080-exec-5 | com.gasagency.service.SaleService | Sale 3 completed successfully for customer Tushar
2026-01-06 13:57:32.685 | INFO  | [2ea523d9-2abd-4533-b801-99c004b69a3f] [] [d7a131ef-932f-4a6f-a9df-74b0abd04ec0] | http-nio-8080-exec-5 | com.gasagency.service.SaleService | TRANSACTION_SUMMARY | txnId=d7a131ef-932f-4a6f-a9df-74b0abd04ec0 | saleId=3 | customer=Tushar | amount=500.00 | duration=23ms
2026-01-06 14:23:01.568 | INFO  | [2073306a-0cc4-45ca-a541-30dc312006a5] [] [] | http-nio-8080-exec-2 | c.gasagency.service.CustomerService | OPERATION_START | operation=UPDATE_CUSTOMER | id=1 | name=Tushar Rokade
2026-01-06 14:23:01.573 | INFO  | [2073306a-0cc4-45ca-a541-30dc312006a5] [] [] | http-nio-8080-exec-2 | c.gasagency.service.CustomerService | OPERATION_SUCCESS | operation=UPDATE_CUSTOMER | id=1 | name=Tushar Rokade
2026-01-06 14:24:10.742 | INFO  | [1d9df86e-8a7f-4bbe-b2fc-e85829bc9856] [] [] | http-nio-8080-exec-8 | c.gasagency.service.CustomerService | OPERATION_START | operation=UPDATE_CUSTOMER | id=1 | name=Tushar Rokade
2026-01-06 14:24:10.750 | INFO  | [1d9df86e-8a7f-4bbe-b2fc-e85829bc9856] [] [] | http-nio-8080-exec-8 | c.gasagency.service.CustomerService | OPERATION_SUCCESS | operation=UPDATE_CUSTOMER | id=1 | name=Tushar Rokade
2026-01-06 14:28:55.672 | INFO  | [ef9c84e3-f955-44b3-92d2-0befa7f09db6] [] [] | http-nio-8080-exec-6 | c.gasagency.service.CustomerService | OPERATION_START | operation=UPDATE_CUSTOMER | id=1 | name=Tushar Rokade
2026-01-06 14:28:55.680 | INFO  | [ef9c84e3-f955-44b3-92d2-0befa7f09db6] [] [] | http-nio-8080-exec-6 | c.gasagency.service.CustomerService | OPERATION_SUCCESS | operation=UPDATE_CUSTOMER | id=1 | name=Tushar Rokade
2026-01-06 14:29:14.586 | INFO  | [ca547afa-aea8-4ed6-9c5c-2381c3f51ca9] [] [] | http-nio-8080-exec-3 | c.gasagency.service.CustomerService | OPERATION_START | operation=UPDATE_CUSTOMER | id=1 | name=Tushar Rokadee
2026-01-06 14:29:14.596 | INFO  | [ca547afa-aea8-4ed6-9c5c-2381c3f51ca9] [] [] | http-nio-8080-exec-3 | c.gasagency.service.CustomerService | OPERATION_SUCCESS | operation=UPDATE_CUSTOMER | id=1 | name=Tushar Rokadee
2026-01-06 14:30:57.207 | INFO  | [ef58f03c-27d7-4dd9-b0b1-76d2fbf4acbe] [] [] | http-nio-8080-exec-1 | c.gasagency.service.CustomerService | OPERATION_START | operation=UPDATE_CUSTOMER | id=1 | name=Tushar Rokade
2026-01-06 14:30:57.210 | INFO  | [ef58f03c-27d7-4dd9-b0b1-76d2fbf4acbe] [] [] | http-nio-8080-exec-1 | c.gasagency.service.CustomerService | OPERATION_SUCCESS | operation=UPDATE_CUSTOMER | id=1 | name=Tushar Rokade
2026-01-06 14:33:56.557 | INFO  | [671a17ec-be46-4a5d-b75c-b0ddcfe8348b] [] [] | http-nio-8080-exec-3 | c.g.s.CustomerCylinderLedgerService | OPERATION_START | operation=CREATE_LEDGER_ENTRY | customerId=1 | variantId=1
2026-01-06 14:33:56.560 | INFO  | [671a17ec-be46-4a5d-b75c-b0ddcfe8348b] [] [] | http-nio-8080-exec-3 | c.g.s.CustomerCylinderLedgerService | OPERATION_SUCCESS | operation=CREATE_LEDGER_ENTRY | id=5 | customerId=1 | balance=1
2026-01-06 14:33:56.560 | INFO  | [671a17ec-be46-4a5d-b75c-b0ddcfe8348b] [] [] | http-nio-8080-exec-3 | c.g.service.InventoryStockService | OPERATION_START | operation=INCREMENT_EMPTY_QTY | variantId=1 | qty=1
2026-01-06 14:33:56.574 | INFO  | [671a17ec-be46-4a5d-b75c-b0ddcfe8348b] [] [] | http-nio-8080-exec-3 | c.g.service.InventoryStockService | OPERATION_SUCCESS | operation=INCREMENT_EMPTY_QTY | variantId=1 | newEmptyQty=3
2026-01-06 14:36:08.516 | INFO  | [eb0af2c5-7523-4e0d-8ceb-ea867d14cd33] [] [] | http-nio-8080-exec-9 | c.gasagency.service.CustomerService | OPERATION_START | operation=UPDATE_CUSTOMER | id=1 | name=Tushar Rokade
2026-01-06 14:36:08.525 | INFO  | [eb0af2c5-7523-4e0d-8ceb-ea867d14cd33] [] [] | http-nio-8080-exec-9 | c.gasagency.service.CustomerService | OPERATION_SUCCESS | operation=UPDATE_CUSTOMER | id=1 | name=Tushar Rokade
2026-01-06 15:13:06.811 | INFO  | [259d9c73-4474-4f98-8d58-0887bea6e5c4] [] [] | http-nio-8080-exec-3 | c.gasagency.service.CustomerService | OPERATION_START | operation=UPDATE_CUSTOMER | id=1 | name=Tushar Rokade
2026-01-06 15:13:06.819 | INFO  | [259d9c73-4474-4f98-8d58-0887bea6e5c4] [] [] | http-nio-8080-exec-3 | c.gasagency.service.CustomerService | OPERATION_SUCCESS | operation=UPDATE_CUSTOMER | id=1 | name=Tushar Rokade
2026-01-06 15:15:04.279 | INFO  | [7d0b2b65-147d-4fea-9c61-662634c18a49] [] [] | http-nio-8080-exec-8 | c.gasagency.service.CustomerService | OPERATION_START | operation=UPDATE_CUSTOMER | id=1 | name=Tushar Rokade
2026-01-06 15:15:04.284 | INFO  | [7d0b2b65-147d-4fea-9c61-662634c18a49] [] [] | http-nio-8080-exec-8 | c.gasagency.service.CustomerService | OPERATION_SUCCESS | operation=UPDATE_CUSTOMER | id=1 | name=Tushar Rokade
2026-01-06 15:15:39.170 | INFO  | [94fd8b91-5a87-49a4-9fa4-c93ee4a8796f] [] [] | http-nio-8080-exec-2 | c.g.s.CustomerCylinderLedgerService | OPERATION_START | operation=CREATE_LEDGER_ENTRY | customerId=1 | variantId=1
2026-01-06 15:15:39.177 | WARN  | [94fd8b91-5a87-49a4-9fa4-c93ee4a8796f] [] [] | http-nio-8080-exec-2 | c.g.s.CustomerCylinderLedgerService | OPERATION_FAILED | operation=CREATE_LEDGER_ENTRY | error=Empty return exceeds filled cylinders held (after this sale) | customerId=1 | variantId=1 | previousBalance=1 | filledOut=0 | emptyIn=2
2026-01-06 15:15:41.982 | INFO  | [9d84a2ae-3976-45a3-80f7-2f9bbef875b3] [] [] | http-nio-8080-exec-9 | c.g.s.CustomerCylinderLedgerService | OPERATION_START | operation=CREATE_LEDGER_ENTRY | customerId=1 | variantId=1
2026-01-06 15:15:41.992 | INFO  | [9d84a2ae-3976-45a3-80f7-2f9bbef875b3] [] [] | http-nio-8080-exec-9 | c.g.s.CustomerCylinderLedgerService | OPERATION_SUCCESS | operation=CREATE_LEDGER_ENTRY | id=6 | customerId=1 | balance=0
2026-01-06 15:15:41.992 | INFO  | [9d84a2ae-3976-45a3-80f7-2f9bbef875b3] [] [] | http-nio-8080-exec-9 | c.g.service.InventoryStockService | OPERATION_START | operation=INCREMENT_EMPTY_QTY | variantId=1 | qty=1
2026-01-06 15:15:42.002 | INFO  | [9d84a2ae-3976-45a3-80f7-2f9bbef875b3] [] [] | http-nio-8080-exec-9 | c.g.service.InventoryStockService | OPERATION_SUCCESS | operation=INCREMENT_EMPTY_QTY | variantId=1 | newEmptyQty=4
2026-01-06 15:15:49.726 | INFO  | [1e5016c3-dcc3-4b87-b26e-db66f5103287] [] [] | http-nio-8080-exec-6 | c.g.s.CustomerCylinderLedgerService | OPERATION_START | operation=CREATE_LEDGER_ENTRY | customerId=1 | variantId=2
2026-01-06 15:15:49.728 | INFO  | [1e5016c3-dcc3-4b87-b26e-db66f5103287] [] [] | http-nio-8080-exec-6 | c.g.s.CustomerCylinderLedgerService | OPERATION_SUCCESS | operation=CREATE_LEDGER_ENTRY | id=7 | customerId=1 | balance=0
2026-01-06 15:15:49.728 | INFO  | [1e5016c3-dcc3-4b87-b26e-db66f5103287] [] [] | http-nio-8080-exec-6 | c.g.service.InventoryStockService | OPERATION_START | operation=INCREMENT_EMPTY_QTY | variantId=2 | qty=1
2026-01-06 15:15:49.737 | INFO  | [1e5016c3-dcc3-4b87-b26e-db66f5103287] [] [] | http-nio-8080-exec-6 | c.g.service.InventoryStockService | OPERATION_SUCCESS | operation=INCREMENT_EMPTY_QTY | variantId=2 | newEmptyQty=1
2026-01-06 15:20:10.849 | INFO  | [4d6963a1-5f3a-4aec-841b-daa50f7609f6] [] [c25bacd4-73c3-49bd-8a40-ad2901712f64] | http-nio-8080-exec-4 | com.gasagency.service.SaleService | Creating new sale with request: com.gasagency.dto.CreateSaleRequestDTO@41e17414
2026-01-06 15:20:10.856 | INFO  | [4d6963a1-5f3a-4aec-841b-daa50f7609f6] [] [c25bacd4-73c3-49bd-8a40-ad2901712f64] | http-nio-8080-exec-4 | com.gasagency.service.SaleService | Sale validation complete - Total amount: 3500.00, Items: 1
2026-01-06 15:20:10.864 | INFO  | [4d6963a1-5f3a-4aec-841b-daa50f7609f6] [] [c25bacd4-73c3-49bd-8a40-ad2901712f64] | http-nio-8080-exec-4 | com.gasagency.service.SaleService | Sale created with id: 4 for customer: Tushar Rokade - Total: 3500.00
2026-01-06 15:20:10.864 | INFO  | [4d6963a1-5f3a-4aec-841b-daa50f7609f6] [] [c25bacd4-73c3-49bd-8a40-ad2901712f64] | http-nio-8080-exec-4 | c.g.service.InventoryStockService | OPERATION_START | operation=DECREMENT_FILLED_WITH_CHECK | variantId=1 | qty=3
2026-01-06 15:20:10.873 | INFO  | [4d6963a1-5f3a-4aec-841b-daa50f7609f6] [] [c25bacd4-73c3-49bd-8a40-ad2901712f64] | http-nio-8080-exec-4 | c.g.service.InventoryStockService | OPERATION_SUCCESS | operation=DECREMENT_FILLED_QTY_CHECK | variantId=1 | newQty=15
2026-01-06 15:20:10.873 | INFO  | [4d6963a1-5f3a-4aec-841b-daa50f7609f6] [] [c25bacd4-73c3-49bd-8a40-ad2901712f64] | http-nio-8080-exec-4 | c.g.service.InventoryStockService | OPERATION_START | operation=INCREMENT_EMPTY_QTY | variantId=1 | qty=0
2026-01-06 15:20:10.873 | INFO  | [4d6963a1-5f3a-4aec-841b-daa50f7609f6] [] [c25bacd4-73c3-49bd-8a40-ad2901712f64] | http-nio-8080-exec-4 | c.g.service.InventoryStockService | OPERATION_SUCCESS | operation=INCREMENT_EMPTY_QTY | variantId=1 | newEmptyQty=No increment (qty=0)
2026-01-06 15:20:10.873 | INFO  | [4d6963a1-5f3a-4aec-841b-daa50f7609f6] [] [c25bacd4-73c3-49bd-8a40-ad2901712f64] | http-nio-8080-exec-4 | c.g.s.CustomerCylinderLedgerService | OPERATION_START | operation=CREATE_LEDGER_ENTRY | customerId=1 | variantId=1
2026-01-06 15:20:10.873 | INFO  | [4d6963a1-5f3a-4aec-841b-daa50f7609f6] [] [c25bacd4-73c3-49bd-8a40-ad2901712f64] | http-nio-8080-exec-4 | c.g.s.CustomerCylinderLedgerService | OPERATION_SUCCESS | operation=CREATE_LEDGER_ENTRY | id=8 | customerId=1 | balance=3
2026-01-06 15:20:10.873 | INFO  | [4d6963a1-5f3a-4aec-841b-daa50f7609f6] [] [c25bacd4-73c3-49bd-8a40-ad2901712f64] | http-nio-8080-exec-4 | com.gasagency.service.SaleService | Sale 4 completed successfully for customer Tushar Rokade
2026-01-06 15:20:10.881 | INFO  | [4d6963a1-5f3a-4aec-841b-daa50f7609f6] [] [c25bacd4-73c3-49bd-8a40-ad2901712f64] | http-nio-8080-exec-4 | com.gasagency.service.SaleService | TRANSACTION_SUMMARY | txnId=c25bacd4-73c3-49bd-8a40-ad2901712f64 | saleId=4 | customer=Tushar Rokade | amount=3500.00 | duration=24ms
2026-01-06 15:35:45.566 | INFO  | [f03bd57d-20bf-4e18-8ef7-6f48e9438d5b] [] [] | http-nio-8080-exec-8 | c.g.service.CylinderVariantService | OPERATION_START | operation=CREATE_VARIANT | name=19KG
2026-01-06 15:35:45.770 | INFO  | [f03bd57d-20bf-4e18-8ef7-6f48e9438d5b] [] [] | http-nio-8080-exec-8 | c.g.service.CylinderVariantService | OPERATION_SUCCESS | operation=CREATE_VARIANT | id=1 | name=19KG
2026-01-06 15:35:51.846 | INFO  | [f46a0444-a6e3-4f07-b03a-3877507da783] [] [] | http-nio-8080-exec-4 | c.g.service.MonthlyPriceService | OPERATION_START | operation=CREATE_PRICE | variantId=1 | month=2026-01-01
2026-01-06 15:35:51.921 | INFO  | [f46a0444-a6e3-4f07-b03a-3877507da783] [] [] | http-nio-8080-exec-4 | c.g.service.MonthlyPriceService | OPERATION_SUCCESS | operation=CREATE_PRICE | id=1 | variant=19KG | price=2000
2026-01-06 15:36:04.718 | INFO  | [bac87885-e743-4a75-b6fc-fe04857a8f5d] [] [] | http-nio-8080-exec-7 | c.gasagency.service.SupplierService | OPERATION_START | operation=CREATE_SUPPLIER | name=Aa
2026-01-06 15:36:04.743 | INFO  | [bac87885-e743-4a75-b6fc-fe04857a8f5d] [] [] | http-nio-8080-exec-7 | c.gasagency.service.SupplierService | OPERATION_SUCCESS | operation=CREATE_SUPPLIER | id=1 | name=Aa
2026-01-06 15:36:19.418 | INFO  | [23e65748-00e3-4426-8e1e-3470150d1b6c] [] [] | http-nio-8080-exec-10 | c.g.s.SupplierTransactionService | OPERATION_START | operation=RECORD_TRANSACTION | supplierId=1 | variantId=1
2026-01-06 15:36:19.561 | INFO  | [23e65748-00e3-4426-8e1e-3470150d1b6c] [] [] | http-nio-8080-exec-10 | c.g.service.InventoryStockService | OPERATION_SUCCESS | operation=INCREMENT_FILLED_QTY | variantId=1 | newQty=10
2026-01-06 15:36:19.628 | INFO  | [23e65748-00e3-4426-8e1e-3470150d1b6c] [] [] | http-nio-8080-exec-10 | c.g.service.InventoryStockService | OPERATION_SUCCESS | operation=DECREMENT_EMPTY_QTY | variantId=1 | newQty=0
2026-01-06 15:36:19.629 | INFO  | [23e65748-00e3-4426-8e1e-3470150d1b6c] [] [] | http-nio-8080-exec-10 | c.g.s.SupplierTransactionService | OPERATION_SUCCESS | operation=RECORD_TRANSACTION | id=1 | supplierId=1 | filled=10
2026-01-06 15:36:40.316 | INFO  | [c8039de2-fb02-48b9-a022-e168b5eae0da] [] [] | http-nio-8080-exec-8 | c.gasagency.service.CustomerService | OPERATION_START | operation=CREATE_CUSTOMER | name=Tushar
2026-01-06 15:36:40.340 | INFO  | [c8039de2-fb02-48b9-a022-e168b5eae0da] [] [] | http-nio-8080-exec-8 | c.gasagency.service.CustomerService | OPERATION_SUCCESS | operation=CREATE_CUSTOMER | id=1 | name=Tushar | mobile=7689098756
2026-01-06 15:36:59.763 | INFO  | [6cc5688d-9cca-4af6-91f8-0c45843a8500] [] [de64e0ef-9512-457c-9c2d-036c140fd55c] | http-nio-8080-exec-10 | com.gasagency.service.SaleService | Creating new sale with request: com.gasagency.dto.CreateSaleRequestDTO@d2566f7
2026-01-06 15:36:59.788 | INFO  | [6cc5688d-9cca-4af6-91f8-0c45843a8500] [] [de64e0ef-9512-457c-9c2d-036c140fd55c] | http-nio-8080-exec-10 | com.gasagency.service.SaleService | Sale validation complete - Total amount: 3900.00, Items: 1
2026-01-06 15:36:59.830 | INFO  | [6cc5688d-9cca-4af6-91f8-0c45843a8500] [] [de64e0ef-9512-457c-9c2d-036c140fd55c] | http-nio-8080-exec-10 | com.gasagency.service.SaleService | Sale created with id: 1 for customer: Tushar - Total: 3900.00
2026-01-06 15:36:59.844 | INFO  | [6cc5688d-9cca-4af6-91f8-0c45843a8500] [] [de64e0ef-9512-457c-9c2d-036c140fd55c] | http-nio-8080-exec-10 | c.g.service.InventoryStockService | OPERATION_START | operation=DECREMENT_FILLED_WITH_CHECK | variantId=1 | qty=2
2026-01-06 15:36:59.852 | INFO  | [6cc5688d-9cca-4af6-91f8-0c45843a8500] [] [de64e0ef-9512-457c-9c2d-036c140fd55c] | http-nio-8080-exec-10 | c.g.service.InventoryStockService | OPERATION_SUCCESS | operation=DECREMENT_FILLED_QTY_CHECK | variantId=1 | newQty=8
2026-01-06 15:36:59.868 | INFO  | [6cc5688d-9cca-4af6-91f8-0c45843a8500] [] [de64e0ef-9512-457c-9c2d-036c140fd55c] | http-nio-8080-exec-10 | c.g.service.InventoryStockService | OPERATION_START | operation=INCREMENT_EMPTY_QTY | variantId=1 | qty=0
2026-01-06 15:36:59.868 | INFO  | [6cc5688d-9cca-4af6-91f8-0c45843a8500] [] [de64e0ef-9512-457c-9c2d-036c140fd55c] | http-nio-8080-exec-10 | c.g.service.InventoryStockService | OPERATION_SUCCESS | operation=INCREMENT_EMPTY_QTY | variantId=1 | newEmptyQty=No increment (qty=0)
2026-01-06 15:36:59.869 | INFO  | [6cc5688d-9cca-4af6-91f8-0c45843a8500] [] [de64e0ef-9512-457c-9c2d-036c140fd55c] | http-nio-8080-exec-10 | c.g.s.CustomerCylinderLedgerService | OPERATION_START | operation=CREATE_LEDGER_ENTRY | customerId=1 | variantId=1
2026-01-06 15:36:59.888 | INFO  | [6cc5688d-9cca-4af6-91f8-0c45843a8500] [] [de64e0ef-9512-457c-9c2d-036c140fd55c] | http-nio-8080-exec-10 | c.g.s.CustomerCylinderLedgerService | OPERATION_SUCCESS | operation=CREATE_LEDGER_ENTRY | id=1 | customerId=1 | balance=2
2026-01-06 15:36:59.888 | INFO  | [6cc5688d-9cca-4af6-91f8-0c45843a8500] [] [de64e0ef-9512-457c-9c2d-036c140fd55c] | http-nio-8080-exec-10 | com.gasagency.service.SaleService | Sale 1 completed successfully for customer Tushar
2026-01-06 15:36:59.892 | INFO  | [6cc5688d-9cca-4af6-91f8-0c45843a8500] [] [de64e0ef-9512-457c-9c2d-036c140fd55c] | http-nio-8080-exec-10 | com.gasagency.service.SaleService | TRANSACTION_SUMMARY | txnId=de64e0ef-9512-457c-9c2d-036c140fd55c | saleId=1 | customer=Tushar | amount=3900.00 | duration=125ms
2026-01-06 15:55:24.654 | INFO  | [523f4aad-6220-4bbd-89ca-c27d9bd7b350] [] [] | http-nio-8080-exec-3 | c.gasagency.service.CustomerService | OPERATION_START | operation=CREATE_CUSTOMER | name=Mahesh
2026-01-06 15:55:24.659 | INFO  | [523f4aad-6220-4bbd-89ca-c27d9bd7b350] [] [] | http-nio-8080-exec-3 | c.gasagency.service.CustomerService | OPERATION_SUCCESS | operation=CREATE_CUSTOMER | id=2 | name=Mahesh | mobile=8987676567
2026-01-06 16:01:38.092 | INFO  | [3e3a3e40-8ac4-49b6-bffa-f4a5258a45dc] [] [d8e15031-bb8c-4f22-9315-97766d7c7b3f] | http-nio-8080-exec-3 | com.gasagency.service.SaleService | Creating new sale with request: com.gasagency.dto.CreateSaleRequestDTO@4a7cc025
2026-01-06 16:01:38.103 | INFO  | [3e3a3e40-8ac4-49b6-bffa-f4a5258a45dc] [] [d8e15031-bb8c-4f22-9315-97766d7c7b3f] | http-nio-8080-exec-3 | com.gasagency.service.SaleService | Sale validation complete - Total amount: 8000.00, Items: 1
2026-01-06 16:01:38.105 | INFO  | [3e3a3e40-8ac4-49b6-bffa-f4a5258a45dc] [] [d8e15031-bb8c-4f22-9315-97766d7c7b3f] | http-nio-8080-exec-3 | com.gasagency.service.SaleService | Sale created with id: 2 for customer: Mahesh - Total: 8000.00
2026-01-06 16:01:38.108 | INFO  | [3e3a3e40-8ac4-49b6-bffa-f4a5258a45dc] [] [d8e15031-bb8c-4f22-9315-97766d7c7b3f] | http-nio-8080-exec-3 | c.g.service.InventoryStockService | OPERATION_START | operation=DECREMENT_FILLED_WITH_CHECK | variantId=1 | qty=4
2026-01-06 16:01:38.111 | INFO  | [3e3a3e40-8ac4-49b6-bffa-f4a5258a45dc] [] [d8e15031-bb8c-4f22-9315-97766d7c7b3f] | http-nio-8080-exec-3 | c.g.service.InventoryStockService | OPERATION_SUCCESS | operation=DECREMENT_FILLED_QTY_CHECK | variantId=1 | newQty=4
2026-01-06 16:01:38.111 | INFO  | [3e3a3e40-8ac4-49b6-bffa-f4a5258a45dc] [] [d8e15031-bb8c-4f22-9315-97766d7c7b3f] | http-nio-8080-exec-3 | c.g.service.InventoryStockService | OPERATION_START | operation=INCREMENT_EMPTY_QTY | variantId=1 | qty=0
2026-01-06 16:01:38.111 | INFO  | [3e3a3e40-8ac4-49b6-bffa-f4a5258a45dc] [] [d8e15031-bb8c-4f22-9315-97766d7c7b3f] | http-nio-8080-exec-3 | c.g.service.InventoryStockService | OPERATION_SUCCESS | operation=INCREMENT_EMPTY_QTY | variantId=1 | newEmptyQty=No increment (qty=0)
2026-01-06 16:01:38.111 | INFO  | [3e3a3e40-8ac4-49b6-bffa-f4a5258a45dc] [] [d8e15031-bb8c-4f22-9315-97766d7c7b3f] | http-nio-8080-exec-3 | c.g.s.CustomerCylinderLedgerService | OPERATION_START | operation=CREATE_LEDGER_ENTRY | customerId=2 | variantId=1
2026-01-06 16:01:38.117 | INFO  | [3e3a3e40-8ac4-49b6-bffa-f4a5258a45dc] [] [d8e15031-bb8c-4f22-9315-97766d7c7b3f] | http-nio-8080-exec-3 | c.g.s.CustomerCylinderLedgerService | OPERATION_SUCCESS | operation=CREATE_LEDGER_ENTRY | id=2 | customerId=2 | balance=4
2026-01-06 16:01:38.117 | INFO  | [3e3a3e40-8ac4-49b6-bffa-f4a5258a45dc] [] [d8e15031-bb8c-4f22-9315-97766d7c7b3f] | http-nio-8080-exec-3 | com.gasagency.service.SaleService | Sale 2 completed successfully for customer Mahesh
2026-01-06 16:01:38.117 | INFO  | [3e3a3e40-8ac4-49b6-bffa-f4a5258a45dc] [] [d8e15031-bb8c-4f22-9315-97766d7c7b3f] | http-nio-8080-exec-3 | com.gasagency.service.SaleService | TRANSACTION_SUMMARY | txnId=d8e15031-bb8c-4f22-9315-97766d7c7b3f | saleId=2 | customer=Mahesh | amount=8000.00 | duration=25ms
