2026-01-07 17:22:14.562 | INFO  | [91d33c1c-dedb-4882-a67b-a50fd4bdfedd] [] [] | http-nio-8080-exec-9 | c.g.service.CylinderVariantService | OPERATION_START | operation=CREATE_VARIANT | name=19KG
2026-01-07 17:22:14.625 | INFO  | [91d33c1c-dedb-4882-a67b-a50fd4bdfedd] [] [] | http-nio-8080-exec-9 | c.g.service.CylinderVariantService | OPERATION_SUCCESS | operation=CREATE_VARIANT | id=1 | name=19KG
2026-01-07 17:22:22.748 | INFO  | [2e1cf1dd-fd05-435b-896b-1c19ed1b31da] [] [] | http-nio-8080-exec-2 | c.g.service.MonthlyPriceService | OPERATION_START | operation=CREATE_PRICE | variantId=1 | month=2026-01-01
2026-01-07 17:22:22.774 | INFO  | [2e1cf1dd-fd05-435b-896b-1c19ed1b31da] [] [] | http-nio-8080-exec-2 | c.g.service.MonthlyPriceService | OPERATION_SUCCESS | operation=CREATE_PRICE | id=1 | variant=19KG | price=1500
2026-01-07 17:22:41.454 | INFO  | [b21b0757-3a3d-4a83-a569-d102d1bd85d8] [] [] | http-nio-8080-exec-5 | c.gasagency.service.SupplierService | OPERATION_START | operation=CREATE_SUPPLIER | name=HP Gas
2026-01-07 17:22:41.459 | INFO  | [b21b0757-3a3d-4a83-a569-d102d1bd85d8] [] [] | http-nio-8080-exec-5 | c.gasagency.service.SupplierService | OPERATION_SUCCESS | operation=CREATE_SUPPLIER | id=1 | name=HP Gas
2026-01-07 17:23:01.040 | INFO  | [c2c834c2-be93-490e-b53b-af765ae7b627] [] [] | http-nio-8080-exec-2 | c.g.s.SupplierTransactionService | OPERATION_START | operation=RECORD_TRANSACTION | supplierId=1 | variantId=1
2026-01-07 17:23:01.076 | INFO  | [c2c834c2-be93-490e-b53b-af765ae7b627] [] [] | http-nio-8080-exec-2 | c.g.service.InventoryStockService | OPERATION_SUCCESS | operation=INCREMENT_FILLED_QTY | variantId=1 | newQty=30
2026-01-07 17:23:01.104 | INFO  | [c2c834c2-be93-490e-b53b-af765ae7b627] [] [] | http-nio-8080-exec-2 | c.g.service.InventoryStockService | OPERATION_SUCCESS | operation=DECREMENT_EMPTY_QTY | variantId=1 | newQty=0
2026-01-07 17:23:01.104 | INFO  | [c2c834c2-be93-490e-b53b-af765ae7b627] [] [] | http-nio-8080-exec-2 | c.g.s.SupplierTransactionService | OPERATION_SUCCESS | operation=RECORD_TRANSACTION | id=1 | supplierId=1 | filled=30
2026-01-07 17:23:20.840 | INFO  | [d9a91db6-f341-4493-81e6-d2546cfb8946] [] [] | http-nio-8080-exec-9 | c.gasagency.service.CustomerService | OPERATION_START | operation=CREATE_CUSTOMER | name=Tushar
2026-01-07 17:23:20.850 | INFO  | [d9a91db6-f341-4493-81e6-d2546cfb8946] [] [] | http-nio-8080-exec-9 | c.gasagency.service.CustomerService | OPERATION_SUCCESS | operation=CREATE_CUSTOMER | id=1 | name=Tushar | mobile=6789876789
2026-01-07 17:23:30.447 | INFO  | [88958598-5a12-4dff-bfe0-08ccb3c2e826] [] [82ac623d-c67e-4e88-8527-fcb9635e7087] | http-nio-8080-exec-1 | com.gasagency.service.SaleService | Creating new sale with request: com.gasagency.dto.CreateSaleRequestDTO@2cda6632
2026-01-07 17:23:30.461 | INFO  | [88958598-5a12-4dff-bfe0-08ccb3c2e826] [] [82ac623d-c67e-4e88-8527-fcb9635e7087] | http-nio-8080-exec-1 | com.gasagency.service.SaleService | Sale validation complete - Total amount: 3000.00, Items: 1
2026-01-07 17:23:30.481 | INFO  | [88958598-5a12-4dff-bfe0-08ccb3c2e826] [] [82ac623d-c67e-4e88-8527-fcb9635e7087] | http-nio-8080-exec-1 | com.gasagency.service.SaleService | Sale created with id: 1 for customer: Tushar - Total: 3000.00
2026-01-07 17:23:30.485 | INFO  | [88958598-5a12-4dff-bfe0-08ccb3c2e826] [] [82ac623d-c67e-4e88-8527-fcb9635e7087] | http-nio-8080-exec-1 | c.g.service.InventoryStockService | OPERATION_START | operation=DECREMENT_FILLED_WITH_CHECK | variantId=1 | qty=2
2026-01-07 17:23:30.498 | INFO  | [88958598-5a12-4dff-bfe0-08ccb3c2e826] [] [82ac623d-c67e-4e88-8527-fcb9635e7087] | http-nio-8080-exec-1 | c.g.service.InventoryStockService | OPERATION_SUCCESS | operation=DECREMENT_FILLED_QTY_CHECK | variantId=1 | newQty=28
2026-01-07 17:23:30.499 | INFO  | [88958598-5a12-4dff-bfe0-08ccb3c2e826] [] [82ac623d-c67e-4e88-8527-fcb9635e7087] | http-nio-8080-exec-1 | c.g.service.InventoryStockService | OPERATION_START | operation=INCREMENT_EMPTY_QTY | variantId=1 | qty=0
2026-01-07 17:23:30.499 | INFO  | [88958598-5a12-4dff-bfe0-08ccb3c2e826] [] [82ac623d-c67e-4e88-8527-fcb9635e7087] | http-nio-8080-exec-1 | c.g.service.InventoryStockService | OPERATION_SUCCESS | operation=INCREMENT_EMPTY_QTY | variantId=1 | newEmptyQty=No increment (qty=0)
2026-01-07 17:23:30.502 | INFO  | [88958598-5a12-4dff-bfe0-08ccb3c2e826] [] [82ac623d-c67e-4e88-8527-fcb9635e7087] | http-nio-8080-exec-1 | c.g.s.CustomerCylinderLedgerService | OPERATION_START | operation=CREATE_LEDGER_ENTRY | customerId=1 | variantId=1
2026-01-07 17:23:30.512 | INFO  | [88958598-5a12-4dff-bfe0-08ccb3c2e826] [] [82ac623d-c67e-4e88-8527-fcb9635e7087] | http-nio-8080-exec-1 | c.g.s.CustomerCylinderLedgerService | OPERATION_SUCCESS | operation=CREATE_LEDGER_ENTRY | id=1 | customerId=1 | balance=2
2026-01-07 17:23:30.512 | INFO  | [88958598-5a12-4dff-bfe0-08ccb3c2e826] [] [82ac623d-c67e-4e88-8527-fcb9635e7087] | http-nio-8080-exec-1 | com.gasagency.service.SaleService | Sale 1 completed successfully for customer Tushar
2026-01-07 17:23:30.513 | INFO  | [88958598-5a12-4dff-bfe0-08ccb3c2e826] [] [82ac623d-c67e-4e88-8527-fcb9635e7087] | http-nio-8080-exec-1 | com.gasagency.service.SaleService | TRANSACTION_SUMMARY | txnId=82ac623d-c67e-4e88-8527-fcb9635e7087 | saleId=1 | customer=Tushar | amount=3000.00 | duration=65ms
2026-01-07 17:23:49.530 | INFO  | [48d74015-a6ee-41e0-93d9-c0b4d6a609ab] [] [] | http-nio-8080-exec-6 | c.g.s.CustomerCylinderLedgerService | OPERATION_START | operation=CREATE_LEDGER_ENTRY | customerId=1 | variantId=1
2026-01-07 17:23:49.536 | INFO  | [48d74015-a6ee-41e0-93d9-c0b4d6a609ab] [] [] | http-nio-8080-exec-6 | c.g.s.CustomerCylinderLedgerService | OPERATION_SUCCESS | operation=CREATE_LEDGER_ENTRY | id=2 | customerId=1 | balance=1
2026-01-07 17:23:49.537 | INFO  | [48d74015-a6ee-41e0-93d9-c0b4d6a609ab] [] [] | http-nio-8080-exec-6 | c.g.service.InventoryStockService | OPERATION_START | operation=INCREMENT_EMPTY_QTY | variantId=1 | qty=1
2026-01-07 17:23:49.541 | INFO  | [48d74015-a6ee-41e0-93d9-c0b4d6a609ab] [] [] | http-nio-8080-exec-6 | c.g.service.InventoryStockService | OPERATION_SUCCESS | operation=INCREMENT_EMPTY_QTY | variantId=1 | newEmptyQty=1
2026-01-07 18:50:25.483 | INFO  | [bc98e662-f6e0-4d0f-99be-476acf7b2669] [] [a13a5066-2ed7-4677-9f74-955dc660842e] | http-nio-8080-exec-1 | com.gasagency.service.SaleService | Creating new sale with request: com.gasagency.dto.CreateSaleRequestDTO@2a2d10ec
2026-01-07 18:50:25.488 | INFO  | [bc98e662-f6e0-4d0f-99be-476acf7b2669] [] [a13a5066-2ed7-4677-9f74-955dc660842e] | http-nio-8080-exec-1 | com.gasagency.service.SaleService | Sale validation complete - Total amount: 2900.00, Items: 1
2026-01-07 18:50:25.490 | INFO  | [bc98e662-f6e0-4d0f-99be-476acf7b2669] [] [a13a5066-2ed7-4677-9f74-955dc660842e] | http-nio-8080-exec-1 | com.gasagency.service.SaleService | Sale created with id: 2 for customer: Tushar - Total: 2900.00
2026-01-07 18:50:25.491 | INFO  | [bc98e662-f6e0-4d0f-99be-476acf7b2669] [] [a13a5066-2ed7-4677-9f74-955dc660842e] | http-nio-8080-exec-1 | c.g.service.InventoryStockService | OPERATION_START | operation=DECREMENT_FILLED_WITH_CHECK | variantId=1 | qty=2
2026-01-07 18:50:25.492 | INFO  | [bc98e662-f6e0-4d0f-99be-476acf7b2669] [] [a13a5066-2ed7-4677-9f74-955dc660842e] | http-nio-8080-exec-1 | c.g.service.InventoryStockService | OPERATION_SUCCESS | operation=DECREMENT_FILLED_QTY_CHECK | variantId=1 | newQty=26
2026-01-07 18:50:25.492 | INFO  | [bc98e662-f6e0-4d0f-99be-476acf7b2669] [] [a13a5066-2ed7-4677-9f74-955dc660842e] | http-nio-8080-exec-1 | c.g.service.InventoryStockService | OPERATION_START | operation=INCREMENT_EMPTY_QTY | variantId=1 | qty=0
2026-01-07 18:50:25.492 | INFO  | [bc98e662-f6e0-4d0f-99be-476acf7b2669] [] [a13a5066-2ed7-4677-9f74-955dc660842e] | http-nio-8080-exec-1 | c.g.service.InventoryStockService | OPERATION_SUCCESS | operation=INCREMENT_EMPTY_QTY | variantId=1 | newEmptyQty=No increment (qty=0)
2026-01-07 18:50:25.492 | INFO  | [bc98e662-f6e0-4d0f-99be-476acf7b2669] [] [a13a5066-2ed7-4677-9f74-955dc660842e] | http-nio-8080-exec-1 | c.g.s.CustomerCylinderLedgerService | OPERATION_START | operation=CREATE_LEDGER_ENTRY | customerId=1 | variantId=1
2026-01-07 18:50:25.496 | INFO  | [bc98e662-f6e0-4d0f-99be-476acf7b2669] [] [a13a5066-2ed7-4677-9f74-955dc660842e] | http-nio-8080-exec-1 | c.g.s.CustomerCylinderLedgerService | OPERATION_SUCCESS | operation=CREATE_LEDGER_ENTRY | id=3 | customerId=1 | balance=3
2026-01-07 18:50:25.497 | INFO  | [bc98e662-f6e0-4d0f-99be-476acf7b2669] [] [a13a5066-2ed7-4677-9f74-955dc660842e] | http-nio-8080-exec-1 | com.gasagency.service.SaleService | Sale 2 completed successfully for customer Tushar
2026-01-07 18:50:25.497 | INFO  | [bc98e662-f6e0-4d0f-99be-476acf7b2669] [] [a13a5066-2ed7-4677-9f74-955dc660842e] | http-nio-8080-exec-1 | com.gasagency.service.SaleService | TRANSACTION_SUMMARY | txnId=a13a5066-2ed7-4677-9f74-955dc660842e | saleId=2 | customer=Tushar | amount=2900.00 | duration=14ms
2026-01-07 18:55:32.976 | INFO  | [f4645812-f2eb-4a84-a1e8-cffa93cb986c] [] [] | http-nio-8080-exec-3 | c.gasagency.service.SupplierService | OPERATION_START | operation=UPDATE_SUPPLIER | id=1 | name=HP Gass
2026-01-07 18:55:32.981 | INFO  | [f4645812-f2eb-4a84-a1e8-cffa93cb986c] [] [] | http-nio-8080-exec-3 | c.gasagency.service.SupplierService | OPERATION_SUCCESS | operation=UPDATE_SUPPLIER | id=1 | name=HP Gass
2026-01-07 19:12:30.510 | INFO  | [cfe4124c-ceff-495b-a19e-2b8530060157] [] [] | http-nio-8080-exec-6 | c.gasagency.service.CustomerService | OPERATION_START | operation=CREATE_CUSTOMER | name=Mahesh
2026-01-07 19:12:30.514 | INFO  | [cfe4124c-ceff-495b-a19e-2b8530060157] [] [] | http-nio-8080-exec-6 | c.gasagency.service.CustomerService | OPERATION_SUCCESS | operation=CREATE_CUSTOMER | id=2 | name=Mahesh | mobile=8776767898
2026-01-07 19:12:39.717 | INFO  | [d8771bf8-2182-4777-ba8b-b0d596229a4e] [] [39122771-0694-481d-b2ab-3f173665a759] | http-nio-8080-exec-3 | com.gasagency.service.SaleService | Creating new sale with request: com.gasagency.dto.CreateSaleRequestDTO@1e623d0d
2026-01-07 19:12:39.726 | INFO  | [d8771bf8-2182-4777-ba8b-b0d596229a4e] [] [39122771-0694-481d-b2ab-3f173665a759] | http-nio-8080-exec-3 | com.gasagency.service.SaleService | Sale validation complete - Total amount: 3000.00, Items: 1
2026-01-07 19:12:39.727 | INFO  | [d8771bf8-2182-4777-ba8b-b0d596229a4e] [] [39122771-0694-481d-b2ab-3f173665a759] | http-nio-8080-exec-3 | com.gasagency.service.SaleService | Sale created with id: 3 for customer: Mahesh - Total: 3000.00
2026-01-07 19:12:39.729 | INFO  | [d8771bf8-2182-4777-ba8b-b0d596229a4e] [] [39122771-0694-481d-b2ab-3f173665a759] | http-nio-8080-exec-3 | c.g.service.InventoryStockService | OPERATION_START | operation=DECREMENT_FILLED_WITH_CHECK | variantId=1 | qty=2
2026-01-07 19:12:39.730 | INFO  | [d8771bf8-2182-4777-ba8b-b0d596229a4e] [] [39122771-0694-481d-b2ab-3f173665a759] | http-nio-8080-exec-3 | c.g.service.InventoryStockService | OPERATION_SUCCESS | operation=DECREMENT_FILLED_QTY_CHECK | variantId=1 | newQty=24
2026-01-07 19:12:39.730 | INFO  | [d8771bf8-2182-4777-ba8b-b0d596229a4e] [] [39122771-0694-481d-b2ab-3f173665a759] | http-nio-8080-exec-3 | c.g.service.InventoryStockService | OPERATION_START | operation=INCREMENT_EMPTY_QTY | variantId=1 | qty=0
2026-01-07 19:12:39.730 | INFO  | [d8771bf8-2182-4777-ba8b-b0d596229a4e] [] [39122771-0694-481d-b2ab-3f173665a759] | http-nio-8080-exec-3 | c.g.service.InventoryStockService | OPERATION_SUCCESS | operation=INCREMENT_EMPTY_QTY | variantId=1 | newEmptyQty=No increment (qty=0)
2026-01-07 19:12:39.731 | INFO  | [d8771bf8-2182-4777-ba8b-b0d596229a4e] [] [39122771-0694-481d-b2ab-3f173665a759] | http-nio-8080-exec-3 | c.g.s.CustomerCylinderLedgerService | OPERATION_START | operation=CREATE_LEDGER_ENTRY | customerId=2 | variantId=1
2026-01-07 19:12:39.733 | INFO  | [d8771bf8-2182-4777-ba8b-b0d596229a4e] [] [39122771-0694-481d-b2ab-3f173665a759] | http-nio-8080-exec-3 | c.g.s.CustomerCylinderLedgerService | OPERATION_SUCCESS | operation=CREATE_LEDGER_ENTRY | id=4 | customerId=2 | balance=2
2026-01-07 19:12:39.733 | INFO  | [d8771bf8-2182-4777-ba8b-b0d596229a4e] [] [39122771-0694-481d-b2ab-3f173665a759] | http-nio-8080-exec-3 | com.gasagency.service.SaleService | Sale 3 completed successfully for customer Mahesh
2026-01-07 19:12:39.733 | INFO  | [d8771bf8-2182-4777-ba8b-b0d596229a4e] [] [39122771-0694-481d-b2ab-3f173665a759] | http-nio-8080-exec-3 | com.gasagency.service.SaleService | TRANSACTION_SUMMARY | txnId=39122771-0694-481d-b2ab-3f173665a759 | saleId=3 | customer=Mahesh | amount=3000.00 | duration=16ms
2026-01-07 19:58:54.843 | INFO  | [1c4cfe3d-5af6-4878-80c2-30fce01d5da0] [] [] | http-nio-8080-exec-4 | c.g.service.CylinderVariantService | OPERATION_START | operation=CREATE_VARIANT | name=19KG
2026-01-07 19:58:54.943 | INFO  | [1c4cfe3d-5af6-4878-80c2-30fce01d5da0] [] [] | http-nio-8080-exec-4 | c.g.service.CylinderVariantService | OPERATION_SUCCESS | operation=CREATE_VARIANT | id=1 | name=19KG
2026-01-07 19:59:01.521 | INFO  | [a09aa852-dc23-4868-85c3-47aa23b48489] [] [] | http-nio-8080-exec-7 | c.g.service.MonthlyPriceService | OPERATION_START | operation=CREATE_PRICE | variantId=1 | month=2026-01-01
2026-01-07 19:59:01.618 | INFO  | [a09aa852-dc23-4868-85c3-47aa23b48489] [] [] | http-nio-8080-exec-7 | c.g.service.MonthlyPriceService | OPERATION_SUCCESS | operation=CREATE_PRICE | id=1 | variant=19KG | price=1500
2026-01-07 19:59:22.418 | INFO  | [387027e8-1607-4b40-a3bc-57f886a17f85] [] [] | http-nio-8080-exec-3 | c.gasagency.service.CustomerService | OPERATION_START | operation=CREATE_CUSTOMER | name=Tushar Rokade
2026-01-07 19:59:22.438 | INFO  | [387027e8-1607-4b40-a3bc-57f886a17f85] [] [] | http-nio-8080-exec-3 | c.gasagency.service.CustomerService | OPERATION_SUCCESS | operation=CREATE_CUSTOMER | id=1 | name=Tushar Rokade | mobile=8987675456
2026-01-07 19:59:44.300 | INFO  | [76b692a0-f813-4e7c-9c37-d271d6032811] [] [] | http-nio-8080-exec-6 | c.gasagency.service.SupplierService | OPERATION_START | operation=CREATE_SUPPLIER | name=HP Gas
2026-01-07 19:59:44.314 | INFO  | [76b692a0-f813-4e7c-9c37-d271d6032811] [] [] | http-nio-8080-exec-6 | c.gasagency.service.SupplierService | OPERATION_SUCCESS | operation=CREATE_SUPPLIER | id=1 | name=HP Gas
2026-01-07 20:00:39.314 | INFO  | [073d04ad-af05-4271-968a-c95f05839840] [] [] | http-nio-8080-exec-7 | c.g.s.SupplierTransactionService | OPERATION_START | operation=RECORD_TRANSACTION | supplierId=1 | variantId=1
2026-01-07 20:00:39.369 | INFO  | [073d04ad-af05-4271-968a-c95f05839840] [] [] | http-nio-8080-exec-7 | c.g.service.InventoryStockService | OPERATION_SUCCESS | operation=INCREMENT_FILLED_QTY | variantId=1 | newQty=20
2026-01-07 20:00:39.413 | INFO  | [073d04ad-af05-4271-968a-c95f05839840] [] [] | http-nio-8080-exec-7 | c.g.service.InventoryStockService | OPERATION_SUCCESS | operation=DECREMENT_EMPTY_QTY | variantId=1 | newQty=0
2026-01-07 20:00:39.413 | INFO  | [073d04ad-af05-4271-968a-c95f05839840] [] [] | http-nio-8080-exec-7 | c.g.s.SupplierTransactionService | OPERATION_SUCCESS | operation=RECORD_TRANSACTION | id=1 | supplierId=1 | filled=20
2026-01-07 20:01:09.739 | INFO  | [963f6345-f58b-447c-b50f-72ce33f33933] [] [f1f528e6-9cf3-4387-8932-3e6f02fb617d] | http-nio-8080-exec-10 | com.gasagency.service.SaleService | Creating new sale with request: com.gasagency.dto.CreateSaleRequestDTO@55337792
2026-01-07 20:01:09.753 | INFO  | [963f6345-f58b-447c-b50f-72ce33f33933] [] [f1f528e6-9cf3-4387-8932-3e6f02fb617d] | http-nio-8080-exec-10 | com.gasagency.service.SaleService | Sale validation complete - Total amount: 3000.00, Items: 1
2026-01-07 20:01:09.778 | INFO  | [963f6345-f58b-447c-b50f-72ce33f33933] [] [f1f528e6-9cf3-4387-8932-3e6f02fb617d] | http-nio-8080-exec-10 | com.gasagency.service.SaleService | Sale created with id: 1 for customer: Tushar Rokade - Total: 3000.00
2026-01-07 20:01:09.784 | INFO  | [963f6345-f58b-447c-b50f-72ce33f33933] [] [f1f528e6-9cf3-4387-8932-3e6f02fb617d] | http-nio-8080-exec-10 | c.g.service.InventoryStockService | OPERATION_START | operation=DECREMENT_FILLED_WITH_CHECK | variantId=1 | qty=2
2026-01-07 20:01:09.795 | INFO  | [963f6345-f58b-447c-b50f-72ce33f33933] [] [f1f528e6-9cf3-4387-8932-3e6f02fb617d] | http-nio-8080-exec-10 | c.g.service.InventoryStockService | OPERATION_SUCCESS | operation=DECREMENT_FILLED_QTY_CHECK | variantId=1 | newQty=18
2026-01-07 20:01:09.795 | INFO  | [963f6345-f58b-447c-b50f-72ce33f33933] [] [f1f528e6-9cf3-4387-8932-3e6f02fb617d] | http-nio-8080-exec-10 | c.g.service.InventoryStockService | OPERATION_START | operation=INCREMENT_EMPTY_QTY | variantId=1 | qty=0
2026-01-07 20:01:09.795 | INFO  | [963f6345-f58b-447c-b50f-72ce33f33933] [] [f1f528e6-9cf3-4387-8932-3e6f02fb617d] | http-nio-8080-exec-10 | c.g.service.InventoryStockService | OPERATION_SUCCESS | operation=INCREMENT_EMPTY_QTY | variantId=1 | newEmptyQty=No increment (qty=0)
2026-01-07 20:01:09.796 | INFO  | [963f6345-f58b-447c-b50f-72ce33f33933] [] [f1f528e6-9cf3-4387-8932-3e6f02fb617d] | http-nio-8080-exec-10 | c.g.s.CustomerCylinderLedgerService | OPERATION_START | operation=CREATE_LEDGER_ENTRY | customerId=1 | variantId=1
2026-01-07 20:01:09.808 | INFO  | [963f6345-f58b-447c-b50f-72ce33f33933] [] [f1f528e6-9cf3-4387-8932-3e6f02fb617d] | http-nio-8080-exec-10 | c.g.s.CustomerCylinderLedgerService | OPERATION_SUCCESS | operation=CREATE_LEDGER_ENTRY | id=1 | customerId=1 | balance=2
2026-01-07 20:01:09.809 | INFO  | [963f6345-f58b-447c-b50f-72ce33f33933] [] [f1f528e6-9cf3-4387-8932-3e6f02fb617d] | http-nio-8080-exec-10 | com.gasagency.service.SaleService | Sale 1 completed successfully for customer Tushar Rokade
2026-01-07 20:01:09.809 | INFO  | [963f6345-f58b-447c-b50f-72ce33f33933] [] [f1f528e6-9cf3-4387-8932-3e6f02fb617d] | http-nio-8080-exec-10 | com.gasagency.service.SaleService | TRANSACTION_SUMMARY | txnId=f1f528e6-9cf3-4387-8932-3e6f02fb617d | saleId=1 | customer=Tushar Rokade | amount=3000.00 | duration=70ms
2026-01-07 20:26:48.158 | INFO  | [fbb7c0a9-63bd-4417-b28d-85cf40bcd5bb] [] [] | http-nio-8080-exec-7 | c.gasagency.service.SupplierService | OPERATION_START | operation=DELETE_SUPPLIER | id=1
2026-01-07 20:26:48.176 | WARN  | [fbb7c0a9-63bd-4417-b28d-85cf40bcd5bb] [] [] | http-nio-8080-exec-7 | c.gasagency.service.SupplierService | OPERATION_FAILED | operation=DELETE_SUPPLIER | error=Cannot delete - has transactions | id=1
2026-01-07 20:28:28.829 | INFO  | [6063c7d3-e4f2-4a11-a51d-39151a6d54f6] [] [] | http-nio-8080-exec-5 | c.g.service.CylinderVariantService | OPERATION_START | operation=CREATE_VARIANT | name=5KG
2026-01-07 20:28:28.837 | INFO  | [6063c7d3-e4f2-4a11-a51d-39151a6d54f6] [] [] | http-nio-8080-exec-5 | c.g.service.CylinderVariantService | OPERATION_SUCCESS | operation=CREATE_VARIANT | id=2 | name=5KG
2026-01-07 20:28:38.191 | INFO  | [2c09a7fe-18cb-4395-a4e7-5c329fdd1a0f] [] [] | http-nio-8080-exec-9 | c.g.service.CylinderVariantService | OPERATION_START | operation=CREATE_VARIANT | name=8KG
2026-01-07 20:28:38.196 | INFO  | [2c09a7fe-18cb-4395-a4e7-5c329fdd1a0f] [] [] | http-nio-8080-exec-9 | c.g.service.CylinderVariantService | OPERATION_SUCCESS | operation=CREATE_VARIANT | id=3 | name=8KG
2026-01-07 20:28:48.544 | INFO  | [63e52b32-b67c-4670-97d4-c2438e471bac] [] [] | http-nio-8080-exec-10 | c.g.service.MonthlyPriceService | OPERATION_START | operation=CREATE_PRICE | variantId=2 | month=2026-01-01
2026-01-07 20:28:48.544 | INFO  | [45b4dc1e-9c44-4c4d-9895-09fef75e029e] [] [] | http-nio-8080-exec-6 | c.g.service.MonthlyPriceService | OPERATION_START | operation=CREATE_PRICE | variantId=3 | month=2026-01-01
2026-01-07 20:28:48.557 | INFO  | [63e52b32-b67c-4670-97d4-c2438e471bac] [] [] | http-nio-8080-exec-10 | c.g.service.MonthlyPriceService | OPERATION_SUCCESS | operation=CREATE_PRICE | id=2 | variant=5KG | price=400
2026-01-07 20:28:48.558 | INFO  | [45b4dc1e-9c44-4c4d-9895-09fef75e029e] [] [] | http-nio-8080-exec-6 | c.g.service.MonthlyPriceService | OPERATION_SUCCESS | operation=CREATE_PRICE | id=3 | variant=8KG | price=900
2026-01-07 20:32:36.926 | INFO  | [a5df7b4a-59ba-4721-9ac6-4e16df791726] [] [] | http-nio-8080-exec-3 | c.g.s.SupplierTransactionService | OPERATION_START | operation=RECORD_TRANSACTION | supplierId=1 | variantId=2
2026-01-07 20:32:36.944 | INFO  | [a5df7b4a-59ba-4721-9ac6-4e16df791726] [] [] | http-nio-8080-exec-3 | c.g.service.InventoryStockService | OPERATION_SUCCESS | operation=INCREMENT_FILLED_QTY | variantId=2 | newQty=30
2026-01-07 20:32:36.954 | INFO  | [a5df7b4a-59ba-4721-9ac6-4e16df791726] [] [] | http-nio-8080-exec-3 | c.g.service.InventoryStockService | OPERATION_SUCCESS | operation=DECREMENT_EMPTY_QTY | variantId=2 | newQty=0
2026-01-07 20:32:36.954 | INFO  | [a5df7b4a-59ba-4721-9ac6-4e16df791726] [] [] | http-nio-8080-exec-3 | c.g.s.SupplierTransactionService | OPERATION_SUCCESS | operation=RECORD_TRANSACTION | id=2 | supplierId=1 | filled=30
2026-01-07 20:33:01.370 | INFO  | [12a3f529-d438-48a3-8c08-be44200285a2] [] [4cb3b115-b2ab-42eb-b21f-10e267f2fc3b] | http-nio-8080-exec-2 | com.gasagency.service.SaleService | Creating new sale with request: com.gasagency.dto.CreateSaleRequestDTO@1e438744
2026-01-07 20:33:01.383 | INFO  | [12a3f529-d438-48a3-8c08-be44200285a2] [] [4cb3b115-b2ab-42eb-b21f-10e267f2fc3b] | http-nio-8080-exec-2 | com.gasagency.service.SaleService | Sale validation complete - Total amount: 2000.00, Items: 1
2026-01-07 20:33:01.388 | INFO  | [12a3f529-d438-48a3-8c08-be44200285a2] [] [4cb3b115-b2ab-42eb-b21f-10e267f2fc3b] | http-nio-8080-exec-2 | com.gasagency.service.SaleService | Sale created with id: 2 for customer: Tushar Rokade - Total: 2000.00
2026-01-07 20:33:01.392 | INFO  | [12a3f529-d438-48a3-8c08-be44200285a2] [] [4cb3b115-b2ab-42eb-b21f-10e267f2fc3b] | http-nio-8080-exec-2 | c.g.service.InventoryStockService | OPERATION_START | operation=DECREMENT_FILLED_WITH_CHECK | variantId=2 | qty=5
2026-01-07 20:33:01.397 | INFO  | [12a3f529-d438-48a3-8c08-be44200285a2] [] [4cb3b115-b2ab-42eb-b21f-10e267f2fc3b] | http-nio-8080-exec-2 | c.g.service.InventoryStockService | OPERATION_SUCCESS | operation=DECREMENT_FILLED_QTY_CHECK | variantId=2 | newQty=25
2026-01-07 20:33:01.397 | INFO  | [12a3f529-d438-48a3-8c08-be44200285a2] [] [4cb3b115-b2ab-42eb-b21f-10e267f2fc3b] | http-nio-8080-exec-2 | c.g.service.InventoryStockService | OPERATION_START | operation=INCREMENT_EMPTY_QTY | variantId=2 | qty=0
2026-01-07 20:33:01.397 | INFO  | [12a3f529-d438-48a3-8c08-be44200285a2] [] [4cb3b115-b2ab-42eb-b21f-10e267f2fc3b] | http-nio-8080-exec-2 | c.g.service.InventoryStockService | OPERATION_SUCCESS | operation=INCREMENT_EMPTY_QTY | variantId=2 | newEmptyQty=No increment (qty=0)
2026-01-07 20:33:01.397 | INFO  | [12a3f529-d438-48a3-8c08-be44200285a2] [] [4cb3b115-b2ab-42eb-b21f-10e267f2fc3b] | http-nio-8080-exec-2 | c.g.s.CustomerCylinderLedgerService | OPERATION_START | operation=CREATE_LEDGER_ENTRY | customerId=1 | variantId=2
2026-01-07 20:33:01.406 | INFO  | [12a3f529-d438-48a3-8c08-be44200285a2] [] [4cb3b115-b2ab-42eb-b21f-10e267f2fc3b] | http-nio-8080-exec-2 | c.g.s.CustomerCylinderLedgerService | OPERATION_SUCCESS | operation=CREATE_LEDGER_ENTRY | id=2 | customerId=1 | balance=5
2026-01-07 20:33:01.406 | INFO  | [12a3f529-d438-48a3-8c08-be44200285a2] [] [4cb3b115-b2ab-42eb-b21f-10e267f2fc3b] | http-nio-8080-exec-2 | com.gasagency.service.SaleService | Sale 2 completed successfully for customer Tushar Rokade
2026-01-07 20:33:01.407 | INFO  | [12a3f529-d438-48a3-8c08-be44200285a2] [] [4cb3b115-b2ab-42eb-b21f-10e267f2fc3b] | http-nio-8080-exec-2 | com.gasagency.service.SaleService | TRANSACTION_SUMMARY | txnId=4cb3b115-b2ab-42eb-b21f-10e267f2fc3b | saleId=2 | customer=Tushar Rokade | amount=2000.00 | duration=36ms
2026-01-07 20:33:28.124 | INFO  | [12525182-039e-4d7a-aa5e-fbdeb1bf2fe5] [] [] | http-nio-8080-exec-3 | c.g.s.SupplierTransactionService | OPERATION_START | operation=RECORD_TRANSACTION | supplierId=1 | variantId=3
2026-01-07 20:33:28.136 | INFO  | [12525182-039e-4d7a-aa5e-fbdeb1bf2fe5] [] [] | http-nio-8080-exec-3 | c.g.service.InventoryStockService | OPERATION_SUCCESS | operation=INCREMENT_FILLED_QTY | variantId=3 | newQty=200
2026-01-07 20:33:28.142 | INFO  | [12525182-039e-4d7a-aa5e-fbdeb1bf2fe5] [] [] | http-nio-8080-exec-3 | c.g.service.InventoryStockService | OPERATION_SUCCESS | operation=DECREMENT_EMPTY_QTY | variantId=3 | newQty=0
2026-01-07 20:33:28.142 | INFO  | [12525182-039e-4d7a-aa5e-fbdeb1bf2fe5] [] [] | http-nio-8080-exec-3 | c.g.s.SupplierTransactionService | OPERATION_SUCCESS | operation=RECORD_TRANSACTION | id=3 | supplierId=1 | filled=200
2026-01-07 20:35:34.097 | INFO  | [74f7e34d-7c07-41c5-9d63-4ad4c0be7044] [] [700557ed-dbd9-4a10-b5c7-d42f577756d2] | http-nio-8080-exec-1 | com.gasagency.service.SaleService | Creating new sale with request: com.gasagency.dto.CreateSaleRequestDTO@72721590
2026-01-07 20:35:34.113 | INFO  | [74f7e34d-7c07-41c5-9d63-4ad4c0be7044] [] [700557ed-dbd9-4a10-b5c7-d42f577756d2] | http-nio-8080-exec-1 | com.gasagency.service.SaleService | Sale validation complete - Total amount: 22500.00, Items: 1
2026-01-07 20:35:34.118 | INFO  | [74f7e34d-7c07-41c5-9d63-4ad4c0be7044] [] [700557ed-dbd9-4a10-b5c7-d42f577756d2] | http-nio-8080-exec-1 | com.gasagency.service.SaleService | Sale created with id: 3 for customer: Tushar Rokade - Total: 22500.00
2026-01-07 20:35:34.123 | INFO  | [74f7e34d-7c07-41c5-9d63-4ad4c0be7044] [] [700557ed-dbd9-4a10-b5c7-d42f577756d2] | http-nio-8080-exec-1 | c.g.service.InventoryStockService | OPERATION_START | operation=DECREMENT_FILLED_WITH_CHECK | variantId=1 | qty=15
2026-01-07 20:35:34.127 | INFO  | [74f7e34d-7c07-41c5-9d63-4ad4c0be7044] [] [700557ed-dbd9-4a10-b5c7-d42f577756d2] | http-nio-8080-exec-1 | c.g.service.InventoryStockService | OPERATION_SUCCESS | operation=DECREMENT_FILLED_QTY_CHECK | variantId=1 | newQty=3
2026-01-07 20:35:34.127 | INFO  | [74f7e34d-7c07-41c5-9d63-4ad4c0be7044] [] [700557ed-dbd9-4a10-b5c7-d42f577756d2] | http-nio-8080-exec-1 | c.g.service.InventoryStockService | OPERATION_START | operation=INCREMENT_EMPTY_QTY | variantId=1 | qty=0
2026-01-07 20:35:34.127 | INFO  | [74f7e34d-7c07-41c5-9d63-4ad4c0be7044] [] [700557ed-dbd9-4a10-b5c7-d42f577756d2] | http-nio-8080-exec-1 | c.g.service.InventoryStockService | OPERATION_SUCCESS | operation=INCREMENT_EMPTY_QTY | variantId=1 | newEmptyQty=No increment (qty=0)
2026-01-07 20:35:34.132 | INFO  | [74f7e34d-7c07-41c5-9d63-4ad4c0be7044] [] [700557ed-dbd9-4a10-b5c7-d42f577756d2] | http-nio-8080-exec-1 | c.g.s.CustomerCylinderLedgerService | OPERATION_START | operation=CREATE_LEDGER_ENTRY | customerId=1 | variantId=1
2026-01-07 20:35:34.148 | INFO  | [74f7e34d-7c07-41c5-9d63-4ad4c0be7044] [] [700557ed-dbd9-4a10-b5c7-d42f577756d2] | http-nio-8080-exec-1 | c.g.s.CustomerCylinderLedgerService | OPERATION_SUCCESS | operation=CREATE_LEDGER_ENTRY | id=3 | customerId=1 | balance=17
2026-01-07 20:35:34.149 | INFO  | [74f7e34d-7c07-41c5-9d63-4ad4c0be7044] [] [700557ed-dbd9-4a10-b5c7-d42f577756d2] | http-nio-8080-exec-1 | com.gasagency.service.SaleService | Sale 3 completed successfully for customer Tushar Rokade
2026-01-07 20:35:34.150 | INFO  | [74f7e34d-7c07-41c5-9d63-4ad4c0be7044] [] [700557ed-dbd9-4a10-b5c7-d42f577756d2] | http-nio-8080-exec-1 | com.gasagency.service.SaleService | TRANSACTION_SUMMARY | txnId=700557ed-dbd9-4a10-b5c7-d42f577756d2 | saleId=3 | customer=Tushar Rokade | amount=22500.00 | duration=52ms
2026-01-07 21:34:53.671 | INFO  | [79a8959a-48a1-477d-a82b-d7cd291a51d0] [] [] | http-nio-8080-exec-10 | c.gasagency.service.SupplierService | OPERATION_START | operation=CREATE_SUPPLIER | name=Bharat Gas
2026-01-07 21:34:53.677 | INFO  | [79a8959a-48a1-477d-a82b-d7cd291a51d0] [] [] | http-nio-8080-exec-10 | c.gasagency.service.SupplierService | OPERATION_SUCCESS | operation=CREATE_SUPPLIER | id=2 | name=Bharat Gas
2026-01-07 21:35:16.007 | INFO  | [2b66ade3-534c-4a1a-9ca4-0825c46994ba] [] [] | http-nio-8080-exec-8 | c.g.s.SupplierTransactionService | OPERATION_START | operation=RECORD_TRANSACTION | supplierId=2 | variantId=1
2026-01-07 21:35:16.020 | INFO  | [2b66ade3-534c-4a1a-9ca4-0825c46994ba] [] [] | http-nio-8080-exec-8 | c.g.service.InventoryStockService | OPERATION_SUCCESS | operation=INCREMENT_FILLED_QTY | variantId=1 | newQty=13
2026-01-07 21:35:16.027 | INFO  | [2b66ade3-534c-4a1a-9ca4-0825c46994ba] [] [] | http-nio-8080-exec-8 | c.g.service.InventoryStockService | OPERATION_SUCCESS | operation=DECREMENT_EMPTY_QTY | variantId=1 | newQty=0
2026-01-07 21:35:16.027 | INFO  | [2b66ade3-534c-4a1a-9ca4-0825c46994ba] [] [] | http-nio-8080-exec-8 | c.g.s.SupplierTransactionService | OPERATION_SUCCESS | operation=RECORD_TRANSACTION | id=4 | supplierId=2 | filled=10
2026-01-07 21:47:17.925 | INFO  | [1ff3339d-38c1-459e-8742-d34e52c5c151] [] [] | http-nio-8080-exec-9 | c.gasagency.service.SupplierService | OPERATION_START | operation=DELETE_SUPPLIER | id=2
2026-01-07 21:47:17.934 | WARN  | [1ff3339d-38c1-459e-8742-d34e52c5c151] [] [] | http-nio-8080-exec-9 | c.gasagency.service.SupplierService | OPERATION_FAILED | operation=DELETE_SUPPLIER | error=Cannot delete - has transactions | id=2
2026-01-07 21:48:20.248 | INFO  | [294d8eea-70b8-45a3-ac67-b8de6a20f426] [] [] | http-nio-8080-exec-2 | c.gasagency.service.SupplierService | OPERATION_START | operation=CREATE_SUPPLIER | name=HP GAS
2026-01-07 21:48:20.403 | INFO  | [294d8eea-70b8-45a3-ac67-b8de6a20f426] [] [] | http-nio-8080-exec-2 | c.gasagency.service.SupplierService | OPERATION_SUCCESS | operation=CREATE_SUPPLIER | id=1 | name=HP GAS
2026-01-07 21:48:41.930 | INFO  | [4ee19056-2d4c-4139-a06f-a769f9cf1226] [] [] | http-nio-8080-exec-6 | c.g.service.CylinderVariantService | OPERATION_START | operation=CREATE_VARIANT | name=19KG Cylinder
2026-01-07 21:48:41.951 | INFO  | [4ee19056-2d4c-4139-a06f-a769f9cf1226] [] [] | http-nio-8080-exec-6 | c.g.service.CylinderVariantService | OPERATION_SUCCESS | operation=CREATE_VARIANT | id=1 | name=19KG Cylinder
2026-01-07 21:48:54.282 | INFO  | [3262a4e5-f627-4a41-bde9-99c7e7b4fcf3] [] [] | http-nio-8080-exec-9 | c.g.service.CylinderVariantService | OPERATION_START | operation=CREATE_VARIANT | name=5KG Cylinder
2026-01-07 21:48:54.291 | INFO  | [3262a4e5-f627-4a41-bde9-99c7e7b4fcf3] [] [] | http-nio-8080-exec-9 | c.g.service.CylinderVariantService | OPERATION_SUCCESS | operation=CREATE_VARIANT | id=2 | name=5KG Cylinder
2026-01-07 21:49:07.373 | INFO  | [50b2bf9f-9d5c-42a7-ba44-38c11534c640] [] [] | http-nio-8080-exec-5 | c.g.service.MonthlyPriceService | OPERATION_START | operation=CREATE_PRICE | variantId=2 | month=2026-01-01
2026-01-07 21:49:07.373 | INFO  | [9e10b601-53f8-4677-9141-f9cd055152d7] [] [] | http-nio-8080-exec-4 | c.g.service.MonthlyPriceService | OPERATION_START | operation=CREATE_PRICE | variantId=1 | month=2026-01-01
2026-01-07 21:49:07.484 | INFO  | [50b2bf9f-9d5c-42a7-ba44-38c11534c640] [] [] | http-nio-8080-exec-5 | c.g.service.MonthlyPriceService | OPERATION_SUCCESS | operation=CREATE_PRICE | id=1 | variant=5KG Cylinder | price=800
2026-01-07 21:49:07.484 | INFO  | [9e10b601-53f8-4677-9141-f9cd055152d7] [] [] | http-nio-8080-exec-4 | c.g.service.MonthlyPriceService | OPERATION_SUCCESS | operation=CREATE_PRICE | id=2 | variant=19KG Cylinder | price=1500
2026-01-07 21:49:34.320 | WARN  | [3575bb2a-7b4c-4f1b-bf67-8d4b7e68b9ed] [] [] | http-nio-8080-exec-5 | c.g.service.InventoryStockService | OPERATION_FAILED | operation=GET_STOCK_BY_VARIANT | error=Stock not found | variantId=1
2026-01-07 21:49:56.970 | WARN  | [94581e74-8e69-45d4-94a7-18b4207d534d] [] [] | http-nio-8080-exec-4 | c.g.service.InventoryStockService | OPERATION_FAILED | operation=GET_STOCK_BY_VARIANT | error=Stock not found | variantId=1
2026-01-07 21:52:58.112 | WARN  | [1f896608-bab6-4811-b6d8-a80e894194cc] [] [] | http-nio-8080-exec-10 | c.g.service.InventoryStockService | OPERATION_FAILED | operation=GET_STOCK_BY_VARIANT | error=Stock not found | variantId=1
2026-01-07 21:53:04.216 | WARN  | [f4d73ee1-7f2f-421b-beb3-b3fb068398b1] [] [] | http-nio-8080-exec-5 | c.g.service.InventoryStockService | OPERATION_FAILED | operation=GET_STOCK_BY_VARIANT | error=Stock not found | variantId=1
2026-01-07 21:53:14.767 | INFO  | [890db2c2-4f9b-4a62-b89c-aae4a09cc4a5] [] [] | http-nio-8080-exec-3 | c.g.s.SupplierTransactionService | OPERATION_START | operation=RECORD_TRANSACTION | supplierId=1 | variantId=1
2026-01-07 21:53:14.819 | INFO  | [890db2c2-4f9b-4a62-b89c-aae4a09cc4a5] [] [] | http-nio-8080-exec-3 | c.g.service.InventoryStockService | OPERATION_SUCCESS | operation=INCREMENT_FILLED_QTY | variantId=1 | newQty=20
2026-01-07 21:53:14.842 | INFO  | [890db2c2-4f9b-4a62-b89c-aae4a09cc4a5] [] [] | http-nio-8080-exec-3 | c.g.service.InventoryStockService | OPERATION_SUCCESS | operation=DECREMENT_EMPTY_QTY | variantId=1 | newQty=0
2026-01-07 21:53:14.842 | INFO  | [890db2c2-4f9b-4a62-b89c-aae4a09cc4a5] [] [] | http-nio-8080-exec-3 | c.g.s.SupplierTransactionService | OPERATION_SUCCESS | operation=RECORD_TRANSACTION | id=1 | supplierId=1 | filled=20
2026-01-07 21:53:38.855 | INFO  | [8012e4d6-69ae-4590-8354-004b876bf23a] [] [] | http-nio-8080-exec-10 | c.gasagency.service.CustomerService | OPERATION_START | operation=CREATE_CUSTOMER | name=Tushar Rokade
2026-01-07 21:53:38.869 | INFO  | [8012e4d6-69ae-4590-8354-004b876bf23a] [] [] | http-nio-8080-exec-10 | c.gasagency.service.CustomerService | OPERATION_SUCCESS | operation=CREATE_CUSTOMER | id=1 | name=Tushar Rokade | mobile=9878765656
2026-01-07 21:54:20.490 | WARN  | [0c65a10c-30f8-4dcf-8cd8-f8605e5e1b51] [] [] | http-nio-8080-exec-9 | c.g.service.InventoryStockService | OPERATION_FAILED | operation=GET_STOCK_BY_VARIANT | error=Stock not found | variantId=2
2026-01-07 21:54:23.856 | INFO  | [0db842c9-6566-45f6-9471-72c68365b61c] [] [] | http-nio-8080-exec-6 | c.g.s.SupplierTransactionService | OPERATION_START | operation=RECORD_TRANSACTION | supplierId=1 | variantId=2
2026-01-07 21:54:23.871 | INFO  | [0db842c9-6566-45f6-9471-72c68365b61c] [] [] | http-nio-8080-exec-6 | c.g.service.InventoryStockService | OPERATION_SUCCESS | operation=INCREMENT_FILLED_QTY | variantId=2 | newQty=30
2026-01-07 21:54:23.881 | INFO  | [0db842c9-6566-45f6-9471-72c68365b61c] [] [] | http-nio-8080-exec-6 | c.g.service.InventoryStockService | OPERATION_SUCCESS | operation=DECREMENT_EMPTY_QTY | variantId=2 | newQty=0
2026-01-07 21:54:23.881 | INFO  | [0db842c9-6566-45f6-9471-72c68365b61c] [] [] | http-nio-8080-exec-6 | c.g.s.SupplierTransactionService | OPERATION_SUCCESS | operation=RECORD_TRANSACTION | id=2 | supplierId=1 | filled=30
2026-01-07 21:54:50.275 | INFO  | [b03b3994-395b-4404-9682-01e9774c595d] [] [] | http-nio-8080-exec-10 | c.gasagency.service.CustomerService | OPERATION_START | operation=CREATE_CUSTOMER | name=Mahesh Patil
2026-01-07 21:54:50.284 | INFO  | [b03b3994-395b-4404-9682-01e9774c595d] [] [] | http-nio-8080-exec-10 | c.gasagency.service.CustomerService | OPERATION_SUCCESS | operation=CREATE_CUSTOMER | id=2 | name=Mahesh Patil | mobile=8987866567
2026-01-07 21:55:05.839 | INFO  | [93019124-f113-46f0-bf40-fbe288b2b065] [] [488b9176-36df-4287-8764-47d1d3fc8b06] | http-nio-8080-exec-4 | com.gasagency.service.SaleService | Creating new sale with request: com.gasagency.dto.CreateSaleRequestDTO@38e5d0f5
2026-01-07 21:55:05.856 | INFO  | [93019124-f113-46f0-bf40-fbe288b2b065] [] [488b9176-36df-4287-8764-47d1d3fc8b06] | http-nio-8080-exec-4 | com.gasagency.service.SaleService | Sale validation complete - Total amount: 4400.00, Items: 1
2026-01-07 21:55:05.880 | INFO  | [93019124-f113-46f0-bf40-fbe288b2b065] [] [488b9176-36df-4287-8764-47d1d3fc8b06] | http-nio-8080-exec-4 | com.gasagency.service.SaleService | Sale created with id: 1 for customer: Tushar Rokade - Total: 4400.00
2026-01-07 21:55:05.889 | INFO  | [93019124-f113-46f0-bf40-fbe288b2b065] [] [488b9176-36df-4287-8764-47d1d3fc8b06] | http-nio-8080-exec-4 | c.g.service.InventoryStockService | OPERATION_START | operation=DECREMENT_FILLED_WITH_CHECK | variantId=1 | qty=3
2026-01-07 21:55:05.901 | INFO  | [93019124-f113-46f0-bf40-fbe288b2b065] [] [488b9176-36df-4287-8764-47d1d3fc8b06] | http-nio-8080-exec-4 | c.g.service.InventoryStockService | OPERATION_SUCCESS | operation=DECREMENT_FILLED_QTY_CHECK | variantId=1 | newQty=17
2026-01-07 21:55:05.902 | INFO  | [93019124-f113-46f0-bf40-fbe288b2b065] [] [488b9176-36df-4287-8764-47d1d3fc8b06] | http-nio-8080-exec-4 | c.g.service.InventoryStockService | OPERATION_START | operation=INCREMENT_EMPTY_QTY | variantId=1 | qty=0
2026-01-07 21:55:05.902 | INFO  | [93019124-f113-46f0-bf40-fbe288b2b065] [] [488b9176-36df-4287-8764-47d1d3fc8b06] | http-nio-8080-exec-4 | c.g.service.InventoryStockService | OPERATION_SUCCESS | operation=INCREMENT_EMPTY_QTY | variantId=1 | newEmptyQty=No increment (qty=0)
2026-01-07 21:55:05.903 | INFO  | [93019124-f113-46f0-bf40-fbe288b2b065] [] [488b9176-36df-4287-8764-47d1d3fc8b06] | http-nio-8080-exec-4 | c.g.s.CustomerCylinderLedgerService | OPERATION_START | operation=CREATE_LEDGER_ENTRY | customerId=1 | variantId=1
2026-01-07 21:55:05.919 | INFO  | [93019124-f113-46f0-bf40-fbe288b2b065] [] [488b9176-36df-4287-8764-47d1d3fc8b06] | http-nio-8080-exec-4 | c.g.s.CustomerCylinderLedgerService | OPERATION_SUCCESS | operation=CREATE_LEDGER_ENTRY | id=1 | customerId=1 | balance=3
2026-01-07 21:55:05.920 | INFO  | [93019124-f113-46f0-bf40-fbe288b2b065] [] [488b9176-36df-4287-8764-47d1d3fc8b06] | http-nio-8080-exec-4 | com.gasagency.service.SaleService | Sale 1 completed successfully for customer Tushar Rokade
2026-01-07 21:55:05.921 | INFO  | [93019124-f113-46f0-bf40-fbe288b2b065] [] [488b9176-36df-4287-8764-47d1d3fc8b06] | http-nio-8080-exec-4 | com.gasagency.service.SaleService | TRANSACTION_SUMMARY | txnId=488b9176-36df-4287-8764-47d1d3fc8b06 | saleId=1 | customer=Tushar Rokade | amount=4400.00 | duration=81ms
2026-01-07 21:55:15.572 | INFO  | [7673554a-2e7a-40c6-af27-8998952e6832] [] [91729e09-beef-4f7b-8a0d-5642cd7989f7] | http-nio-8080-exec-7 | com.gasagency.service.SaleService | Creating new sale with request: com.gasagency.dto.CreateSaleRequestDTO@32cb46bf
2026-01-07 21:55:15.580 | INFO  | [7673554a-2e7a-40c6-af27-8998952e6832] [] [91729e09-beef-4f7b-8a0d-5642cd7989f7] | http-nio-8080-exec-7 | com.gasagency.service.SaleService | Sale validation complete - Total amount: 3200.00, Items: 1
2026-01-07 21:55:15.583 | INFO  | [7673554a-2e7a-40c6-af27-8998952e6832] [] [91729e09-beef-4f7b-8a0d-5642cd7989f7] | http-nio-8080-exec-7 | com.gasagency.service.SaleService | Sale created with id: 2 for customer: Mahesh Patil - Total: 3200.00
2026-01-07 21:55:15.585 | INFO  | [7673554a-2e7a-40c6-af27-8998952e6832] [] [91729e09-beef-4f7b-8a0d-5642cd7989f7] | http-nio-8080-exec-7 | c.g.service.InventoryStockService | OPERATION_START | operation=DECREMENT_FILLED_WITH_CHECK | variantId=2 | qty=4
2026-01-07 21:55:15.587 | INFO  | [7673554a-2e7a-40c6-af27-8998952e6832] [] [91729e09-beef-4f7b-8a0d-5642cd7989f7] | http-nio-8080-exec-7 | c.g.service.InventoryStockService | OPERATION_SUCCESS | operation=DECREMENT_FILLED_QTY_CHECK | variantId=2 | newQty=26
2026-01-07 21:55:15.587 | INFO  | [7673554a-2e7a-40c6-af27-8998952e6832] [] [91729e09-beef-4f7b-8a0d-5642cd7989f7] | http-nio-8080-exec-7 | c.g.service.InventoryStockService | OPERATION_START | operation=INCREMENT_EMPTY_QTY | variantId=2 | qty=0
2026-01-07 21:55:15.587 | INFO  | [7673554a-2e7a-40c6-af27-8998952e6832] [] [91729e09-beef-4f7b-8a0d-5642cd7989f7] | http-nio-8080-exec-7 | c.g.service.InventoryStockService | OPERATION_SUCCESS | operation=INCREMENT_EMPTY_QTY | variantId=2 | newEmptyQty=No increment (qty=0)
2026-01-07 21:55:15.588 | INFO  | [7673554a-2e7a-40c6-af27-8998952e6832] [] [91729e09-beef-4f7b-8a0d-5642cd7989f7] | http-nio-8080-exec-7 | c.g.s.CustomerCylinderLedgerService | OPERATION_START | operation=CREATE_LEDGER_ENTRY | customerId=2 | variantId=2
2026-01-07 21:55:15.592 | INFO  | [7673554a-2e7a-40c6-af27-8998952e6832] [] [91729e09-beef-4f7b-8a0d-5642cd7989f7] | http-nio-8080-exec-7 | c.g.s.CustomerCylinderLedgerService | OPERATION_SUCCESS | operation=CREATE_LEDGER_ENTRY | id=2 | customerId=2 | balance=4
2026-01-07 21:55:15.592 | INFO  | [7673554a-2e7a-40c6-af27-8998952e6832] [] [91729e09-beef-4f7b-8a0d-5642cd7989f7] | http-nio-8080-exec-7 | com.gasagency.service.SaleService | Sale 2 completed successfully for customer Mahesh Patil
2026-01-07 21:55:15.593 | INFO  | [7673554a-2e7a-40c6-af27-8998952e6832] [] [91729e09-beef-4f7b-8a0d-5642cd7989f7] | http-nio-8080-exec-7 | com.gasagency.service.SaleService | TRANSACTION_SUMMARY | txnId=91729e09-beef-4f7b-8a0d-5642cd7989f7 | saleId=2 | customer=Mahesh Patil | amount=3200.00 | duration=20ms
2026-01-07 21:57:23.495 | INFO  | [26da876e-9406-41d8-8a16-c4c1c7db25dd] [] [] | http-nio-8080-exec-3 | c.g.s.CustomerCylinderLedgerService | OPERATION_START | operation=CREATE_LEDGER_ENTRY | customerId=1 | variantId=2
2026-01-07 21:57:23.506 | WARN  | [26da876e-9406-41d8-8a16-c4c1c7db25dd] [] [] | http-nio-8080-exec-3 | c.g.s.CustomerCylinderLedgerService | OPERATION_FAILED | operation=CREATE_LEDGER_ENTRY | error=Empty return exceeds filled cylinders held (after this sale) | customerId=1 | variantId=2 | previousBalance=0 | filledOut=0 | emptyIn=1
2026-01-07 21:57:28.882 | INFO  | [ef386ffb-446f-48fe-9e5e-4bac1f51264d] [] [] | http-nio-8080-exec-5 | c.g.s.CustomerCylinderLedgerService | OPERATION_START | operation=CREATE_LEDGER_ENTRY | customerId=1 | variantId=2
2026-01-07 21:57:28.889 | WARN  | [ef386ffb-446f-48fe-9e5e-4bac1f51264d] [] [] | http-nio-8080-exec-5 | c.g.s.CustomerCylinderLedgerService | OPERATION_FAILED | operation=CREATE_LEDGER_ENTRY | error=Empty return exceeds filled cylinders held (after this sale) | customerId=1 | variantId=2 | previousBalance=0 | filledOut=0 | emptyIn=1
2026-01-07 21:57:36.980 | INFO  | [02c9abfa-8b72-4f10-905d-2010cf807076] [] [] | http-nio-8080-exec-6 | c.g.s.CustomerCylinderLedgerService | OPERATION_START | operation=CREATE_LEDGER_ENTRY | customerId=1 | variantId=1
2026-01-07 21:57:36.991 | INFO  | [02c9abfa-8b72-4f10-905d-2010cf807076] [] [] | http-nio-8080-exec-6 | c.g.s.CustomerCylinderLedgerService | OPERATION_SUCCESS | operation=CREATE_LEDGER_ENTRY | id=3 | customerId=1 | balance=2
2026-01-07 21:57:36.991 | INFO  | [02c9abfa-8b72-4f10-905d-2010cf807076] [] [] | http-nio-8080-exec-6 | c.g.service.InventoryStockService | OPERATION_START | operation=INCREMENT_EMPTY_QTY | variantId=1 | qty=1
2026-01-07 21:57:36.997 | INFO  | [02c9abfa-8b72-4f10-905d-2010cf807076] [] [] | http-nio-8080-exec-6 | c.g.service.InventoryStockService | OPERATION_SUCCESS | operation=INCREMENT_EMPTY_QTY | variantId=1 | newEmptyQty=1
2026-01-07 22:23:35.068 | INFO  | [eae2d985-d6da-4e43-9d79-7b439b0ac27d] [] [] | http-nio-8080-exec-10 | c.g.s.CustomerCylinderLedgerService | OPERATION_START | operation=CREATE_LEDGER_ENTRY | customerId=1 | variantId=1
2026-01-07 22:23:35.081 | INFO  | [eae2d985-d6da-4e43-9d79-7b439b0ac27d] [] [] | http-nio-8080-exec-10 | c.g.s.CustomerCylinderLedgerService | OPERATION_SUCCESS | operation=CREATE_LEDGER_ENTRY | id=4 | customerId=1 | balance=0
2026-01-07 22:23:35.081 | INFO  | [eae2d985-d6da-4e43-9d79-7b439b0ac27d] [] [] | http-nio-8080-exec-10 | c.g.service.InventoryStockService | OPERATION_START | operation=INCREMENT_EMPTY_QTY | variantId=1 | qty=2
2026-01-07 22:23:35.086 | INFO  | [eae2d985-d6da-4e43-9d79-7b439b0ac27d] [] [] | http-nio-8080-exec-10 | c.g.service.InventoryStockService | OPERATION_SUCCESS | operation=INCREMENT_EMPTY_QTY | variantId=1 | newEmptyQty=3
2026-01-07 22:24:44.681 | INFO  | [355639b7-bf41-4ff9-b8bc-626c3713cf8e] [] [] | http-nio-8080-exec-7 | c.g.s.SupplierTransactionService | OPERATION_START | operation=RECORD_TRANSACTION | supplierId=1 | variantId=1
2026-01-07 22:24:44.694 | INFO  | [355639b7-bf41-4ff9-b8bc-626c3713cf8e] [] [] | http-nio-8080-exec-7 | c.g.service.InventoryStockService | OPERATION_SUCCESS | operation=INCREMENT_FILLED_QTY | variantId=1 | newQty=17
2026-01-07 22:24:44.702 | INFO  | [355639b7-bf41-4ff9-b8bc-626c3713cf8e] [] [] | http-nio-8080-exec-7 | c.g.service.InventoryStockService | OPERATION_SUCCESS | operation=DECREMENT_EMPTY_QTY | variantId=1 | newQty=0
2026-01-07 22:24:44.702 | INFO  | [355639b7-bf41-4ff9-b8bc-626c3713cf8e] [] [] | http-nio-8080-exec-7 | c.g.s.SupplierTransactionService | OPERATION_SUCCESS | operation=RECORD_TRANSACTION | id=3 | supplierId=1 | filled=0
