2026-01-10 17:32:54.946 | INFO  | [5da989dd-4303-45c5-b9b9-453e0a8fc6e9] [] [] | http-nio-8080-exec-9 | c.g.s.CustomerCylinderLedgerService | OPERATION_START | operation=CREATE_LEDGER_ENTRY | customerId=3 | variantId=1
2026-01-10 17:32:54.953 | WARN  | [5da989dd-4303-45c5-b9b9-453e0a8fc6e9] [] [] | http-nio-8080-exec-9 | c.g.s.CustomerCylinderLedgerService | OPERATION_FAILED | operation=CREATE_LEDGER_ENTRY | error=Empty return exceeds filled cylinders held (after this sale) | customerId=3 | variantId=1 | previousBalance=1 | filledOut=0 | emptyIn=2
2026-01-10 17:32:58.390 | INFO  | [921388fd-713d-4387-a7df-baa5c6b9e9a7] [] [] | http-nio-8080-exec-8 | c.g.s.CustomerCylinderLedgerService | OPERATION_START | operation=CREATE_LEDGER_ENTRY | customerId=3 | variantId=1
2026-01-10 17:32:58.405 | INFO  | [921388fd-713d-4387-a7df-baa5c6b9e9a7] [] [] | http-nio-8080-exec-8 | c.g.s.CustomerCylinderLedgerService | OPERATION_SUCCESS | operation=CREATE_LEDGER_ENTRY | id=10 | customerId=3 | balance=0
2026-01-10 17:32:58.405 | INFO  | [921388fd-713d-4387-a7df-baa5c6b9e9a7] [] [] | http-nio-8080-exec-8 | c.g.service.InventoryStockService | OPERATION_START | operation=INCREMENT_EMPTY_QTY | variantId=1 | qty=1
2026-01-10 17:32:58.410 | INFO  | [921388fd-713d-4387-a7df-baa5c6b9e9a7] [] [] | http-nio-8080-exec-8 | c.g.service.InventoryStockService | OPERATION_SUCCESS | operation=INCREMENT_EMPTY_QTY | variantId=1 | newEmptyQty=1
2026-01-10 18:02:11.567 | INFO  | [2462a764-6e7d-4ecd-ab15-00b76a21e4b3] [] [4b79e2da-2b12-4d88-9e9c-03725b8bcb88] | http-nio-8080-exec-6 | com.gasagency.service.SaleService | Creating new sale with request: com.gasagency.dto.CreateSaleRequestDTO@42744d4
2026-01-10 18:02:11.639 | INFO  | [2462a764-6e7d-4ecd-ab15-00b76a21e4b3] [] [4b79e2da-2b12-4d88-9e9c-03725b8bcb88] | http-nio-8080-exec-6 | com.gasagency.service.SaleService | Sale validation complete - Total amount: 1000.00, Items: 1
2026-01-10 18:02:11.680 | INFO  | [2462a764-6e7d-4ecd-ab15-00b76a21e4b3] [] [4b79e2da-2b12-4d88-9e9c-03725b8bcb88] | http-nio-8080-exec-6 | com.gasagency.service.SaleService | Sale created with id: 8 for customer: Tushar Rokade - Total: 1000.00
2026-01-10 18:02:11.704 | INFO  | [2462a764-6e7d-4ecd-ab15-00b76a21e4b3] [] [4b79e2da-2b12-4d88-9e9c-03725b8bcb88] | http-nio-8080-exec-6 | c.g.service.InventoryStockService | OPERATION_START | operation=DECREMENT_FILLED_WITH_CHECK | variantId=1 | qty=2
2026-01-10 18:02:11.731 | INFO  | [2462a764-6e7d-4ecd-ab15-00b76a21e4b3] [] [4b79e2da-2b12-4d88-9e9c-03725b8bcb88] | http-nio-8080-exec-6 | c.g.service.InventoryStockService | OPERATION_SUCCESS | operation=DECREMENT_FILLED_QTY_CHECK | variantId=1 | newQty=7
2026-01-10 18:02:11.732 | INFO  | [2462a764-6e7d-4ecd-ab15-00b76a21e4b3] [] [4b79e2da-2b12-4d88-9e9c-03725b8bcb88] | http-nio-8080-exec-6 | c.g.service.InventoryStockService | OPERATION_START | operation=INCREMENT_EMPTY_QTY | variantId=1 | qty=0
2026-01-10 18:02:11.732 | INFO  | [2462a764-6e7d-4ecd-ab15-00b76a21e4b3] [] [4b79e2da-2b12-4d88-9e9c-03725b8bcb88] | http-nio-8080-exec-6 | c.g.service.InventoryStockService | OPERATION_SUCCESS | operation=INCREMENT_EMPTY_QTY | variantId=1 | newEmptyQty=No increment (qty=0)
2026-01-10 18:02:11.736 | INFO  | [2462a764-6e7d-4ecd-ab15-00b76a21e4b3] [] [4b79e2da-2b12-4d88-9e9c-03725b8bcb88] | http-nio-8080-exec-6 | c.g.s.CustomerCylinderLedgerService | OPERATION_START | operation=CREATE_LEDGER_ENTRY | customerId=1 | variantId=1
2026-01-10 18:02:11.772 | INFO  | [2462a764-6e7d-4ecd-ab15-00b76a21e4b3] [] [4b79e2da-2b12-4d88-9e9c-03725b8bcb88] | http-nio-8080-exec-6 | c.g.s.CustomerCylinderLedgerService | OPERATION_SUCCESS | operation=CREATE_LEDGER_ENTRY | id=11 | customerId=1 | balance=5
2026-01-10 18:02:11.773 | INFO  | [2462a764-6e7d-4ecd-ab15-00b76a21e4b3] [] [4b79e2da-2b12-4d88-9e9c-03725b8bcb88] | http-nio-8080-exec-6 | com.gasagency.service.SaleService | Sale 8 completed successfully for customer Tushar Rokade
2026-01-10 18:02:11.773 | INFO  | [2462a764-6e7d-4ecd-ab15-00b76a21e4b3] [] [4b79e2da-2b12-4d88-9e9c-03725b8bcb88] | http-nio-8080-exec-6 | com.gasagency.service.SaleService | TRANSACTION_SUMMARY | txnId=4b79e2da-2b12-4d88-9e9c-03725b8bcb88 | saleId=8 | customer=Tushar Rokade | amount=1000.00 | duration=206ms
2026-01-10 18:02:22.337 | INFO  | [932e5267-1177-4d6b-a879-e06f5b600558] [] [fb96b821-e6a6-40c8-ae69-37a02cf84a42] | http-nio-8080-exec-4 | com.gasagency.service.SaleService | Creating new sale with request: com.gasagency.dto.CreateSaleRequestDTO@46d57ee0
2026-01-10 18:02:22.366 | INFO  | [932e5267-1177-4d6b-a879-e06f5b600558] [] [fb96b821-e6a6-40c8-ae69-37a02cf84a42] | http-nio-8080-exec-4 | com.gasagency.service.SaleService | Sale validation complete - Total amount: 1500.00, Items: 1
2026-01-10 18:02:22.373 | INFO  | [932e5267-1177-4d6b-a879-e06f5b600558] [] [fb96b821-e6a6-40c8-ae69-37a02cf84a42] | http-nio-8080-exec-4 | com.gasagency.service.SaleService | Sale created with id: 9 for customer: Tushar Rokade - Total: 1500.00
2026-01-10 18:02:22.382 | INFO  | [932e5267-1177-4d6b-a879-e06f5b600558] [] [fb96b821-e6a6-40c8-ae69-37a02cf84a42] | http-nio-8080-exec-4 | c.g.service.InventoryStockService | OPERATION_START | operation=DECREMENT_FILLED_WITH_CHECK | variantId=1 | qty=3
2026-01-10 18:02:22.389 | INFO  | [932e5267-1177-4d6b-a879-e06f5b600558] [] [fb96b821-e6a6-40c8-ae69-37a02cf84a42] | http-nio-8080-exec-4 | c.g.service.InventoryStockService | OPERATION_SUCCESS | operation=DECREMENT_FILLED_QTY_CHECK | variantId=1 | newQty=4
2026-01-10 18:02:22.390 | INFO  | [932e5267-1177-4d6b-a879-e06f5b600558] [] [fb96b821-e6a6-40c8-ae69-37a02cf84a42] | http-nio-8080-exec-4 | c.g.service.InventoryStockService | OPERATION_START | operation=INCREMENT_EMPTY_QTY | variantId=1 | qty=0
2026-01-10 18:02:22.390 | INFO  | [932e5267-1177-4d6b-a879-e06f5b600558] [] [fb96b821-e6a6-40c8-ae69-37a02cf84a42] | http-nio-8080-exec-4 | c.g.service.InventoryStockService | OPERATION_SUCCESS | operation=INCREMENT_EMPTY_QTY | variantId=1 | newEmptyQty=No increment (qty=0)
2026-01-10 18:02:22.390 | INFO  | [932e5267-1177-4d6b-a879-e06f5b600558] [] [fb96b821-e6a6-40c8-ae69-37a02cf84a42] | http-nio-8080-exec-4 | c.g.s.CustomerCylinderLedgerService | OPERATION_START | operation=CREATE_LEDGER_ENTRY | customerId=1 | variantId=1
2026-01-10 18:02:22.409 | INFO  | [932e5267-1177-4d6b-a879-e06f5b600558] [] [fb96b821-e6a6-40c8-ae69-37a02cf84a42] | http-nio-8080-exec-4 | c.g.s.CustomerCylinderLedgerService | OPERATION_SUCCESS | operation=CREATE_LEDGER_ENTRY | id=12 | customerId=1 | balance=8
2026-01-10 18:02:22.410 | INFO  | [932e5267-1177-4d6b-a879-e06f5b600558] [] [fb96b821-e6a6-40c8-ae69-37a02cf84a42] | http-nio-8080-exec-4 | com.gasagency.service.SaleService | Sale 9 completed successfully for customer Tushar Rokade
2026-01-10 18:02:22.410 | INFO  | [932e5267-1177-4d6b-a879-e06f5b600558] [] [fb96b821-e6a6-40c8-ae69-37a02cf84a42] | http-nio-8080-exec-4 | com.gasagency.service.SaleService | TRANSACTION_SUMMARY | txnId=fb96b821-e6a6-40c8-ae69-37a02cf84a42 | saleId=9 | customer=Tushar Rokade | amount=1500.00 | duration=73ms
2026-01-10 18:02:34.316 | INFO  | [3a9a6964-3313-4d42-b521-f952b22d26e1] [] [] | http-nio-8080-exec-7 | c.g.s.CustomerCylinderLedgerService | OPERATION_START | operation=CREATE_LEDGER_ENTRY | customerId=1 | variantId=1
2026-01-10 18:02:34.337 | INFO  | [3a9a6964-3313-4d42-b521-f952b22d26e1] [] [] | http-nio-8080-exec-7 | c.g.s.CustomerCylinderLedgerService | OPERATION_SUCCESS | operation=CREATE_LEDGER_ENTRY | id=13 | customerId=1 | balance=5
2026-01-10 18:02:34.338 | INFO  | [3a9a6964-3313-4d42-b521-f952b22d26e1] [] [] | http-nio-8080-exec-7 | c.g.service.InventoryStockService | OPERATION_START | operation=INCREMENT_EMPTY_QTY | variantId=1 | qty=3
2026-01-10 18:02:34.349 | INFO  | [3a9a6964-3313-4d42-b521-f952b22d26e1] [] [] | http-nio-8080-exec-7 | c.g.service.InventoryStockService | OPERATION_SUCCESS | operation=INCREMENT_EMPTY_QTY | variantId=1 | newEmptyQty=4
2026-01-10 18:02:41.853 | INFO  | [59674847-f2d2-4336-adfc-5e08828574c9] [] [] | http-nio-8080-exec-10 | c.g.s.CustomerCylinderLedgerService | OPERATION_START | operation=CREATE_LEDGER_ENTRY | customerId=1 | variantId=1
2026-01-10 18:02:41.874 | INFO  | [59674847-f2d2-4336-adfc-5e08828574c9] [] [] | http-nio-8080-exec-10 | c.g.s.CustomerCylinderLedgerService | OPERATION_SUCCESS | operation=CREATE_LEDGER_ENTRY | id=14 | customerId=1 | balance=3
2026-01-10 18:02:41.875 | INFO  | [59674847-f2d2-4336-adfc-5e08828574c9] [] [] | http-nio-8080-exec-10 | c.g.service.InventoryStockService | OPERATION_START | operation=INCREMENT_EMPTY_QTY | variantId=1 | qty=2
2026-01-10 18:02:41.892 | INFO  | [59674847-f2d2-4336-adfc-5e08828574c9] [] [] | http-nio-8080-exec-10 | c.g.service.InventoryStockService | OPERATION_SUCCESS | operation=INCREMENT_EMPTY_QTY | variantId=1 | newEmptyQty=6
2026-01-10 18:02:56.785 | INFO  | [90710e08-6d98-4fe7-932a-70ede2acffe4] [] [a2d3327b-e7f8-49e3-b251-892ee14a9824] | http-nio-8080-exec-9 | com.gasagency.service.SaleService | Creating new sale with request: com.gasagency.dto.CreateSaleRequestDTO@17e0fb5c
2026-01-10 18:02:56.805 | INFO  | [90710e08-6d98-4fe7-932a-70ede2acffe4] [] [a2d3327b-e7f8-49e3-b251-892ee14a9824] | http-nio-8080-exec-9 | com.gasagency.service.SaleService | Sale validation complete - Total amount: 500.00, Items: 1
2026-01-10 18:02:56.811 | INFO  | [90710e08-6d98-4fe7-932a-70ede2acffe4] [] [a2d3327b-e7f8-49e3-b251-892ee14a9824] | http-nio-8080-exec-9 | com.gasagency.service.SaleService | Sale created with id: 10 for customer: Tushar Rokade - Total: 500.00
2026-01-10 18:02:56.818 | INFO  | [90710e08-6d98-4fe7-932a-70ede2acffe4] [] [a2d3327b-e7f8-49e3-b251-892ee14a9824] | http-nio-8080-exec-9 | c.g.service.InventoryStockService | OPERATION_START | operation=DECREMENT_FILLED_WITH_CHECK | variantId=1 | qty=1
2026-01-10 18:02:56.824 | INFO  | [90710e08-6d98-4fe7-932a-70ede2acffe4] [] [a2d3327b-e7f8-49e3-b251-892ee14a9824] | http-nio-8080-exec-9 | c.g.service.InventoryStockService | OPERATION_SUCCESS | operation=DECREMENT_FILLED_QTY_CHECK | variantId=1 | newQty=3
2026-01-10 18:02:56.825 | INFO  | [90710e08-6d98-4fe7-932a-70ede2acffe4] [] [a2d3327b-e7f8-49e3-b251-892ee14a9824] | http-nio-8080-exec-9 | c.g.service.InventoryStockService | OPERATION_START | operation=INCREMENT_EMPTY_QTY | variantId=1 | qty=0
2026-01-10 18:02:56.825 | INFO  | [90710e08-6d98-4fe7-932a-70ede2acffe4] [] [a2d3327b-e7f8-49e3-b251-892ee14a9824] | http-nio-8080-exec-9 | c.g.service.InventoryStockService | OPERATION_SUCCESS | operation=INCREMENT_EMPTY_QTY | variantId=1 | newEmptyQty=No increment (qty=0)
2026-01-10 18:02:56.825 | INFO  | [90710e08-6d98-4fe7-932a-70ede2acffe4] [] [a2d3327b-e7f8-49e3-b251-892ee14a9824] | http-nio-8080-exec-9 | c.g.s.CustomerCylinderLedgerService | OPERATION_START | operation=CREATE_LEDGER_ENTRY | customerId=1 | variantId=1
2026-01-10 18:02:56.841 | INFO  | [90710e08-6d98-4fe7-932a-70ede2acffe4] [] [a2d3327b-e7f8-49e3-b251-892ee14a9824] | http-nio-8080-exec-9 | c.g.s.CustomerCylinderLedgerService | OPERATION_SUCCESS | operation=CREATE_LEDGER_ENTRY | id=15 | customerId=1 | balance=4
2026-01-10 18:02:56.842 | INFO  | [90710e08-6d98-4fe7-932a-70ede2acffe4] [] [a2d3327b-e7f8-49e3-b251-892ee14a9824] | http-nio-8080-exec-9 | com.gasagency.service.SaleService | Sale 10 completed successfully for customer Tushar Rokade
2026-01-10 18:02:56.842 | INFO  | [90710e08-6d98-4fe7-932a-70ede2acffe4] [] [a2d3327b-e7f8-49e3-b251-892ee14a9824] | http-nio-8080-exec-9 | com.gasagency.service.SaleService | TRANSACTION_SUMMARY | txnId=a2d3327b-e7f8-49e3-b251-892ee14a9824 | saleId=10 | customer=Tushar Rokade | amount=500.00 | duration=57ms
