2026-01-04 17:05:49.596 | INFO  | [4fd217df-07de-405a-97b8-8338baec1a06] [] [] | http-nio-8080-exec-4 | c.gasagency.service.CustomerService | OPERATION_START | operation=CREATE_CUSTOMER | name=Tushar
2026-01-04 17:05:49.632 | INFO  | [4fd217df-07de-405a-97b8-8338baec1a06] [] [] | http-nio-8080-exec-4 | c.gasagency.service.CustomerService | OPERATION_SUCCESS | operation=CREATE_CUSTOMER | id=1 | name=Tushar | mobile=8787898767
2026-01-04 17:07:05.072 | INFO  | [04806635-14c9-4ea8-ab5e-f832f83e1082] [] [] | http-nio-8080-exec-8 | c.g.service.CylinderVariantService | OPERATION_START | operation=CREATE_VARIANT | name=19 KG
2026-01-04 17:07:05.073 | WARN  | [04806635-14c9-4ea8-ab5e-f832f83e1082] [] [] | http-nio-8080-exec-8 | c.g.service.CylinderVariantService | OPERATION_FAILED | operation=CREATE_VARIANT | error=Invalid weight | weight=null
2026-01-04 17:07:24.746 | INFO  | [20d57df7-5282-4379-b3fd-9185772bf7c6] [] [] | http-nio-8080-exec-10 | c.g.service.CylinderVariantService | OPERATION_START | operation=CREATE_VARIANT | name=19 KG
2026-01-04 17:07:24.746 | WARN  | [20d57df7-5282-4379-b3fd-9185772bf7c6] [] [] | http-nio-8080-exec-10 | c.g.service.CylinderVariantService | OPERATION_FAILED | operation=CREATE_VARIANT | error=Invalid weight | weight=null
2026-01-04 17:11:42.258 | INFO  | [15fcbe8c-df12-46ab-b73c-76457cd73397] [] [] | http-nio-8080-exec-5 | c.g.service.CylinderVariantService | OPERATION_START | operation=CREATE_VARIANT | name=19KG
2026-01-04 17:11:42.258 | WARN  | [15fcbe8c-df12-46ab-b73c-76457cd73397] [] [] | http-nio-8080-exec-5 | c.g.service.CylinderVariantService | OPERATION_FAILED | operation=CREATE_VARIANT | error=Invalid weight | weight=null
2026-01-04 17:13:13.662 | INFO  | [ce0ba6cb-ecc1-4303-bd8c-b889b7f6b0d4] [] [] | http-nio-8080-exec-6 | c.gasagency.service.CustomerService | OPERATION_START | operation=UPDATE_CUSTOMER | id=1 | name=Tushar
2026-01-04 17:16:57.200 | INFO  | [4792797c-4838-46cd-a557-4df1b84e5ad9] [] [] | http-nio-8080-exec-1 | c.g.service.CylinderVariantService | OPERATION_START | operation=CREATE_VARIANT | name=19KG
2026-01-04 17:16:57.200 | WARN  | [4792797c-4838-46cd-a557-4df1b84e5ad9] [] [] | http-nio-8080-exec-1 | c.g.service.CylinderVariantService | OPERATION_FAILED | operation=CREATE_VARIANT | error=Invalid weight | weight=null
2026-01-04 17:32:34.879 | INFO  | [864a2710-81aa-4851-9554-9698ca236ec1] [] [] | http-nio-8080-exec-1 | c.g.service.CylinderVariantService | OPERATION_START | operation=CREATE_VARIANT | name=19KG
2026-01-04 17:32:34.887 | INFO  | [864a2710-81aa-4851-9554-9698ca236ec1] [] [] | http-nio-8080-exec-1 | c.g.service.CylinderVariantService | OPERATION_SUCCESS | operation=CREATE_VARIANT | id=1 | name=19KG
2026-01-04 17:33:49.164 | INFO  | [a5c48b8b-c232-4a99-895b-80389da4edd5] [] [aaca1eba-c304-48ce-a8a7-67550f4d5961] | http-nio-8080-exec-3 | com.gasagency.service.SaleService | Creating new sale with request: com.gasagency.dto.CreateSaleRequestDTO@2d5d6a8d
2026-01-04 17:33:49.188 | WARN  | [a5c48b8b-c232-4a99-895b-80389da4edd5] [] [aaca1eba-c304-48ce-a8a7-67550f4d5961] | http-nio-8080-exec-3 | c.g.service.InventoryStockService | OPERATION_FAILED | operation=GET_STOCK_WITH_LOCK | error=Stock not found | variantId=1
2026-01-04 17:40:26.718 | INFO  | [215abf69-f110-4612-9d10-bbb35672ba82] [] [] | http-nio-8080-exec-4 | c.gasagency.service.SupplierService | OPERATION_START | operation=CREATE_SUPPLIER | name=HP Gas
2026-01-04 17:40:26.723 | INFO  | [215abf69-f110-4612-9d10-bbb35672ba82] [] [] | http-nio-8080-exec-4 | c.gasagency.service.SupplierService | OPERATION_SUCCESS | operation=CREATE_SUPPLIER | id=1 | name=HP Gas
2026-01-04 17:43:02.929 | INFO  | [5840b5ea-f6f7-4469-9cfc-26b3c81e1a8a] [] [] | http-nio-8080-exec-7 | c.gasagency.service.SupplierService | OPERATION_START | operation=DELETE_SUPPLIER | id=1
2026-01-04 17:43:02.945 | INFO  | [5840b5ea-f6f7-4469-9cfc-26b3c81e1a8a] [] [] | http-nio-8080-exec-7 | c.gasagency.service.SupplierService | OPERATION_SUCCESS | operation=DELETE_SUPPLIER | id=1
2026-01-04 17:47:50.928 | INFO  | [39cd428e-9a4a-45fb-9728-d614f903903f] [] [] | http-nio-8080-exec-8 | c.g.service.CylinderVariantService | OPERATION_START | operation=CREATE_VARIANT | name=5KG
2026-01-04 17:47:50.930 | INFO  | [39cd428e-9a4a-45fb-9728-d614f903903f] [] [] | http-nio-8080-exec-8 | c.g.service.CylinderVariantService | OPERATION_SUCCESS | operation=CREATE_VARIANT | id=2 | name=5KG
2026-01-04 17:54:37.497 | INFO  | [3992382f-07a6-4d95-96c5-8d1a62c57152] [] [] | http-nio-8080-exec-2 | c.g.service.MonthlyPriceService | OPERATION_START | operation=CREATE_PRICE | variantId=1 | month=2026-01-01
2026-01-04 17:54:37.497 | INFO  | [1e4f0975-3d87-4daf-b51d-a0db935737cd] [] [] | http-nio-8080-exec-10 | c.g.service.MonthlyPriceService | OPERATION_START | operation=CREATE_PRICE | variantId=2 | month=2026-01-01
2026-01-04 17:54:37.508 | INFO  | [1e4f0975-3d87-4daf-b51d-a0db935737cd] [] [] | http-nio-8080-exec-10 | c.g.service.MonthlyPriceService | OPERATION_SUCCESS | operation=CREATE_PRICE | id=1 | variant=5KG | price=900
2026-01-04 17:54:37.508 | INFO  | [3992382f-07a6-4d95-96c5-8d1a62c57152] [] [] | http-nio-8080-exec-2 | c.g.service.MonthlyPriceService | OPERATION_SUCCESS | operation=CREATE_PRICE | id=2 | variant=19KG | price=1500
2026-01-04 17:55:13.795 | INFO  | [d5e0cb2e-c186-40be-a75f-61840e412ed9] [] [] | http-nio-8080-exec-4 | c.g.service.MonthlyPriceService | OPERATION_START | operation=CREATE_PRICE | variantId=2 | month=2026-01-01
2026-01-04 17:55:13.795 | INFO  | [470c0a0e-eba0-4f8e-b69d-3dab788804df] [] [] | http-nio-8080-exec-1 | c.g.service.MonthlyPriceService | OPERATION_START | operation=CREATE_PRICE | variantId=1 | month=2026-01-01
2026-01-04 17:55:13.798 | INFO  | [d5e0cb2e-c186-40be-a75f-61840e412ed9] [] [] | http-nio-8080-exec-4 | c.g.service.MonthlyPriceService | OPERATION_SUCCESS | operation=CREATE_PRICE | id=4 | variant=5KG | price=1000
2026-01-04 17:55:13.798 | INFO  | [470c0a0e-eba0-4f8e-b69d-3dab788804df] [] [] | http-nio-8080-exec-1 | c.g.service.MonthlyPriceService | OPERATION_SUCCESS | operation=CREATE_PRICE | id=3 | variant=19KG | price=2000
2026-01-04 18:02:26.116 | INFO  | [35c67f47-34a8-4e65-bf21-b39aa5eeae80] [] [] | http-nio-8080-exec-3 | c.gasagency.service.SupplierService | OPERATION_START | operation=CREATE_SUPPLIER | name=HP Gas
2026-01-04 18:02:26.179 | INFO  | [35c67f47-34a8-4e65-bf21-b39aa5eeae80] [] [] | http-nio-8080-exec-3 | c.gasagency.service.SupplierService | OPERATION_SUCCESS | operation=CREATE_SUPPLIER | id=1 | name=HP Gas
2026-01-04 18:02:53.367 | INFO  | [2a98999b-8bdc-441d-8299-2ca465590ec2] [] [] | http-nio-8080-exec-6 | c.g.service.CylinderVariantService | OPERATION_START | operation=CREATE_VARIANT | name=19KG Cylinder
2026-01-04 18:02:53.374 | INFO  | [2a98999b-8bdc-441d-8299-2ca465590ec2] [] [] | http-nio-8080-exec-6 | c.g.service.CylinderVariantService | OPERATION_SUCCESS | operation=CREATE_VARIANT | id=1 | name=19KG Cylinder
2026-01-04 18:03:10.162 | INFO  | [da92f247-db07-4173-8051-b5a0e3c561fb] [] [] | http-nio-8080-exec-8 | c.g.service.CylinderVariantService | OPERATION_START | operation=CREATE_VARIANT | name=5KG Cylinder
2026-01-04 18:03:10.162 | INFO  | [da92f247-db07-4173-8051-b5a0e3c561fb] [] [] | http-nio-8080-exec-8 | c.g.service.CylinderVariantService | OPERATION_SUCCESS | operation=CREATE_VARIANT | id=2 | name=5KG Cylinder
2026-01-04 18:04:40.560 | INFO  | [7d24769a-ba18-4273-a3f8-92fcdb50a683] [] [] | http-nio-8080-exec-9 | c.g.service.MonthlyPriceService | OPERATION_START | operation=CREATE_PRICE | variantId=2 | month=2026-01-01
2026-01-04 18:04:40.560 | INFO  | [fb38de26-b6b0-47a7-a000-cb0a39a97ff0] [] [] | http-nio-8080-exec-8 | c.g.service.MonthlyPriceService | OPERATION_START | operation=CREATE_PRICE | variantId=1 | month=2026-01-01
2026-01-04 18:04:40.580 | INFO  | [fb38de26-b6b0-47a7-a000-cb0a39a97ff0] [] [] | http-nio-8080-exec-8 | c.g.service.MonthlyPriceService | OPERATION_SUCCESS | operation=CREATE_PRICE | id=2 | variant=19KG Cylinder | price=2000
2026-01-04 18:04:40.580 | INFO  | [7d24769a-ba18-4273-a3f8-92fcdb50a683] [] [] | http-nio-8080-exec-9 | c.g.service.MonthlyPriceService | OPERATION_SUCCESS | operation=CREATE_PRICE | id=1 | variant=5KG Cylinder | price=900
2026-01-04 18:04:50.823 | INFO  | [67992ca0-a6f2-4cee-8f84-197eaa655d02] [] [] | http-nio-8080-exec-3 | c.g.service.MonthlyPriceService | OPERATION_START | operation=CREATE_PRICE | variantId=2 | month=2026-01-01
2026-01-04 18:04:50.823 | INFO  | [065962d5-fcc1-4d68-b7f4-aad3838b888d] [] [] | http-nio-8080-exec-10 | c.g.service.MonthlyPriceService | OPERATION_START | operation=CREATE_PRICE | variantId=1 | month=2026-01-01
2026-01-04 18:04:50.823 | INFO  | [065962d5-fcc1-4d68-b7f4-aad3838b888d] [] [] | http-nio-8080-exec-10 | c.g.service.MonthlyPriceService | OPERATION_SUCCESS | operation=CREATE_PRICE | id=4 | variant=19KG Cylinder | price=1000
2026-01-04 18:04:50.823 | INFO  | [67992ca0-a6f2-4cee-8f84-197eaa655d02] [] [] | http-nio-8080-exec-3 | c.g.service.MonthlyPriceService | OPERATION_SUCCESS | operation=CREATE_PRICE | id=3 | variant=5KG Cylinder | price=500
2026-01-04 18:09:03.636 | INFO  | [b5c952b5-dde1-493c-ac4a-401087988f6b] [] [] | http-nio-8080-exec-5 | c.g.service.CylinderVariantService | OPERATION_START | operation=CREATE_VARIANT | name=19KG
2026-01-04 18:09:03.667 | INFO  | [b5c952b5-dde1-493c-ac4a-401087988f6b] [] [] | http-nio-8080-exec-5 | c.g.service.CylinderVariantService | OPERATION_SUCCESS | operation=CREATE_VARIANT | id=1 | name=19KG
2026-01-04 18:09:16.481 | INFO  | [c4a5fda5-aaec-453a-94d6-dee85c1c461a] [] [] | http-nio-8080-exec-2 | c.g.service.CylinderVariantService | OPERATION_START | operation=CREATE_VARIANT | name=5KG
2026-01-04 18:09:16.484 | INFO  | [c4a5fda5-aaec-453a-94d6-dee85c1c461a] [] [] | http-nio-8080-exec-2 | c.g.service.CylinderVariantService | OPERATION_SUCCESS | operation=CREATE_VARIANT | id=2 | name=5KG
2026-01-04 18:09:30.225 | INFO  | [2e958734-f590-4ad6-a99e-05ae551f00b6] [] [] | http-nio-8080-exec-6 | c.g.service.MonthlyPriceService | OPERATION_START | operation=CREATE_PRICE | variantId=1 | month=2026-01-01
2026-01-04 18:09:30.225 | INFO  | [025360a0-4be3-4fa3-989b-4cf048aac273] [] [] | http-nio-8080-exec-5 | c.g.service.MonthlyPriceService | OPERATION_START | operation=CREATE_PRICE | variantId=2 | month=2026-01-01
2026-01-04 18:09:30.237 | INFO  | [2e958734-f590-4ad6-a99e-05ae551f00b6] [] [] | http-nio-8080-exec-6 | c.g.service.MonthlyPriceService | OPERATION_SUCCESS | operation=CREATE_PRICE | id=1 | variant=19KG | price=2000
2026-01-04 18:09:30.237 | INFO  | [025360a0-4be3-4fa3-989b-4cf048aac273] [] [] | http-nio-8080-exec-5 | c.g.service.MonthlyPriceService | OPERATION_SUCCESS | operation=CREATE_PRICE | id=2 | variant=5KG | price=900
2026-01-04 18:09:42.655 | INFO  | [57797eff-6aba-49ea-9c25-12c8b7bdd571] [] [] | http-nio-8080-exec-9 | c.g.service.MonthlyPriceService | OPERATION_START | operation=CREATE_PRICE | variantId=1 | month=2026-01-01
2026-01-04 18:09:42.655 | INFO  | [f82b8e5c-5e6d-4002-ab0d-0720b320b456] [] [] | http-nio-8080-exec-7 | c.g.service.MonthlyPriceService | OPERATION_START | operation=CREATE_PRICE | variantId=2 | month=2026-01-01
2026-01-04 18:09:42.657 | INFO  | [f82b8e5c-5e6d-4002-ab0d-0720b320b456] [] [] | http-nio-8080-exec-7 | c.g.service.MonthlyPriceService | OPERATION_SUCCESS | operation=CREATE_PRICE | id=4 | variant=5KG | price=1000
2026-01-04 18:09:42.657 | INFO  | [57797eff-6aba-49ea-9c25-12c8b7bdd571] [] [] | http-nio-8080-exec-9 | c.g.service.MonthlyPriceService | OPERATION_SUCCESS | operation=CREATE_PRICE | id=3 | variant=19KG | price=2000
2026-01-04 18:11:54.159 | INFO  | [a9f5e6aa-7637-454c-9a27-37108cb2fd26] [] [] | http-nio-8080-exec-5 | c.g.service.CylinderVariantService | OPERATION_START | operation=CREATE_VARIANT | name=19KG
2026-01-04 18:11:54.206 | INFO  | [a9f5e6aa-7637-454c-9a27-37108cb2fd26] [] [] | http-nio-8080-exec-5 | c.g.service.CylinderVariantService | OPERATION_SUCCESS | operation=CREATE_VARIANT | id=1 | name=19KG
2026-01-04 18:12:02.210 | INFO  | [d36597b1-3f8b-43ca-966a-daabbdc89c97] [] [] | http-nio-8080-exec-6 | c.g.service.MonthlyPriceService | OPERATION_START | operation=CREATE_PRICE | variantId=1 | month=2026-01-01
2026-01-04 18:12:02.223 | INFO  | [d36597b1-3f8b-43ca-966a-daabbdc89c97] [] [] | http-nio-8080-exec-6 | c.g.service.MonthlyPriceService | OPERATION_SUCCESS | operation=CREATE_PRICE | id=1 | variant=19KG | price=2000
2026-01-04 18:12:08.568 | INFO  | [3e213973-7ca6-4a59-8dea-12783959b8a7] [] [] | http-nio-8080-exec-8 | c.g.service.MonthlyPriceService | OPERATION_START | operation=CREATE_PRICE | variantId=1 | month=2026-01-01
2026-01-04 18:12:08.570 | INFO  | [3e213973-7ca6-4a59-8dea-12783959b8a7] [] [] | http-nio-8080-exec-8 | c.g.service.MonthlyPriceService | OPERATION_SUCCESS | operation=CREATE_PRICE | id=2 | variant=19KG | price=2000
2026-01-04 18:13:10.901 | INFO  | [7cd59745-f676-41ee-963d-26bec1ee4172] [] [] | http-nio-8080-exec-8 | c.gasagency.service.SupplierService | OPERATION_START | operation=CREATE_SUPPLIER | name=HP Gas
2026-01-04 18:13:10.906 | INFO  | [7cd59745-f676-41ee-963d-26bec1ee4172] [] [] | http-nio-8080-exec-8 | c.gasagency.service.SupplierService | OPERATION_SUCCESS | operation=CREATE_SUPPLIER | id=1 | name=HP Gas
2026-01-04 18:16:17.640 | INFO  | [9dd20922-1b28-4f2e-8838-d4e018ee56ea] [] [] | http-nio-8080-exec-5 | c.g.service.CylinderVariantService | OPERATION_START | operation=CREATE_VARIANT | name=19KG
2026-01-04 18:16:17.723 | INFO  | [9dd20922-1b28-4f2e-8838-d4e018ee56ea] [] [] | http-nio-8080-exec-5 | c.g.service.CylinderVariantService | OPERATION_SUCCESS | operation=CREATE_VARIANT | id=1 | name=19KG
2026-01-04 18:16:25.907 | INFO  | [7003d3e9-4f46-4527-abd1-1d8160ad890a] [] [] | http-nio-8080-exec-9 | c.g.service.MonthlyPriceService | OPERATION_START | operation=CREATE_PRICE | variantId=1 | month=2026-01-01
2026-01-04 18:16:25.927 | INFO  | [7003d3e9-4f46-4527-abd1-1d8160ad890a] [] [] | http-nio-8080-exec-9 | c.g.service.MonthlyPriceService | OPERATION_SUCCESS | operation=CREATE_PRICE | id=1 | variant=19KG | price=2000
2026-01-04 18:27:46.238 | INFO  | [44fde9a6-a2e3-42f5-93f0-ffcb58b3e750] [] [] | http-nio-8080-exec-3 | c.g.service.CylinderVariantService | OPERATION_START | operation=CREATE_VARIANT | name=19KG
2026-01-04 18:27:46.333 | INFO  | [44fde9a6-a2e3-42f5-93f0-ffcb58b3e750] [] [] | http-nio-8080-exec-3 | c.g.service.CylinderVariantService | OPERATION_SUCCESS | operation=CREATE_VARIANT | id=1 | name=19KG
2026-01-04 18:28:09.603 | INFO  | [ee35c848-4c27-488d-b9d1-9528cb1138ca] [] [] | http-nio-8080-exec-6 | c.g.service.MonthlyPriceService | OPERATION_START | operation=CREATE_PRICE | variantId=1 | month=2026-01-01
2026-01-04 18:28:09.632 | INFO  | [ee35c848-4c27-488d-b9d1-9528cb1138ca] [] [] | http-nio-8080-exec-6 | c.g.service.MonthlyPriceService | OPERATION_SUCCESS | operation=CREATE_PRICE | id=1 | variant=19KG | price=2000
2026-01-04 18:28:46.231 | INFO  | [8fff8eb3-704b-450e-bd5e-6a8cefec4b4a] [] [] | http-nio-8080-exec-9 | c.g.service.CylinderVariantService | OPERATION_START | operation=CREATE_VARIANT | name=5KG
2026-01-04 18:28:46.235 | INFO  | [8fff8eb3-704b-450e-bd5e-6a8cefec4b4a] [] [] | http-nio-8080-exec-9 | c.g.service.CylinderVariantService | OPERATION_SUCCESS | operation=CREATE_VARIANT | id=2 | name=5KG
2026-01-04 18:30:52.481 | INFO  | [8fc29469-0362-4bd0-92c3-8f42cc217137] [] [] | http-nio-8080-exec-3 | c.g.service.CylinderVariantService | OPERATION_START | operation=CREATE_VARIANT | name=19KG
2026-01-04 18:30:52.547 | INFO  | [8fc29469-0362-4bd0-92c3-8f42cc217137] [] [] | http-nio-8080-exec-3 | c.g.service.CylinderVariantService | OPERATION_SUCCESS | operation=CREATE_VARIANT | id=1 | name=19KG
2026-01-04 18:31:09.617 | INFO  | [890df299-af26-4fd4-80a2-48d33ac67c55] [] [] | http-nio-8080-exec-7 | c.g.service.MonthlyPriceService | OPERATION_START | operation=CREATE_PRICE | variantId=1 | month=2026-01-01
2026-01-04 18:31:09.636 | INFO  | [890df299-af26-4fd4-80a2-48d33ac67c55] [] [] | http-nio-8080-exec-7 | c.g.service.MonthlyPriceService | OPERATION_SUCCESS | operation=CREATE_PRICE | id=1 | variant=19KG | price=2000
2026-01-04 18:48:05.405 | INFO  | [f51fd757-c646-47c1-a8ca-68278bcd7b34] [] [] | http-nio-8080-exec-10 | c.g.service.CylinderVariantService | OPERATION_START | operation=UPDATE_VARIANT | id=1 | name=19KG
2026-01-04 18:48:05.427 | INFO  | [f51fd757-c646-47c1-a8ca-68278bcd7b34] [] [] | http-nio-8080-exec-10 | c.g.service.CylinderVariantService | OPERATION_SUCCESS | operation=UPDATE_VARIANT | id=1 | name=19KG
2026-01-04 18:50:03.357 | INFO  | [0e525821-251a-4742-a476-c2759ac2a97b] [] [] | http-nio-8080-exec-10 | c.g.service.CylinderVariantService | OPERATION_START | operation=UPDATE_VARIANT | id=1 | name=19KG
2026-01-04 18:50:03.361 | INFO  | [0e525821-251a-4742-a476-c2759ac2a97b] [] [] | http-nio-8080-exec-10 | c.g.service.CylinderVariantService | OPERATION_SUCCESS | operation=UPDATE_VARIANT | id=1 | name=19KG
2026-01-04 18:51:24.000 | INFO  | [07e72d40-eda6-4856-8ea3-2ebf10234e2c] [] [] | http-nio-8080-exec-5 | c.g.service.CylinderVariantService | OPERATION_START | operation=DELETE_VARIANT | id=1
2026-01-04 18:51:24.032 | WARN  | [07e72d40-eda6-4856-8ea3-2ebf10234e2c] [] [] | http-nio-8080-exec-5 | c.g.service.CylinderVariantService | OPERATION_FAILED | operation=DELETE_VARIANT | error=Cannot delete - has price history | id=1 | priceCount=1
2026-01-04 18:51:31.571 | INFO  | [22f0941e-60ae-4e0c-9c06-03f675729c46] [] [] | http-nio-8080-exec-3 | c.g.service.CylinderVariantService | OPERATION_START | operation=DELETE_VARIANT | id=1
2026-01-04 18:51:31.582 | WARN  | [22f0941e-60ae-4e0c-9c06-03f675729c46] [] [] | http-nio-8080-exec-3 | c.g.service.CylinderVariantService | OPERATION_FAILED | operation=DELETE_VARIANT | error=Cannot delete - has price history | id=1 | priceCount=1
2026-01-04 18:53:06.264 | INFO  | [5fc9d727-ff67-4900-af8f-9d7650cea462] [] [] | http-nio-8080-exec-9 | c.g.service.CylinderVariantService | OPERATION_START | operation=CREATE_VARIANT | name=19KG
2026-01-04 18:53:06.326 | INFO  | [5fc9d727-ff67-4900-af8f-9d7650cea462] [] [] | http-nio-8080-exec-9 | c.g.service.CylinderVariantService | OPERATION_SUCCESS | operation=CREATE_VARIANT | id=1 | name=19KG
2026-01-04 18:53:19.358 | INFO  | [512d422d-2702-40df-9b1a-be5de6bc85ed] [] [] | http-nio-8080-exec-10 | c.g.service.MonthlyPriceService | OPERATION_START | operation=CREATE_PRICE | variantId=1 | month=2026-01-01
2026-01-04 18:53:19.403 | INFO  | [512d422d-2702-40df-9b1a-be5de6bc85ed] [] [] | http-nio-8080-exec-10 | c.g.service.MonthlyPriceService | OPERATION_SUCCESS | operation=CREATE_PRICE | id=1 | variant=19KG | price=200
2026-01-04 18:57:59.983 | INFO  | [20324516-3e41-473f-acf0-1bd6e8b36eb6] [] [] | http-nio-8080-exec-10 | c.g.service.CylinderVariantService | OPERATION_START | operation=UPDATE_VARIANT | id=1 | name=19KG
2026-01-04 18:58:00.022 | INFO  | [20324516-3e41-473f-acf0-1bd6e8b36eb6] [] [] | http-nio-8080-exec-10 | c.g.service.CylinderVariantService | OPERATION_SUCCESS | operation=UPDATE_VARIANT | id=1 | name=19KG
2026-01-04 18:58:11.792 | INFO  | [61865ae3-0804-4d01-bcd8-b11370096c9a] [] [] | http-nio-8080-exec-2 | c.g.service.CylinderVariantService | OPERATION_START | operation=UPDATE_VARIANT | id=1 | name=19KG
2026-01-04 18:58:11.792 | INFO  | [61865ae3-0804-4d01-bcd8-b11370096c9a] [] [] | http-nio-8080-exec-2 | c.g.service.CylinderVariantService | OPERATION_SUCCESS | operation=UPDATE_VARIANT | id=1 | name=19KG
2026-01-04 19:11:39.324 | INFO  | [bda31f63-5234-4c43-86ec-4dc7f436c3bf] [] [] | http-nio-8080-exec-5 | c.g.service.MonthlyPriceService | OPERATION_START | operation=CREATE_PRICE | variantId=1 | month=2026-01-01
2026-01-04 19:11:39.328 | INFO  | [bda31f63-5234-4c43-86ec-4dc7f436c3bf] [] [] | http-nio-8080-exec-5 | c.g.service.MonthlyPriceService | OPERATION_SUCCESS | operation=CREATE_PRICE | id=2 | variant=19KG | price=2000
2026-01-04 19:16:03.204 | INFO  | [1e1debf0-db72-4af9-bff5-07440e93f17f] [] [] | http-nio-8080-exec-4 | c.g.service.CylinderVariantService | OPERATION_START | operation=CREATE_VARIANT | name=19KG
2026-01-04 19:16:03.239 | INFO  | [1e1debf0-db72-4af9-bff5-07440e93f17f] [] [] | http-nio-8080-exec-4 | c.g.service.CylinderVariantService | OPERATION_SUCCESS | operation=CREATE_VARIANT | id=1 | name=19KG
2026-01-04 19:16:11.611 | INFO  | [595a750d-3d56-4a9a-873b-fc5f423b1f69] [] [] | http-nio-8080-exec-6 | c.g.service.MonthlyPriceService | OPERATION_START | operation=CREATE_PRICE | variantId=1 | month=2026-01-01
2026-01-04 19:16:11.640 | INFO  | [595a750d-3d56-4a9a-873b-fc5f423b1f69] [] [] | http-nio-8080-exec-6 | c.g.service.MonthlyPriceService | OPERATION_SUCCESS | operation=CREATE_PRICE | id=1 | variant=19KG | price=200
2026-01-04 19:16:40.331 | INFO  | [6f0cba14-8ba0-47f2-848d-acd87340fe92] [] [] | http-nio-8080-exec-10 | c.g.service.MonthlyPriceService | OPERATION_START | operation=UPDATE_PRICE | id=1
2026-01-04 19:16:40.347 | INFO  | [6f0cba14-8ba0-47f2-848d-acd87340fe92] [] [] | http-nio-8080-exec-10 | c.g.service.MonthlyPriceService | OPERATION_SUCCESS | operation=UPDATE_PRICE | id=1 | price=2000
2026-01-04 19:17:01.208 | INFO  | [509134e3-edeb-4ced-9fb3-d45e7fe70a28] [] [] | http-nio-8080-exec-1 | c.g.service.CylinderVariantService | OPERATION_START | operation=CREATE_VARIANT | name=5KG
2026-01-04 19:17:01.214 | INFO  | [509134e3-edeb-4ced-9fb3-d45e7fe70a28] [] [] | http-nio-8080-exec-1 | c.g.service.CylinderVariantService | OPERATION_SUCCESS | operation=CREATE_VARIANT | id=2 | name=5KG
2026-01-04 19:17:26.738 | INFO  | [192610cd-b8ab-4dd3-9c57-018ec5ee12ff] [] [] | http-nio-8080-exec-9 | c.g.service.MonthlyPriceService | OPERATION_START | operation=CREATE_PRICE | variantId=2 | month=2026-01-01
2026-01-04 19:17:26.748 | INFO  | [192610cd-b8ab-4dd3-9c57-018ec5ee12ff] [] [] | http-nio-8080-exec-9 | c.g.service.MonthlyPriceService | OPERATION_SUCCESS | operation=CREATE_PRICE | id=2 | variant=5KG | price=900
2026-01-04 19:17:39.506 | INFO  | [ef91486b-be02-4d74-9cd5-cc3ade70cd99] [] [] | http-nio-8080-exec-10 | c.g.service.MonthlyPriceService | OPERATION_START | operation=UPDATE_PRICE | id=1
2026-01-04 19:17:39.507 | INFO  | [ef91486b-be02-4d74-9cd5-cc3ade70cd99] [] [] | http-nio-8080-exec-10 | c.g.service.MonthlyPriceService | OPERATION_SUCCESS | operation=UPDATE_PRICE | id=1 | price=2000
2026-01-04 19:17:39.507 | INFO  | [68bb0305-aed8-4edf-bcec-13692bd7bde5] [] [] | http-nio-8080-exec-6 | c.g.service.MonthlyPriceService | OPERATION_START | operation=UPDATE_PRICE | id=2
2026-01-04 19:17:39.507 | INFO  | [68bb0305-aed8-4edf-bcec-13692bd7bde5] [] [] | http-nio-8080-exec-6 | c.g.service.MonthlyPriceService | OPERATION_SUCCESS | operation=UPDATE_PRICE | id=2 | price=950
2026-01-04 19:18:06.856 | INFO  | [df95cd3d-2944-44d7-be04-d9b2ee7bfb3b] [] [] | http-nio-8080-exec-9 | c.g.service.MonthlyPriceService | OPERATION_START | operation=CREATE_PRICE | variantId=1 | month=2026-02-01
2026-01-04 19:18:06.856 | INFO  | [4cd9a9fb-0a5f-405f-a733-8f081289ff2e] [] [] | http-nio-8080-exec-2 | c.g.service.MonthlyPriceService | OPERATION_START | operation=CREATE_PRICE | variantId=2 | month=2026-02-01
2026-01-04 19:18:06.860 | INFO  | [4cd9a9fb-0a5f-405f-a733-8f081289ff2e] [] [] | http-nio-8080-exec-2 | c.g.service.MonthlyPriceService | OPERATION_SUCCESS | operation=CREATE_PRICE | id=3 | variant=5KG | price=800
2026-01-04 19:18:06.861 | INFO  | [df95cd3d-2944-44d7-be04-d9b2ee7bfb3b] [] [] | http-nio-8080-exec-9 | c.g.service.MonthlyPriceService | OPERATION_SUCCESS | operation=CREATE_PRICE | id=4 | variant=19KG | price=1500
2026-01-04 19:24:33.427 | INFO  | [9364cd6b-f451-4830-b945-c304be547929] [] [] | http-nio-8080-exec-1 | c.gasagency.service.CustomerService | OPERATION_START | operation=CREATE_CUSTOMER | name=Tushar Rokade
2026-01-04 19:24:33.437 | INFO  | [9364cd6b-f451-4830-b945-c304be547929] [] [] | http-nio-8080-exec-1 | c.gasagency.service.CustomerService | OPERATION_SUCCESS | operation=CREATE_CUSTOMER | id=1 | name=Tushar Rokade | mobile=7865765456
2026-01-04 19:26:48.025 | INFO  | [e9e88635-1510-41fd-8b87-e311fad8c4e9] [] [] | http-nio-8080-exec-2 | c.gasagency.service.SupplierService | OPERATION_START | operation=CREATE_SUPPLIER | name=HP Gas
2026-01-04 19:26:48.033 | INFO  | [e9e88635-1510-41fd-8b87-e311fad8c4e9] [] [] | http-nio-8080-exec-2 | c.gasagency.service.SupplierService | OPERATION_SUCCESS | operation=CREATE_SUPPLIER | id=1 | name=HP Gas
2026-01-04 19:29:23.670 | INFO  | [6cf4a1c3-2bd5-4cf3-a3d5-dc121a1fccef] [] [] | http-nio-8080-exec-6 | c.g.s.SupplierTransactionService | OPERATION_START | operation=RECORD_TRANSACTION | supplierId=1 | variantId=1
2026-01-04 19:29:23.727 | WARN  | [6cf4a1c3-2bd5-4cf3-a3d5-dc121a1fccef] [] [] | http-nio-8080-exec-6 | c.g.service.InventoryStockService | OPERATION_FAILED | operation=INCREMENT_FILLED_QTY | error=Stock not found | variantId=1
2026-01-04 19:29:28.158 | INFO  | [1c2392ca-3a60-452b-bfa0-4ed7971c4613] [] [] | http-nio-8080-exec-7 | c.g.s.SupplierTransactionService | OPERATION_START | operation=RECORD_TRANSACTION | supplierId=1 | variantId=1
2026-01-04 19:29:28.170 | WARN  | [1c2392ca-3a60-452b-bfa0-4ed7971c4613] [] [] | http-nio-8080-exec-7 | c.g.service.InventoryStockService | OPERATION_FAILED | operation=INCREMENT_FILLED_QTY | error=Stock not found | variantId=1
2026-01-04 19:29:34.322 | INFO  | [10790054-d0aa-41d8-b27b-f2ef4c2287a0] [] [] | http-nio-8080-exec-10 | c.g.s.SupplierTransactionService | OPERATION_START | operation=RECORD_TRANSACTION | supplierId=1 | variantId=1
2026-01-04 19:29:34.332 | WARN  | [10790054-d0aa-41d8-b27b-f2ef4c2287a0] [] [] | http-nio-8080-exec-10 | c.g.service.InventoryStockService | OPERATION_FAILED | operation=INCREMENT_FILLED_QTY | error=Stock not found | variantId=1
2026-01-04 19:30:14.758 | INFO  | [a3f32492-7b75-44d7-9b34-d655835dc1d3] [] [] | http-nio-8080-exec-5 | c.g.s.SupplierTransactionService | OPERATION_START | operation=RECORD_TRANSACTION | supplierId=1 | variantId=1
2026-01-04 19:30:14.772 | WARN  | [a3f32492-7b75-44d7-9b34-d655835dc1d3] [] [] | http-nio-8080-exec-5 | c.g.service.InventoryStockService | OPERATION_FAILED | operation=INCREMENT_FILLED_QTY | error=Stock not found | variantId=1
2026-01-04 19:33:52.302 | INFO  | [7e0f03b5-60ef-4a14-a891-584cabeeed34] [] [] | http-nio-8080-exec-8 | c.g.s.SupplierTransactionService | OPERATION_START | operation=RECORD_TRANSACTION | supplierId=1 | variantId=1
2026-01-04 19:33:52.309 | WARN  | [7e0f03b5-60ef-4a14-a891-584cabeeed34] [] [] | http-nio-8080-exec-8 | c.g.service.InventoryStockService | OPERATION_FAILED | operation=INCREMENT_FILLED_QTY | error=Stock not found | variantId=1
2026-01-04 19:39:26.728 | INFO  | [3742d51b-e7a9-4f1c-ad7e-c655b6440e38] [] [] | http-nio-8080-exec-5 | c.g.service.CylinderVariantService | OPERATION_START | operation=CREATE_VARIANT | name=19KG
2026-01-04 19:39:26.805 | INFO  | [3742d51b-e7a9-4f1c-ad7e-c655b6440e38] [] [] | http-nio-8080-exec-5 | c.g.service.CylinderVariantService | OPERATION_SUCCESS | operation=CREATE_VARIANT | id=1 | name=19KG
2026-01-04 19:39:59.881 | INFO  | [1fb612a1-e740-42d1-8199-71cca2fb2cfd] [] [] | http-nio-8080-exec-3 | c.g.service.MonthlyPriceService | OPERATION_START | operation=CREATE_PRICE | variantId=1 | month=2026-01-01
2026-01-04 19:39:59.909 | INFO  | [1fb612a1-e740-42d1-8199-71cca2fb2cfd] [] [] | http-nio-8080-exec-3 | c.g.service.MonthlyPriceService | OPERATION_SUCCESS | operation=CREATE_PRICE | id=1 | variant=19KG | price=2000
2026-01-04 19:40:24.448 | INFO  | [e92bfa2a-7e46-4aa3-b423-ea89c35422e3] [] [] | http-nio-8080-exec-7 | c.gasagency.service.SupplierService | OPERATION_START | operation=CREATE_SUPPLIER | name=HP GAS
2026-01-04 19:40:24.455 | INFO  | [e92bfa2a-7e46-4aa3-b423-ea89c35422e3] [] [] | http-nio-8080-exec-7 | c.gasagency.service.SupplierService | OPERATION_SUCCESS | operation=CREATE_SUPPLIER | id=1 | name=HP GAS
2026-01-04 19:41:16.188 | INFO  | [9a2daab8-f5ae-47c4-aa83-5e2ccc7cf3c9] [] [] | http-nio-8080-exec-1 | c.g.s.SupplierTransactionService | OPERATION_START | operation=RECORD_TRANSACTION | supplierId=1 | variantId=1
2026-01-04 19:41:16.235 | WARN  | [9a2daab8-f5ae-47c4-aa83-5e2ccc7cf3c9] [] [] | http-nio-8080-exec-1 | c.g.service.InventoryStockService | OPERATION_FAILED | operation=INCREMENT_FILLED_QTY | error=Stock not found | variantId=1
2026-01-04 19:50:40.453 | INFO  | [fe3d8427-17f4-4265-8774-7dc4f3e9174e] [] [] | http-nio-8080-exec-6 | c.g.service.CylinderVariantService | OPERATION_START | operation=CREATE_VARIANT | name=19KG
2026-01-04 19:50:40.589 | INFO  | [fe3d8427-17f4-4265-8774-7dc4f3e9174e] [] [] | http-nio-8080-exec-6 | c.g.service.CylinderVariantService | OPERATION_SUCCESS | operation=CREATE_VARIANT | id=1 | name=19KG
2026-01-04 19:50:48.889 | INFO  | [59d0691f-eea1-4377-957e-182f0294b307] [] [] | http-nio-8080-exec-9 | c.g.service.MonthlyPriceService | OPERATION_START | operation=CREATE_PRICE | variantId=1 | month=2026-01-01
2026-01-04 19:50:48.942 | INFO  | [59d0691f-eea1-4377-957e-182f0294b307] [] [] | http-nio-8080-exec-9 | c.g.service.MonthlyPriceService | OPERATION_SUCCESS | operation=CREATE_PRICE | id=1 | variant=19KG | price=2000
2026-01-04 19:51:15.924 | INFO  | [f86dbdab-ec66-4972-ab41-d4f838bf467a] [] [] | http-nio-8080-exec-6 | c.gasagency.service.SupplierService | OPERATION_START | operation=CREATE_SUPPLIER | name=HP GAS
2026-01-04 19:51:15.956 | INFO  | [f86dbdab-ec66-4972-ab41-d4f838bf467a] [] [] | http-nio-8080-exec-6 | c.gasagency.service.SupplierService | OPERATION_SUCCESS | operation=CREATE_SUPPLIER | id=1 | name=HP GAS
2026-01-04 19:51:37.179 | INFO  | [dc0312c0-fc70-48f0-8177-a7cfa63c1993] [] [] | http-nio-8080-exec-8 | c.g.s.SupplierTransactionService | OPERATION_START | operation=RECORD_TRANSACTION | supplierId=1 | variantId=1
2026-01-04 19:51:37.301 | INFO  | [dc0312c0-fc70-48f0-8177-a7cfa63c1993] [] [] | http-nio-8080-exec-8 | c.g.service.InventoryStockService | OPERATION_SUCCESS | operation=INCREMENT_FILLED_QTY | variantId=1 | newQty=20
2026-01-04 19:51:37.375 | INFO  | [dc0312c0-fc70-48f0-8177-a7cfa63c1993] [] [] | http-nio-8080-exec-8 | c.g.service.InventoryStockService | OPERATION_SUCCESS | operation=DECREMENT_EMPTY_QTY | variantId=1 | newQty=0
2026-01-04 19:51:37.375 | INFO  | [dc0312c0-fc70-48f0-8177-a7cfa63c1993] [] [] | http-nio-8080-exec-8 | c.g.s.SupplierTransactionService | OPERATION_SUCCESS | operation=RECORD_TRANSACTION | id=1 | supplierId=1 | filled=20
2026-01-04 19:54:48.417 | INFO  | [486f1fc1-af62-417b-ad84-279d1f0c4971] [] [] | http-nio-8080-exec-7 | c.gasagency.service.CustomerService | OPERATION_START | operation=CREATE_CUSTOMER | name=Tushar Rokade
2026-01-04 19:54:48.433 | INFO  | [486f1fc1-af62-417b-ad84-279d1f0c4971] [] [] | http-nio-8080-exec-7 | c.gasagency.service.CustomerService | OPERATION_SUCCESS | operation=CREATE_CUSTOMER | id=1 | name=Tushar Rokade | mobile=8798564578
2026-01-04 19:55:28.418 | INFO  | [3c16b1d0-b3a4-4669-a4f3-3638eec00db5] [] [1f024a72-98da-4328-af21-00fbfc7d43f5] | http-nio-8080-exec-6 | com.gasagency.service.SaleService | Creating new sale with request: com.gasagency.dto.CreateSaleRequestDTO@17e5994e
2026-01-04 19:55:28.464 | INFO  | [3c16b1d0-b3a4-4669-a4f3-3638eec00db5] [] [1f024a72-98da-4328-af21-00fbfc7d43f5] | http-nio-8080-exec-6 | com.gasagency.service.SaleService | Sale validation complete - Total amount: 4000.00, Items: 1
2026-01-04 19:55:28.526 | INFO  | [3c16b1d0-b3a4-4669-a4f3-3638eec00db5] [] [1f024a72-98da-4328-af21-00fbfc7d43f5] | http-nio-8080-exec-6 | com.gasagency.service.SaleService | Sale created with id: 1 for customer: Tushar Rokade - Total: 4000.00
2026-01-04 19:55:28.542 | INFO  | [3c16b1d0-b3a4-4669-a4f3-3638eec00db5] [] [1f024a72-98da-4328-af21-00fbfc7d43f5] | http-nio-8080-exec-6 | c.g.service.InventoryStockService | OPERATION_START | operation=DECREMENT_FILLED_WITH_CHECK | variantId=1 | qty=2
2026-01-04 19:55:28.566 | INFO  | [3c16b1d0-b3a4-4669-a4f3-3638eec00db5] [] [1f024a72-98da-4328-af21-00fbfc7d43f5] | http-nio-8080-exec-6 | c.g.service.InventoryStockService | OPERATION_SUCCESS | operation=DECREMENT_FILLED_QTY_CHECK | variantId=1 | newQty=18
2026-01-04 19:55:28.589 | INFO  | [3c16b1d0-b3a4-4669-a4f3-3638eec00db5] [] [1f024a72-98da-4328-af21-00fbfc7d43f5] | http-nio-8080-exec-6 | c.g.service.InventoryStockService | OPERATION_SUCCESS | operation=INCREMENT_EMPTY_QTY | variantId=1 | newQty=0
2026-01-04 19:55:28.589 | INFO  | [3c16b1d0-b3a4-4669-a4f3-3638eec00db5] [] [1f024a72-98da-4328-af21-00fbfc7d43f5] | http-nio-8080-exec-6 | c.g.s.CustomerCylinderLedgerService | OPERATION_START | operation=CREATE_LEDGER_ENTRY | customerId=1 | variantId=1
2026-01-04 19:55:28.614 | INFO  | [3c16b1d0-b3a4-4669-a4f3-3638eec00db5] [] [1f024a72-98da-4328-af21-00fbfc7d43f5] | http-nio-8080-exec-6 | c.g.s.CustomerCylinderLedgerService | OPERATION_SUCCESS | operation=CREATE_LEDGER_ENTRY | id=1 | customerId=1 | balance=-2
2026-01-04 19:55:28.614 | INFO  | [3c16b1d0-b3a4-4669-a4f3-3638eec00db5] [] [1f024a72-98da-4328-af21-00fbfc7d43f5] | http-nio-8080-exec-6 | com.gasagency.service.SaleService | Sale 1 completed successfully for customer Tushar Rokade
2026-01-04 19:55:28.614 | INFO  | [3c16b1d0-b3a4-4669-a4f3-3638eec00db5] [] [1f024a72-98da-4328-af21-00fbfc7d43f5] | http-nio-8080-exec-6 | com.gasagency.service.SaleService | TRANSACTION_SUMMARY | txnId=1f024a72-98da-4328-af21-00fbfc7d43f5 | saleId=1 | customer=Tushar Rokade | amount=4000.00 | duration=196ms
