2026-01-22 20:28:32.773 | INFO  | [ff45650f-3b07-43be-96d3-b2ef4c64af66] [] [] | http-nio-8080-exec-7 | c.g.s.CustomerDuePaymentService | OPERATION_START | operation=GET_DUE_PAYMENT_REPORT | fromDate=2026-01-01 | toDate=2026-01-22 | customerId=null
2026-01-22 20:28:32.917 | INFO  | [ff45650f-3b07-43be-96d3-b2ef4c64af66] [] [] | http-nio-8080-exec-7 | c.g.s.CustomerDuePaymentService | OPERATION_SUCCESS | operation=GET_DUE_PAYMENT_REPORT | totalRecords=1 | returnedRecords=1
2026-01-22 20:28:33.064 | INFO  | [ff45650f-3b07-43be-96d3-b2ef4c64af66] [] [] | http-nio-8080-exec-7 | c.g.s.CustomerDuePaymentService | OPERATION_START | operation=GET_DUE_PAYMENT_REPORT | fromDate=2026-01-01 | toDate=2026-01-31 | customerId=null
2026-01-22 20:28:33.089 | INFO  | [ff45650f-3b07-43be-96d3-b2ef4c64af66] [] [] | http-nio-8080-exec-7 | c.g.s.CustomerDuePaymentService | OPERATION_SUCCESS | operation=GET_DUE_PAYMENT_REPORT | totalRecords=1 | returnedRecords=1
2026-01-22 20:28:33.138 | INFO  | [ff45650f-3b07-43be-96d3-b2ef4c64af66] [] [] | http-nio-8080-exec-7 | c.g.s.CustomerDuePaymentService | OPERATION_START | operation=GET_DUE_PAYMENT_REPORT | fromDate=2025-07-22 | toDate=2026-01-22 | customerId=null
2026-01-22 20:28:33.161 | INFO  | [ff45650f-3b07-43be-96d3-b2ef4c64af66] [] [] | http-nio-8080-exec-7 | c.g.s.CustomerDuePaymentService | OPERATION_SUCCESS | operation=GET_DUE_PAYMENT_REPORT | totalRecords=1 | returnedRecords=1
2026-01-22 20:28:33.330 | INFO  | [ff45650f-3b07-43be-96d3-b2ef4c64af66] [] [] | http-nio-8080-exec-7 | c.g.s.CustomerDuePaymentService | OPERATION_START | operation=GET_DUE_PAYMENT_REPORT | fromDate=2026-01-01 | toDate=2026-01-31 | customerId=null
2026-01-22 20:28:33.345 | INFO  | [ff45650f-3b07-43be-96d3-b2ef4c64af66] [] [] | http-nio-8080-exec-7 | c.g.s.CustomerDuePaymentService | OPERATION_SUCCESS | operation=GET_DUE_PAYMENT_REPORT | totalRecords=1 | returnedRecords=1
2026-01-22 20:29:08.884 | INFO  | [59589823-ce6b-4117-bcdb-5951a587a609] [] [] | http-nio-8080-exec-9 | c.gasagency.service.CustomerService | OPERATION_START | operation=UPDATE_CUSTOMER | id=1 | name=Tushar
2026-01-22 20:29:08.941 | INFO  | [59589823-ce6b-4117-bcdb-5951a587a609] [] [] | http-nio-8080-exec-9 | c.gasagency.service.CustomerService | OPERATION_SUCCESS | operation=UPDATE_CUSTOMER | id=1 | name=Tushar
2026-01-22 20:29:09.107 | INFO  | [93c2f93c-12b3-47da-879f-79c84c590d42] [] [] | http-nio-8080-exec-14 | c.g.s.CustomerVariantPriceService | OPERATION_START | operation=UPDATE_CUSTOMER_VARIANT_PRICE | id=2
2026-01-22 20:29:09.111 | INFO  | [93c2f93c-12b3-47da-879f-79c84c590d42] [] [] | http-nio-8080-exec-14 | c.g.s.CustomerVariantPriceService | OPERATION_SUCCESS | operation=UPDATE_CUSTOMER_VARIANT_PRICE | id=2 | customerId=1
2026-01-22 20:29:09.119 | INFO  | [7f8c9cc3-cb86-4d4d-8303-f765f6ba5bd2] [] [] | http-nio-8080-exec-17 | c.g.s.CustomerVariantPriceService | OPERATION_START | operation=UPDATE_CUSTOMER_VARIANT_PRICE | id=1
2026-01-22 20:29:09.121 | INFO  | [7f8c9cc3-cb86-4d4d-8303-f765f6ba5bd2] [] [] | http-nio-8080-exec-17 | c.g.s.CustomerVariantPriceService | OPERATION_SUCCESS | operation=UPDATE_CUSTOMER_VARIANT_PRICE | id=1 | customerId=1
2026-01-22 20:30:13.583 | INFO  | [df010562-cbf6-45be-baca-d2807368a162] [] [] | http-nio-8080-exec-21 | c.g.service.CylinderVariantService | OPERATION_START | operation=UPDATE_VARIANT | id=2 | name=5KG
2026-01-22 20:30:13.622 | INFO  | [df010562-cbf6-45be-baca-d2807368a162] [] [] | http-nio-8080-exec-21 | c.g.service.CylinderVariantService | OPERATION_SUCCESS | operation=CASCADE_UPDATE_PRICE | customerId=1 | variantId=2 | oldPrice=800.00 | newPrice=800
2026-01-22 20:30:13.623 | INFO  | [df010562-cbf6-45be-baca-d2807368a162] [] [] | http-nio-8080-exec-21 | c.g.service.CylinderVariantService | OPERATION_SUCCESS | operation=UPDATE_VARIANT | id=2 | name=5KG
2026-01-22 20:32:40.745 | INFO  | [ac5918d0-48ac-4fa8-b7cc-3b3c39f8552e] [] [] | http-nio-8080-exec-21 | c.gasagency.service.CustomerService | OPERATION_START | operation=UPDATE_CUSTOMER | id=1 | name=Tushar
2026-01-22 20:32:40.788 | INFO  | [ac5918d0-48ac-4fa8-b7cc-3b3c39f8552e] [] [] | http-nio-8080-exec-21 | c.gasagency.service.CustomerService | OPERATION_SUCCESS | operation=UPDATE_CUSTOMER | id=1 | name=Tushar
2026-01-22 20:32:40.931 | INFO  | [1266594d-b742-46c9-91a1-d22b143d900d] [] [] | http-nio-8080-exec-22 | c.g.s.CustomerVariantPriceService | OPERATION_START | operation=UPDATE_CUSTOMER_VARIANT_PRICE | id=1
2026-01-22 20:32:40.932 | INFO  | [1266594d-b742-46c9-91a1-d22b143d900d] [] [] | http-nio-8080-exec-22 | c.g.s.CustomerVariantPriceService | OPERATION_SUCCESS | operation=UPDATE_CUSTOMER_VARIANT_PRICE | id=1 | customerId=1
2026-01-22 20:32:40.950 | INFO  | [46c3c205-6129-4c8f-90d0-479ddef0b480] [] [] | http-nio-8080-exec-25 | c.g.s.CustomerVariantPriceService | OPERATION_START | operation=UPDATE_CUSTOMER_VARIANT_PRICE | id=2
2026-01-22 20:32:40.953 | INFO  | [46c3c205-6129-4c8f-90d0-479ddef0b480] [] [] | http-nio-8080-exec-25 | c.g.s.CustomerVariantPriceService | OPERATION_SUCCESS | operation=UPDATE_CUSTOMER_VARIANT_PRICE | id=2 | customerId=1
2026-01-22 20:33:31.880 | INFO  | [6e17239f-9dcd-4c4c-8c61-bebc5ba537e7] [] [] | http-nio-8080-exec-22 | c.gasagency.service.CustomerService | OPERATION_START | operation=UPDATE_CUSTOMER | id=1 | name=Tushar
2026-01-22 20:33:31.907 | INFO  | [6e17239f-9dcd-4c4c-8c61-bebc5ba537e7] [] [] | http-nio-8080-exec-22 | c.gasagency.service.CustomerService | OPERATION_SUCCESS | operation=UPDATE_CUSTOMER | id=1 | name=Tushar
2026-01-22 20:33:31.956 | INFO  | [954ed22e-88cf-48fd-968b-704a1d76ee83] [] [] | http-nio-8080-exec-4 | c.g.s.CustomerVariantPriceService | OPERATION_START | operation=UPDATE_CUSTOMER_VARIANT_PRICE | id=2
2026-01-22 20:33:31.956 | INFO  | [493ff293-0e7d-4bfc-8c70-709a95d3fb99] [] [] | http-nio-8080-exec-25 | c.g.s.CustomerVariantPriceService | OPERATION_START | operation=UPDATE_CUSTOMER_VARIANT_PRICE | id=1
2026-01-22 20:33:31.956 | INFO  | [954ed22e-88cf-48fd-968b-704a1d76ee83] [] [] | http-nio-8080-exec-4 | c.g.s.CustomerVariantPriceService | OPERATION_SUCCESS | operation=UPDATE_CUSTOMER_VARIANT_PRICE | id=2 | customerId=1
2026-01-22 20:33:31.957 | INFO  | [493ff293-0e7d-4bfc-8c70-709a95d3fb99] [] [] | http-nio-8080-exec-25 | c.g.s.CustomerVariantPriceService | OPERATION_SUCCESS | operation=UPDATE_CUSTOMER_VARIANT_PRICE | id=1 | customerId=1
2026-01-22 20:38:41.119 | INFO  | [be076c2a-848c-4d03-b5f9-1e1bbd5e241f] [] [] | http-nio-8080-exec-2 | c.gasagency.service.CustomerService | OPERATION_START | operation=UPDATE_CUSTOMER | id=1 | name=Tushar
2026-01-22 20:38:41.145 | INFO  | [be076c2a-848c-4d03-b5f9-1e1bbd5e241f] [] [] | http-nio-8080-exec-2 | c.gasagency.service.CustomerService | OPERATION_SUCCESS | operation=UPDATE_CUSTOMER | id=1 | name=Tushar
2026-01-22 20:38:41.207 | INFO  | [f8c84916-fb0e-47ca-a1ef-199dcdcc7a1d] [] [] | http-nio-8080-exec-13 | c.g.s.CustomerVariantPriceService | OPERATION_START | operation=UPDATE_CUSTOMER_VARIANT_PRICE | id=2
2026-01-22 20:38:41.207 | INFO  | [f8c84916-fb0e-47ca-a1ef-199dcdcc7a1d] [] [] | http-nio-8080-exec-13 | c.g.s.CustomerVariantPriceService | OPERATION_SUCCESS | operation=UPDATE_CUSTOMER_VARIANT_PRICE | id=2 | customerId=1
2026-01-22 20:38:41.212 | INFO  | [72ac514e-d6d2-4bdf-b5a8-807adfa548a2] [] [] | http-nio-8080-exec-1 | c.g.s.CustomerVariantPriceService | OPERATION_START | operation=UPDATE_CUSTOMER_VARIANT_PRICE | id=1
2026-01-22 20:38:41.213 | INFO  | [72ac514e-d6d2-4bdf-b5a8-807adfa548a2] [] [] | http-nio-8080-exec-1 | c.g.s.CustomerVariantPriceService | OPERATION_SUCCESS | operation=UPDATE_CUSTOMER_VARIANT_PRICE | id=1 | customerId=1
2026-01-22 20:41:43.175 | INFO  | [d616077f-a5b6-4870-9e27-6e65b780b338] [] [] | http-nio-8080-exec-10 | c.gasagency.service.CustomerService | OPERATION_START | operation=UPDATE_CUSTOMER | id=1 | name=Tushar
2026-01-22 20:41:43.235 | INFO  | [d616077f-a5b6-4870-9e27-6e65b780b338] [] [] | http-nio-8080-exec-10 | c.gasagency.service.CustomerService | OPERATION_SUCCESS | operation=UPDATE_CUSTOMER | id=1 | name=Tushar
2026-01-22 20:41:43.466 | INFO  | [b09e730f-4249-4f02-afd2-6bf90923c059] [] [] | http-nio-8080-exec-14 | c.g.s.CustomerVariantPriceService | OPERATION_START | operation=UPDATE_CUSTOMER_VARIANT_PRICE | id=2
2026-01-22 20:41:43.467 | INFO  | [b09e730f-4249-4f02-afd2-6bf90923c059] [] [] | http-nio-8080-exec-14 | c.g.s.CustomerVariantPriceService | OPERATION_SUCCESS | operation=UPDATE_CUSTOMER_VARIANT_PRICE | id=2 | customerId=1
2026-01-22 20:41:43.480 | INFO  | [9b6a4eab-111f-4c7a-90c1-5e3215be5979] [] [] | http-nio-8080-exec-25 | c.g.s.CustomerVariantPriceService | OPERATION_START | operation=UPDATE_CUSTOMER_VARIANT_PRICE | id=1
2026-01-22 20:41:43.481 | INFO  | [9b6a4eab-111f-4c7a-90c1-5e3215be5979] [] [] | http-nio-8080-exec-25 | c.g.s.CustomerVariantPriceService | OPERATION_SUCCESS | operation=UPDATE_CUSTOMER_VARIANT_PRICE | id=1 | customerId=1
2026-01-22 20:42:03.260 | INFO  | [fdca8d29-b7e3-4cff-8ff8-adf0d390a7e2] [] [] | http-nio-8080-exec-19 | c.gasagency.service.CustomerService | OPERATION_START | operation=UPDATE_CUSTOMER | id=1 | name=Tushar
2026-01-22 20:42:03.285 | INFO  | [fdca8d29-b7e3-4cff-8ff8-adf0d390a7e2] [] [] | http-nio-8080-exec-19 | c.gasagency.service.CustomerService | OPERATION_SUCCESS | operation=UPDATE_CUSTOMER | id=1 | name=Tushar
2026-01-22 20:42:03.350 | INFO  | [ed6937fd-dace-4d3b-b8ba-581468219134] [] [] | http-nio-8080-exec-24 | c.g.s.CustomerVariantPriceService | OPERATION_START | operation=UPDATE_CUSTOMER_VARIANT_PRICE | id=1
2026-01-22 20:42:03.351 | INFO  | [ed6937fd-dace-4d3b-b8ba-581468219134] [] [] | http-nio-8080-exec-24 | c.g.s.CustomerVariantPriceService | OPERATION_SUCCESS | operation=UPDATE_CUSTOMER_VARIANT_PRICE | id=1 | customerId=1
2026-01-22 20:42:03.355 | INFO  | [3192c86f-b091-45a0-886a-f50a769feec5] [] [] | http-nio-8080-exec-23 | c.g.s.CustomerVariantPriceService | OPERATION_START | operation=UPDATE_CUSTOMER_VARIANT_PRICE | id=2
2026-01-22 20:42:03.355 | INFO  | [3192c86f-b091-45a0-886a-f50a769feec5] [] [] | http-nio-8080-exec-23 | c.g.s.CustomerVariantPriceService | OPERATION_SUCCESS | operation=UPDATE_CUSTOMER_VARIANT_PRICE | id=2 | customerId=1
2026-01-22 20:44:05.727 | INFO  | [a244745e-64e9-4272-a4d8-83ecdd719934] [] [] | http-nio-8080-exec-15 | c.g.s.CustomerDuePaymentService | OPERATION_START | operation=GET_DUE_PAYMENT_REPORT | fromDate=2026-01-01 | toDate=2026-01-22 | customerId=null
2026-01-22 20:44:05.744 | INFO  | [a244745e-64e9-4272-a4d8-83ecdd719934] [] [] | http-nio-8080-exec-15 | c.g.s.CustomerDuePaymentService | OPERATION_SUCCESS | operation=GET_DUE_PAYMENT_REPORT | totalRecords=1 | returnedRecords=1
2026-01-22 20:44:05.779 | INFO  | [a244745e-64e9-4272-a4d8-83ecdd719934] [] [] | http-nio-8080-exec-15 | c.g.s.CustomerDuePaymentService | OPERATION_START | operation=GET_DUE_PAYMENT_REPORT | fromDate=2026-01-01 | toDate=2026-01-31 | customerId=null
2026-01-22 20:44:05.783 | INFO  | [a244745e-64e9-4272-a4d8-83ecdd719934] [] [] | http-nio-8080-exec-15 | c.g.s.CustomerDuePaymentService | OPERATION_SUCCESS | operation=GET_DUE_PAYMENT_REPORT | totalRecords=1 | returnedRecords=1
2026-01-22 20:44:05.796 | INFO  | [a244745e-64e9-4272-a4d8-83ecdd719934] [] [] | http-nio-8080-exec-15 | c.g.s.CustomerDuePaymentService | OPERATION_START | operation=GET_DUE_PAYMENT_REPORT | fromDate=2025-07-22 | toDate=2026-01-22 | customerId=null
2026-01-22 20:44:05.800 | INFO  | [a244745e-64e9-4272-a4d8-83ecdd719934] [] [] | http-nio-8080-exec-15 | c.g.s.CustomerDuePaymentService | OPERATION_SUCCESS | operation=GET_DUE_PAYMENT_REPORT | totalRecords=1 | returnedRecords=1
2026-01-22 20:44:05.849 | INFO  | [a244745e-64e9-4272-a4d8-83ecdd719934] [] [] | http-nio-8080-exec-15 | c.g.s.CustomerDuePaymentService | OPERATION_START | operation=GET_DUE_PAYMENT_REPORT | fromDate=2026-01-01 | toDate=2026-01-31 | customerId=null
2026-01-22 20:44:05.863 | INFO  | [a244745e-64e9-4272-a4d8-83ecdd719934] [] [] | http-nio-8080-exec-15 | c.g.s.CustomerDuePaymentService | OPERATION_SUCCESS | operation=GET_DUE_PAYMENT_REPORT | totalRecords=1 | returnedRecords=1
2026-01-22 20:45:50.491 | INFO  | [16b174e0-db75-419a-ac08-ba0bca5208a1] [] [] | http-nio-8080-exec-3 | c.g.s.CustomerDuePaymentService | OPERATION_START | operation=GET_DUE_PAYMENT_REPORT | fromDate=2026-01-01 | toDate=2026-01-22 | customerId=null
2026-01-22 20:45:50.512 | INFO  | [16b174e0-db75-419a-ac08-ba0bca5208a1] [] [] | http-nio-8080-exec-3 | c.g.s.CustomerDuePaymentService | OPERATION_SUCCESS | operation=GET_DUE_PAYMENT_REPORT | totalRecords=1 | returnedRecords=1
2026-01-22 20:45:50.583 | INFO  | [16b174e0-db75-419a-ac08-ba0bca5208a1] [] [] | http-nio-8080-exec-3 | c.g.s.CustomerDuePaymentService | OPERATION_START | operation=GET_DUE_PAYMENT_REPORT | fromDate=2026-01-01 | toDate=2026-01-31 | customerId=null
2026-01-22 20:45:50.590 | INFO  | [16b174e0-db75-419a-ac08-ba0bca5208a1] [] [] | http-nio-8080-exec-3 | c.g.s.CustomerDuePaymentService | OPERATION_SUCCESS | operation=GET_DUE_PAYMENT_REPORT | totalRecords=1 | returnedRecords=1
2026-01-22 20:45:50.614 | INFO  | [16b174e0-db75-419a-ac08-ba0bca5208a1] [] [] | http-nio-8080-exec-3 | c.g.s.CustomerDuePaymentService | OPERATION_START | operation=GET_DUE_PAYMENT_REPORT | fromDate=2025-07-22 | toDate=2026-01-22 | customerId=null
2026-01-22 20:45:50.622 | INFO  | [16b174e0-db75-419a-ac08-ba0bca5208a1] [] [] | http-nio-8080-exec-3 | c.g.s.CustomerDuePaymentService | OPERATION_SUCCESS | operation=GET_DUE_PAYMENT_REPORT | totalRecords=1 | returnedRecords=1
2026-01-22 20:45:50.694 | INFO  | [16b174e0-db75-419a-ac08-ba0bca5208a1] [] [] | http-nio-8080-exec-3 | c.g.s.CustomerDuePaymentService | OPERATION_START | operation=GET_DUE_PAYMENT_REPORT | fromDate=2026-01-01 | toDate=2026-01-31 | customerId=null
2026-01-22 20:45:50.706 | INFO  | [16b174e0-db75-419a-ac08-ba0bca5208a1] [] [] | http-nio-8080-exec-3 | c.g.s.CustomerDuePaymentService | OPERATION_SUCCESS | operation=GET_DUE_PAYMENT_REPORT | totalRecords=1 | returnedRecords=1
2026-01-22 20:46:21.530 | INFO  | [9ac11d2b-3d3f-47d6-9bde-adbc8e8eb2fe] [] [] | http-nio-8080-exec-18 | c.g.s.CustomerDuePaymentService | OPERATION_START | operation=GET_DUE_PAYMENT_REPORT | fromDate=2026-01-01 | toDate=2026-01-22 | customerId=null
2026-01-22 20:46:21.546 | INFO  | [9ac11d2b-3d3f-47d6-9bde-adbc8e8eb2fe] [] [] | http-nio-8080-exec-18 | c.g.s.CustomerDuePaymentService | OPERATION_SUCCESS | operation=GET_DUE_PAYMENT_REPORT | totalRecords=1 | returnedRecords=1
2026-01-22 20:46:21.583 | INFO  | [9ac11d2b-3d3f-47d6-9bde-adbc8e8eb2fe] [] [] | http-nio-8080-exec-18 | c.g.s.CustomerDuePaymentService | OPERATION_START | operation=GET_DUE_PAYMENT_REPORT | fromDate=2026-01-01 | toDate=2026-01-31 | customerId=null
2026-01-22 20:46:21.594 | INFO  | [9ac11d2b-3d3f-47d6-9bde-adbc8e8eb2fe] [] [] | http-nio-8080-exec-18 | c.g.s.CustomerDuePaymentService | OPERATION_SUCCESS | operation=GET_DUE_PAYMENT_REPORT | totalRecords=1 | returnedRecords=1
2026-01-22 20:46:21.632 | INFO  | [9ac11d2b-3d3f-47d6-9bde-adbc8e8eb2fe] [] [] | http-nio-8080-exec-18 | c.g.s.CustomerDuePaymentService | OPERATION_START | operation=GET_DUE_PAYMENT_REPORT | fromDate=2025-07-22 | toDate=2026-01-22 | customerId=null
2026-01-22 20:46:21.642 | INFO  | [9ac11d2b-3d3f-47d6-9bde-adbc8e8eb2fe] [] [] | http-nio-8080-exec-18 | c.g.s.CustomerDuePaymentService | OPERATION_SUCCESS | operation=GET_DUE_PAYMENT_REPORT | totalRecords=1 | returnedRecords=1
2026-01-22 20:46:21.729 | INFO  | [9ac11d2b-3d3f-47d6-9bde-adbc8e8eb2fe] [] [] | http-nio-8080-exec-18 | c.g.s.CustomerDuePaymentService | OPERATION_START | operation=GET_DUE_PAYMENT_REPORT | fromDate=2026-01-01 | toDate=2026-01-31 | customerId=null
2026-01-22 20:46:21.737 | INFO  | [9ac11d2b-3d3f-47d6-9bde-adbc8e8eb2fe] [] [] | http-nio-8080-exec-18 | c.g.s.CustomerDuePaymentService | OPERATION_SUCCESS | operation=GET_DUE_PAYMENT_REPORT | totalRecords=1 | returnedRecords=1
2026-01-22 20:49:39.605 | INFO  | [bf210003-3111-4621-9f88-31d621e5e375] [] [] | http-nio-8080-exec-14 | c.g.s.CustomerDuePaymentService | OPERATION_START | operation=GET_DUE_PAYMENT_REPORT | fromDate=2026-01-01 | toDate=2026-01-22 | customerId=null
2026-01-22 20:49:39.626 | INFO  | [bf210003-3111-4621-9f88-31d621e5e375] [] [] | http-nio-8080-exec-14 | c.g.s.CustomerDuePaymentService | OPERATION_SUCCESS | operation=GET_DUE_PAYMENT_REPORT | totalRecords=1 | returnedRecords=1
2026-01-22 20:49:39.672 | INFO  | [bf210003-3111-4621-9f88-31d621e5e375] [] [] | http-nio-8080-exec-14 | c.g.s.CustomerDuePaymentService | OPERATION_START | operation=GET_DUE_PAYMENT_REPORT | fromDate=2026-01-01 | toDate=2026-01-31 | customerId=null
2026-01-22 20:49:39.677 | INFO  | [bf210003-3111-4621-9f88-31d621e5e375] [] [] | http-nio-8080-exec-14 | c.g.s.CustomerDuePaymentService | OPERATION_SUCCESS | operation=GET_DUE_PAYMENT_REPORT | totalRecords=1 | returnedRecords=1
2026-01-22 20:49:39.698 | INFO  | [bf210003-3111-4621-9f88-31d621e5e375] [] [] | http-nio-8080-exec-14 | c.g.s.CustomerDuePaymentService | OPERATION_START | operation=GET_DUE_PAYMENT_REPORT | fromDate=2025-07-22 | toDate=2026-01-22 | customerId=null
2026-01-22 20:49:39.706 | INFO  | [bf210003-3111-4621-9f88-31d621e5e375] [] [] | http-nio-8080-exec-14 | c.g.s.CustomerDuePaymentService | OPERATION_SUCCESS | operation=GET_DUE_PAYMENT_REPORT | totalRecords=1 | returnedRecords=1
2026-01-22 20:49:39.755 | INFO  | [bf210003-3111-4621-9f88-31d621e5e375] [] [] | http-nio-8080-exec-14 | c.g.s.CustomerDuePaymentService | OPERATION_START | operation=GET_DUE_PAYMENT_REPORT | fromDate=2026-01-01 | toDate=2026-01-31 | customerId=null
2026-01-22 20:49:39.763 | INFO  | [bf210003-3111-4621-9f88-31d621e5e375] [] [] | http-nio-8080-exec-14 | c.g.s.CustomerDuePaymentService | OPERATION_SUCCESS | operation=GET_DUE_PAYMENT_REPORT | totalRecords=1 | returnedRecords=1
2026-01-22 21:02:32.093 | INFO  | [c6a05154-8a4e-41d9-9c3f-c3a0b2bef40b] [] [] | http-nio-8080-exec-10 | c.g.s.CustomerDuePaymentService | OPERATION_START | operation=GET_DUE_PAYMENT_REPORT | fromDate=2026-01-01 | toDate=2026-01-22 | customerId=null
2026-01-22 21:02:32.103 | INFO  | [c6a05154-8a4e-41d9-9c3f-c3a0b2bef40b] [] [] | http-nio-8080-exec-10 | c.g.s.CustomerDuePaymentService | OPERATION_SUCCESS | operation=GET_DUE_PAYMENT_REPORT | totalRecords=1 | returnedRecords=1
2026-01-22 21:02:32.124 | INFO  | [c6a05154-8a4e-41d9-9c3f-c3a0b2bef40b] [] [] | http-nio-8080-exec-10 | c.g.s.CustomerDuePaymentService | OPERATION_START | operation=GET_DUE_PAYMENT_REPORT | fromDate=2026-01-01 | toDate=2026-01-31 | customerId=null
2026-01-22 21:02:32.127 | INFO  | [c6a05154-8a4e-41d9-9c3f-c3a0b2bef40b] [] [] | http-nio-8080-exec-10 | c.g.s.CustomerDuePaymentService | OPERATION_SUCCESS | operation=GET_DUE_PAYMENT_REPORT | totalRecords=1 | returnedRecords=1
2026-01-22 21:02:32.137 | INFO  | [c6a05154-8a4e-41d9-9c3f-c3a0b2bef40b] [] [] | http-nio-8080-exec-10 | c.g.s.CustomerDuePaymentService | OPERATION_START | operation=GET_DUE_PAYMENT_REPORT | fromDate=2025-07-22 | toDate=2026-01-22 | customerId=null
2026-01-22 21:02:32.139 | INFO  | [c6a05154-8a4e-41d9-9c3f-c3a0b2bef40b] [] [] | http-nio-8080-exec-10 | c.g.s.CustomerDuePaymentService | OPERATION_SUCCESS | operation=GET_DUE_PAYMENT_REPORT | totalRecords=1 | returnedRecords=1
2026-01-22 21:02:32.160 | INFO  | [c6a05154-8a4e-41d9-9c3f-c3a0b2bef40b] [] [] | http-nio-8080-exec-10 | c.g.s.CustomerDuePaymentService | OPERATION_START | operation=GET_DUE_PAYMENT_REPORT | fromDate=2026-01-01 | toDate=2026-01-31 | customerId=null
2026-01-22 21:02:32.166 | INFO  | [c6a05154-8a4e-41d9-9c3f-c3a0b2bef40b] [] [] | http-nio-8080-exec-10 | c.g.s.CustomerDuePaymentService | OPERATION_SUCCESS | operation=GET_DUE_PAYMENT_REPORT | totalRecords=1 | returnedRecords=1
2026-01-22 21:08:59.498 | INFO  | [d991958b-79ce-4934-80f1-342e04dccfeb] [] [] | http-nio-8080-exec-25 | c.g.service.CylinderVariantService | OPERATION_START | operation=UPDATE_VARIANT | id=2 | name=5KG
2026-01-22 21:08:59.515 | INFO  | [d991958b-79ce-4934-80f1-342e04dccfeb] [] [] | http-nio-8080-exec-25 | c.g.service.CylinderVariantService | OPERATION_SUCCESS | operation=CASCADE_UPDATE_PRICE | customerId=1 | variantId=2 | oldPrice=800.00 | newPrice=800
2026-01-22 21:08:59.516 | INFO  | [d991958b-79ce-4934-80f1-342e04dccfeb] [] [] | http-nio-8080-exec-25 | c.g.service.CylinderVariantService | OPERATION_SUCCESS | operation=UPDATE_VARIANT | id=2 | name=5KG
2026-01-22 21:16:16.511 | INFO  | [c113bdf8-010f-4401-bf73-eb9add6bdea4] [] [] | http-nio-8080-exec-11 | c.g.service.CylinderVariantService | OPERATION_START | operation=UPDATE_VARIANT | id=2 | name=5KG
2026-01-22 21:16:16.541 | INFO  | [c113bdf8-010f-4401-bf73-eb9add6bdea4] [] [] | http-nio-8080-exec-11 | c.g.service.CylinderVariantService | OPERATION_SUCCESS | operation=CASCADE_UPDATE_PRICE | customerId=1 | variantId=2 | oldPrice=800.00 | newPrice=800
2026-01-22 21:16:16.542 | INFO  | [c113bdf8-010f-4401-bf73-eb9add6bdea4] [] [] | http-nio-8080-exec-11 | c.g.service.CylinderVariantService | OPERATION_SUCCESS | operation=UPDATE_VARIANT | id=2 | name=5KG
2026-01-22 21:18:27.723 | INFO  | [73c9de8c-4c9b-43eb-b802-ef55d092255c] [] [] | http-nio-8080-exec-1 | c.g.s.CustomerDuePaymentService | OPERATION_START | operation=GET_DUE_PAYMENT_REPORT | fromDate=2026-01-01 | toDate=2026-01-22 | customerId=null
2026-01-22 21:18:27.770 | INFO  | [73c9de8c-4c9b-43eb-b802-ef55d092255c] [] [] | http-nio-8080-exec-1 | c.g.s.CustomerDuePaymentService | OPERATION_SUCCESS | operation=GET_DUE_PAYMENT_REPORT | totalRecords=1 | returnedRecords=1
2026-01-22 21:18:27.825 | INFO  | [73c9de8c-4c9b-43eb-b802-ef55d092255c] [] [] | http-nio-8080-exec-1 | c.g.s.CustomerDuePaymentService | OPERATION_START | operation=GET_DUE_PAYMENT_REPORT | fromDate=2026-01-01 | toDate=2026-01-31 | customerId=null
2026-01-22 21:18:27.838 | INFO  | [73c9de8c-4c9b-43eb-b802-ef55d092255c] [] [] | http-nio-8080-exec-1 | c.g.s.CustomerDuePaymentService | OPERATION_SUCCESS | operation=GET_DUE_PAYMENT_REPORT | totalRecords=1 | returnedRecords=1
2026-01-22 21:18:27.855 | INFO  | [73c9de8c-4c9b-43eb-b802-ef55d092255c] [] [] | http-nio-8080-exec-1 | c.g.s.CustomerDuePaymentService | OPERATION_START | operation=GET_DUE_PAYMENT_REPORT | fromDate=2025-07-22 | toDate=2026-01-22 | customerId=null
2026-01-22 21:18:27.866 | INFO  | [73c9de8c-4c9b-43eb-b802-ef55d092255c] [] [] | http-nio-8080-exec-1 | c.g.s.CustomerDuePaymentService | OPERATION_SUCCESS | operation=GET_DUE_PAYMENT_REPORT | totalRecords=1 | returnedRecords=1
2026-01-22 21:18:27.938 | INFO  | [73c9de8c-4c9b-43eb-b802-ef55d092255c] [] [] | http-nio-8080-exec-1 | c.g.s.CustomerDuePaymentService | OPERATION_START | operation=GET_DUE_PAYMENT_REPORT | fromDate=2026-01-01 | toDate=2026-01-31 | customerId=null
2026-01-22 21:18:27.943 | INFO  | [73c9de8c-4c9b-43eb-b802-ef55d092255c] [] [] | http-nio-8080-exec-1 | c.g.s.CustomerDuePaymentService | OPERATION_SUCCESS | operation=GET_DUE_PAYMENT_REPORT | totalRecords=1 | returnedRecords=1
2026-01-22 21:22:50.765 | INFO  | [20e72c54-817c-4feb-b713-0f076e6afa29] [] [] | http-nio-8080-exec-3 | c.g.s.CustomerDuePaymentService | OPERATION_START | operation=GET_DUE_PAYMENT_REPORT | fromDate=2026-01-01 | toDate=2026-01-22 | customerId=null
2026-01-22 21:22:50.782 | INFO  | [20e72c54-817c-4feb-b713-0f076e6afa29] [] [] | http-nio-8080-exec-3 | c.g.s.CustomerDuePaymentService | OPERATION_SUCCESS | operation=GET_DUE_PAYMENT_REPORT | totalRecords=1 | returnedRecords=1
2026-01-22 21:22:50.829 | INFO  | [20e72c54-817c-4feb-b713-0f076e6afa29] [] [] | http-nio-8080-exec-3 | c.g.s.CustomerDuePaymentService | OPERATION_START | operation=GET_DUE_PAYMENT_REPORT | fromDate=2026-01-01 | toDate=2026-01-31 | customerId=null
2026-01-22 21:22:50.833 | INFO  | [20e72c54-817c-4feb-b713-0f076e6afa29] [] [] | http-nio-8080-exec-3 | c.g.s.CustomerDuePaymentService | OPERATION_SUCCESS | operation=GET_DUE_PAYMENT_REPORT | totalRecords=1 | returnedRecords=1
2026-01-22 21:22:50.845 | INFO  | [20e72c54-817c-4feb-b713-0f076e6afa29] [] [] | http-nio-8080-exec-3 | c.g.s.CustomerDuePaymentService | OPERATION_START | operation=GET_DUE_PAYMENT_REPORT | fromDate=2025-07-22 | toDate=2026-01-22 | customerId=null
2026-01-22 21:22:50.848 | INFO  | [20e72c54-817c-4feb-b713-0f076e6afa29] [] [] | http-nio-8080-exec-3 | c.g.s.CustomerDuePaymentService | OPERATION_SUCCESS | operation=GET_DUE_PAYMENT_REPORT | totalRecords=1 | returnedRecords=1
2026-01-22 21:22:50.882 | INFO  | [20e72c54-817c-4feb-b713-0f076e6afa29] [] [] | http-nio-8080-exec-3 | c.g.s.CustomerDuePaymentService | OPERATION_START | operation=GET_DUE_PAYMENT_REPORT | fromDate=2026-01-01 | toDate=2026-01-31 | customerId=null
2026-01-22 21:22:50.893 | INFO  | [20e72c54-817c-4feb-b713-0f076e6afa29] [] [] | http-nio-8080-exec-3 | c.g.s.CustomerDuePaymentService | OPERATION_SUCCESS | operation=GET_DUE_PAYMENT_REPORT | totalRecords=1 | returnedRecords=1
2026-01-22 21:23:22.066 | INFO  | [015ee6ce-1fb5-4d2a-b2df-90e277d7eb97] [] [] | http-nio-8080-exec-9 | c.g.s.CustomerDuePaymentService | OPERATION_START | operation=GET_DUE_PAYMENT_REPORT | fromDate=null | toDate=null | customerId=1
2026-01-22 21:23:22.080 | INFO  | [015ee6ce-1fb5-4d2a-b2df-90e277d7eb97] [] [] | http-nio-8080-exec-9 | c.g.s.CustomerDuePaymentService | OPERATION_SUCCESS | operation=GET_DUE_PAYMENT_REPORT | totalRecords=1 | returnedRecords=1
2026-01-22 21:23:25.287 | INFO  | [091cedec-b6a2-4529-8fb5-ddb0df4248f5] [] [] | http-nio-8080-exec-17 | c.g.s.CustomerDuePaymentService | OPERATION_START | operation=GET_DUE_PAYMENT_REPORT | fromDate=null | toDate=null | customerId=1
2026-01-22 21:23:25.298 | INFO  | [091cedec-b6a2-4529-8fb5-ddb0df4248f5] [] [] | http-nio-8080-exec-17 | c.g.s.CustomerDuePaymentService | OPERATION_SUCCESS | operation=GET_DUE_PAYMENT_REPORT | totalRecords=1 | returnedRecords=1
2026-01-22 21:23:33.083 | INFO  | [c31941c1-cf37-4edc-bb92-9a3bfc53fd60] [] [] | http-nio-8080-exec-12 | c.g.s.CustomerDuePaymentService | OPERATION_START | operation=GET_DUE_PAYMENT_REPORT | fromDate=null | toDate=null | customerId=1
2026-01-22 21:23:33.100 | INFO  | [c31941c1-cf37-4edc-bb92-9a3bfc53fd60] [] [] | http-nio-8080-exec-12 | c.g.s.CustomerDuePaymentService | OPERATION_SUCCESS | operation=GET_DUE_PAYMENT_REPORT | totalRecords=1 | returnedRecords=1
2026-01-22 21:29:05.910 | INFO  | [d1d809ce-f26e-4f1d-9f04-c298e39bad15] [] [] | http-nio-8080-exec-5 | c.g.s.CustomerDuePaymentService | OPERATION_START | operation=GET_DUE_PAYMENT_REPORT | fromDate=2026-01-01 | toDate=2026-01-22 | customerId=null
2026-01-22 21:29:05.922 | INFO  | [d1d809ce-f26e-4f1d-9f04-c298e39bad15] [] [] | http-nio-8080-exec-5 | c.g.s.CustomerDuePaymentService | OPERATION_SUCCESS | operation=GET_DUE_PAYMENT_REPORT | totalRecords=1 | returnedRecords=1
2026-01-22 21:29:05.941 | INFO  | [d1d809ce-f26e-4f1d-9f04-c298e39bad15] [] [] | http-nio-8080-exec-5 | c.g.s.CustomerDuePaymentService | OPERATION_START | operation=GET_DUE_PAYMENT_REPORT | fromDate=2026-01-01 | toDate=2026-01-31 | customerId=null
2026-01-22 21:29:05.943 | INFO  | [d1d809ce-f26e-4f1d-9f04-c298e39bad15] [] [] | http-nio-8080-exec-5 | c.g.s.CustomerDuePaymentService | OPERATION_SUCCESS | operation=GET_DUE_PAYMENT_REPORT | totalRecords=1 | returnedRecords=1
2026-01-22 21:29:05.954 | INFO  | [d1d809ce-f26e-4f1d-9f04-c298e39bad15] [] [] | http-nio-8080-exec-5 | c.g.s.CustomerDuePaymentService | OPERATION_START | operation=GET_DUE_PAYMENT_REPORT | fromDate=2025-07-22 | toDate=2026-01-22 | customerId=null
2026-01-22 21:29:05.956 | INFO  | [d1d809ce-f26e-4f1d-9f04-c298e39bad15] [] [] | http-nio-8080-exec-5 | c.g.s.CustomerDuePaymentService | OPERATION_SUCCESS | operation=GET_DUE_PAYMENT_REPORT | totalRecords=1 | returnedRecords=1
2026-01-22 21:29:05.977 | INFO  | [d1d809ce-f26e-4f1d-9f04-c298e39bad15] [] [] | http-nio-8080-exec-5 | c.g.s.CustomerDuePaymentService | OPERATION_START | operation=GET_DUE_PAYMENT_REPORT | fromDate=2026-01-01 | toDate=2026-01-31 | customerId=null
2026-01-22 21:29:05.980 | INFO  | [d1d809ce-f26e-4f1d-9f04-c298e39bad15] [] [] | http-nio-8080-exec-5 | c.g.s.CustomerDuePaymentService | OPERATION_SUCCESS | operation=GET_DUE_PAYMENT_REPORT | totalRecords=1 | returnedRecords=1
2026-01-22 21:34:07.635 | INFO  | [febfddc7-e041-4b56-bf26-8ebaa36d5937] [] [] | http-nio-8080-exec-24 | c.g.s.CustomerDuePaymentService | OPERATION_START | operation=GET_DUE_PAYMENT_REPORT | fromDate=2026-01-01 | toDate=2026-01-22 | customerId=null
2026-01-22 21:34:07.681 | INFO  | [febfddc7-e041-4b56-bf26-8ebaa36d5937] [] [] | http-nio-8080-exec-24 | c.g.s.CustomerDuePaymentService | OPERATION_SUCCESS | operation=GET_DUE_PAYMENT_REPORT | totalRecords=1 | returnedRecords=1
2026-01-22 21:34:07.718 | INFO  | [febfddc7-e041-4b56-bf26-8ebaa36d5937] [] [] | http-nio-8080-exec-24 | c.g.s.CustomerDuePaymentService | OPERATION_START | operation=GET_DUE_PAYMENT_REPORT | fromDate=2026-01-01 | toDate=2026-01-31 | customerId=null
2026-01-22 21:34:07.723 | INFO  | [febfddc7-e041-4b56-bf26-8ebaa36d5937] [] [] | http-nio-8080-exec-24 | c.g.s.CustomerDuePaymentService | OPERATION_SUCCESS | operation=GET_DUE_PAYMENT_REPORT | totalRecords=1 | returnedRecords=1
2026-01-22 21:34:07.735 | INFO  | [febfddc7-e041-4b56-bf26-8ebaa36d5937] [] [] | http-nio-8080-exec-24 | c.g.s.CustomerDuePaymentService | OPERATION_START | operation=GET_DUE_PAYMENT_REPORT | fromDate=2025-07-22 | toDate=2026-01-22 | customerId=null
2026-01-22 21:34:07.738 | INFO  | [febfddc7-e041-4b56-bf26-8ebaa36d5937] [] [] | http-nio-8080-exec-24 | c.g.s.CustomerDuePaymentService | OPERATION_SUCCESS | operation=GET_DUE_PAYMENT_REPORT | totalRecords=1 | returnedRecords=1
2026-01-22 21:34:07.770 | INFO  | [febfddc7-e041-4b56-bf26-8ebaa36d5937] [] [] | http-nio-8080-exec-24 | c.g.s.CustomerDuePaymentService | OPERATION_START | operation=GET_DUE_PAYMENT_REPORT | fromDate=2026-01-01 | toDate=2026-01-31 | customerId=null
2026-01-22 21:34:07.774 | INFO  | [febfddc7-e041-4b56-bf26-8ebaa36d5937] [] [] | http-nio-8080-exec-24 | c.g.s.CustomerDuePaymentService | OPERATION_SUCCESS | operation=GET_DUE_PAYMENT_REPORT | totalRecords=1 | returnedRecords=1
2026-01-22 21:34:48.617 | INFO  | [42298209-9b1e-427f-bc93-64d7d8df1e07] [] [] | http-nio-8080-exec-1 | c.g.s.CustomerDuePaymentService | OPERATION_START | operation=GET_DUE_PAYMENT_REPORT | fromDate=null | toDate=null | customerId=1
2026-01-22 21:34:48.625 | INFO  | [42298209-9b1e-427f-bc93-64d7d8df1e07] [] [] | http-nio-8080-exec-1 | c.g.s.CustomerDuePaymentService | OPERATION_SUCCESS | operation=GET_DUE_PAYMENT_REPORT | totalRecords=1 | returnedRecords=1
2026-01-22 21:36:13.286 | INFO  | [d236fecc-4d66-406d-9b0c-9d0ed6ed14ab] [] [] | http-nio-8080-exec-14 | c.gasagency.service.SupplierService | OPERATION_START | operation=DELETE_SUPPLIER | id=1
2026-01-22 21:36:13.303 | INFO  | [d236fecc-4d66-406d-9b0c-9d0ed6ed14ab] [] [] | http-nio-8080-exec-14 | c.gasagency.service.SupplierService | OPERATION_SUCCESS | operation=DELETE_SUPPLIER | id=1
2026-01-22 21:36:36.820 | INFO  | [bdb4bb81-ac0a-42e0-bc8a-93f21d26f298] [] [] | http-nio-8080-exec-12 | c.gasagency.service.SupplierService | OPERATION_START | operation=CREATE_SUPPLIER | name=bharat gas
2026-01-22 21:36:36.844 | INFO  | [bdb4bb81-ac0a-42e0-bc8a-93f21d26f298] [] [] | http-nio-8080-exec-12 | c.gasagency.service.SupplierService | OPERATION_SUCCESS | operation=CREATE_SUPPLIER | id=2 | name=bharat gas
2026-01-22 21:36:41.523 | INFO  | [5e42bc2c-90e4-4dc1-97d1-3410f5918d48] [] [] | http-nio-8080-exec-15 | c.gasagency.service.SupplierService | OPERATION_START | operation=DELETE_SUPPLIER | id=2
2026-01-22 21:36:41.531 | INFO  | [5e42bc2c-90e4-4dc1-97d1-3410f5918d48] [] [] | http-nio-8080-exec-15 | c.gasagency.service.SupplierService | OPERATION_SUCCESS | operation=DELETE_SUPPLIER | id=2
2026-01-22 21:37:00.859 | INFO  | [a704d8e9-0788-471b-8a3f-548d2f67672e] [] [] | http-nio-8080-exec-24 | c.gasagency.service.SupplierService | OPERATION_START | operation=CREATE_SUPPLIER | name=bharat
2026-01-22 21:37:00.867 | INFO  | [a704d8e9-0788-471b-8a3f-548d2f67672e] [] [] | http-nio-8080-exec-24 | c.gasagency.service.SupplierService | OPERATION_SUCCESS | operation=CREATE_SUPPLIER | id=3 | name=bharat
2026-01-22 21:37:05.492 | INFO  | [472473e4-cbd9-44e5-b222-85a818d96725] [] [] | http-nio-8080-exec-18 | c.gasagency.service.SupplierService | OPERATION_START | operation=UPDATE_SUPPLIER | id=3 | name=bharati
2026-01-22 21:37:05.505 | INFO  | [472473e4-cbd9-44e5-b222-85a818d96725] [] [] | http-nio-8080-exec-18 | c.gasagency.service.SupplierService | OPERATION_SUCCESS | operation=UPDATE_SUPPLIER | id=3 | name=bharati
2026-01-22 22:37:27.268 | INFO  | [6e570814-0cc8-4d40-85e3-bdf839ebeb9e] [] [] | http-nio-8080-exec-17 | c.g.s.CustomerDuePaymentService | OPERATION_START | operation=GET_DUE_PAYMENT_REPORT | fromDate=2026-01-01 | toDate=2026-01-22 | customerId=null
2026-01-22 22:37:27.316 | INFO  | [6e570814-0cc8-4d40-85e3-bdf839ebeb9e] [] [] | http-nio-8080-exec-17 | c.g.s.CustomerDuePaymentService | OPERATION_SUCCESS | operation=GET_DUE_PAYMENT_REPORT | totalRecords=1 | returnedRecords=1
2026-01-22 22:37:27.346 | INFO  | [6e570814-0cc8-4d40-85e3-bdf839ebeb9e] [] [] | http-nio-8080-exec-17 | c.g.s.CustomerDuePaymentService | OPERATION_START | operation=GET_DUE_PAYMENT_REPORT | fromDate=2026-01-01 | toDate=2026-01-31 | customerId=null
2026-01-22 22:37:27.353 | INFO  | [6e570814-0cc8-4d40-85e3-bdf839ebeb9e] [] [] | http-nio-8080-exec-17 | c.g.s.CustomerDuePaymentService | OPERATION_SUCCESS | operation=GET_DUE_PAYMENT_REPORT | totalRecords=1 | returnedRecords=1
2026-01-22 22:37:27.362 | INFO  | [6e570814-0cc8-4d40-85e3-bdf839ebeb9e] [] [] | http-nio-8080-exec-17 | c.g.s.CustomerDuePaymentService | OPERATION_START | operation=GET_DUE_PAYMENT_REPORT | fromDate=2025-07-22 | toDate=2026-01-22 | customerId=null
2026-01-22 22:37:27.368 | INFO  | [6e570814-0cc8-4d40-85e3-bdf839ebeb9e] [] [] | http-nio-8080-exec-17 | c.g.s.CustomerDuePaymentService | OPERATION_SUCCESS | operation=GET_DUE_PAYMENT_REPORT | totalRecords=1 | returnedRecords=1
2026-01-22 22:37:27.392 | INFO  | [6e570814-0cc8-4d40-85e3-bdf839ebeb9e] [] [] | http-nio-8080-exec-17 | c.g.s.CustomerDuePaymentService | OPERATION_START | operation=GET_DUE_PAYMENT_REPORT | fromDate=2026-01-01 | toDate=2026-01-31 | customerId=null
2026-01-22 22:37:27.395 | INFO  | [6e570814-0cc8-4d40-85e3-bdf839ebeb9e] [] [] | http-nio-8080-exec-17 | c.g.s.CustomerDuePaymentService | OPERATION_SUCCESS | operation=GET_DUE_PAYMENT_REPORT | totalRecords=1 | returnedRecords=1
2026-01-22 22:38:04.668 | INFO  | [410b7ef8-84dc-4842-93bf-03c0c8eeed1c] [] [] | http-nio-8080-exec-2 | c.g.service.CylinderVariantService | OPERATION_START | operation=UPDATE_VARIANT | id=2 | name=5KG
2026-01-22 22:38:04.680 | INFO  | [410b7ef8-84dc-4842-93bf-03c0c8eeed1c] [] [] | http-nio-8080-exec-2 | c.g.service.CylinderVariantService | OPERATION_SUCCESS | operation=CASCADE_UPDATE_PRICE | customerId=1 | variantId=2 | oldPrice=800.00 | newPrice=800
2026-01-22 22:38:04.681 | INFO  | [410b7ef8-84dc-4842-93bf-03c0c8eeed1c] [] [] | http-nio-8080-exec-2 | c.g.service.CylinderVariantService | OPERATION_SUCCESS | operation=UPDATE_VARIANT | id=2 | name=5KG
2026-01-22 22:47:30.963 | INFO  | [e7f59e17-72da-43f9-8bdb-cdb5c820f70c] [] [] | http-nio-8080-exec-7 | c.g.s.CustomerDuePaymentService | OPERATION_START | operation=GET_DUE_PAYMENT_REPORT | fromDate=null | toDate=null | customerId=1
2026-01-22 22:47:30.969 | INFO  | [e7f59e17-72da-43f9-8bdb-cdb5c820f70c] [] [] | http-nio-8080-exec-7 | c.g.s.CustomerDuePaymentService | OPERATION_SUCCESS | operation=GET_DUE_PAYMENT_REPORT | totalRecords=1 | returnedRecords=1
2026-01-22 22:50:46.939 | INFO  | [9dbfc028-a7ab-4546-8ab5-580f932c0c13] [] [] | http-nio-8080-exec-17 | c.g.s.CustomerDuePaymentService | OPERATION_START | operation=GET_DUE_PAYMENT_REPORT | fromDate=null | toDate=null | customerId=1
2026-01-22 22:50:46.945 | INFO  | [9dbfc028-a7ab-4546-8ab5-580f932c0c13] [] [] | http-nio-8080-exec-17 | c.g.s.CustomerDuePaymentService | OPERATION_SUCCESS | operation=GET_DUE_PAYMENT_REPORT | totalRecords=1 | returnedRecords=1
2026-01-22 23:01:36.996 | INFO  | [5441858c-b1e5-4edf-b97a-67021d90b7ce] [] [] | http-nio-8080-exec-2 | c.g.s.CustomerDuePaymentService | OPERATION_START | operation=GET_DUE_PAYMENT_REPORT | fromDate=2026-01-01 | toDate=2026-01-22 | customerId=null
2026-01-22 23:01:37.003 | INFO  | [5441858c-b1e5-4edf-b97a-67021d90b7ce] [] [] | http-nio-8080-exec-2 | c.g.s.CustomerDuePaymentService | OPERATION_SUCCESS | operation=GET_DUE_PAYMENT_REPORT | totalRecords=1 | returnedRecords=1
2026-01-22 23:01:37.027 | INFO  | [5441858c-b1e5-4edf-b97a-67021d90b7ce] [] [] | http-nio-8080-exec-2 | c.g.s.CustomerDuePaymentService | OPERATION_START | operation=GET_DUE_PAYMENT_REPORT | fromDate=2026-01-01 | toDate=2026-01-31 | customerId=null
2026-01-22 23:01:37.029 | INFO  | [5441858c-b1e5-4edf-b97a-67021d90b7ce] [] [] | http-nio-8080-exec-2 | c.g.s.CustomerDuePaymentService | OPERATION_SUCCESS | operation=GET_DUE_PAYMENT_REPORT | totalRecords=1 | returnedRecords=1
2026-01-22 23:01:37.038 | INFO  | [5441858c-b1e5-4edf-b97a-67021d90b7ce] [] [] | http-nio-8080-exec-2 | c.g.s.CustomerDuePaymentService | OPERATION_START | operation=GET_DUE_PAYMENT_REPORT | fromDate=2025-07-22 | toDate=2026-01-22 | customerId=null
2026-01-22 23:01:37.039 | INFO  | [5441858c-b1e5-4edf-b97a-67021d90b7ce] [] [] | http-nio-8080-exec-2 | c.g.s.CustomerDuePaymentService | OPERATION_SUCCESS | operation=GET_DUE_PAYMENT_REPORT | totalRecords=1 | returnedRecords=1
2026-01-22 23:01:37.058 | INFO  | [5441858c-b1e5-4edf-b97a-67021d90b7ce] [] [] | http-nio-8080-exec-2 | c.g.s.CustomerDuePaymentService | OPERATION_START | operation=GET_DUE_PAYMENT_REPORT | fromDate=2026-01-01 | toDate=2026-01-31 | customerId=null
2026-01-22 23:01:37.061 | INFO  | [5441858c-b1e5-4edf-b97a-67021d90b7ce] [] [] | http-nio-8080-exec-2 | c.g.s.CustomerDuePaymentService | OPERATION_SUCCESS | operation=GET_DUE_PAYMENT_REPORT | totalRecords=1 | returnedRecords=1
2026-01-22 23:02:14.981 | INFO  | [0da9b408-4976-4961-bc17-22c374b935a2] [] [] | http-nio-8080-exec-21 | c.g.s.CustomerDuePaymentService | OPERATION_START | operation=GET_DUE_PAYMENT_REPORT | fromDate=null | toDate=null | customerId=1
2026-01-22 23:02:14.987 | INFO  | [0da9b408-4976-4961-bc17-22c374b935a2] [] [] | http-nio-8080-exec-21 | c.g.s.CustomerDuePaymentService | OPERATION_SUCCESS | operation=GET_DUE_PAYMENT_REPORT | totalRecords=1 | returnedRecords=1
2026-01-22 23:02:32.207 | INFO  | [65101a14-b360-4601-856f-e4d7a9e22a94] [] [] | http-nio-8080-exec-25 | c.g.s.CustomerDuePaymentService | OPERATION_START | operation=GET_DUE_PAYMENT_REPORT | fromDate=null | toDate=null | customerId=1
2026-01-22 23:02:32.211 | INFO  | [65101a14-b360-4601-856f-e4d7a9e22a94] [] [] | http-nio-8080-exec-25 | c.g.s.CustomerDuePaymentService | OPERATION_SUCCESS | operation=GET_DUE_PAYMENT_REPORT | totalRecords=1 | returnedRecords=1
2026-01-22 23:50:22.844 | INFO  | [86e05767-a002-489f-b59b-474b06efa47b] [] [] | http-nio-8080-exec-1 | c.g.s.CustomerDuePaymentService | OPERATION_START | operation=GET_DUE_PAYMENT_REPORT | fromDate=2026-01-01 | toDate=2026-01-22 | customerId=null
2026-01-22 23:50:22.900 | INFO  | [86e05767-a002-489f-b59b-474b06efa47b] [] [] | http-nio-8080-exec-1 | c.g.s.CustomerDuePaymentService | OPERATION_SUCCESS | operation=GET_DUE_PAYMENT_REPORT | totalRecords=1 | returnedRecords=1
2026-01-22 23:50:22.967 | INFO  | [86e05767-a002-489f-b59b-474b06efa47b] [] [] | http-nio-8080-exec-1 | c.g.s.CustomerDuePaymentService | OPERATION_START | operation=GET_DUE_PAYMENT_REPORT | fromDate=2026-01-01 | toDate=2026-01-31 | customerId=null
2026-01-22 23:50:22.975 | INFO  | [86e05767-a002-489f-b59b-474b06efa47b] [] [] | http-nio-8080-exec-1 | c.g.s.CustomerDuePaymentService | OPERATION_SUCCESS | operation=GET_DUE_PAYMENT_REPORT | totalRecords=1 | returnedRecords=1
2026-01-22 23:50:22.986 | INFO  | [86e05767-a002-489f-b59b-474b06efa47b] [] [] | http-nio-8080-exec-1 | c.g.s.CustomerDuePaymentService | OPERATION_START | operation=GET_DUE_PAYMENT_REPORT | fromDate=2025-07-22 | toDate=2026-01-22 | customerId=null
2026-01-22 23:50:22.997 | INFO  | [86e05767-a002-489f-b59b-474b06efa47b] [] [] | http-nio-8080-exec-1 | c.g.s.CustomerDuePaymentService | OPERATION_SUCCESS | operation=GET_DUE_PAYMENT_REPORT | totalRecords=1 | returnedRecords=1
2026-01-22 23:50:23.065 | INFO  | [86e05767-a002-489f-b59b-474b06efa47b] [] [] | http-nio-8080-exec-1 | c.g.s.CustomerDuePaymentService | OPERATION_START | operation=GET_DUE_PAYMENT_REPORT | fromDate=2026-01-01 | toDate=2026-01-31 | customerId=null
2026-01-22 23:50:23.070 | INFO  | [86e05767-a002-489f-b59b-474b06efa47b] [] [] | http-nio-8080-exec-1 | c.g.s.CustomerDuePaymentService | OPERATION_SUCCESS | operation=GET_DUE_PAYMENT_REPORT | totalRecords=1 | returnedRecords=1
2026-01-22 23:51:30.231 | INFO  | [a3c04c9e-cfcb-4a96-ad04-da04bebe104d] [] [] | http-nio-8080-exec-6 | c.g.s.CustomerDuePaymentService | OPERATION_START | operation=GET_DUE_PAYMENT_REPORT | fromDate=2026-01-01 | toDate=2026-01-22 | customerId=null
2026-01-22 23:51:30.252 | INFO  | [a3c04c9e-cfcb-4a96-ad04-da04bebe104d] [] [] | http-nio-8080-exec-6 | c.g.s.CustomerDuePaymentService | OPERATION_SUCCESS | operation=GET_DUE_PAYMENT_REPORT | totalRecords=1 | returnedRecords=1
2026-01-22 23:51:30.277 | INFO  | [a3c04c9e-cfcb-4a96-ad04-da04bebe104d] [] [] | http-nio-8080-exec-6 | c.g.s.CustomerDuePaymentService | OPERATION_START | operation=GET_DUE_PAYMENT_REPORT | fromDate=2026-01-01 | toDate=2026-01-31 | customerId=null
2026-01-22 23:51:30.282 | INFO  | [a3c04c9e-cfcb-4a96-ad04-da04bebe104d] [] [] | http-nio-8080-exec-6 | c.g.s.CustomerDuePaymentService | OPERATION_SUCCESS | operation=GET_DUE_PAYMENT_REPORT | totalRecords=1 | returnedRecords=1
2026-01-22 23:51:30.294 | INFO  | [a3c04c9e-cfcb-4a96-ad04-da04bebe104d] [] [] | http-nio-8080-exec-6 | c.g.s.CustomerDuePaymentService | OPERATION_START | operation=GET_DUE_PAYMENT_REPORT | fromDate=2025-07-22 | toDate=2026-01-22 | customerId=null
2026-01-22 23:51:30.300 | INFO  | [a3c04c9e-cfcb-4a96-ad04-da04bebe104d] [] [] | http-nio-8080-exec-6 | c.g.s.CustomerDuePaymentService | OPERATION_SUCCESS | operation=GET_DUE_PAYMENT_REPORT | totalRecords=1 | returnedRecords=1
2026-01-22 23:51:30.338 | INFO  | [a3c04c9e-cfcb-4a96-ad04-da04bebe104d] [] [] | http-nio-8080-exec-6 | c.g.s.CustomerDuePaymentService | OPERATION_START | operation=GET_DUE_PAYMENT_REPORT | fromDate=2026-01-01 | toDate=2026-01-31 | customerId=null
2026-01-22 23:51:30.343 | INFO  | [a3c04c9e-cfcb-4a96-ad04-da04bebe104d] [] [] | http-nio-8080-exec-6 | c.g.s.CustomerDuePaymentService | OPERATION_SUCCESS | operation=GET_DUE_PAYMENT_REPORT | totalRecords=1 | returnedRecords=1
2026-01-22 23:52:06.203 | INFO  | [d53713f3-6271-416c-b48b-f00d79e7318e] [] [] | http-nio-8080-exec-21 | c.g.s.CustomerDuePaymentService | OPERATION_START | operation=GET_DUE_PAYMENT_REPORT | fromDate=2026-01-01 | toDate=2026-01-22 | customerId=null
2026-01-22 23:52:06.236 | INFO  | [d53713f3-6271-416c-b48b-f00d79e7318e] [] [] | http-nio-8080-exec-21 | c.g.s.CustomerDuePaymentService | OPERATION_SUCCESS | operation=GET_DUE_PAYMENT_REPORT | totalRecords=1 | returnedRecords=1
2026-01-22 23:52:06.290 | INFO  | [d53713f3-6271-416c-b48b-f00d79e7318e] [] [] | http-nio-8080-exec-21 | c.g.s.CustomerDuePaymentService | OPERATION_START | operation=GET_DUE_PAYMENT_REPORT | fromDate=2026-01-01 | toDate=2026-01-31 | customerId=null
2026-01-22 23:52:06.302 | INFO  | [d53713f3-6271-416c-b48b-f00d79e7318e] [] [] | http-nio-8080-exec-21 | c.g.s.CustomerDuePaymentService | OPERATION_SUCCESS | operation=GET_DUE_PAYMENT_REPORT | totalRecords=1 | returnedRecords=1
2026-01-22 23:52:06.319 | INFO  | [d53713f3-6271-416c-b48b-f00d79e7318e] [] [] | http-nio-8080-exec-21 | c.g.s.CustomerDuePaymentService | OPERATION_START | operation=GET_DUE_PAYMENT_REPORT | fromDate=2025-07-22 | toDate=2026-01-22 | customerId=null
2026-01-22 23:52:06.330 | INFO  | [d53713f3-6271-416c-b48b-f00d79e7318e] [] [] | http-nio-8080-exec-21 | c.g.s.CustomerDuePaymentService | OPERATION_SUCCESS | operation=GET_DUE_PAYMENT_REPORT | totalRecords=1 | returnedRecords=1
2026-01-22 23:52:06.417 | INFO  | [d53713f3-6271-416c-b48b-f00d79e7318e] [] [] | http-nio-8080-exec-21 | c.g.s.CustomerDuePaymentService | OPERATION_START | operation=GET_DUE_PAYMENT_REPORT | fromDate=2026-01-01 | toDate=2026-01-31 | customerId=null
2026-01-22 23:52:06.432 | INFO  | [d53713f3-6271-416c-b48b-f00d79e7318e] [] [] | http-nio-8080-exec-21 | c.g.s.CustomerDuePaymentService | OPERATION_SUCCESS | operation=GET_DUE_PAYMENT_REPORT | totalRecords=1 | returnedRecords=1
2026-01-22 23:52:48.234 | INFO  | [657665f1-bf0f-4aef-a65a-0acc0abff1c8] [] [] | http-nio-8080-exec-2 | c.g.s.CustomerDuePaymentService | OPERATION_START | operation=GET_DUE_PAYMENT_REPORT | fromDate=null | toDate=null | customerId=1
2026-01-22 23:52:48.253 | INFO  | [657665f1-bf0f-4aef-a65a-0acc0abff1c8] [] [] | http-nio-8080-exec-2 | c.g.s.CustomerDuePaymentService | OPERATION_SUCCESS | operation=GET_DUE_PAYMENT_REPORT | totalRecords=1 | returnedRecords=1
2026-01-22 23:57:25.096 | INFO  | [3fff470b-93b4-4063-ad49-b1c144a6bc72] [] [] | http-nio-8080-exec-15 | c.gasagency.service.CustomerService | OPERATION_START | operation=UPDATE_CUSTOMER | id=1 | name=Tushar
2026-01-22 23:57:25.191 | INFO  | [3fff470b-93b4-4063-ad49-b1c144a6bc72] [] [] | http-nio-8080-exec-15 | c.gasagency.service.CustomerService | OPERATION_SUCCESS | operation=UPDATE_CUSTOMER | id=1 | name=Tushar
2026-01-22 23:57:25.315 | INFO  | [2305f4c2-199c-47c9-8fa7-bee9a972fdc0] [] [] | http-nio-8080-exec-17 | c.g.s.CustomerVariantPriceService | OPERATION_START | operation=UPDATE_CUSTOMER_VARIANT_PRICE | id=2
2026-01-22 23:57:25.316 | INFO  | [2305f4c2-199c-47c9-8fa7-bee9a972fdc0] [] [] | http-nio-8080-exec-17 | c.g.s.CustomerVariantPriceService | OPERATION_SUCCESS | operation=UPDATE_CUSTOMER_VARIANT_PRICE | id=2 | customerId=1
2026-01-22 23:57:25.317 | INFO  | [20ca739d-a2b3-4bea-818e-752d1797107b] [] [] | http-nio-8080-exec-16 | c.g.s.CustomerVariantPriceService | OPERATION_START | operation=UPDATE_CUSTOMER_VARIANT_PRICE | id=1
2026-01-22 23:57:25.318 | INFO  | [20ca739d-a2b3-4bea-818e-752d1797107b] [] [] | http-nio-8080-exec-16 | c.g.s.CustomerVariantPriceService | OPERATION_SUCCESS | operation=UPDATE_CUSTOMER_VARIANT_PRICE | id=1 | customerId=1
2026-01-22 23:57:44.370 | INFO  | [b37dece6-a2a6-4f45-bf87-65e2f0bb90b2] [] [] | http-nio-8080-exec-6 | c.gasagency.service.CustomerService | OPERATION_START | operation=UPDATE_CUSTOMER | id=1 | name=Tushar
2026-01-22 23:57:44.389 | INFO  | [b37dece6-a2a6-4f45-bf87-65e2f0bb90b2] [] [] | http-nio-8080-exec-6 | c.gasagency.service.CustomerService | OPERATION_SUCCESS | operation=UPDATE_CUSTOMER | id=1 | name=Tushar
2026-01-22 23:57:44.435 | INFO  | [70bd6fe9-885d-4070-b4e3-ab3cec179878] [] [] | http-nio-8080-exec-10 | c.g.s.CustomerVariantPriceService | OPERATION_START | operation=UPDATE_CUSTOMER_VARIANT_PRICE | id=2
2026-01-22 23:57:44.435 | INFO  | [10b1f3f6-d1a3-40f2-b1ae-7d272e89485d] [] [] | http-nio-8080-exec-11 | c.g.s.CustomerVariantPriceService | OPERATION_START | operation=UPDATE_CUSTOMER_VARIANT_PRICE | id=1
2026-01-22 23:57:44.435 | INFO  | [70bd6fe9-885d-4070-b4e3-ab3cec179878] [] [] | http-nio-8080-exec-10 | c.g.s.CustomerVariantPriceService | OPERATION_SUCCESS | operation=UPDATE_CUSTOMER_VARIANT_PRICE | id=2 | customerId=1
2026-01-22 23:57:44.435 | INFO  | [10b1f3f6-d1a3-40f2-b1ae-7d272e89485d] [] [] | http-nio-8080-exec-11 | c.g.s.CustomerVariantPriceService | OPERATION_SUCCESS | operation=UPDATE_CUSTOMER_VARIANT_PRICE | id=1 | customerId=1
2026-01-22 23:58:11.472 | INFO  | [4cb68371-e232-4d5d-b07a-855c5efa70e4] [] [1c9a5a00-761f-4e10-9288-1118e9934bc3] | http-nio-8080-exec-2 | com.gasagency.service.SaleService | Creating new sale with request: com.gasagency.dto.CreateSaleRequestDTO@3994ad59
2026-01-22 23:58:11.510 | INFO  | [4cb68371-e232-4d5d-b07a-855c5efa70e4] [] [1c9a5a00-761f-4e10-9288-1118e9934bc3] | http-nio-8080-exec-2 | c.g.service.InventoryStockService | OPERATION_SUCCESS | operation=GET_STOCK_WAREHOUSE_VARIANT_WITH_LOCK | warehouseId=1 | variantId=1 | filledQty=86 | emptyQty=100
2026-01-22 23:58:11.516 | INFO  | [4cb68371-e232-4d5d-b07a-855c5efa70e4] [] [1c9a5a00-761f-4e10-9288-1118e9934bc3] | http-nio-8080-exec-2 | com.gasagency.service.SaleService | Sale validation complete - Total amount: 2800.00, Items: 1
2026-01-22 23:58:11.523 | INFO  | [4cb68371-e232-4d5d-b07a-855c5efa70e4] [] [1c9a5a00-761f-4e10-9288-1118e9934bc3] | http-nio-8080-exec-2 | c.g.s.CustomerCylinderLedgerService | getCustomerPreviousDue - customerId: 1, total entries found: 12
2026-01-22 23:58:11.524 | INFO  | [4cb68371-e232-4d5d-b07a-855c5efa70e4] [] [1c9a5a00-761f-4e10-9288-1118e9934bc3] | http-nio-8080-exec-2 | c.g.s.CustomerCylinderLedgerService | Latest ledger for customer 1 - Entry ID: 12, Due Amount: 7000.00, Total Amount: 0.00, Amount Received: 1000.00
2026-01-22 23:58:11.524 | INFO  | [4cb68371-e232-4d5d-b07a-855c5efa70e4] [] [1c9a5a00-761f-4e10-9288-1118e9934bc3] | http-nio-8080-exec-2 | com.gasagency.service.SaleService | Payment validation - customerId: 1, previousDue: 7000.00, currentSale: 2800.00, totalDue: 9800.00, amountReceived: 1500
2026-01-22 23:58:11.610 | INFO  | [4cb68371-e232-4d5d-b07a-855c5efa70e4] [] [1c9a5a00-761f-4e10-9288-1118e9934bc3] | http-nio-8080-exec-2 | com.gasagency.service.SaleService | Sale created with id: 6 for customer: Tushar - Total: 2800.00 - Reference: SO-WH001-202601-000003
2026-01-22 23:58:11.642 | INFO  | [4cb68371-e232-4d5d-b07a-855c5efa70e4] [] [1c9a5a00-761f-4e10-9288-1118e9934bc3] | http-nio-8080-exec-2 | c.g.service.InventoryStockService | OPERATION_SUCCESS | operation=DECREMENT_FILLED_QTY | warehouseId=1 | variantId=1 | newQty=84
2026-01-22 23:58:11.658 | INFO  | [4cb68371-e232-4d5d-b07a-855c5efa70e4] [] [1c9a5a00-761f-4e10-9288-1118e9934bc3] | http-nio-8080-exec-2 | c.g.service.InventoryStockService | OPERATION_SUCCESS | operation=INCREMENT_EMPTY_QTY | warehouseId=1 | variantId=1 | newQty=102
2026-01-22 23:58:11.666 | INFO  | [4cb68371-e232-4d5d-b07a-855c5efa70e4] [] [1c9a5a00-761f-4e10-9288-1118e9934bc3] | http-nio-8080-exec-2 | c.g.s.CustomerCylinderLedgerService | OPERATION_START | operation=CREATE_LEDGER_ENTRY | customerId=1 | warehouseId=1 | variantId=1
2026-01-22 23:58:11.700 | INFO  | [4cb68371-e232-4d5d-b07a-855c5efa70e4] [] [1c9a5a00-761f-4e10-9288-1118e9934bc3] | http-nio-8080-exec-2 | c.g.s.CustomerCylinderLedgerService | OPERATION_SUCCESS | operation=CREATE_LEDGER_ENTRY | id=13 | customerId=1 | balance=18
2026-01-22 23:58:11.716 | INFO  | [4cb68371-e232-4d5d-b07a-855c5efa70e4] [] [1c9a5a00-761f-4e10-9288-1118e9934bc3] | http-nio-8080-exec-2 | com.gasagency.service.SaleService | Sale 6 completed successfully for customer Tushar
2026-01-22 23:58:11.716 | INFO  | [4cb68371-e232-4d5d-b07a-855c5efa70e4] [] [1c9a5a00-761f-4e10-9288-1118e9934bc3] | http-nio-8080-exec-2 | com.gasagency.service.SaleService | TRANSACTION_SUMMARY | txnId=1c9a5a00-761f-4e10-9288-1118e9934bc3 | saleId=6 | customer=Tushar | amount=2800.00 | duration=244ms
2026-01-22 23:58:57.709 | INFO  | [724234d6-01e1-45af-9654-36b064f79b46] [] [8320948c-f3c1-48d7-89b7-c9b201e56b36] | http-nio-8080-exec-15 | com.gasagency.service.SaleService | Creating new sale with request: com.gasagency.dto.CreateSaleRequestDTO@23bc9826
2026-01-22 23:58:57.720 | INFO  | [724234d6-01e1-45af-9654-36b064f79b46] [] [8320948c-f3c1-48d7-89b7-c9b201e56b36] | http-nio-8080-exec-15 | c.g.service.InventoryStockService | OPERATION_SUCCESS | operation=GET_STOCK_WAREHOUSE_VARIANT_WITH_LOCK | warehouseId=1 | variantId=2 | filledQty=100 | emptyQty=100
2026-01-22 23:58:57.723 | INFO  | [724234d6-01e1-45af-9654-36b064f79b46] [] [8320948c-f3c1-48d7-89b7-c9b201e56b36] | http-nio-8080-exec-15 | com.gasagency.service.SaleService | Sale validation complete - Total amount: 1400.00, Items: 1
2026-01-22 23:58:57.730 | INFO  | [724234d6-01e1-45af-9654-36b064f79b46] [] [8320948c-f3c1-48d7-89b7-c9b201e56b36] | http-nio-8080-exec-15 | c.g.s.CustomerCylinderLedgerService | getCustomerPreviousDue - customerId: 1, total entries found: 13
2026-01-22 23:58:57.731 | INFO  | [724234d6-01e1-45af-9654-36b064f79b46] [] [8320948c-f3c1-48d7-89b7-c9b201e56b36] | http-nio-8080-exec-15 | c.g.s.CustomerCylinderLedgerService | Latest ledger for customer 1 - Entry ID: 13, Due Amount: 8300.00, Total Amount: 2800.00, Amount Received: 1500.00
2026-01-22 23:58:57.731 | INFO  | [724234d6-01e1-45af-9654-36b064f79b46] [] [8320948c-f3c1-48d7-89b7-c9b201e56b36] | http-nio-8080-exec-15 | com.gasagency.service.SaleService | Payment validation - customerId: 1, previousDue: 8300.00, currentSale: 1400.00, totalDue: 9700.00, amountReceived: 1000
2026-01-22 23:58:57.734 | INFO  | [724234d6-01e1-45af-9654-36b064f79b46] [] [8320948c-f3c1-48d7-89b7-c9b201e56b36] | http-nio-8080-exec-15 | com.gasagency.service.SaleService | Bank account linked to sale: ICICI
2026-01-22 23:58:57.738 | INFO  | [724234d6-01e1-45af-9654-36b064f79b46] [] [8320948c-f3c1-48d7-89b7-c9b201e56b36] | http-nio-8080-exec-15 | com.gasagency.service.SaleService | Sale created with id: 7 for customer: Tushar - Total: 1400.00 - Reference: SO-WH001-202601-000004
2026-01-22 23:58:57.758 | INFO  | [724234d6-01e1-45af-9654-36b064f79b46] [] [8320948c-f3c1-48d7-89b7-c9b201e56b36] | http-nio-8080-exec-15 | com.gasagency.service.SaleService | Bank ledger entry recorded for sale id: 7 - Amount: 1000
2026-01-22 23:58:57.770 | INFO  | [724234d6-01e1-45af-9654-36b064f79b46] [] [8320948c-f3c1-48d7-89b7-c9b201e56b36] | http-nio-8080-exec-15 | c.g.service.InventoryStockService | OPERATION_SUCCESS | operation=DECREMENT_FILLED_QTY | warehouseId=1 | variantId=2 | newQty=98
2026-01-22 23:58:57.774 | INFO  | [724234d6-01e1-45af-9654-36b064f79b46] [] [8320948c-f3c1-48d7-89b7-c9b201e56b36] | http-nio-8080-exec-15 | c.g.s.CustomerCylinderLedgerService | OPERATION_START | operation=CREATE_LEDGER_ENTRY | customerId=1 | warehouseId=1 | variantId=2
2026-01-22 23:58:57.783 | INFO  | [724234d6-01e1-45af-9654-36b064f79b46] [] [8320948c-f3c1-48d7-89b7-c9b201e56b36] | http-nio-8080-exec-15 | c.g.s.CustomerCylinderLedgerService | OPERATION_SUCCESS | operation=CREATE_LEDGER_ENTRY | id=14 | customerId=1 | balance=15
2026-01-22 23:58:57.793 | INFO  | [724234d6-01e1-45af-9654-36b064f79b46] [] [8320948c-f3c1-48d7-89b7-c9b201e56b36] | http-nio-8080-exec-15 | com.gasagency.service.SaleService | Sale 7 completed successfully for customer Tushar
2026-01-22 23:58:57.794 | INFO  | [724234d6-01e1-45af-9654-36b064f79b46] [] [8320948c-f3c1-48d7-89b7-c9b201e56b36] | http-nio-8080-exec-15 | com.gasagency.service.SaleService | TRANSACTION_SUMMARY | txnId=8320948c-f3c1-48d7-89b7-c9b201e56b36 | saleId=7 | customer=Tushar | amount=1400.00 | duration=84ms
2026-01-22 23:59:15.013 | INFO  | [98abda26-612e-416f-9fbc-23f7048748d8] [] [b47a34c8-bc0a-4ca8-b801-e4584d54689a] | http-nio-8080-exec-16 | com.gasagency.service.SaleService | Creating new sale with request: com.gasagency.dto.CreateSaleRequestDTO@5c5f9445
2026-01-22 23:59:15.031 | INFO  | [98abda26-612e-416f-9fbc-23f7048748d8] [] [b47a34c8-bc0a-4ca8-b801-e4584d54689a] | http-nio-8080-exec-16 | c.g.service.InventoryStockService | OPERATION_SUCCESS | operation=GET_STOCK_WAREHOUSE_VARIANT_WITH_LOCK | warehouseId=1 | variantId=1 | filledQty=84 | emptyQty=102
2026-01-22 23:59:15.041 | INFO  | [98abda26-612e-416f-9fbc-23f7048748d8] [] [b47a34c8-bc0a-4ca8-b801-e4584d54689a] | http-nio-8080-exec-16 | com.gasagency.service.SaleService | Sale validation complete - Total amount: 4200.00, Items: 1
2026-01-22 23:59:15.049 | INFO  | [98abda26-612e-416f-9fbc-23f7048748d8] [] [b47a34c8-bc0a-4ca8-b801-e4584d54689a] | http-nio-8080-exec-16 | c.g.s.CustomerCylinderLedgerService | getCustomerPreviousDue - customerId: 1, total entries found: 14
2026-01-22 23:59:15.049 | INFO  | [98abda26-612e-416f-9fbc-23f7048748d8] [] [b47a34c8-bc0a-4ca8-b801-e4584d54689a] | http-nio-8080-exec-16 | c.g.s.CustomerCylinderLedgerService | Latest ledger for customer 1 - Entry ID: 14, Due Amount: 8700.00, Total Amount: 1400.00, Amount Received: 1000.00
2026-01-22 23:59:15.049 | INFO  | [98abda26-612e-416f-9fbc-23f7048748d8] [] [b47a34c8-bc0a-4ca8-b801-e4584d54689a] | http-nio-8080-exec-16 | com.gasagency.service.SaleService | Payment validation - customerId: 1, previousDue: 8700.00, currentSale: 4200.00, totalDue: 12900.00, amountReceived: 1200
2026-01-22 23:59:15.057 | INFO  | [98abda26-612e-416f-9fbc-23f7048748d8] [] [b47a34c8-bc0a-4ca8-b801-e4584d54689a] | http-nio-8080-exec-16 | com.gasagency.service.SaleService | Sale created with id: 8 for customer: Tushar - Total: 4200.00 - Reference: SO-WH001-202601-000005
2026-01-22 23:59:15.069 | INFO  | [98abda26-612e-416f-9fbc-23f7048748d8] [] [b47a34c8-bc0a-4ca8-b801-e4584d54689a] | http-nio-8080-exec-16 | c.g.service.InventoryStockService | OPERATION_SUCCESS | operation=DECREMENT_FILLED_QTY | warehouseId=1 | variantId=1 | newQty=81
2026-01-22 23:59:15.078 | INFO  | [98abda26-612e-416f-9fbc-23f7048748d8] [] [b47a34c8-bc0a-4ca8-b801-e4584d54689a] | http-nio-8080-exec-16 | c.g.service.InventoryStockService | OPERATION_SUCCESS | operation=INCREMENT_EMPTY_QTY | warehouseId=1 | variantId=1 | newQty=104
2026-01-22 23:59:15.082 | INFO  | [98abda26-612e-416f-9fbc-23f7048748d8] [] [b47a34c8-bc0a-4ca8-b801-e4584d54689a] | http-nio-8080-exec-16 | c.g.s.CustomerCylinderLedgerService | OPERATION_START | operation=CREATE_LEDGER_ENTRY | customerId=1 | warehouseId=1 | variantId=1
2026-01-22 23:59:15.106 | INFO  | [98abda26-612e-416f-9fbc-23f7048748d8] [] [b47a34c8-bc0a-4ca8-b801-e4584d54689a] | http-nio-8080-exec-16 | c.g.s.CustomerCylinderLedgerService | OPERATION_SUCCESS | operation=CREATE_LEDGER_ENTRY | id=15 | customerId=1 | balance=19
2026-01-22 23:59:15.119 | INFO  | [98abda26-612e-416f-9fbc-23f7048748d8] [] [b47a34c8-bc0a-4ca8-b801-e4584d54689a] | http-nio-8080-exec-16 | com.gasagency.service.SaleService | Sale 8 completed successfully for customer Tushar
2026-01-22 23:59:15.119 | INFO  | [98abda26-612e-416f-9fbc-23f7048748d8] [] [b47a34c8-bc0a-4ca8-b801-e4584d54689a] | http-nio-8080-exec-16 | com.gasagency.service.SaleService | TRANSACTION_SUMMARY | txnId=b47a34c8-bc0a-4ca8-b801-e4584d54689a | saleId=8 | customer=Tushar | amount=4200.00 | duration=106ms
