2026-01-16 14:04:26.656 | INFO  | [7e2d3703-1da5-4356-98ae-46f8bc2e73cd] [] [] | http-nio-8080-exec-23 | c.g.service.CylinderVariantService | OPERATION_START | operation=CREATE_VARIANT | name=19KG Cylinder
2026-01-16 14:04:26.671 | INFO  | [7e2d3703-1da5-4356-98ae-46f8bc2e73cd] [] [] | http-nio-8080-exec-23 | c.g.service.CylinderVariantService | OPERATION_SUCCESS | operation=CREATE_VARIANT | id=1 | name=19KG Cylinder
2026-01-16 14:04:50.209 | INFO  | [805e8dcb-80b0-4f3a-b78e-21c57f4cdb0a] [] [] | http-nio-8080-exec-5 | c.g.service.CylinderVariantService | OPERATION_START | operation=CREATE_VARIANT | name=5KG Cylinder
2026-01-16 14:04:50.215 | INFO  | [805e8dcb-80b0-4f3a-b78e-21c57f4cdb0a] [] [] | http-nio-8080-exec-5 | c.g.service.CylinderVariantService | OPERATION_SUCCESS | operation=CREATE_VARIANT | id=2 | name=5KG Cylinder
2026-01-16 14:13:31.016 | INFO  | [edc6a645-9458-43cf-ba32-b65e98623279] [] [] | http-nio-8080-exec-14 | c.gasagency.service.CustomerService | OPERATION_START | operation=CREATE_CUSTOMER | name=Tushar Rokade
2026-01-16 14:13:31.048 | INFO  | [edc6a645-9458-43cf-ba32-b65e98623279] [] [] | http-nio-8080-exec-14 | c.gasagency.service.CustomerService | OPERATION_SUCCESS | operation=CREATE_CUSTOMER | id=1 | name=Tushar Rokade | mobile=9889876789
2026-01-16 14:13:31.127 | INFO  | [3aa7e2b3-7371-4a3c-86b7-8dc79807deea] [] [] | http-nio-8080-exec-21 | c.g.s.CustomerVariantPriceService | OPERATION_START | operation=CREATE_CUSTOMER_VARIANT_PRICE | customerId=1 | variantId=1
2026-01-16 14:13:31.164 | INFO  | [3aa7e2b3-7371-4a3c-86b7-8dc79807deea] [] [] | http-nio-8080-exec-21 | c.g.s.CustomerVariantPriceService | OPERATION_SUCCESS | operation=CREATE_CUSTOMER_VARIANT_PRICE | id=1 | customerId=1 | variantId=1
2026-01-16 14:16:24.881 | INFO  | [fdebc449-4945-4c37-8557-90b2dc45bc0b] [] [] | http-nio-8080-exec-24 | c.gasagency.service.CustomerService | OPERATION_START | operation=CREATE_CUSTOMER | name=Mrunal 
2026-01-16 14:16:24.887 | INFO  | [fdebc449-4945-4c37-8557-90b2dc45bc0b] [] [] | http-nio-8080-exec-24 | c.gasagency.service.CustomerService | OPERATION_SUCCESS | operation=CREATE_CUSTOMER | id=2 | name=Mrunal  | mobile=9898767876
2026-01-16 14:16:24.930 | INFO  | [20927d9b-047a-4c6d-97f1-f208ed7d2fbe] [] [] | http-nio-8080-exec-9 | c.g.s.CustomerVariantPriceService | OPERATION_START | operation=CREATE_CUSTOMER_VARIANT_PRICE | customerId=2 | variantId=1
2026-01-16 14:16:24.933 | INFO  | [697b2dc9-f565-459f-8a37-8376975be523] [] [] | http-nio-8080-exec-6 | c.g.s.CustomerVariantPriceService | OPERATION_START | operation=CREATE_CUSTOMER_VARIANT_PRICE | customerId=2 | variantId=2
2026-01-16 14:16:24.949 | INFO  | [20927d9b-047a-4c6d-97f1-f208ed7d2fbe] [] [] | http-nio-8080-exec-9 | c.g.s.CustomerVariantPriceService | OPERATION_SUCCESS | operation=CREATE_CUSTOMER_VARIANT_PRICE | id=2 | customerId=2 | variantId=1
2026-01-16 14:16:24.958 | INFO  | [697b2dc9-f565-459f-8a37-8376975be523] [] [] | http-nio-8080-exec-6 | c.g.s.CustomerVariantPriceService | OPERATION_SUCCESS | operation=CREATE_CUSTOMER_VARIANT_PRICE | id=3 | customerId=2 | variantId=2
2026-01-16 14:17:53.003 | INFO  | [dc5ac81f-adcf-497d-9106-4216e341f8c6] [] [] | http-nio-8080-exec-5 | c.gasagency.service.CustomerService | OPERATION_START | operation=CREATE_CUSTOMER | name=Mahesh
2026-01-16 14:17:53.076 | INFO  | [dc5ac81f-adcf-497d-9106-4216e341f8c6] [] [] | http-nio-8080-exec-5 | c.gasagency.service.CustomerService | OPERATION_SUCCESS | operation=CREATE_CUSTOMER | id=3 | name=Mahesh | mobile=8787656787
2026-01-16 14:17:53.157 | INFO  | [6b51a61f-b568-4139-9d61-4bdd1f8e9dbf] [] [] | http-nio-8080-exec-10 | c.g.s.CustomerVariantPriceService | OPERATION_START | operation=CREATE_CUSTOMER_VARIANT_PRICE | customerId=3 | variantId=1
2026-01-16 14:17:53.202 | INFO  | [6b51a61f-b568-4139-9d61-4bdd1f8e9dbf] [] [] | http-nio-8080-exec-10 | c.g.s.CustomerVariantPriceService | OPERATION_SUCCESS | operation=CREATE_CUSTOMER_VARIANT_PRICE | id=4 | customerId=3 | variantId=1
2026-01-16 14:20:18.851 | INFO  | [5c7ff9c8-6e2d-4670-9db8-4a57f49b83e4] [] [] | http-nio-8080-exec-5 | c.gasagency.service.CustomerService | OPERATION_START | operation=CREATE_CUSTOMER | name=Prashant
2026-01-16 14:20:18.936 | INFO  | [5c7ff9c8-6e2d-4670-9db8-4a57f49b83e4] [] [] | http-nio-8080-exec-5 | c.gasagency.service.CustomerService | OPERATION_SUCCESS | operation=CREATE_CUSTOMER | id=4 | name=Prashant | mobile=9887676789
2026-01-16 14:20:19.017 | INFO  | [d4b9a378-0014-4fc5-92d8-8bff8fdce6fa] [] [] | http-nio-8080-exec-9 | c.g.s.CustomerVariantPriceService | OPERATION_START | operation=CREATE_CUSTOMER_VARIANT_PRICE | customerId=4 | variantId=1
2026-01-16 14:20:19.070 | INFO  | [d4b9a378-0014-4fc5-92d8-8bff8fdce6fa] [] [] | http-nio-8080-exec-9 | c.g.s.CustomerVariantPriceService | OPERATION_SUCCESS | operation=CREATE_CUSTOMER_VARIANT_PRICE | id=5 | customerId=4 | variantId=1
2026-01-16 14:21:57.203 | INFO  | [58d83d2d-a592-4eb9-a9a9-a907f1e79662] [] [] | http-nio-8080-exec-16 | c.gasagency.service.SupplierService | OPERATION_START | operation=CREATE_SUPPLIER | name=Bharat Gas
2026-01-16 14:21:57.214 | INFO  | [58d83d2d-a592-4eb9-a9a9-a907f1e79662] [] [] | http-nio-8080-exec-16 | c.gasagency.service.SupplierService | OPERATION_SUCCESS | operation=CREATE_SUPPLIER | id=1 | name=Bharat Gas
2026-01-16 14:22:14.460 | INFO  | [aaaff404-691d-45a5-bb3a-f23837f6a711] [] [] | http-nio-8080-exec-22 | c.g.s.SupplierTransactionService | OPERATION_START | operation=RECORD_TRANSACTION | warehouseId=1 | supplierId=1 | variantId=1
2026-01-16 14:22:14.516 | INFO  | [aaaff404-691d-45a5-bb3a-f23837f6a711] [] [] | http-nio-8080-exec-22 | c.g.service.InventoryStockService | OPERATION_SUCCESS | operation=INCREMENT_FILLED_QTY | warehouseId=1 | variantId=1 | newQty=200
2026-01-16 14:22:14.516 | INFO  | [aaaff404-691d-45a5-bb3a-f23837f6a711] [] [] | http-nio-8080-exec-22 | c.g.s.SupplierTransactionService | OPERATION_SUCCESS | operation=RECORD_TRANSACTION | id=1 | supplierId=1 | filled=200
2026-01-16 14:22:57.437 | INFO  | [ccd2a7d2-eda3-420a-b2a0-f13405fceddc] [] [] | http-nio-8080-exec-19 | c.gasagency.service.CustomerService | OPERATION_START | operation=UPDATE_CUSTOMER | id=4 | name=Prashant
2026-01-16 14:22:57.448 | INFO  | [ccd2a7d2-eda3-420a-b2a0-f13405fceddc] [] [] | http-nio-8080-exec-19 | c.gasagency.service.CustomerService | OPERATION_SUCCESS | operation=UPDATE_CUSTOMER | id=4 | name=Prashant
2026-01-16 14:22:57.497 | INFO  | [503e4176-92e3-4f99-b62a-f76338bc907a] [] [] | http-nio-8080-exec-25 | c.g.s.CustomerVariantPriceService | OPERATION_START | operation=UPDATE_CUSTOMER_VARIANT_PRICE | id=5
2026-01-16 14:22:57.498 | INFO  | [503e4176-92e3-4f99-b62a-f76338bc907a] [] [] | http-nio-8080-exec-25 | c.g.s.CustomerVariantPriceService | OPERATION_SUCCESS | operation=UPDATE_CUSTOMER_VARIANT_PRICE | id=5 | customerId=4
2026-01-16 14:22:57.514 | INFO  | [3ae8e1d5-c268-4537-bd7d-cc7f48c02da9] [] [] | http-nio-8080-exec-1 | c.g.s.CustomerVariantPriceService | OPERATION_START | operation=CREATE_CUSTOMER_VARIANT_PRICE | customerId=4 | variantId=2
2026-01-16 14:22:57.524 | INFO  | [3ae8e1d5-c268-4537-bd7d-cc7f48c02da9] [] [] | http-nio-8080-exec-1 | c.g.s.CustomerVariantPriceService | OPERATION_SUCCESS | operation=CREATE_CUSTOMER_VARIANT_PRICE | id=6 | customerId=4 | variantId=2
2026-01-16 14:24:28.815 | INFO  | [852a0ba4-0dfb-4d34-a834-9e43609c555f] [] [] | http-nio-8080-exec-20 | c.gasagency.service.CustomerService | OPERATION_START | operation=UPDATE_CUSTOMER | id=4 | name=Prashant
2026-01-16 14:24:28.819 | INFO  | [852a0ba4-0dfb-4d34-a834-9e43609c555f] [] [] | http-nio-8080-exec-20 | c.gasagency.service.CustomerService | OPERATION_SUCCESS | operation=UPDATE_CUSTOMER | id=4 | name=Prashant
2026-01-16 14:24:28.845 | INFO  | [b1e5de04-5749-438e-8451-bb29bd442edd] [] [] | http-nio-8080-exec-22 | c.g.s.CustomerVariantPriceService | OPERATION_START | operation=UPDATE_CUSTOMER_VARIANT_PRICE | id=6
2026-01-16 14:24:28.846 | INFO  | [b1e5de04-5749-438e-8451-bb29bd442edd] [] [] | http-nio-8080-exec-22 | c.g.s.CustomerVariantPriceService | OPERATION_SUCCESS | operation=UPDATE_CUSTOMER_VARIANT_PRICE | id=6 | customerId=4
2026-01-16 14:24:28.850 | INFO  | [f31fcb40-d934-4674-8486-7ec4730c817a] [] [] | http-nio-8080-exec-19 | c.g.s.CustomerVariantPriceService | OPERATION_START | operation=UPDATE_CUSTOMER_VARIANT_PRICE | id=5
2026-01-16 14:24:28.850 | INFO  | [f31fcb40-d934-4674-8486-7ec4730c817a] [] [] | http-nio-8080-exec-19 | c.g.s.CustomerVariantPriceService | OPERATION_SUCCESS | operation=UPDATE_CUSTOMER_VARIANT_PRICE | id=5 | customerId=4
2026-01-16 14:25:33.485 | INFO  | [e87976e5-1b93-4190-9414-7eee9c45a451] [] [5817eda4-aa9b-4c04-9368-87f559d725ae] | http-nio-8080-exec-12 | com.gasagency.service.SaleService | Creating new sale with request: com.gasagency.dto.CreateSaleRequestDTO@6e9e59d0
2026-01-16 14:25:33.516 | WARN  | [e87976e5-1b93-4190-9414-7eee9c45a451] [] [5817eda4-aa9b-4c04-9368-87f559d725ae] | http-nio-8080-exec-12 | c.g.service.InventoryStockService | OPERATION_FAILED | operation=GET_STOCK_WAREHOUSE_VARIANT_WITH_LOCK | error=Stock not found for warehouse | warehouseId=1 | variantId=2
2026-01-16 14:25:38.221 | INFO  | [18d8e458-f57c-4dc8-a856-553c951ee7ae] [] [d6894cca-1320-4944-acd0-ea81148e86cc] | http-nio-8080-exec-14 | com.gasagency.service.SaleService | Creating new sale with request: com.gasagency.dto.CreateSaleRequestDTO@3c162b1f
2026-01-16 14:25:38.231 | INFO  | [18d8e458-f57c-4dc8-a856-553c951ee7ae] [] [d6894cca-1320-4944-acd0-ea81148e86cc] | http-nio-8080-exec-14 | c.g.service.InventoryStockService | OPERATION_SUCCESS | operation=GET_STOCK_WAREHOUSE_VARIANT_WITH_LOCK | warehouseId=1 | variantId=1 | filledQty=200 | emptyQty=0
2026-01-16 14:25:38.235 | INFO  | [18d8e458-f57c-4dc8-a856-553c951ee7ae] [] [d6894cca-1320-4944-acd0-ea81148e86cc] | http-nio-8080-exec-14 | com.gasagency.service.SaleService | Sale validation complete - Total amount: 5800.00, Items: 1
2026-01-16 14:25:38.274 | INFO  | [18d8e458-f57c-4dc8-a856-553c951ee7ae] [] [d6894cca-1320-4944-acd0-ea81148e86cc] | http-nio-8080-exec-14 | com.gasagency.service.SaleService | Sale created with id: 1 for customer: Prashant - Total: 5800.00
2026-01-16 14:25:38.296 | INFO  | [18d8e458-f57c-4dc8-a856-553c951ee7ae] [] [d6894cca-1320-4944-acd0-ea81148e86cc] | http-nio-8080-exec-14 | c.g.service.InventoryStockService | OPERATION_SUCCESS | operation=DECREMENT_FILLED_QTY | warehouseId=1 | variantId=1 | newQty=198
2026-01-16 14:25:38.302 | INFO  | [18d8e458-f57c-4dc8-a856-553c951ee7ae] [] [d6894cca-1320-4944-acd0-ea81148e86cc] | http-nio-8080-exec-14 | c.g.s.CustomerCylinderLedgerService | OPERATION_START | operation=CREATE_LEDGER_ENTRY | customerId=4 | warehouseId=1 | variantId=1
2026-01-16 14:25:38.321 | INFO  | [18d8e458-f57c-4dc8-a856-553c951ee7ae] [] [d6894cca-1320-4944-acd0-ea81148e86cc] | http-nio-8080-exec-14 | c.g.s.CustomerCylinderLedgerService | OPERATION_SUCCESS | operation=CREATE_LEDGER_ENTRY | id=1 | customerId=4 | balance=2
2026-01-16 14:25:38.323 | INFO  | [18d8e458-f57c-4dc8-a856-553c951ee7ae] [] [d6894cca-1320-4944-acd0-ea81148e86cc] | http-nio-8080-exec-14 | com.gasagency.service.SaleService | Sale 1 completed successfully for customer Prashant
2026-01-16 14:25:38.323 | INFO  | [18d8e458-f57c-4dc8-a856-553c951ee7ae] [] [d6894cca-1320-4944-acd0-ea81148e86cc] | http-nio-8080-exec-14 | com.gasagency.service.SaleService | TRANSACTION_SUMMARY | txnId=d6894cca-1320-4944-acd0-ea81148e86cc | saleId=1 | customer=Prashant | amount=5800.00 | duration=102ms
2026-01-16 14:56:44.197 | INFO  | [0db2851b-19b9-4bc2-988a-93104b63e461] [] [] | http-nio-8080-exec-16 | c.g.service.CylinderVariantService | OPERATION_START | operation=CREATE_VARIANT | name=19KG
2026-01-16 14:56:44.215 | INFO  | [0db2851b-19b9-4bc2-988a-93104b63e461] [] [] | http-nio-8080-exec-16 | c.g.service.CylinderVariantService | OPERATION_SUCCESS | operation=CREATE_VARIANT | id=1 | name=19KG
2026-01-16 14:56:51.458 | INFO  | [2402ff48-c4b6-475a-a091-cc6de7aafe89] [] [] | http-nio-8080-exec-2 | c.g.service.CylinderVariantService | OPERATION_START | operation=CREATE_VARIANT | name=5KG
2026-01-16 14:56:51.461 | INFO  | [2402ff48-c4b6-475a-a091-cc6de7aafe89] [] [] | http-nio-8080-exec-2 | c.g.service.CylinderVariantService | OPERATION_SUCCESS | operation=CREATE_VARIANT | id=2 | name=5KG
2026-01-16 14:58:45.755 | INFO  | [99731717-4c82-441a-8c4d-7231852af26f] [] [] | http-nio-8080-exec-1 | c.gasagency.service.CustomerService | OPERATION_START | operation=CREATE_CUSTOMER | name=Tushar Rokade
2026-01-16 15:00:11.095 | INFO  | [cc82ccc9-790c-4c51-b2de-e439a4280128] [] [] | http-nio-8080-exec-1 | c.gasagency.service.CustomerService | OPERATION_START | operation=CREATE_CUSTOMER | name=Tushar Rokade
2026-01-16 15:00:11.178 | INFO  | [cc82ccc9-790c-4c51-b2de-e439a4280128] [] [] | http-nio-8080-exec-1 | c.gasagency.service.CustomerService | OPERATION_SUCCESS | operation=CREATE_CUSTOMER_INITIAL_LEDGER | customerId=2 | filledOut=5 | emptyIn=5 | balance=0
2026-01-16 15:00:11.178 | INFO  | [cc82ccc9-790c-4c51-b2de-e439a4280128] [] [] | http-nio-8080-exec-1 | c.gasagency.service.CustomerService | OPERATION_SUCCESS | operation=CREATE_CUSTOMER | id=2 | name=Tushar Rokade | mobile=9898776787
2026-01-16 15:00:11.270 | INFO  | [f748fe6d-dc4b-4376-8826-919e8c6d2a08] [] [] | http-nio-8080-exec-2 | c.g.s.CustomerVariantPriceService | OPERATION_START | operation=CREATE_CUSTOMER_VARIANT_PRICE | customerId=2 | variantId=1
2026-01-16 15:00:11.307 | INFO  | [f748fe6d-dc4b-4376-8826-919e8c6d2a08] [] [] | http-nio-8080-exec-2 | c.g.s.CustomerVariantPriceService | OPERATION_SUCCESS | operation=CREATE_CUSTOMER_VARIANT_PRICE | id=1 | customerId=2 | variantId=1
2026-01-16 15:07:50.583 | INFO  | [c9323134-1858-456d-8ece-564cbe8f0c52] [] [] | http-nio-8080-exec-1 | c.gasagency.service.CustomerService | OPERATION_START | operation=CREATE_CUSTOMER | name=Mahesh
2026-01-16 15:07:50.724 | INFO  | [c9323134-1858-456d-8ece-564cbe8f0c52] [] [] | http-nio-8080-exec-1 | c.gasagency.service.CustomerService | OPERATION_SUCCESS | operation=CREATE_CUSTOMER_INITIAL_LEDGER | customerId=3 | filledOut=5 | emptyIn=0 | balance=5
2026-01-16 15:07:50.724 | INFO  | [c9323134-1858-456d-8ece-564cbe8f0c52] [] [] | http-nio-8080-exec-1 | c.gasagency.service.CustomerService | OPERATION_SUCCESS | operation=CREATE_CUSTOMER | id=3 | name=Mahesh | mobile=9098987878
2026-01-16 15:07:50.871 | INFO  | [039a61de-7f2d-4f7e-b5b6-766297fb2ba8] [] [] | http-nio-8080-exec-2 | c.g.s.CustomerVariantPriceService | OPERATION_START | operation=CREATE_CUSTOMER_VARIANT_PRICE | customerId=3 | variantId=1
2026-01-16 15:07:50.905 | INFO  | [039a61de-7f2d-4f7e-b5b6-766297fb2ba8] [] [] | http-nio-8080-exec-2 | c.g.s.CustomerVariantPriceService | OPERATION_SUCCESS | operation=CREATE_CUSTOMER_VARIANT_PRICE | id=2 | customerId=3 | variantId=1
2026-01-16 15:15:56.212 | INFO  | [524945bb-02fc-430c-b8eb-c136a51ac9f9] [] [] | http-nio-8080-exec-12 | c.gasagency.service.CustomerService | OPERATION_START | operation=CREATE_CUSTOMER | name=Raj Patil
2026-01-16 15:15:56.221 | INFO  | [524945bb-02fc-430c-b8eb-c136a51ac9f9] [] [] | http-nio-8080-exec-12 | c.gasagency.service.CustomerService | OPERATION_SUCCESS | operation=CREATE_CUSTOMER_INITIAL_LEDGER | customerId=4 | filledOut=0 | emptyIn=0 | balance=0
2026-01-16 15:15:56.221 | INFO  | [524945bb-02fc-430c-b8eb-c136a51ac9f9] [] [] | http-nio-8080-exec-12 | c.gasagency.service.CustomerService | OPERATION_SUCCESS | operation=CREATE_CUSTOMER | id=4 | name=Raj Patil | mobile=7878989878
2026-01-16 15:15:56.244 | INFO  | [17b4b1e5-5c8d-4286-b732-dfa0fe733c20] [] [] | http-nio-8080-exec-13 | c.g.s.CustomerVariantPriceService | OPERATION_START | operation=CREATE_CUSTOMER_VARIANT_PRICE | customerId=4 | variantId=1
2026-01-16 15:15:56.252 | INFO  | [17b4b1e5-5c8d-4286-b732-dfa0fe733c20] [] [] | http-nio-8080-exec-13 | c.g.s.CustomerVariantPriceService | OPERATION_SUCCESS | operation=CREATE_CUSTOMER_VARIANT_PRICE | id=3 | customerId=4 | variantId=1
2026-01-16 15:18:20.134 | INFO  | [700ff702-bc4b-45b3-b7de-5daef51e7e95] [] [] | http-nio-8080-exec-5 | c.gasagency.service.CustomerService | OPERATION_START | operation=CREATE_CUSTOMER | name=Prashant
2026-01-16 15:18:20.199 | INFO  | [700ff702-bc4b-45b3-b7de-5daef51e7e95] [] [] | http-nio-8080-exec-5 | c.gasagency.service.CustomerService | OPERATION_SUCCESS | operation=CREATE_CUSTOMER | id=5 | name=Prashant | mobile=9898787898
2026-01-16 15:18:20.262 | INFO  | [57695eac-6b9c-4716-8e29-534829740db4] [] [] | http-nio-8080-exec-8 | c.g.s.CustomerVariantPriceService | OPERATION_START | operation=CREATE_CUSTOMER_VARIANT_PRICE | customerId=5 | variantId=1
2026-01-16 15:18:20.305 | INFO  | [57695eac-6b9c-4716-8e29-534829740db4] [] [] | http-nio-8080-exec-8 | c.g.s.CustomerVariantPriceService | OPERATION_SUCCESS | operation=CREATE_CUSTOMER_VARIANT_PRICE | id=4 | customerId=5 | variantId=1
2026-01-16 15:20:14.661 | INFO  | [ba053e56-4116-406a-92e2-78ee3b952316] [] [] | http-nio-8080-exec-5 | c.gasagency.service.CustomerService | OPERATION_START | operation=CREATE_CUSTOMER | name=Raju
2026-01-16 15:20:14.730 | INFO  | [ba053e56-4116-406a-92e2-78ee3b952316] [] [] | http-nio-8080-exec-5 | c.gasagency.service.CustomerService | OPERATION_SUCCESS | operation=CREATE_CUSTOMER_INITIAL_LEDGER | customerId=6 | variantId=1 | filledOut=12 | balance=12
2026-01-16 15:20:14.730 | INFO  | [ba053e56-4116-406a-92e2-78ee3b952316] [] [] | http-nio-8080-exec-5 | c.gasagency.service.CustomerService | OPERATION_SUCCESS | operation=CREATE_CUSTOMER | id=6 | name=Raju | mobile=9898787899
2026-01-16 15:20:14.783 | INFO  | [7bf9bd59-c624-4a00-b43c-b682f3d3e93e] [] [] | http-nio-8080-exec-8 | c.g.s.CustomerVariantPriceService | OPERATION_START | operation=CREATE_CUSTOMER_VARIANT_PRICE | customerId=6 | variantId=1
2026-01-16 15:20:14.815 | INFO  | [7bf9bd59-c624-4a00-b43c-b682f3d3e93e] [] [] | http-nio-8080-exec-8 | c.g.s.CustomerVariantPriceService | OPERATION_SUCCESS | operation=CREATE_CUSTOMER_VARIANT_PRICE | id=5 | customerId=6 | variantId=1
2026-01-16 15:21:20.386 | INFO  | [a3847259-4d65-408b-8b9c-100e5b65bbe1] [] [] | http-nio-8080-exec-13 | c.gasagency.service.CustomerService | OPERATION_START | operation=CREATE_CUSTOMER | name=Mrunal
2026-01-16 15:21:20.392 | INFO  | [a3847259-4d65-408b-8b9c-100e5b65bbe1] [] [] | http-nio-8080-exec-13 | c.gasagency.service.CustomerService | OPERATION_SUCCESS | operation=CREATE_CUSTOMER_INITIAL_LEDGER | customerId=7 | variantId=1 | filledOut=20 | balance=20
2026-01-16 15:21:20.395 | INFO  | [a3847259-4d65-408b-8b9c-100e5b65bbe1] [] [] | http-nio-8080-exec-13 | c.gasagency.service.CustomerService | OPERATION_SUCCESS | operation=CREATE_CUSTOMER_INITIAL_LEDGER | customerId=7 | variantId=2 | filledOut=10 | balance=10
2026-01-16 15:21:20.395 | INFO  | [a3847259-4d65-408b-8b9c-100e5b65bbe1] [] [] | http-nio-8080-exec-13 | c.gasagency.service.CustomerService | OPERATION_SUCCESS | operation=CREATE_CUSTOMER | id=7 | name=Mrunal | mobile=9856545678
2026-01-16 15:21:20.436 | INFO  | [20dddbc6-051a-4474-a46b-7f21bef76c00] [] [] | http-nio-8080-exec-17 | c.g.s.CustomerVariantPriceService | OPERATION_START | operation=CREATE_CUSTOMER_VARIANT_PRICE | customerId=7 | variantId=2
2026-01-16 15:21:20.438 | INFO  | [779626d1-acbf-4518-b42d-d47588a3e88c] [] [] | http-nio-8080-exec-14 | c.g.s.CustomerVariantPriceService | OPERATION_START | operation=CREATE_CUSTOMER_VARIANT_PRICE | customerId=7 | variantId=1
2026-01-16 15:21:20.444 | INFO  | [20dddbc6-051a-4474-a46b-7f21bef76c00] [] [] | http-nio-8080-exec-17 | c.g.s.CustomerVariantPriceService | OPERATION_SUCCESS | operation=CREATE_CUSTOMER_VARIANT_PRICE | id=6 | customerId=7 | variantId=2
2026-01-16 15:21:20.466 | INFO  | [779626d1-acbf-4518-b42d-d47588a3e88c] [] [] | http-nio-8080-exec-14 | c.g.s.CustomerVariantPriceService | OPERATION_SUCCESS | operation=CREATE_CUSTOMER_VARIANT_PRICE | id=7 | customerId=7 | variantId=1
2026-01-16 16:27:04.296 | INFO  | [ae3db186-10e1-4a2a-9874-a2b97c5364ee] [] [] | http-nio-8080-exec-11 | c.g.service.CylinderVariantService | OPERATION_START | operation=CREATE_VARIANT | name=19KG
2026-01-16 16:27:04.312 | INFO  | [ae3db186-10e1-4a2a-9874-a2b97c5364ee] [] [] | http-nio-8080-exec-11 | c.g.service.CylinderVariantService | OPERATION_SUCCESS | operation=CREATE_VARIANT | id=1 | name=19KG
2026-01-16 16:27:09.988 | INFO  | [a60a6f2b-c14f-42b5-8668-2986fbc4390d] [] [] | http-nio-8080-exec-13 | c.g.service.CylinderVariantService | OPERATION_START | operation=CREATE_VARIANT | name=5KG
2026-01-16 16:27:09.991 | INFO  | [a60a6f2b-c14f-42b5-8668-2986fbc4390d] [] [] | http-nio-8080-exec-13 | c.g.service.CylinderVariantService | OPERATION_SUCCESS | operation=CREATE_VARIANT | id=2 | name=5KG
2026-01-16 16:27:57.322 | INFO  | [f93a2664-f2d2-4a59-a0a0-f1434b21f920] [] [] | http-nio-8080-exec-24 | c.gasagency.service.CustomerService | OPERATION_START | operation=CREATE_CUSTOMER | name=Tushar Rokade
2026-01-16 16:27:57.369 | INFO  | [f93a2664-f2d2-4a59-a0a0-f1434b21f920] [] [] | http-nio-8080-exec-24 | c.gasagency.service.CustomerService | OPERATION_SUCCESS | operation=CREATE_CUSTOMER_INITIAL_LEDGER | customerId=1 | variantId=1 | filledOut=10 | balance=10
2026-01-16 16:27:57.374 | INFO  | [f93a2664-f2d2-4a59-a0a0-f1434b21f920] [] [] | http-nio-8080-exec-24 | c.gasagency.service.CustomerService | OPERATION_SUCCESS | operation=CREATE_CUSTOMER_INITIAL_LEDGER | customerId=1 | variantId=2 | filledOut=20 | balance=20
2026-01-16 16:27:57.374 | INFO  | [f93a2664-f2d2-4a59-a0a0-f1434b21f920] [] [] | http-nio-8080-exec-24 | c.gasagency.service.CustomerService | OPERATION_SUCCESS | operation=CREATE_CUSTOMER | id=1 | name=Tushar Rokade | mobile=8987876789
2026-01-16 16:27:57.444 | INFO  | [88da2778-0991-42f5-a1c1-785296603260] [] [] | http-nio-8080-exec-2 | c.g.s.CustomerVariantPriceService | OPERATION_START | operation=CREATE_CUSTOMER_VARIANT_PRICE | customerId=1 | variantId=2
2026-01-16 16:27:57.445 | INFO  | [babcf9bf-698d-4101-b019-0ad7ecfb6d10] [] [] | http-nio-8080-exec-4 | c.g.s.CustomerVariantPriceService | OPERATION_START | operation=CREATE_CUSTOMER_VARIANT_PRICE | customerId=1 | variantId=1
2026-01-16 16:27:57.478 | INFO  | [88da2778-0991-42f5-a1c1-785296603260] [] [] | http-nio-8080-exec-2 | c.g.s.CustomerVariantPriceService | OPERATION_SUCCESS | operation=CREATE_CUSTOMER_VARIANT_PRICE | id=1 | customerId=1 | variantId=2
2026-01-16 16:27:57.478 | INFO  | [babcf9bf-698d-4101-b019-0ad7ecfb6d10] [] [] | http-nio-8080-exec-4 | c.g.s.CustomerVariantPriceService | OPERATION_SUCCESS | operation=CREATE_CUSTOMER_VARIANT_PRICE | id=2 | customerId=1 | variantId=1
2026-01-16 16:28:43.654 | INFO  | [e3163104-6232-45ea-b6ed-436d98273561] [] [] | http-nio-8080-exec-13 | c.g.s.CustomerCylinderLedgerService | OPERATION_SUCCESS | operation=RECORD_PAYMENT | customerId=1 | amount=10000
2026-01-16 16:30:13.915 | INFO  | [81fa4604-bee6-43b9-ad37-e835d5c6142f] [] [] | http-nio-8080-exec-3 | c.g.s.CustomerCylinderLedgerService | OPERATION_SUCCESS | operation=RECORD_PAYMENT | customerId=1 | amount=10000
2026-01-16 16:38:54.831 | INFO  | [02fa39b1-bf75-43a2-9ccc-3283fcbf9c1c] [] [] | http-nio-8080-exec-13 | c.g.s.CustomerCylinderLedgerService | OPERATION_SUCCESS | operation=RECORD_PAYMENT | customerId=1 | amount=5000
2026-01-16 16:44:34.931 | INFO  | [434b9c31-803e-4fab-86f6-0d426740f331] [] [] | http-nio-8080-exec-1 | c.g.s.CustomerCylinderLedgerService | OPERATION_SUCCESS | operation=RECORD_PAYMENT | customerId=1 | amount=5000
2026-01-16 16:45:56.738 | INFO  | [56e36c2d-3eca-49be-9da3-2fbd1fee6676] [] [] | http-nio-8080-exec-15 | c.g.s.CustomerCylinderLedgerService | OPERATION_SUCCESS | operation=RECORD_PAYMENT | customerId=1 | amount=5000
2026-01-16 16:47:44.811 | INFO  | [53fddd0c-2123-4127-9b41-c430ab44d76e] [] [] | http-nio-8080-exec-11 | c.g.s.CustomerCylinderLedgerService | OPERATION_SUCCESS | operation=RECORD_PAYMENT | customerId=1 | amount=1000
2026-01-16 16:49:18.483 | INFO  | [fd6e84ef-8d52-4ab0-bdcf-241c50437522] [] [] | http-nio-8080-exec-25 | c.g.s.CustomerCylinderLedgerService | OPERATION_SUCCESS | operation=RECORD_PAYMENT | customerId=1 | amount=1000
2026-01-16 16:50:26.649 | INFO  | [2e2badbf-a185-42b8-ba9c-9df17c3bd739] [] [] | http-nio-8080-exec-13 | c.g.s.CustomerCylinderLedgerService | OPERATION_SUCCESS | operation=RECORD_PAYMENT | customerId=1 | amount=1000
2026-01-16 17:26:11.406 | INFO  | [cdd81003-6a59-499c-bc32-b9d349986a1e] [] [] | http-nio-8080-exec-24 | c.g.s.CustomerCylinderLedgerService | OPERATION_SUCCESS | operation=RECORD_PAYMENT | customerId=1 | amount=3000
2026-01-16 17:27:33.951 | INFO  | [6b87ef7b-152d-4b8d-a508-64c49ce7ccf7] [] [] | http-nio-8080-exec-19 | c.g.s.CustomerCylinderLedgerService | OPERATION_SUCCESS | operation=RECORD_PAYMENT | customerId=1 | amount=100
2026-01-16 17:40:36.951 | WARN  | [3c9b8946-ff6f-4c6a-a83e-773db6dc06c2] [] [] | http-nio-8080-exec-21 | c.g.s.CustomerCylinderLedgerService | OPERATION_FAILED | operation=RECORD_PAYMENT | error=Payment exceeds due amount | customerId=1 | paymentAmount=100 | dueAmount=-1100.00
2026-01-16 17:52:23.666 | INFO  | [9263f20a-08fe-461b-9f0b-c777ee13a258] [] [] | http-nio-8080-exec-8 | c.gasagency.service.SupplierService | OPERATION_START | operation=CREATE_SUPPLIER | name=Bharat Gas
2026-01-16 17:52:23.765 | INFO  | [9263f20a-08fe-461b-9f0b-c777ee13a258] [] [] | http-nio-8080-exec-8 | c.gasagency.service.SupplierService | OPERATION_SUCCESS | operation=CREATE_SUPPLIER | id=1 | name=Bharat Gas
2026-01-16 17:52:57.363 | INFO  | [0d88e974-dabe-4307-9125-1931edeb1990] [] [] | http-nio-8080-exec-19 | c.g.s.SupplierTransactionService | OPERATION_START | operation=RECORD_TRANSACTION | warehouseId=1 | supplierId=1 | variantId=1
2026-01-16 17:52:57.411 | INFO  | [0d88e974-dabe-4307-9125-1931edeb1990] [] [] | http-nio-8080-exec-19 | c.g.service.InventoryStockService | OPERATION_SUCCESS | operation=INCREMENT_FILLED_QTY | warehouseId=1 | variantId=1 | newQty=200
2026-01-16 17:52:57.411 | INFO  | [0d88e974-dabe-4307-9125-1931edeb1990] [] [] | http-nio-8080-exec-19 | c.g.s.SupplierTransactionService | OPERATION_SUCCESS | operation=RECORD_TRANSACTION | id=1 | supplierId=1 | filled=200
2026-01-16 17:53:39.281 | INFO  | [10da1f7f-3e60-49b7-98eb-1c6d1001ce53] [] [9e71203a-3829-4f4b-bc01-efe015551f56] | http-nio-8080-exec-10 | com.gasagency.service.SaleService | Creating new sale with request: com.gasagency.dto.CreateSaleRequestDTO@f22864b
2026-01-16 17:53:39.303 | INFO  | [10da1f7f-3e60-49b7-98eb-1c6d1001ce53] [] [9e71203a-3829-4f4b-bc01-efe015551f56] | http-nio-8080-exec-10 | c.g.service.InventoryStockService | OPERATION_SUCCESS | operation=GET_STOCK_WAREHOUSE_VARIANT_WITH_LOCK | warehouseId=1 | variantId=1 | filledQty=200 | emptyQty=0
2026-01-16 17:53:39.307 | INFO  | [10da1f7f-3e60-49b7-98eb-1c6d1001ce53] [] [9e71203a-3829-4f4b-bc01-efe015551f56] | http-nio-8080-exec-10 | com.gasagency.service.SaleService | Sale validation complete - Total amount: 3900.00, Items: 1
2026-01-16 17:53:39.331 | INFO  | [10da1f7f-3e60-49b7-98eb-1c6d1001ce53] [] [9e71203a-3829-4f4b-bc01-efe015551f56] | http-nio-8080-exec-10 | com.gasagency.service.SaleService | Sale created with id: 1 for customer: Tushar Rokade - Total: 3900.00
2026-01-16 17:53:39.349 | INFO  | [10da1f7f-3e60-49b7-98eb-1c6d1001ce53] [] [9e71203a-3829-4f4b-bc01-efe015551f56] | http-nio-8080-exec-10 | c.g.service.InventoryStockService | OPERATION_SUCCESS | operation=DECREMENT_FILLED_QTY | warehouseId=1 | variantId=1 | newQty=198
2026-01-16 17:53:39.354 | INFO  | [10da1f7f-3e60-49b7-98eb-1c6d1001ce53] [] [9e71203a-3829-4f4b-bc01-efe015551f56] | http-nio-8080-exec-10 | c.g.s.CustomerCylinderLedgerService | OPERATION_START | operation=CREATE_LEDGER_ENTRY | customerId=1 | warehouseId=1 | variantId=1
2026-01-16 17:53:39.368 | INFO  | [10da1f7f-3e60-49b7-98eb-1c6d1001ce53] [] [9e71203a-3829-4f4b-bc01-efe015551f56] | http-nio-8080-exec-10 | c.g.s.CustomerCylinderLedgerService | OPERATION_SUCCESS | operation=CREATE_LEDGER_ENTRY | id=13 | customerId=1 | balance=12
2026-01-16 17:53:39.373 | INFO  | [10da1f7f-3e60-49b7-98eb-1c6d1001ce53] [] [9e71203a-3829-4f4b-bc01-efe015551f56] | http-nio-8080-exec-10 | com.gasagency.service.SaleService | Sale 1 completed successfully for customer Tushar Rokade
2026-01-16 17:53:39.373 | INFO  | [10da1f7f-3e60-49b7-98eb-1c6d1001ce53] [] [9e71203a-3829-4f4b-bc01-efe015551f56] | http-nio-8080-exec-10 | com.gasagency.service.SaleService | TRANSACTION_SUMMARY | txnId=9e71203a-3829-4f4b-bc01-efe015551f56 | saleId=1 | customer=Tushar Rokade | amount=3900.00 | duration=92ms
2026-01-16 17:55:09.973 | INFO  | [9d4d9778-ebd7-49f5-a393-15209cde8a93] [] [9302712a-ea99-403d-bcc4-894934fac60c] | http-nio-8080-exec-8 | com.gasagency.service.SaleService | Creating new sale with request: com.gasagency.dto.CreateSaleRequestDTO@486f21b6
2026-01-16 17:55:09.980 | INFO  | [9d4d9778-ebd7-49f5-a393-15209cde8a93] [] [9302712a-ea99-403d-bcc4-894934fac60c] | http-nio-8080-exec-8 | c.g.service.InventoryStockService | OPERATION_SUCCESS | operation=GET_STOCK_WAREHOUSE_VARIANT_WITH_LOCK | warehouseId=1 | variantId=1 | filledQty=198 | emptyQty=0
2026-01-16 17:55:09.985 | INFO  | [9d4d9778-ebd7-49f5-a393-15209cde8a93] [] [9302712a-ea99-403d-bcc4-894934fac60c] | http-nio-8080-exec-8 | com.gasagency.service.SaleService | Sale validation complete - Total amount: 5900.00, Items: 1
2026-01-16 17:55:09.989 | INFO  | [9d4d9778-ebd7-49f5-a393-15209cde8a93] [] [9302712a-ea99-403d-bcc4-894934fac60c] | http-nio-8080-exec-8 | com.gasagency.service.SaleService | Sale created with id: 2 for customer: Tushar Rokade - Total: 5900.00
2026-01-16 17:55:09.996 | INFO  | [9d4d9778-ebd7-49f5-a393-15209cde8a93] [] [9302712a-ea99-403d-bcc4-894934fac60c] | http-nio-8080-exec-8 | c.g.service.InventoryStockService | OPERATION_SUCCESS | operation=DECREMENT_FILLED_QTY | warehouseId=1 | variantId=1 | newQty=195
2026-01-16 17:55:09.998 | INFO  | [9d4d9778-ebd7-49f5-a393-15209cde8a93] [] [9302712a-ea99-403d-bcc4-894934fac60c] | http-nio-8080-exec-8 | c.g.s.CustomerCylinderLedgerService | OPERATION_START | operation=CREATE_LEDGER_ENTRY | customerId=1 | warehouseId=1 | variantId=1
2026-01-16 17:55:10.006 | INFO  | [9d4d9778-ebd7-49f5-a393-15209cde8a93] [] [9302712a-ea99-403d-bcc4-894934fac60c] | http-nio-8080-exec-8 | c.g.s.CustomerCylinderLedgerService | OPERATION_SUCCESS | operation=CREATE_LEDGER_ENTRY | id=14 | customerId=1 | balance=15
2026-01-16 17:55:10.010 | INFO  | [9d4d9778-ebd7-49f5-a393-15209cde8a93] [] [9302712a-ea99-403d-bcc4-894934fac60c] | http-nio-8080-exec-8 | com.gasagency.service.SaleService | Sale 2 completed successfully for customer Tushar Rokade
2026-01-16 17:55:10.010 | INFO  | [9d4d9778-ebd7-49f5-a393-15209cde8a93] [] [9302712a-ea99-403d-bcc4-894934fac60c] | http-nio-8080-exec-8 | com.gasagency.service.SaleService | TRANSACTION_SUMMARY | txnId=9302712a-ea99-403d-bcc4-894934fac60c | saleId=2 | customer=Tushar Rokade | amount=5900.00 | duration=37ms
2026-01-16 18:08:50.954 | INFO  | [7f2c7c11-a990-42e5-b399-b4cd87ee625b] [] [] | http-nio-8080-exec-19 | c.g.service.CylinderVariantService | OPERATION_START | operation=CREATE_VARIANT | name=19KG
2026-01-16 18:08:50.969 | INFO  | [7f2c7c11-a990-42e5-b399-b4cd87ee625b] [] [] | http-nio-8080-exec-19 | c.g.service.CylinderVariantService | OPERATION_SUCCESS | operation=CREATE_VARIANT | id=1 | name=19KG
2026-01-16 18:08:58.027 | INFO  | [09e32e24-2bef-4370-b36f-5f86e5cad170] [] [] | http-nio-8080-exec-21 | c.g.service.CylinderVariantService | OPERATION_START | operation=CREATE_VARIANT | name=5KG
2026-01-16 18:08:58.031 | INFO  | [09e32e24-2bef-4370-b36f-5f86e5cad170] [] [] | http-nio-8080-exec-21 | c.g.service.CylinderVariantService | OPERATION_SUCCESS | operation=CREATE_VARIANT | id=2 | name=5KG
2026-01-16 18:09:59.432 | INFO  | [25f9803f-97b0-4f92-9e9e-ff78aebba4f7] [] [] | http-nio-8080-exec-10 | c.gasagency.service.CustomerService | OPERATION_START | operation=CREATE_CUSTOMER | name=Tushar Rokade
2026-01-16 18:09:59.472 | INFO  | [25f9803f-97b0-4f92-9e9e-ff78aebba4f7] [] [] | http-nio-8080-exec-10 | c.gasagency.service.CustomerService | OPERATION_SUCCESS | operation=CREATE_CUSTOMER_INITIAL_LEDGER | customerId=1 | variantId=1 | filledOut=10 | balance=10
2026-01-16 18:09:59.477 | INFO  | [25f9803f-97b0-4f92-9e9e-ff78aebba4f7] [] [] | http-nio-8080-exec-10 | c.gasagency.service.CustomerService | OPERATION_SUCCESS | operation=CREATE_CUSTOMER_INITIAL_LEDGER | customerId=1 | variantId=2 | filledOut=5 | balance=5
2026-01-16 18:09:59.477 | INFO  | [25f9803f-97b0-4f92-9e9e-ff78aebba4f7] [] [] | http-nio-8080-exec-10 | c.gasagency.service.CustomerService | OPERATION_SUCCESS | operation=CREATE_CUSTOMER | id=1 | name=Tushar Rokade | mobile=9898767898
2026-01-16 18:09:59.536 | INFO  | [45c65a74-f8c7-4edf-9295-50e9a4ff5c55] [] [] | http-nio-8080-exec-13 | c.g.s.CustomerVariantPriceService | OPERATION_START | operation=CREATE_CUSTOMER_VARIANT_PRICE | customerId=1 | variantId=1
2026-01-16 18:09:59.536 | INFO  | [2740dbd2-56bb-4f5a-b288-722be80bc124] [] [] | http-nio-8080-exec-11 | c.g.s.CustomerVariantPriceService | OPERATION_START | operation=CREATE_CUSTOMER_VARIANT_PRICE | customerId=1 | variantId=2
2026-01-16 18:09:59.573 | INFO  | [2740dbd2-56bb-4f5a-b288-722be80bc124] [] [] | http-nio-8080-exec-11 | c.g.s.CustomerVariantPriceService | OPERATION_SUCCESS | operation=CREATE_CUSTOMER_VARIANT_PRICE | id=1 | customerId=1 | variantId=2
2026-01-16 18:09:59.575 | INFO  | [45c65a74-f8c7-4edf-9295-50e9a4ff5c55] [] [] | http-nio-8080-exec-13 | c.g.s.CustomerVariantPriceService | OPERATION_SUCCESS | operation=CREATE_CUSTOMER_VARIANT_PRICE | id=2 | customerId=1 | variantId=1
2026-01-16 18:10:28.975 | INFO  | [52561b05-6942-45fa-869b-9e9a2f63ba06] [] [] | http-nio-8080-exec-25 | c.gasagency.service.SupplierService | OPERATION_START | operation=CREATE_SUPPLIER | name=Bharat Gas
2026-01-16 18:10:28.984 | INFO  | [52561b05-6942-45fa-869b-9e9a2f63ba06] [] [] | http-nio-8080-exec-25 | c.gasagency.service.SupplierService | OPERATION_SUCCESS | operation=CREATE_SUPPLIER | id=1 | name=Bharat Gas
2026-01-16 18:10:54.855 | INFO  | [70180c83-3894-4716-8f17-6d79fc2e37b0] [] [] | http-nio-8080-exec-14 | c.g.s.SupplierTransactionService | OPERATION_START | operation=RECORD_TRANSACTION | warehouseId=1 | supplierId=1 | variantId=1
2026-01-16 18:10:54.888 | INFO  | [70180c83-3894-4716-8f17-6d79fc2e37b0] [] [] | http-nio-8080-exec-14 | c.g.service.InventoryStockService | OPERATION_SUCCESS | operation=INCREMENT_FILLED_QTY | warehouseId=1 | variantId=1 | newQty=200
2026-01-16 18:10:54.889 | INFO  | [70180c83-3894-4716-8f17-6d79fc2e37b0] [] [] | http-nio-8080-exec-14 | c.g.s.SupplierTransactionService | OPERATION_SUCCESS | operation=RECORD_TRANSACTION | id=1 | supplierId=1 | filled=200
2026-01-16 18:11:25.198 | INFO  | [d080eda9-d8e2-453c-a0aa-69bd1ebc8f2e] [] [6890573e-bd6b-4e3d-a725-7d81a274c559] | http-nio-8080-exec-25 | com.gasagency.service.SaleService | Creating new sale with request: com.gasagency.dto.CreateSaleRequestDTO@8ea45a0
2026-01-16 18:11:25.219 | INFO  | [d080eda9-d8e2-453c-a0aa-69bd1ebc8f2e] [] [6890573e-bd6b-4e3d-a725-7d81a274c559] | http-nio-8080-exec-25 | c.g.service.InventoryStockService | OPERATION_SUCCESS | operation=GET_STOCK_WAREHOUSE_VARIANT_WITH_LOCK | warehouseId=1 | variantId=1 | filledQty=200 | emptyQty=0
2026-01-16 18:11:25.224 | INFO  | [d080eda9-d8e2-453c-a0aa-69bd1ebc8f2e] [] [6890573e-bd6b-4e3d-a725-7d81a274c559] | http-nio-8080-exec-25 | com.gasagency.service.SaleService | Sale validation complete - Total amount: 2900.00, Items: 1
2026-01-16 18:11:25.247 | INFO  | [d080eda9-d8e2-453c-a0aa-69bd1ebc8f2e] [] [6890573e-bd6b-4e3d-a725-7d81a274c559] | http-nio-8080-exec-25 | com.gasagency.service.SaleService | Sale created with id: 1 for customer: Tushar Rokade - Total: 2900.00
2026-01-16 18:11:25.265 | INFO  | [d080eda9-d8e2-453c-a0aa-69bd1ebc8f2e] [] [6890573e-bd6b-4e3d-a725-7d81a274c559] | http-nio-8080-exec-25 | c.g.service.InventoryStockService | OPERATION_SUCCESS | operation=DECREMENT_FILLED_QTY | warehouseId=1 | variantId=1 | newQty=198
2026-01-16 18:11:25.272 | INFO  | [d080eda9-d8e2-453c-a0aa-69bd1ebc8f2e] [] [6890573e-bd6b-4e3d-a725-7d81a274c559] | http-nio-8080-exec-25 | c.g.s.CustomerCylinderLedgerService | OPERATION_START | operation=CREATE_LEDGER_ENTRY | customerId=1 | warehouseId=1 | variantId=1
2026-01-16 18:11:25.282 | INFO  | [d080eda9-d8e2-453c-a0aa-69bd1ebc8f2e] [] [6890573e-bd6b-4e3d-a725-7d81a274c559] | http-nio-8080-exec-25 | c.g.s.CustomerCylinderLedgerService | OPERATION_SUCCESS | operation=CREATE_LEDGER_ENTRY | id=3 | customerId=1 | balance=12
2026-01-16 18:11:25.300 | INFO  | [d080eda9-d8e2-453c-a0aa-69bd1ebc8f2e] [] [6890573e-bd6b-4e3d-a725-7d81a274c559] | http-nio-8080-exec-25 | com.gasagency.service.SaleService | Sale 1 completed successfully for customer Tushar Rokade
2026-01-16 18:11:25.312 | INFO  | [d080eda9-d8e2-453c-a0aa-69bd1ebc8f2e] [] [6890573e-bd6b-4e3d-a725-7d81a274c559] | http-nio-8080-exec-25 | com.gasagency.service.SaleService | TRANSACTION_SUMMARY | txnId=6890573e-bd6b-4e3d-a725-7d81a274c559 | saleId=1 | customer=Tushar Rokade | amount=2900.00 | duration=102ms
2026-01-16 18:13:26.817 | INFO  | [0c1ab0ba-16ac-4e77-aec4-61a3a7ac5c83] [] [1156f6fb-93d5-4ca7-9000-86a45f270414] | http-nio-8080-exec-17 | com.gasagency.service.SaleService | Creating new sale with request: com.gasagency.dto.CreateSaleRequestDTO@5a9f723f
2026-01-16 18:13:26.826 | INFO  | [0c1ab0ba-16ac-4e77-aec4-61a3a7ac5c83] [] [1156f6fb-93d5-4ca7-9000-86a45f270414] | http-nio-8080-exec-17 | c.g.service.InventoryStockService | OPERATION_SUCCESS | operation=GET_STOCK_WAREHOUSE_VARIANT_WITH_LOCK | warehouseId=1 | variantId=1 | filledQty=198 | emptyQty=0
2026-01-16 18:13:26.836 | INFO  | [0c1ab0ba-16ac-4e77-aec4-61a3a7ac5c83] [] [1156f6fb-93d5-4ca7-9000-86a45f270414] | http-nio-8080-exec-17 | com.gasagency.service.SaleService | Sale validation complete - Total amount: 5900.00, Items: 1
2026-01-16 18:13:26.843 | INFO  | [0c1ab0ba-16ac-4e77-aec4-61a3a7ac5c83] [] [1156f6fb-93d5-4ca7-9000-86a45f270414] | http-nio-8080-exec-17 | com.gasagency.service.SaleService | Sale created with id: 2 for customer: Tushar Rokade - Total: 5900.00
2026-01-16 18:13:26.853 | INFO  | [0c1ab0ba-16ac-4e77-aec4-61a3a7ac5c83] [] [1156f6fb-93d5-4ca7-9000-86a45f270414] | http-nio-8080-exec-17 | c.g.service.InventoryStockService | OPERATION_SUCCESS | operation=DECREMENT_FILLED_QTY | warehouseId=1 | variantId=1 | newQty=194
2026-01-16 18:13:26.857 | INFO  | [0c1ab0ba-16ac-4e77-aec4-61a3a7ac5c83] [] [1156f6fb-93d5-4ca7-9000-86a45f270414] | http-nio-8080-exec-17 | c.g.s.CustomerCylinderLedgerService | OPERATION_START | operation=CREATE_LEDGER_ENTRY | customerId=1 | warehouseId=1 | variantId=1
2026-01-16 18:13:26.866 | INFO  | [0c1ab0ba-16ac-4e77-aec4-61a3a7ac5c83] [] [1156f6fb-93d5-4ca7-9000-86a45f270414] | http-nio-8080-exec-17 | c.g.s.CustomerCylinderLedgerService | OPERATION_SUCCESS | operation=CREATE_LEDGER_ENTRY | id=4 | customerId=1 | balance=16
2026-01-16 18:13:26.878 | INFO  | [0c1ab0ba-16ac-4e77-aec4-61a3a7ac5c83] [] [1156f6fb-93d5-4ca7-9000-86a45f270414] | http-nio-8080-exec-17 | com.gasagency.service.SaleService | Sale 2 completed successfully for customer Tushar Rokade
2026-01-16 18:13:26.878 | INFO  | [0c1ab0ba-16ac-4e77-aec4-61a3a7ac5c83] [] [1156f6fb-93d5-4ca7-9000-86a45f270414] | http-nio-8080-exec-17 | com.gasagency.service.SaleService | TRANSACTION_SUMMARY | txnId=1156f6fb-93d5-4ca7-9000-86a45f270414 | saleId=2 | customer=Tushar Rokade | amount=5900.00 | duration=61ms
2026-01-16 18:14:34.297 | INFO  | [acb040c4-d7e5-45c7-a319-c7919b0bdb7e] [] [83ab9d22-1b1f-4d48-920e-1e3062fd3a42] | http-nio-8080-exec-9 | com.gasagency.service.SaleService | Creating new sale with request: com.gasagency.dto.CreateSaleRequestDTO@2c2ef97d
2026-01-16 18:14:34.302 | INFO  | [acb040c4-d7e5-45c7-a319-c7919b0bdb7e] [] [83ab9d22-1b1f-4d48-920e-1e3062fd3a42] | http-nio-8080-exec-9 | c.g.service.InventoryStockService | OPERATION_SUCCESS | operation=GET_STOCK_WAREHOUSE_VARIANT_WITH_LOCK | warehouseId=1 | variantId=1 | filledQty=194 | emptyQty=0
2026-01-16 18:14:34.305 | INFO  | [acb040c4-d7e5-45c7-a319-c7919b0bdb7e] [] [83ab9d22-1b1f-4d48-920e-1e3062fd3a42] | http-nio-8080-exec-9 | com.gasagency.service.SaleService | Sale validation complete - Total amount: 5900.00, Items: 1
2026-01-16 18:14:34.309 | INFO  | [acb040c4-d7e5-45c7-a319-c7919b0bdb7e] [] [83ab9d22-1b1f-4d48-920e-1e3062fd3a42] | http-nio-8080-exec-9 | com.gasagency.service.SaleService | Sale created with id: 3 for customer: Tushar Rokade - Total: 5900.00
2026-01-16 18:14:34.315 | INFO  | [acb040c4-d7e5-45c7-a319-c7919b0bdb7e] [] [83ab9d22-1b1f-4d48-920e-1e3062fd3a42] | http-nio-8080-exec-9 | c.g.service.InventoryStockService | OPERATION_SUCCESS | operation=DECREMENT_FILLED_QTY | warehouseId=1 | variantId=1 | newQty=190
2026-01-16 18:14:34.318 | INFO  | [acb040c4-d7e5-45c7-a319-c7919b0bdb7e] [] [83ab9d22-1b1f-4d48-920e-1e3062fd3a42] | http-nio-8080-exec-9 | c.g.s.CustomerCylinderLedgerService | OPERATION_START | operation=CREATE_LEDGER_ENTRY | customerId=1 | warehouseId=1 | variantId=1
2026-01-16 18:14:34.323 | INFO  | [acb040c4-d7e5-45c7-a319-c7919b0bdb7e] [] [83ab9d22-1b1f-4d48-920e-1e3062fd3a42] | http-nio-8080-exec-9 | c.g.s.CustomerCylinderLedgerService | OPERATION_SUCCESS | operation=CREATE_LEDGER_ENTRY | id=5 | customerId=1 | balance=20
2026-01-16 18:14:34.334 | INFO  | [acb040c4-d7e5-45c7-a319-c7919b0bdb7e] [] [83ab9d22-1b1f-4d48-920e-1e3062fd3a42] | http-nio-8080-exec-9 | com.gasagency.service.SaleService | Sale 3 completed successfully for customer Tushar Rokade
2026-01-16 18:14:34.334 | INFO  | [acb040c4-d7e5-45c7-a319-c7919b0bdb7e] [] [83ab9d22-1b1f-4d48-920e-1e3062fd3a42] | http-nio-8080-exec-9 | com.gasagency.service.SaleService | TRANSACTION_SUMMARY | txnId=83ab9d22-1b1f-4d48-920e-1e3062fd3a42 | saleId=3 | customer=Tushar Rokade | amount=5900.00 | duration=37ms
2026-01-16 18:28:16.256 | INFO  | [dfcea712-b89e-4d75-9c4b-24f5ec0daae9] [] [] | http-nio-8080-exec-17 | c.gasagency.service.CustomerService | OPERATION_START | operation=CREATE_CUSTOMER | name=Mahesh Patil
2026-01-16 18:28:16.307 | INFO  | [dfcea712-b89e-4d75-9c4b-24f5ec0daae9] [] [] | http-nio-8080-exec-17 | c.gasagency.service.CustomerService | OPERATION_SUCCESS | operation=CREATE_CUSTOMER_INITIAL_LEDGER | customerId=2 | variantId=1 | filledOut=2 | balance=2
2026-01-16 18:28:16.307 | INFO  | [dfcea712-b89e-4d75-9c4b-24f5ec0daae9] [] [] | http-nio-8080-exec-17 | c.gasagency.service.CustomerService | OPERATION_SUCCESS | operation=CREATE_CUSTOMER | id=2 | name=Mahesh Patil | mobile=8987878987
2026-01-16 18:28:16.348 | INFO  | [ca561470-53f9-44db-adbd-e89696628279] [] [] | http-nio-8080-exec-22 | c.g.s.CustomerVariantPriceService | OPERATION_START | operation=CREATE_CUSTOMER_VARIANT_PRICE | customerId=2 | variantId=1
2026-01-16 18:28:16.368 | INFO  | [ca561470-53f9-44db-adbd-e89696628279] [] [] | http-nio-8080-exec-22 | c.g.s.CustomerVariantPriceService | OPERATION_SUCCESS | operation=CREATE_CUSTOMER_VARIANT_PRICE | id=3 | customerId=2 | variantId=1
2026-01-16 18:29:03.811 | INFO  | [90c6d3ba-b8e6-435f-9c97-cd9a276353b1] [] [] | http-nio-8080-exec-16 | c.gasagency.service.CustomerService | OPERATION_START | operation=CREATE_CUSTOMER | name=Raj Patil
2026-01-16 18:29:03.820 | INFO  | [90c6d3ba-b8e6-435f-9c97-cd9a276353b1] [] [] | http-nio-8080-exec-16 | c.gasagency.service.CustomerService | OPERATION_SUCCESS | operation=CREATE_CUSTOMER_INITIAL_LEDGER | customerId=3 | variantId=1 | filledOut=5 | balance=5
2026-01-16 18:29:03.824 | INFO  | [90c6d3ba-b8e6-435f-9c97-cd9a276353b1] [] [] | http-nio-8080-exec-16 | c.gasagency.service.CustomerService | OPERATION_SUCCESS | operation=CREATE_CUSTOMER_INITIAL_LEDGER | customerId=3 | variantId=2 | filledOut=5 | balance=5
2026-01-16 18:29:03.824 | INFO  | [90c6d3ba-b8e6-435f-9c97-cd9a276353b1] [] [] | http-nio-8080-exec-16 | c.gasagency.service.CustomerService | OPERATION_SUCCESS | operation=CREATE_CUSTOMER | id=3 | name=Raj Patil | mobile=8987678987
2026-01-16 18:29:03.855 | INFO  | [a61813d9-2876-4ea4-8d08-b307e2a866c3] [] [] | http-nio-8080-exec-1 | c.g.s.CustomerVariantPriceService | OPERATION_START | operation=CREATE_CUSTOMER_VARIANT_PRICE | customerId=3 | variantId=2
2026-01-16 18:29:03.855 | INFO  | [5c40ab08-498d-4f8a-abe2-64f8a9aa8721] [] [] | http-nio-8080-exec-20 | c.g.s.CustomerVariantPriceService | OPERATION_START | operation=CREATE_CUSTOMER_VARIANT_PRICE | customerId=3 | variantId=1
2026-01-16 18:29:03.862 | INFO  | [a61813d9-2876-4ea4-8d08-b307e2a866c3] [] [] | http-nio-8080-exec-1 | c.g.s.CustomerVariantPriceService | OPERATION_SUCCESS | operation=CREATE_CUSTOMER_VARIANT_PRICE | id=4 | customerId=3 | variantId=2
2026-01-16 18:29:03.872 | INFO  | [5c40ab08-498d-4f8a-abe2-64f8a9aa8721] [] [] | http-nio-8080-exec-20 | c.g.s.CustomerVariantPriceService | OPERATION_SUCCESS | operation=CREATE_CUSTOMER_VARIANT_PRICE | id=5 | customerId=3 | variantId=1
2026-01-16 18:32:20.487 | INFO  | [92c9dfa6-2173-44a5-b802-13fa7e15ac8a] [] [] | http-nio-8080-exec-10 | c.gasagency.service.CustomerService | OPERATION_START | operation=CREATE_CUSTOMER | name=Raju
2026-01-16 18:32:20.550 | INFO  | [92c9dfa6-2173-44a5-b802-13fa7e15ac8a] [] [] | http-nio-8080-exec-10 | c.g.s.CustomerCylinderLedgerService | OPERATION_START | operation=CREATE_LEDGER_ENTRY | customerId=4 | warehouseId=null | variantId=1
2026-01-16 18:33:23.654 | INFO  | [b86df5c7-3db5-4d3a-8ac8-bc7f351fd1b4] [] [] | http-nio-8080-exec-1 | c.gasagency.service.CustomerService | OPERATION_START | operation=CREATE_CUSTOMER | name=Raju
2026-01-16 18:33:23.725 | INFO  | [b86df5c7-3db5-4d3a-8ac8-bc7f351fd1b4] [] [] | http-nio-8080-exec-1 | c.g.s.CustomerCylinderLedgerService | OPERATION_START | operation=CREATE_LEDGER_ENTRY | customerId=5 | warehouseId=null | variantId=1
2026-01-16 18:34:06.398 | INFO  | [eca10b79-bea7-487c-bcf6-4d4e3ecc8ad0] [] [] | http-nio-8080-exec-1 | c.gasagency.service.CustomerService | OPERATION_START | operation=CREATE_CUSTOMER | name=Raju
2026-01-16 18:34:06.465 | INFO  | [eca10b79-bea7-487c-bcf6-4d4e3ecc8ad0] [] [] | http-nio-8080-exec-1 | c.g.s.CustomerCylinderLedgerService | OPERATION_START | operation=CREATE_LEDGER_ENTRY | customerId=6 | warehouseId=null | variantId=1
2026-01-16 18:34:06.498 | INFO  | [eca10b79-bea7-487c-bcf6-4d4e3ecc8ad0] [] [] | http-nio-8080-exec-1 | c.g.s.CustomerCylinderLedgerService | OPERATION_SUCCESS | operation=CREATE_LEDGER_ENTRY | id=9 | customerId=6 | balance=5
2026-01-16 18:34:06.524 | INFO  | [eca10b79-bea7-487c-bcf6-4d4e3ecc8ad0] [] [] | http-nio-8080-exec-1 | c.gasagency.service.CustomerService | OPERATION_SUCCESS | operation=CREATE_CUSTOMER_INITIAL_LEDGER | customerId=6 | variantId=1 | filledOut=5 | balance=5
2026-01-16 18:34:06.526 | INFO  | [eca10b79-bea7-487c-bcf6-4d4e3ecc8ad0] [] [] | http-nio-8080-exec-1 | c.g.s.CustomerCylinderLedgerService | OPERATION_START | operation=CREATE_LEDGER_ENTRY | customerId=6 | warehouseId=null | variantId=2
2026-01-16 18:34:06.534 | INFO  | [eca10b79-bea7-487c-bcf6-4d4e3ecc8ad0] [] [] | http-nio-8080-exec-1 | c.g.s.CustomerCylinderLedgerService | OPERATION_SUCCESS | operation=CREATE_LEDGER_ENTRY | id=10 | customerId=6 | balance=5
2026-01-16 18:34:06.540 | INFO  | [eca10b79-bea7-487c-bcf6-4d4e3ecc8ad0] [] [] | http-nio-8080-exec-1 | c.gasagency.service.CustomerService | OPERATION_SUCCESS | operation=CREATE_CUSTOMER_INITIAL_LEDGER | customerId=6 | variantId=2 | filledOut=5 | balance=5
2026-01-16 18:34:06.540 | INFO  | [eca10b79-bea7-487c-bcf6-4d4e3ecc8ad0] [] [] | http-nio-8080-exec-1 | c.gasagency.service.CustomerService | OPERATION_SUCCESS | operation=CREATE_CUSTOMER | id=6 | name=Raju | mobile=9098789878
2026-01-16 18:34:06.627 | INFO  | [c07aba6a-2f47-4abf-9944-be870c7cc87a] [] [] | http-nio-8080-exec-6 | c.g.s.CustomerVariantPriceService | OPERATION_START | operation=CREATE_CUSTOMER_VARIANT_PRICE | customerId=6 | variantId=2
2026-01-16 18:34:06.627 | INFO  | [f0f270cb-f249-4e4b-b576-a1e9e446e7ba] [] [] | http-nio-8080-exec-5 | c.g.s.CustomerVariantPriceService | OPERATION_START | operation=CREATE_CUSTOMER_VARIANT_PRICE | customerId=6 | variantId=1
2026-01-16 18:34:06.658 | INFO  | [c07aba6a-2f47-4abf-9944-be870c7cc87a] [] [] | http-nio-8080-exec-6 | c.g.s.CustomerVariantPriceService | OPERATION_SUCCESS | operation=CREATE_CUSTOMER_VARIANT_PRICE | id=6 | customerId=6 | variantId=2
2026-01-16 18:34:06.659 | INFO  | [f0f270cb-f249-4e4b-b576-a1e9e446e7ba] [] [] | http-nio-8080-exec-5 | c.g.s.CustomerVariantPriceService | OPERATION_SUCCESS | operation=CREATE_CUSTOMER_VARIANT_PRICE | id=7 | customerId=6 | variantId=1
2026-01-16 18:34:49.052 | INFO  | [dd013feb-3c45-4082-80bb-2cacc6cb9444] [] [6ebbf9a3-69b8-49d6-8a1d-4e8faa4115aa] | http-nio-8080-exec-23 | com.gasagency.service.SaleService | Creating new sale with request: com.gasagency.dto.CreateSaleRequestDTO@6b05ddff
2026-01-16 18:34:49.076 | INFO  | [dd013feb-3c45-4082-80bb-2cacc6cb9444] [] [6ebbf9a3-69b8-49d6-8a1d-4e8faa4115aa] | http-nio-8080-exec-23 | c.g.service.InventoryStockService | OPERATION_SUCCESS | operation=GET_STOCK_WAREHOUSE_VARIANT_WITH_LOCK | warehouseId=1 | variantId=1 | filledQty=190 | emptyQty=0
2026-01-16 18:34:49.080 | INFO  | [dd013feb-3c45-4082-80bb-2cacc6cb9444] [] [6ebbf9a3-69b8-49d6-8a1d-4e8faa4115aa] | http-nio-8080-exec-23 | com.gasagency.service.SaleService | Sale validation complete - Total amount: 9500.00, Items: 1
2026-01-16 18:34:49.100 | INFO  | [dd013feb-3c45-4082-80bb-2cacc6cb9444] [] [6ebbf9a3-69b8-49d6-8a1d-4e8faa4115aa] | http-nio-8080-exec-23 | com.gasagency.service.SaleService | Sale created with id: 4 for customer: Raju - Total: 9500.00
2026-01-16 18:34:49.118 | INFO  | [dd013feb-3c45-4082-80bb-2cacc6cb9444] [] [6ebbf9a3-69b8-49d6-8a1d-4e8faa4115aa] | http-nio-8080-exec-23 | c.g.service.InventoryStockService | OPERATION_SUCCESS | operation=DECREMENT_FILLED_QTY | warehouseId=1 | variantId=1 | newQty=185
2026-01-16 18:34:49.130 | INFO  | [dd013feb-3c45-4082-80bb-2cacc6cb9444] [] [6ebbf9a3-69b8-49d6-8a1d-4e8faa4115aa] | http-nio-8080-exec-23 | c.g.s.CustomerCylinderLedgerService | OPERATION_START | operation=CREATE_LEDGER_ENTRY | customerId=6 | warehouseId=1 | variantId=1
2026-01-16 18:34:49.139 | INFO  | [dd013feb-3c45-4082-80bb-2cacc6cb9444] [] [6ebbf9a3-69b8-49d6-8a1d-4e8faa4115aa] | http-nio-8080-exec-23 | c.g.s.CustomerCylinderLedgerService | OPERATION_SUCCESS | operation=CREATE_LEDGER_ENTRY | id=11 | customerId=6 | balance=10
2026-01-16 18:34:49.153 | INFO  | [dd013feb-3c45-4082-80bb-2cacc6cb9444] [] [6ebbf9a3-69b8-49d6-8a1d-4e8faa4115aa] | http-nio-8080-exec-23 | com.gasagency.service.SaleService | Sale 4 completed successfully for customer Raju
2026-01-16 18:34:49.153 | INFO  | [dd013feb-3c45-4082-80bb-2cacc6cb9444] [] [6ebbf9a3-69b8-49d6-8a1d-4e8faa4115aa] | http-nio-8080-exec-23 | com.gasagency.service.SaleService | TRANSACTION_SUMMARY | txnId=6ebbf9a3-69b8-49d6-8a1d-4e8faa4115aa | saleId=4 | customer=Raju | amount=9500.00 | duration=101ms
2026-01-16 18:41:02.554 | INFO  | [1c144cb4-29fd-42b9-9b70-5bca2d00c21d] [] [] | http-nio-8080-exec-18 | c.g.s.CustomerCylinderLedgerService | OPERATION_SUCCESS | operation=RECORD_PAYMENT | customerId=6 | amount=8500
2026-01-16 18:47:11.970 | INFO  | [ce0f920a-a91f-4ab8-9f55-754918d3fb47] [] [a5517d41-9a19-4fee-bab5-dc6dfde0ce29] | http-nio-8080-exec-7 | com.gasagency.service.SaleService | Creating new sale with request: com.gasagency.dto.CreateSaleRequestDTO@58b02d08
2026-01-16 18:47:11.989 | WARN  | [ce0f920a-a91f-4ab8-9f55-754918d3fb47] [] [a5517d41-9a19-4fee-bab5-dc6dfde0ce29] | http-nio-8080-exec-7 | c.g.service.InventoryStockService | OPERATION_FAILED | operation=GET_STOCK_WAREHOUSE_VARIANT_WITH_LOCK | error=Stock not found for warehouse | warehouseId=1 | variantId=2
2026-01-16 18:47:26.513 | INFO  | [7cd74f8f-0021-46e1-ad04-bb9757a9322c] [] [d7cc5735-3bb4-47d5-af7f-2d3520df23ce] | http-nio-8080-exec-22 | com.gasagency.service.SaleService | Creating new sale with request: com.gasagency.dto.CreateSaleRequestDTO@44af26b4
2026-01-16 18:47:26.525 | INFO  | [7cd74f8f-0021-46e1-ad04-bb9757a9322c] [] [d7cc5735-3bb4-47d5-af7f-2d3520df23ce] | http-nio-8080-exec-22 | c.g.service.InventoryStockService | OPERATION_SUCCESS | operation=GET_STOCK_WAREHOUSE_VARIANT_WITH_LOCK | warehouseId=1 | variantId=1 | filledQty=185 | emptyQty=0
2026-01-16 18:47:26.535 | INFO  | [7cd74f8f-0021-46e1-ad04-bb9757a9322c] [] [d7cc5735-3bb4-47d5-af7f-2d3520df23ce] | http-nio-8080-exec-22 | com.gasagency.service.SaleService | Sale validation complete - Total amount: 3800.00, Items: 1
2026-01-16 18:47:26.557 | INFO  | [7cd74f8f-0021-46e1-ad04-bb9757a9322c] [] [d7cc5735-3bb4-47d5-af7f-2d3520df23ce] | http-nio-8080-exec-22 | com.gasagency.service.SaleService | Sale created with id: 5 for customer: Raju - Total: 3800.00
2026-01-16 18:47:26.576 | INFO  | [7cd74f8f-0021-46e1-ad04-bb9757a9322c] [] [d7cc5735-3bb4-47d5-af7f-2d3520df23ce] | http-nio-8080-exec-22 | c.g.service.InventoryStockService | OPERATION_SUCCESS | operation=DECREMENT_FILLED_QTY | warehouseId=1 | variantId=1 | newQty=183
2026-01-16 18:47:26.604 | INFO  | [7cd74f8f-0021-46e1-ad04-bb9757a9322c] [] [d7cc5735-3bb4-47d5-af7f-2d3520df23ce] | http-nio-8080-exec-22 | c.g.s.CustomerCylinderLedgerService | OPERATION_START | operation=CREATE_LEDGER_ENTRY | customerId=6 | warehouseId=1 | variantId=1
2026-01-16 18:47:26.617 | INFO  | [7cd74f8f-0021-46e1-ad04-bb9757a9322c] [] [d7cc5735-3bb4-47d5-af7f-2d3520df23ce] | http-nio-8080-exec-22 | c.g.s.CustomerCylinderLedgerService | OPERATION_SUCCESS | operation=CREATE_LEDGER_ENTRY | id=13 | customerId=6 | balance=12
2026-01-16 18:47:26.634 | INFO  | [7cd74f8f-0021-46e1-ad04-bb9757a9322c] [] [d7cc5735-3bb4-47d5-af7f-2d3520df23ce] | http-nio-8080-exec-22 | com.gasagency.service.SaleService | Sale 5 completed successfully for customer Raju
2026-01-16 18:47:26.635 | INFO  | [7cd74f8f-0021-46e1-ad04-bb9757a9322c] [] [d7cc5735-3bb4-47d5-af7f-2d3520df23ce] | http-nio-8080-exec-22 | com.gasagency.service.SaleService | TRANSACTION_SUMMARY | txnId=d7cc5735-3bb4-47d5-af7f-2d3520df23ce | saleId=5 | customer=Raju | amount=3800.00 | duration=122ms
2026-01-16 18:56:03.978 | INFO  | [d8ed55b5-10f2-4bdd-ba6a-bb53ebe6c75a] [] [] | http-nio-8080-exec-20 | c.g.s.CustomerCylinderLedgerService | OPERATION_START | operation=CREATE_LEDGER_ENTRY | customerId=6 | warehouseId=1 | variantId=1
2026-01-16 18:56:04.093 | INFO  | [d8ed55b5-10f2-4bdd-ba6a-bb53ebe6c75a] [] [] | http-nio-8080-exec-20 | c.g.s.CustomerCylinderLedgerService | OPERATION_SUCCESS | operation=CREATE_LEDGER_ENTRY | id=14 | customerId=6 | balance=5
2026-01-16 18:56:04.103 | INFO  | [d8ed55b5-10f2-4bdd-ba6a-bb53ebe6c75a] [] [] | http-nio-8080-exec-20 | c.g.service.InventoryStockService | OPERATION_SUCCESS | operation=INCREMENT_EMPTY_QTY | warehouseId=1 | variantId=1 | newQty=7
2026-01-16 18:56:47.983 | INFO  | [3f28c535-8027-4757-8dd1-3e2bf93ed590] [] [] | http-nio-8080-exec-11 | c.g.s.CustomerCylinderLedgerService | OPERATION_START | operation=CREATE_LEDGER_ENTRY | customerId=6 | warehouseId=1 | variantId=1
2026-01-16 18:56:47.995 | INFO  | [3f28c535-8027-4757-8dd1-3e2bf93ed590] [] [] | http-nio-8080-exec-11 | c.g.s.CustomerCylinderLedgerService | OPERATION_SUCCESS | operation=CREATE_LEDGER_ENTRY | id=15 | customerId=6 | balance=1
2026-01-16 18:56:47.999 | INFO  | [3f28c535-8027-4757-8dd1-3e2bf93ed590] [] [] | http-nio-8080-exec-11 | c.g.service.InventoryStockService | OPERATION_SUCCESS | operation=INCREMENT_EMPTY_QTY | warehouseId=1 | variantId=1 | newQty=11
2026-01-16 18:59:42.218 | INFO  | [2eaa216f-df3b-4761-8b60-a6cacebd7fc7] [] [] | http-nio-8080-exec-2 | c.g.s.CustomerCylinderLedgerService | OPERATION_START | operation=CREATE_LEDGER_ENTRY | customerId=6 | warehouseId=1 | variantId=1
2026-01-16 18:59:42.231 | WARN  | [2eaa216f-df3b-4761-8b60-a6cacebd7fc7] [] [] | http-nio-8080-exec-2 | c.g.s.CustomerCylinderLedgerService | OPERATION_FAILED | operation=CREATE_LEDGER_ENTRY | error=Empty return exceeds filled cylinders held (after this sale) | customerId=6 | variantId=1 | previousBalance=1 | filledOut=0 | emptyIn=2
2026-01-16 19:00:52.470 | INFO  | [ad40069f-0ca7-4009-914b-4399ac6989bb] [] [] | http-nio-8080-exec-22 | c.g.s.CustomerCylinderLedgerService | OPERATION_START | operation=CREATE_LEDGER_ENTRY | customerId=6 | warehouseId=1 | variantId=1
2026-01-16 19:00:52.550 | INFO  | [ad40069f-0ca7-4009-914b-4399ac6989bb] [] [] | http-nio-8080-exec-22 | c.g.s.CustomerCylinderLedgerService | OPERATION_SUCCESS | operation=CREATE_LEDGER_ENTRY | id=16 | customerId=6 | balance=0
2026-01-16 19:00:52.562 | INFO  | [ad40069f-0ca7-4009-914b-4399ac6989bb] [] [] | http-nio-8080-exec-22 | c.g.service.InventoryStockService | OPERATION_SUCCESS | operation=INCREMENT_EMPTY_QTY | warehouseId=1 | variantId=1 | newQty=12
2026-01-16 19:35:59.433 | INFO  | [9c97c608-fbc1-415f-8c74-884f6b9b58e9] [] [] | http-nio-8080-exec-6 | c.g.service.InventoryStockService | OPERATION_START | operation=SETUP_WAREHOUSE_INVENTORY | warehouseId=1 | itemsCount=2
2026-01-16 19:35:59.552 | INFO  | [9c97c608-fbc1-415f-8c74-884f6b9b58e9] [] [] | http-nio-8080-exec-6 | c.g.service.InventoryStockService | OPERATION_SUCCESS | operation=SETUP_WAREHOUSE_INVENTORY | warehouseId=1
2026-01-16 19:49:59.038 | INFO  | [5bafdfc4-3d91-48f2-9152-8aeb24c1f5e5] [] [] | http-nio-8080-exec-10 | c.g.service.CylinderVariantService | OPERATION_START | operation=CREATE_VARIANT | name=13KG
2026-01-16 19:49:59.050 | INFO  | [5bafdfc4-3d91-48f2-9152-8aeb24c1f5e5] [] [] | http-nio-8080-exec-10 | c.g.service.CylinderVariantService | OPERATION_SUCCESS | operation=CREATE_VARIANT | id=3 | name=13KG
2026-01-16 19:53:17.123 | INFO  | [1e5b479c-47b8-4026-b278-883c78871ee6] [] [] | http-nio-8080-exec-13 | c.g.s.CustomerCylinderLedgerService | OPERATION_START | operation=CREATE_LEDGER_ENTRY | customerId=6 | warehouseId=1 | variantId=2
2026-01-16 19:53:17.265 | INFO  | [1e5b479c-47b8-4026-b278-883c78871ee6] [] [] | http-nio-8080-exec-13 | c.g.s.CustomerCylinderLedgerService | OPERATION_SUCCESS | operation=CREATE_LEDGER_ENTRY | id=17 | customerId=6 | balance=3
2026-01-16 19:53:17.277 | INFO  | [1e5b479c-47b8-4026-b278-883c78871ee6] [] [] | http-nio-8080-exec-13 | c.g.service.InventoryStockService | OPERATION_SUCCESS | operation=INCREMENT_EMPTY_QTY | warehouseId=1 | variantId=2 | newQty=2
2026-01-16 19:57:10.952 | INFO  | [cbf44c41-47dc-4ed8-91c3-af1fab9d8fbc] [] [] | http-nio-8080-exec-10 | c.g.service.CylinderVariantService | OPERATION_START | operation=CREATE_VARIANT | name=19KG
2026-01-16 19:57:10.965 | INFO  | [cbf44c41-47dc-4ed8-91c3-af1fab9d8fbc] [] [] | http-nio-8080-exec-10 | c.g.service.CylinderVariantService | OPERATION_SUCCESS | operation=CREATE_VARIANT | id=1 | name=19KG
2026-01-16 19:57:17.006 | INFO  | [d48f7df8-f4b8-4530-bad3-55a0ae719577] [] [] | http-nio-8080-exec-14 | c.g.service.CylinderVariantService | OPERATION_START | operation=CREATE_VARIANT | name=13KG
2026-01-16 19:57:17.009 | INFO  | [d48f7df8-f4b8-4530-bad3-55a0ae719577] [] [] | http-nio-8080-exec-14 | c.g.service.CylinderVariantService | OPERATION_SUCCESS | operation=CREATE_VARIANT | id=2 | name=13KG
2026-01-16 19:57:22.884 | INFO  | [0107efcd-5658-4bc6-83fd-0ec7c72b1c4e] [] [] | http-nio-8080-exec-23 | c.g.service.CylinderVariantService | OPERATION_START | operation=CREATE_VARIANT | name=5KG
2026-01-16 19:57:22.888 | INFO  | [0107efcd-5658-4bc6-83fd-0ec7c72b1c4e] [] [] | http-nio-8080-exec-23 | c.g.service.CylinderVariantService | OPERATION_SUCCESS | operation=CREATE_VARIANT | id=3 | name=5KG
2026-01-16 19:57:53.772 | INFO  | [455a31c0-864d-4eee-899d-c629fd3a496d] [] [] | http-nio-8080-exec-3 | c.g.service.InventoryStockService | OPERATION_START | operation=SETUP_WAREHOUSE_INVENTORY | warehouseId=1 | itemsCount=3
2026-01-16 19:57:53.811 | INFO  | [455a31c0-864d-4eee-899d-c629fd3a496d] [] [] | http-nio-8080-exec-3 | c.g.service.InventoryStockService | OPERATION_SUCCESS | operation=SETUP_WAREHOUSE_INVENTORY | warehouseId=1
2026-01-16 19:58:51.520 | INFO  | [0c23206d-9a30-4665-80df-ccca5dbe519d] [] [] | http-nio-8080-exec-1 | c.gasagency.service.CustomerService | OPERATION_START | operation=CREATE_CUSTOMER | name=Tushar Rokade
2026-01-16 19:58:51.538 | INFO  | [0c23206d-9a30-4665-80df-ccca5dbe519d] [] [] | http-nio-8080-exec-1 | c.g.s.CustomerCylinderLedgerService | OPERATION_START | operation=CREATE_LEDGER_ENTRY | customerId=1 | warehouseId=null | variantId=1
2026-01-16 19:58:51.556 | INFO  | [0c23206d-9a30-4665-80df-ccca5dbe519d] [] [] | http-nio-8080-exec-1 | c.g.s.CustomerCylinderLedgerService | OPERATION_SUCCESS | operation=CREATE_LEDGER_ENTRY | id=1 | customerId=1 | balance=15
2026-01-16 19:58:51.576 | INFO  | [0c23206d-9a30-4665-80df-ccca5dbe519d] [] [] | http-nio-8080-exec-1 | c.gasagency.service.CustomerService | OPERATION_SUCCESS | operation=CREATE_CUSTOMER_INITIAL_LEDGER | customerId=1 | variantId=1 | filledOut=15 | balance=15
2026-01-16 19:58:51.578 | INFO  | [0c23206d-9a30-4665-80df-ccca5dbe519d] [] [] | http-nio-8080-exec-1 | c.g.s.CustomerCylinderLedgerService | OPERATION_START | operation=CREATE_LEDGER_ENTRY | customerId=1 | warehouseId=null | variantId=2
2026-01-16 19:58:51.585 | INFO  | [0c23206d-9a30-4665-80df-ccca5dbe519d] [] [] | http-nio-8080-exec-1 | c.g.s.CustomerCylinderLedgerService | OPERATION_SUCCESS | operation=CREATE_LEDGER_ENTRY | id=2 | customerId=1 | balance=10
2026-01-16 19:58:51.591 | INFO  | [0c23206d-9a30-4665-80df-ccca5dbe519d] [] [] | http-nio-8080-exec-1 | c.gasagency.service.CustomerService | OPERATION_SUCCESS | operation=CREATE_CUSTOMER_INITIAL_LEDGER | customerId=1 | variantId=2 | filledOut=10 | balance=10
2026-01-16 19:58:51.591 | INFO  | [0c23206d-9a30-4665-80df-ccca5dbe519d] [] [] | http-nio-8080-exec-1 | c.gasagency.service.CustomerService | OPERATION_SUCCESS | operation=CREATE_CUSTOMER | id=1 | name=Tushar Rokade | mobile=9898909898
2026-01-16 19:58:51.646 | INFO  | [e3c6d6be-ed59-497e-83e2-851f5cdafde9] [] [] | http-nio-8080-exec-9 | c.g.s.CustomerVariantPriceService | OPERATION_START | operation=CREATE_CUSTOMER_VARIANT_PRICE | customerId=1 | variantId=1
2026-01-16 19:58:51.646 | INFO  | [ca59678a-4934-4d3a-958e-c2af2738138f] [] [] | http-nio-8080-exec-12 | c.g.s.CustomerVariantPriceService | OPERATION_START | operation=CREATE_CUSTOMER_VARIANT_PRICE | customerId=1 | variantId=2
2026-01-16 19:58:51.675 | INFO  | [e3c6d6be-ed59-497e-83e2-851f5cdafde9] [] [] | http-nio-8080-exec-9 | c.g.s.CustomerVariantPriceService | OPERATION_SUCCESS | operation=CREATE_CUSTOMER_VARIANT_PRICE | id=1 | customerId=1 | variantId=1
2026-01-16 19:58:51.675 | INFO  | [ca59678a-4934-4d3a-958e-c2af2738138f] [] [] | http-nio-8080-exec-12 | c.g.s.CustomerVariantPriceService | OPERATION_SUCCESS | operation=CREATE_CUSTOMER_VARIANT_PRICE | id=2 | customerId=1 | variantId=2
2026-01-16 19:59:29.912 | INFO  | [f9610bb5-dff0-4acb-b3f8-3d551d2589bc] [] [] | http-nio-8080-exec-18 | c.g.s.CustomerCylinderLedgerService | OPERATION_START | operation=CREATE_LEDGER_ENTRY | customerId=1 | warehouseId=1 | variantId=2
2026-01-16 19:59:29.925 | INFO  | [f9610bb5-dff0-4acb-b3f8-3d551d2589bc] [] [] | http-nio-8080-exec-18 | c.g.s.CustomerCylinderLedgerService | OPERATION_SUCCESS | operation=CREATE_LEDGER_ENTRY | id=3 | customerId=1 | balance=8
2026-01-16 19:59:29.932 | INFO  | [f9610bb5-dff0-4acb-b3f8-3d551d2589bc] [] [] | http-nio-8080-exec-18 | c.g.service.InventoryStockService | OPERATION_SUCCESS | operation=INCREMENT_EMPTY_QTY | warehouseId=1 | variantId=2 | newQty=202
2026-01-16 20:02:05.115 | INFO  | [3e0911e5-60f2-469a-9c40-e23ef10733b5] [] [] | http-nio-8080-exec-7 | c.g.s.CustomerCylinderLedgerService | OPERATION_START | operation=CREATE_LEDGER_ENTRY | customerId=1 | warehouseId=1 | variantId=1
2026-01-16 20:02:05.279 | INFO  | [3e0911e5-60f2-469a-9c40-e23ef10733b5] [] [] | http-nio-8080-exec-7 | c.g.s.CustomerCylinderLedgerService | OPERATION_SUCCESS | operation=CREATE_LEDGER_ENTRY | id=4 | customerId=1 | balance=12
2026-01-16 20:02:05.291 | INFO  | [3e0911e5-60f2-469a-9c40-e23ef10733b5] [] [] | http-nio-8080-exec-7 | c.g.service.InventoryStockService | OPERATION_SUCCESS | operation=INCREMENT_EMPTY_QTY | warehouseId=1 | variantId=1 | newQty=103
2026-01-16 20:09:33.578 | INFO  | [4b4b2db7-362e-4305-8ad2-70864bea91ea] [] [] | http-nio-8080-exec-22 | c.g.s.CustomerCylinderLedgerService | OPERATION_SUCCESS | operation=RECORD_PAYMENT | customerId=1 | amount=6000
2026-01-16 20:10:35.410 | INFO  | [8aab83cb-37a4-4c3a-b947-31afc9d9c418] [] [] | http-nio-8080-exec-16 | c.gasagency.service.CustomerService | OPERATION_START | operation=CREATE_CUSTOMER | name=Mahesh Patil
2026-01-16 20:10:35.433 | INFO  | [8aab83cb-37a4-4c3a-b947-31afc9d9c418] [] [] | http-nio-8080-exec-16 | c.g.s.CustomerCylinderLedgerService | OPERATION_START | operation=CREATE_LEDGER_ENTRY | customerId=2 | warehouseId=null | variantId=1
2026-01-16 20:10:35.440 | INFO  | [8aab83cb-37a4-4c3a-b947-31afc9d9c418] [] [] | http-nio-8080-exec-16 | c.g.s.CustomerCylinderLedgerService | OPERATION_SUCCESS | operation=CREATE_LEDGER_ENTRY | id=6 | customerId=2 | balance=10
2026-01-16 20:10:35.447 | INFO  | [8aab83cb-37a4-4c3a-b947-31afc9d9c418] [] [] | http-nio-8080-exec-16 | c.gasagency.service.CustomerService | OPERATION_SUCCESS | operation=CREATE_CUSTOMER_INITIAL_LEDGER | customerId=2 | variantId=1 | filledOut=10 | balance=10
2026-01-16 20:10:35.450 | INFO  | [8aab83cb-37a4-4c3a-b947-31afc9d9c418] [] [] | http-nio-8080-exec-16 | c.g.s.CustomerCylinderLedgerService | OPERATION_START | operation=CREATE_LEDGER_ENTRY | customerId=2 | warehouseId=null | variantId=2
2026-01-16 20:10:35.459 | INFO  | [8aab83cb-37a4-4c3a-b947-31afc9d9c418] [] [] | http-nio-8080-exec-16 | c.g.s.CustomerCylinderLedgerService | OPERATION_SUCCESS | operation=CREATE_LEDGER_ENTRY | id=7 | customerId=2 | balance=10
2026-01-16 20:10:35.464 | INFO  | [8aab83cb-37a4-4c3a-b947-31afc9d9c418] [] [] | http-nio-8080-exec-16 | c.gasagency.service.CustomerService | OPERATION_SUCCESS | operation=CREATE_CUSTOMER_INITIAL_LEDGER | customerId=2 | variantId=2 | filledOut=10 | balance=10
2026-01-16 20:10:35.465 | INFO  | [8aab83cb-37a4-4c3a-b947-31afc9d9c418] [] [] | http-nio-8080-exec-16 | c.gasagency.service.CustomerService | OPERATION_SUCCESS | operation=CREATE_CUSTOMER | id=2 | name=Mahesh Patil | mobile=8989876789
2026-01-16 20:10:35.525 | INFO  | [777eed76-632a-4bd8-bb3d-ca4bd01ed49a] [] [] | http-nio-8080-exec-25 | c.g.s.CustomerVariantPriceService | OPERATION_START | operation=CREATE_CUSTOMER_VARIANT_PRICE | customerId=2 | variantId=2
2026-01-16 20:10:35.525 | INFO  | [d95e9550-788b-4271-b4fc-d9b1c841aa3f] [] [] | http-nio-8080-exec-10 | c.g.s.CustomerVariantPriceService | OPERATION_START | operation=CREATE_CUSTOMER_VARIANT_PRICE | customerId=2 | variantId=1
2026-01-16 20:10:35.550 | INFO  | [d95e9550-788b-4271-b4fc-d9b1c841aa3f] [] [] | http-nio-8080-exec-10 | c.g.s.CustomerVariantPriceService | OPERATION_SUCCESS | operation=CREATE_CUSTOMER_VARIANT_PRICE | id=3 | customerId=2 | variantId=1
2026-01-16 20:10:35.550 | INFO  | [777eed76-632a-4bd8-bb3d-ca4bd01ed49a] [] [] | http-nio-8080-exec-25 | c.g.s.CustomerVariantPriceService | OPERATION_SUCCESS | operation=CREATE_CUSTOMER_VARIANT_PRICE | id=4 | customerId=2 | variantId=2
2026-01-16 20:10:59.482 | INFO  | [0c894d8d-62f6-4f28-bd00-91519169894f] [] [] | http-nio-8080-exec-22 | c.g.s.CustomerCylinderLedgerService | OPERATION_START | operation=CREATE_LEDGER_ENTRY | customerId=2 | warehouseId=1 | variantId=1
2026-01-16 20:10:59.495 | INFO  | [0c894d8d-62f6-4f28-bd00-91519169894f] [] [] | http-nio-8080-exec-22 | c.g.s.CustomerCylinderLedgerService | OPERATION_SUCCESS | operation=CREATE_LEDGER_ENTRY | id=8 | customerId=2 | balance=8
2026-01-16 20:10:59.499 | INFO  | [0c894d8d-62f6-4f28-bd00-91519169894f] [] [] | http-nio-8080-exec-22 | c.g.service.InventoryStockService | OPERATION_SUCCESS | operation=INCREMENT_EMPTY_QTY | warehouseId=1 | variantId=1 | newQty=105
2026-01-16 20:11:10.811 | INFO  | [d4b51b48-8097-4990-94c6-86c894bb7af5] [] [] | http-nio-8080-exec-16 | c.g.s.CustomerCylinderLedgerService | OPERATION_SUCCESS | operation=RECORD_PAYMENT | customerId=2 | amount=5000
2026-01-16 20:11:38.052 | INFO  | [534538f3-0ba1-4bc5-acec-6b0b5f985f38] [] [9db0d5bc-60a4-4a85-a5b5-30e0f9242389] | http-nio-8080-exec-18 | com.gasagency.service.SaleService | Creating new sale with request: com.gasagency.dto.CreateSaleRequestDTO@2a937766
2026-01-16 20:11:38.080 | INFO  | [534538f3-0ba1-4bc5-acec-6b0b5f985f38] [] [9db0d5bc-60a4-4a85-a5b5-30e0f9242389] | http-nio-8080-exec-18 | c.g.service.InventoryStockService | OPERATION_SUCCESS | operation=GET_STOCK_WAREHOUSE_VARIANT_WITH_LOCK | warehouseId=1 | variantId=1 | filledQty=200 | emptyQty=105
2026-01-16 20:11:38.085 | INFO  | [534538f3-0ba1-4bc5-acec-6b0b5f985f38] [] [9db0d5bc-60a4-4a85-a5b5-30e0f9242389] | http-nio-8080-exec-18 | com.gasagency.service.SaleService | Sale validation complete - Total amount: 3900.00, Items: 1
2026-01-16 20:11:38.122 | INFO  | [534538f3-0ba1-4bc5-acec-6b0b5f985f38] [] [9db0d5bc-60a4-4a85-a5b5-30e0f9242389] | http-nio-8080-exec-18 | com.gasagency.service.SaleService | Sale created with id: 1 for customer: Mahesh Patil - Total: 3900.00
2026-01-16 20:11:38.143 | INFO  | [534538f3-0ba1-4bc5-acec-6b0b5f985f38] [] [9db0d5bc-60a4-4a85-a5b5-30e0f9242389] | http-nio-8080-exec-18 | c.g.service.InventoryStockService | OPERATION_SUCCESS | operation=DECREMENT_FILLED_QTY | warehouseId=1 | variantId=1 | newQty=197
2026-01-16 20:11:38.149 | INFO  | [534538f3-0ba1-4bc5-acec-6b0b5f985f38] [] [9db0d5bc-60a4-4a85-a5b5-30e0f9242389] | http-nio-8080-exec-18 | c.g.s.CustomerCylinderLedgerService | OPERATION_START | operation=CREATE_LEDGER_ENTRY | customerId=2 | warehouseId=1 | variantId=1
2026-01-16 20:11:38.156 | INFO  | [534538f3-0ba1-4bc5-acec-6b0b5f985f38] [] [9db0d5bc-60a4-4a85-a5b5-30e0f9242389] | http-nio-8080-exec-18 | c.g.s.CustomerCylinderLedgerService | OPERATION_SUCCESS | operation=CREATE_LEDGER_ENTRY | id=10 | customerId=2 | balance=11
2026-01-16 20:11:38.171 | INFO  | [534538f3-0ba1-4bc5-acec-6b0b5f985f38] [] [9db0d5bc-60a4-4a85-a5b5-30e0f9242389] | http-nio-8080-exec-18 | com.gasagency.service.SaleService | Sale 1 completed successfully for customer Mahesh Patil
2026-01-16 20:11:38.172 | INFO  | [534538f3-0ba1-4bc5-acec-6b0b5f985f38] [] [9db0d5bc-60a4-4a85-a5b5-30e0f9242389] | http-nio-8080-exec-18 | com.gasagency.service.SaleService | TRANSACTION_SUMMARY | txnId=9db0d5bc-60a4-4a85-a5b5-30e0f9242389 | saleId=1 | customer=Mahesh Patil | amount=3900.00 | duration=119ms
2026-01-16 20:15:16.013 | INFO  | [dd4d3a62-df2f-4039-af50-f3684783a405] [] [0a6049af-2d63-45c6-a2ac-f0ee5cd22c60] | http-nio-8080-exec-1 | com.gasagency.service.SaleService | Creating new sale with request: com.gasagency.dto.CreateSaleRequestDTO@6bb9cf12
2026-01-16 20:15:16.060 | INFO  | [dd4d3a62-df2f-4039-af50-f3684783a405] [] [0a6049af-2d63-45c6-a2ac-f0ee5cd22c60] | http-nio-8080-exec-1 | c.g.service.InventoryStockService | OPERATION_SUCCESS | operation=GET_STOCK_WAREHOUSE_VARIANT_WITH_LOCK | warehouseId=1 | variantId=2 | filledQty=300 | emptyQty=202
2026-01-16 20:15:16.069 | INFO  | [dd4d3a62-df2f-4039-af50-f3684783a405] [] [0a6049af-2d63-45c6-a2ac-f0ee5cd22c60] | http-nio-8080-exec-1 | com.gasagency.service.SaleService | Sale validation complete - Total amount: 3300.00, Items: 1
2026-01-16 20:15:16.126 | INFO  | [dd4d3a62-df2f-4039-af50-f3684783a405] [] [0a6049af-2d63-45c6-a2ac-f0ee5cd22c60] | http-nio-8080-exec-1 | com.gasagency.service.SaleService | Sale created with id: 2 for customer: Mahesh Patil - Total: 3300.00
2026-01-16 20:15:16.144 | INFO  | [dd4d3a62-df2f-4039-af50-f3684783a405] [] [0a6049af-2d63-45c6-a2ac-f0ee5cd22c60] | http-nio-8080-exec-1 | c.g.service.InventoryStockService | OPERATION_SUCCESS | operation=DECREMENT_FILLED_QTY | warehouseId=1 | variantId=2 | newQty=297
2026-01-16 20:15:16.162 | INFO  | [dd4d3a62-df2f-4039-af50-f3684783a405] [] [0a6049af-2d63-45c6-a2ac-f0ee5cd22c60] | http-nio-8080-exec-1 | c.g.s.CustomerCylinderLedgerService | OPERATION_START | operation=CREATE_LEDGER_ENTRY | customerId=2 | warehouseId=1 | variantId=2
2026-01-16 20:15:16.186 | INFO  | [dd4d3a62-df2f-4039-af50-f3684783a405] [] [0a6049af-2d63-45c6-a2ac-f0ee5cd22c60] | http-nio-8080-exec-1 | c.g.s.CustomerCylinderLedgerService | OPERATION_SUCCESS | operation=CREATE_LEDGER_ENTRY | id=11 | customerId=2 | balance=13
2026-01-16 20:15:16.197 | INFO  | [dd4d3a62-df2f-4039-af50-f3684783a405] [] [0a6049af-2d63-45c6-a2ac-f0ee5cd22c60] | http-nio-8080-exec-1 | com.gasagency.service.SaleService | Sale 2 completed successfully for customer Mahesh Patil
2026-01-16 20:15:16.197 | INFO  | [dd4d3a62-df2f-4039-af50-f3684783a405] [] [0a6049af-2d63-45c6-a2ac-f0ee5cd22c60] | http-nio-8080-exec-1 | com.gasagency.service.SaleService | TRANSACTION_SUMMARY | txnId=0a6049af-2d63-45c6-a2ac-f0ee5cd22c60 | saleId=2 | customer=Mahesh Patil | amount=3300.00 | duration=184ms
2026-01-16 20:16:04.334 | INFO  | [44d54c50-bf0b-4412-917e-252ff6826480] [] [] | http-nio-8080-exec-14 | c.g.s.CustomerCylinderLedgerService | OPERATION_START | operation=CREATE_LEDGER_ENTRY | customerId=2 | warehouseId=1 | variantId=1
2026-01-16 20:16:04.350 | INFO  | [44d54c50-bf0b-4412-917e-252ff6826480] [] [] | http-nio-8080-exec-14 | c.g.s.CustomerCylinderLedgerService | OPERATION_SUCCESS | operation=CREATE_LEDGER_ENTRY | id=12 | customerId=2 | balance=9
2026-01-16 20:16:04.354 | INFO  | [44d54c50-bf0b-4412-917e-252ff6826480] [] [] | http-nio-8080-exec-14 | c.g.service.InventoryStockService | OPERATION_SUCCESS | operation=INCREMENT_EMPTY_QTY | warehouseId=1 | variantId=1 | newQty=107
2026-01-16 20:29:46.509 | INFO  | [53a31dd6-86bb-4a53-8744-664977485cb9] [] [] | http-nio-8080-exec-2 | c.gasagency.service.CustomerService | OPERATION_START | operation=UPDATE_CUSTOMER | id=2 | name=Mahesh Patil
2026-01-16 20:29:46.514 | INFO  | [53a31dd6-86bb-4a53-8744-664977485cb9] [] [] | http-nio-8080-exec-2 | c.gasagency.service.CustomerService | OPERATION_SUCCESS | operation=UPDATE_CUSTOMER | id=2 | name=Mahesh Patil
2026-01-16 20:29:46.567 | INFO  | [cb3c73fb-cd34-4a89-8565-b08aa755734b] [] [] | http-nio-8080-exec-6 | c.g.s.CustomerVariantPriceService | OPERATION_START | operation=UPDATE_CUSTOMER_VARIANT_PRICE | id=3
2026-01-16 20:29:46.567 | INFO  | [3e50066e-f1b0-4297-b84b-f020ca57412f] [] [] | http-nio-8080-exec-7 | c.g.s.CustomerVariantPriceService | OPERATION_START | operation=UPDATE_CUSTOMER_VARIANT_PRICE | id=4
2026-01-16 20:29:46.569 | INFO  | [cb3c73fb-cd34-4a89-8565-b08aa755734b] [] [] | http-nio-8080-exec-6 | c.g.s.CustomerVariantPriceService | OPERATION_SUCCESS | operation=UPDATE_CUSTOMER_VARIANT_PRICE | id=3 | customerId=2
2026-01-16 20:29:46.569 | INFO  | [3e50066e-f1b0-4297-b84b-f020ca57412f] [] [] | http-nio-8080-exec-7 | c.g.s.CustomerVariantPriceService | OPERATION_SUCCESS | operation=UPDATE_CUSTOMER_VARIANT_PRICE | id=4 | customerId=2
2026-01-16 20:29:46.587 | INFO  | [4f97a93d-657f-4947-a478-f13e623bc034] [] [] | http-nio-8080-exec-5 | c.g.s.CustomerVariantPriceService | OPERATION_START | operation=CREATE_CUSTOMER_VARIANT_PRICE | customerId=2 | variantId=3
2026-01-16 20:29:46.601 | INFO  | [4f97a93d-657f-4947-a478-f13e623bc034] [] [] | http-nio-8080-exec-5 | c.g.s.CustomerVariantPriceService | OPERATION_SUCCESS | operation=CREATE_CUSTOMER_VARIANT_PRICE | id=5 | customerId=2 | variantId=3
2026-01-16 20:33:43.701 | INFO  | [3ad6141b-3b5c-4c77-a617-543adf949fa6] [] [] | http-nio-8080-exec-11 | c.g.service.CylinderVariantService | OPERATION_START | operation=CREATE_VARIANT | name=4KG
2026-01-16 20:33:43.753 | INFO  | [3ad6141b-3b5c-4c77-a617-543adf949fa6] [] [] | http-nio-8080-exec-11 | c.g.service.CylinderVariantService | OPERATION_SUCCESS | operation=CREATE_VARIANT | id=4 | name=4KG
2026-01-16 20:38:04.117 | INFO  | [45ec6475-53be-46da-a820-ef5df2ec9ef4] [] [] | http-nio-8080-exec-14 | c.gasagency.service.CustomerService | OPERATION_START | operation=CREATE_CUSTOMER | name=Raj
2026-01-16 20:38:04.150 | INFO  | [45ec6475-53be-46da-a820-ef5df2ec9ef4] [] [] | http-nio-8080-exec-14 | c.g.s.CustomerCylinderLedgerService | OPERATION_START | operation=CREATE_LEDGER_ENTRY | customerId=3 | warehouseId=null | variantId=1
2026-01-16 20:38:04.164 | INFO  | [45ec6475-53be-46da-a820-ef5df2ec9ef4] [] [] | http-nio-8080-exec-14 | c.g.s.CustomerCylinderLedgerService | OPERATION_SUCCESS | operation=CREATE_LEDGER_ENTRY | id=13 | customerId=3 | balance=3
2026-01-16 20:38:04.193 | INFO  | [45ec6475-53be-46da-a820-ef5df2ec9ef4] [] [] | http-nio-8080-exec-14 | c.gasagency.service.CustomerService | OPERATION_SUCCESS | operation=CREATE_CUSTOMER_INITIAL_LEDGER | customerId=3 | variantId=1 | filledOut=3 | balance=3
2026-01-16 20:38:04.194 | INFO  | [45ec6475-53be-46da-a820-ef5df2ec9ef4] [] [] | http-nio-8080-exec-14 | c.g.s.CustomerCylinderLedgerService | OPERATION_START | operation=CREATE_LEDGER_ENTRY | customerId=3 | warehouseId=null | variantId=2
2026-01-16 20:38:04.202 | INFO  | [45ec6475-53be-46da-a820-ef5df2ec9ef4] [] [] | http-nio-8080-exec-14 | c.g.s.CustomerCylinderLedgerService | OPERATION_SUCCESS | operation=CREATE_LEDGER_ENTRY | id=14 | customerId=3 | balance=5
2026-01-16 20:38:04.207 | INFO  | [45ec6475-53be-46da-a820-ef5df2ec9ef4] [] [] | http-nio-8080-exec-14 | c.gasagency.service.CustomerService | OPERATION_SUCCESS | operation=CREATE_CUSTOMER_INITIAL_LEDGER | customerId=3 | variantId=2 | filledOut=5 | balance=5
2026-01-16 20:38:04.207 | INFO  | [45ec6475-53be-46da-a820-ef5df2ec9ef4] [] [] | http-nio-8080-exec-14 | c.gasagency.service.CustomerService | OPERATION_SUCCESS | operation=CREATE_CUSTOMER | id=3 | name=Raj | mobile=9898787890
2026-01-16 20:38:04.255 | INFO  | [8e6145fd-1e88-469b-a55b-2874c08c2f2b] [] [] | http-nio-8080-exec-16 | c.g.s.CustomerVariantPriceService | OPERATION_START | operation=CREATE_CUSTOMER_VARIANT_PRICE | customerId=3 | variantId=1
2026-01-16 20:38:04.255 | INFO  | [69859138-f2dc-44e2-b1ae-423dfcbe8177] [] [] | http-nio-8080-exec-18 | c.g.s.CustomerVariantPriceService | OPERATION_START | operation=CREATE_CUSTOMER_VARIANT_PRICE | customerId=3 | variantId=2
2026-01-16 20:38:04.275 | INFO  | [69859138-f2dc-44e2-b1ae-423dfcbe8177] [] [] | http-nio-8080-exec-18 | c.g.s.CustomerVariantPriceService | OPERATION_SUCCESS | operation=CREATE_CUSTOMER_VARIANT_PRICE | id=6 | customerId=3 | variantId=2
2026-01-16 20:38:04.276 | INFO  | [8e6145fd-1e88-469b-a55b-2874c08c2f2b] [] [] | http-nio-8080-exec-16 | c.g.s.CustomerVariantPriceService | OPERATION_SUCCESS | operation=CREATE_CUSTOMER_VARIANT_PRICE | id=7 | customerId=3 | variantId=1
2026-01-16 20:38:24.598 | INFO  | [d90f5f56-6507-4bc7-9add-3af8cd6f7dcb] [] [] | http-nio-8080-exec-2 | c.g.s.CustomerCylinderLedgerService | OPERATION_START | operation=CREATE_LEDGER_ENTRY | customerId=3 | warehouseId=1 | variantId=1
2026-01-16 20:38:24.607 | INFO  | [d90f5f56-6507-4bc7-9add-3af8cd6f7dcb] [] [] | http-nio-8080-exec-2 | c.g.s.CustomerCylinderLedgerService | OPERATION_SUCCESS | operation=CREATE_LEDGER_ENTRY | id=15 | customerId=3 | balance=0
2026-01-16 20:38:24.621 | INFO  | [d90f5f56-6507-4bc7-9add-3af8cd6f7dcb] [] [] | http-nio-8080-exec-2 | c.g.service.InventoryStockService | OPERATION_SUCCESS | operation=INCREMENT_EMPTY_QTY | warehouseId=1 | variantId=1 | newQty=110
2026-01-16 20:38:47.324 | INFO  | [749b396c-b89a-4a53-9f18-c3309663015a] [] [] | http-nio-8080-exec-15 | c.gasagency.service.CustomerService | OPERATION_START | operation=UPDATE_CUSTOMER | id=3 | name=Raj
2026-01-16 20:38:47.339 | INFO  | [749b396c-b89a-4a53-9f18-c3309663015a] [] [] | http-nio-8080-exec-15 | c.g.s.CustomerCylinderLedgerService | OPERATION_START | operation=CREATE_LEDGER_ENTRY | customerId=3 | warehouseId=null | variantId=3
2026-01-16 20:38:47.343 | INFO  | [749b396c-b89a-4a53-9f18-c3309663015a] [] [] | http-nio-8080-exec-15 | c.g.s.CustomerCylinderLedgerService | OPERATION_SUCCESS | operation=CREATE_LEDGER_ENTRY | id=16 | customerId=3 | balance=5
2026-01-16 20:38:47.349 | INFO  | [749b396c-b89a-4a53-9f18-c3309663015a] [] [] | http-nio-8080-exec-15 | c.gasagency.service.CustomerService | OPERATION_SUCCESS | operation=UPDATE_CUSTOMER_NEW_VARIANT | customerId=3 | variantId=3 | filledOut=5
2026-01-16 20:38:47.349 | INFO  | [749b396c-b89a-4a53-9f18-c3309663015a] [] [] | http-nio-8080-exec-15 | c.gasagency.service.CustomerService | OPERATION_SUCCESS | operation=UPDATE_CUSTOMER | id=3 | name=Raj
2026-01-16 20:38:47.383 | INFO  | [65861c56-aaad-4085-af52-032d1d5dd5bd] [] [] | http-nio-8080-exec-19 | c.g.s.CustomerVariantPriceService | OPERATION_START | operation=UPDATE_CUSTOMER_VARIANT_PRICE | id=7
2026-01-16 20:38:47.384 | INFO  | [65861c56-aaad-4085-af52-032d1d5dd5bd] [] [] | http-nio-8080-exec-19 | c.g.s.CustomerVariantPriceService | OPERATION_SUCCESS | operation=UPDATE_CUSTOMER_VARIANT_PRICE | id=7 | customerId=3
2026-01-16 20:38:47.387 | INFO  | [ce990b88-f7d4-40c9-b921-701d4f7724c0] [] [] | http-nio-8080-exec-21 | c.g.s.CustomerVariantPriceService | OPERATION_START | operation=UPDATE_CUSTOMER_VARIANT_PRICE | id=6
2026-01-16 20:38:47.388 | INFO  | [ce990b88-f7d4-40c9-b921-701d4f7724c0] [] [] | http-nio-8080-exec-21 | c.g.s.CustomerVariantPriceService | OPERATION_SUCCESS | operation=UPDATE_CUSTOMER_VARIANT_PRICE | id=6 | customerId=3
2026-01-16 20:38:47.408 | INFO  | [f4dda777-d661-4ddc-a4ba-02b499b0ca4e] [] [] | http-nio-8080-exec-20 | c.g.s.CustomerVariantPriceService | OPERATION_START | operation=CREATE_CUSTOMER_VARIANT_PRICE | customerId=3 | variantId=3
2026-01-16 20:38:47.414 | INFO  | [f4dda777-d661-4ddc-a4ba-02b499b0ca4e] [] [] | http-nio-8080-exec-20 | c.g.s.CustomerVariantPriceService | OPERATION_SUCCESS | operation=CREATE_CUSTOMER_VARIANT_PRICE | id=8 | customerId=3 | variantId=3
2026-01-16 20:39:22.023 | INFO  | [e85db976-c4c3-428e-ad8b-1a12532dc6ee] [] [] | http-nio-8080-exec-10 | c.gasagency.service.CustomerService | OPERATION_START | operation=UPDATE_CUSTOMER | id=3 | name=Raj
2026-01-16 20:39:22.037 | INFO  | [e85db976-c4c3-428e-ad8b-1a12532dc6ee] [] [] | http-nio-8080-exec-10 | c.gasagency.service.CustomerService | OPERATION_SUCCESS | operation=UPDATE_CUSTOMER | id=3 | name=Raj
2026-01-16 20:39:22.065 | INFO  | [f4efddec-3ffc-41c4-8c57-7c8e76a9e4f8] [] [] | http-nio-8080-exec-9 | c.g.s.CustomerVariantPriceService | OPERATION_START | operation=UPDATE_CUSTOMER_VARIANT_PRICE | id=8
2026-01-16 20:39:22.065 | INFO  | [ea34c25d-5d66-4220-9ccc-b39a6d515738] [] [] | http-nio-8080-exec-4 | c.g.s.CustomerVariantPriceService | OPERATION_START | operation=UPDATE_CUSTOMER_VARIANT_PRICE | id=6
2026-01-16 20:39:22.065 | INFO  | [f4efddec-3ffc-41c4-8c57-7c8e76a9e4f8] [] [] | http-nio-8080-exec-9 | c.g.s.CustomerVariantPriceService | OPERATION_SUCCESS | operation=UPDATE_CUSTOMER_VARIANT_PRICE | id=8 | customerId=3
2026-01-16 20:39:22.065 | INFO  | [ea34c25d-5d66-4220-9ccc-b39a6d515738] [] [] | http-nio-8080-exec-4 | c.g.s.CustomerVariantPriceService | OPERATION_SUCCESS | operation=UPDATE_CUSTOMER_VARIANT_PRICE | id=6 | customerId=3
2026-01-16 20:39:22.084 | INFO  | [17342254-ecaa-4b0d-9abb-10734ff668d5] [] [] | http-nio-8080-exec-14 | c.g.s.CustomerVariantPriceService | OPERATION_START | operation=CREATE_CUSTOMER_VARIANT_PRICE | customerId=3 | variantId=4
2026-01-16 20:39:22.084 | INFO  | [fd16e588-6376-4893-88a8-eb885d6fba1a] [] [] | http-nio-8080-exec-8 | c.g.s.CustomerVariantPriceService | OPERATION_START | operation=UPDATE_CUSTOMER_VARIANT_PRICE | id=7
2026-01-16 20:39:22.084 | INFO  | [fd16e588-6376-4893-88a8-eb885d6fba1a] [] [] | http-nio-8080-exec-8 | c.g.s.CustomerVariantPriceService | OPERATION_SUCCESS | operation=UPDATE_CUSTOMER_VARIANT_PRICE | id=7 | customerId=3
2026-01-16 20:39:22.090 | INFO  | [17342254-ecaa-4b0d-9abb-10734ff668d5] [] [] | http-nio-8080-exec-14 | c.g.s.CustomerVariantPriceService | OPERATION_SUCCESS | operation=CREATE_CUSTOMER_VARIANT_PRICE | id=9 | customerId=3 | variantId=4
2026-01-16 20:40:32.133 | INFO  | [9f016f10-9652-4cbf-b533-be0077a6b376] [] [ea3f9aa4-fd25-469c-8697-f8ad944225e9] | http-nio-8080-exec-12 | com.gasagency.service.SaleService | Creating new sale with request: com.gasagency.dto.CreateSaleRequestDTO@6d6d87c5
2026-01-16 20:40:32.160 | WARN  | [9f016f10-9652-4cbf-b533-be0077a6b376] [] [ea3f9aa4-fd25-469c-8697-f8ad944225e9] | http-nio-8080-exec-12 | c.g.service.InventoryStockService | OPERATION_FAILED | operation=GET_STOCK_WAREHOUSE_VARIANT_WITH_LOCK | error=Stock not found for warehouse | warehouseId=1 | variantId=4
2026-01-16 20:40:44.417 | INFO  | [686d0839-ba47-4a2b-82f6-d78fac8e0c90] [] [] | http-nio-8080-exec-21 | c.g.service.InventoryStockService | OPERATION_START | operation=SETUP_WAREHOUSE_INVENTORY | warehouseId=1 | itemsCount=4
2026-01-16 20:40:44.463 | INFO  | [686d0839-ba47-4a2b-82f6-d78fac8e0c90] [] [] | http-nio-8080-exec-21 | c.g.service.InventoryStockService | OPERATION_SUCCESS | operation=SETUP_WAREHOUSE_INVENTORY | warehouseId=1
2026-01-16 20:40:58.856 | INFO  | [c73721f1-d225-4633-ac6e-3568724feda3] [] [788b890c-22d9-4efc-81e2-b7510bc1a222] | http-nio-8080-exec-1 | com.gasagency.service.SaleService | Creating new sale with request: com.gasagency.dto.CreateSaleRequestDTO@3dbd300e
2026-01-16 20:40:58.863 | INFO  | [c73721f1-d225-4633-ac6e-3568724feda3] [] [788b890c-22d9-4efc-81e2-b7510bc1a222] | http-nio-8080-exec-1 | c.g.service.InventoryStockService | OPERATION_SUCCESS | operation=GET_STOCK_WAREHOUSE_VARIANT_WITH_LOCK | warehouseId=1 | variantId=4 | filledQty=100 | emptyQty=0
2026-01-16 20:40:58.866 | INFO  | [c73721f1-d225-4633-ac6e-3568724feda3] [] [788b890c-22d9-4efc-81e2-b7510bc1a222] | http-nio-8080-exec-1 | com.gasagency.service.SaleService | Sale validation complete - Total amount: 2700.00, Items: 1
2026-01-16 20:40:58.881 | INFO  | [c73721f1-d225-4633-ac6e-3568724feda3] [] [788b890c-22d9-4efc-81e2-b7510bc1a222] | http-nio-8080-exec-1 | com.gasagency.service.SaleService | Sale created with id: 3 for customer: Raj - Total: 2700.00
2026-01-16 20:40:58.902 | INFO  | [c73721f1-d225-4633-ac6e-3568724feda3] [] [788b890c-22d9-4efc-81e2-b7510bc1a222] | http-nio-8080-exec-1 | c.g.service.InventoryStockService | OPERATION_SUCCESS | operation=DECREMENT_FILLED_QTY | warehouseId=1 | variantId=4 | newQty=97
2026-01-16 20:40:58.909 | INFO  | [c73721f1-d225-4633-ac6e-3568724feda3] [] [788b890c-22d9-4efc-81e2-b7510bc1a222] | http-nio-8080-exec-1 | c.g.s.CustomerCylinderLedgerService | OPERATION_START | operation=CREATE_LEDGER_ENTRY | customerId=3 | warehouseId=1 | variantId=4
2026-01-16 20:40:58.916 | INFO  | [c73721f1-d225-4633-ac6e-3568724feda3] [] [788b890c-22d9-4efc-81e2-b7510bc1a222] | http-nio-8080-exec-1 | c.g.s.CustomerCylinderLedgerService | OPERATION_SUCCESS | operation=CREATE_LEDGER_ENTRY | id=17 | customerId=3 | balance=3
2026-01-16 20:40:58.926 | INFO  | [c73721f1-d225-4633-ac6e-3568724feda3] [] [788b890c-22d9-4efc-81e2-b7510bc1a222] | http-nio-8080-exec-1 | com.gasagency.service.SaleService | Sale 3 completed successfully for customer Raj
2026-01-16 20:40:58.926 | INFO  | [c73721f1-d225-4633-ac6e-3568724feda3] [] [788b890c-22d9-4efc-81e2-b7510bc1a222] | http-nio-8080-exec-1 | com.gasagency.service.SaleService | TRANSACTION_SUMMARY | txnId=788b890c-22d9-4efc-81e2-b7510bc1a222 | saleId=3 | customer=Raj | amount=2700.00 | duration=70ms
2026-01-16 21:21:25.875 | INFO  | [334cae34-938b-4a70-b6d9-04c6fb0bea16] [] [] | http-nio-8080-exec-6 | c.g.s.CustomerCylinderLedgerService | OPERATION_SUCCESS | operation=RECORD_PAYMENT | customerId=1 | amount=2000
2026-01-16 22:13:11.808 | INFO  | [54b2a400-31df-44a8-981e-e1b4b8b1485c] [] [a3a88355-d129-42b9-b6bb-4a54f063e10e] | http-nio-8080-exec-22 | com.gasagency.service.SaleService | Creating new sale with request: com.gasagency.dto.CreateSaleRequestDTO@3e629154
2026-01-16 22:13:11.813 | INFO  | [54b2a400-31df-44a8-981e-e1b4b8b1485c] [] [a3a88355-d129-42b9-b6bb-4a54f063e10e] | http-nio-8080-exec-22 | c.g.service.InventoryStockService | OPERATION_SUCCESS | operation=GET_STOCK_WAREHOUSE_VARIANT_WITH_LOCK | warehouseId=1 | variantId=1 | filledQty=197 | emptyQty=110
2026-01-16 22:13:11.818 | INFO  | [54b2a400-31df-44a8-981e-e1b4b8b1485c] [] [a3a88355-d129-42b9-b6bb-4a54f063e10e] | http-nio-8080-exec-22 | com.gasagency.service.SaleService | Sale validation complete - Total amount: 5000.00, Items: 1
2026-01-16 22:13:11.825 | INFO  | [54b2a400-31df-44a8-981e-e1b4b8b1485c] [] [a3a88355-d129-42b9-b6bb-4a54f063e10e] | http-nio-8080-exec-22 | com.gasagency.service.SaleService | Sale created with id: 4 for customer: Raj - Total: 5000.00
2026-01-16 22:13:11.832 | INFO  | [54b2a400-31df-44a8-981e-e1b4b8b1485c] [] [a3a88355-d129-42b9-b6bb-4a54f063e10e] | http-nio-8080-exec-22 | c.g.service.InventoryStockService | OPERATION_SUCCESS | operation=DECREMENT_FILLED_QTY | warehouseId=1 | variantId=1 | newQty=192
2026-01-16 22:13:11.839 | INFO  | [54b2a400-31df-44a8-981e-e1b4b8b1485c] [] [a3a88355-d129-42b9-b6bb-4a54f063e10e] | http-nio-8080-exec-22 | c.g.s.CustomerCylinderLedgerService | OPERATION_START | operation=CREATE_LEDGER_ENTRY | customerId=3 | warehouseId=1 | variantId=1
2026-01-16 22:13:11.846 | INFO  | [54b2a400-31df-44a8-981e-e1b4b8b1485c] [] [a3a88355-d129-42b9-b6bb-4a54f063e10e] | http-nio-8080-exec-22 | c.g.s.CustomerCylinderLedgerService | OPERATION_SUCCESS | operation=CREATE_LEDGER_ENTRY | id=19 | customerId=3 | balance=5
2026-01-16 22:13:11.853 | INFO  | [54b2a400-31df-44a8-981e-e1b4b8b1485c] [] [a3a88355-d129-42b9-b6bb-4a54f063e10e] | http-nio-8080-exec-22 | com.gasagency.service.SaleService | Sale 4 completed successfully for customer Raj
2026-01-16 22:13:11.853 | INFO  | [54b2a400-31df-44a8-981e-e1b4b8b1485c] [] [a3a88355-d129-42b9-b6bb-4a54f063e10e] | http-nio-8080-exec-22 | com.gasagency.service.SaleService | TRANSACTION_SUMMARY | txnId=a3a88355-d129-42b9-b6bb-4a54f063e10e | saleId=4 | customer=Raj | amount=5000.00 | duration=45ms
2026-01-16 22:15:44.950 | INFO  | [9c87ec42-22ac-4fab-97a4-7e77efbb155f] [] [] | http-nio-8080-exec-12 | c.g.service.InventoryStockService | OPERATION_START | operation=UPDATE_STOCK | stockId=1 | filledQty=92 | emptyQty=110
2026-01-16 22:15:44.950 | INFO  | [9c87ec42-22ac-4fab-97a4-7e77efbb155f] [] [] | http-nio-8080-exec-12 | c.g.service.InventoryStockService | OPERATION_SUCCESS | operation=UPDATE_STOCK | stockId=1
2026-01-16 22:15:44.950 | INFO  | [9c87ec42-22ac-4fab-97a4-7e77efbb155f] [] [] | http-nio-8080-exec-12 | c.g.service.InventoryStockService | OPERATION_START | operation=UPDATE_STOCK | stockId=5 | filledQty=100 | emptyQty=0
2026-01-16 22:15:44.951 | INFO  | [9c87ec42-22ac-4fab-97a4-7e77efbb155f] [] [] | http-nio-8080-exec-12 | c.g.service.InventoryStockService | OPERATION_SUCCESS | operation=UPDATE_STOCK | stockId=5
