2026-01-08 11:37:56.752 | INFO  | [b158c7ba-7b86-48ba-a2dd-018140a31bc7] [] [] | http-nio-8080-exec-2 | c.gasagency.service.SupplierService | OPERATION_START | operation=CREATE_SUPPLIER | name=HP Gas
2026-01-08 11:37:56.814 | INFO  | [b158c7ba-7b86-48ba-a2dd-018140a31bc7] [] [] | http-nio-8080-exec-2 | c.gasagency.service.SupplierService | OPERATION_SUCCESS | operation=CREATE_SUPPLIER | id=1 | name=HP Gas
2026-01-08 11:38:19.028 | INFO  | [094e02d8-8cf1-4765-9d0e-d37eaf2c9da9] [] [] | http-nio-8080-exec-5 | c.gasagency.service.CustomerService | OPERATION_START | operation=CREATE_CUSTOMER | name=Tushar
2026-01-08 11:38:19.036 | INFO  | [094e02d8-8cf1-4765-9d0e-d37eaf2c9da9] [] [] | http-nio-8080-exec-5 | c.gasagency.service.CustomerService | OPERATION_SUCCESS | operation=CREATE_CUSTOMER | id=1 | name=Tushar | mobile=8987676789
2026-01-08 11:38:32.400 | INFO  | [d3de6fc6-780b-463e-b0ea-94d79110fec6] [] [] | http-nio-8080-exec-1 | c.g.service.CylinderVariantService | OPERATION_START | operation=CREATE_VARIANT | name=19KG
2026-01-08 11:38:32.413 | INFO  | [d3de6fc6-780b-463e-b0ea-94d79110fec6] [] [] | http-nio-8080-exec-1 | c.g.service.CylinderVariantService | OPERATION_SUCCESS | operation=CREATE_VARIANT | id=1 | name=19KG
2026-01-08 11:38:39.224 | INFO  | [8dfdd3c7-0075-4572-a8b2-ceceb6fefd01] [] [] | http-nio-8080-exec-5 | c.g.service.MonthlyPriceService | OPERATION_START | operation=CREATE_PRICE | variantId=1 | month=2026-01-01
2026-01-08 11:38:39.252 | INFO  | [8dfdd3c7-0075-4572-a8b2-ceceb6fefd01] [] [] | http-nio-8080-exec-5 | c.g.service.MonthlyPriceService | OPERATION_SUCCESS | operation=CREATE_PRICE | id=1 | variant=19KG | price=2000
2026-01-08 11:38:53.069 | INFO  | [8cf5732f-9407-43e2-8f25-8444bad48a18] [] [] | http-nio-8080-exec-10 | c.g.s.SupplierTransactionService | OPERATION_START | operation=RECORD_TRANSACTION | supplierId=1 | variantId=1
2026-01-08 11:38:53.101 | INFO  | [8cf5732f-9407-43e2-8f25-8444bad48a18] [] [] | http-nio-8080-exec-10 | c.g.service.InventoryStockService | OPERATION_SUCCESS | operation=INCREMENT_FILLED_QTY | variantId=1 | newQty=20
2026-01-08 11:38:53.119 | INFO  | [8cf5732f-9407-43e2-8f25-8444bad48a18] [] [] | http-nio-8080-exec-10 | c.g.service.InventoryStockService | OPERATION_SUCCESS | operation=DECREMENT_EMPTY_QTY | variantId=1 | newQty=0
2026-01-08 11:38:53.120 | INFO  | [8cf5732f-9407-43e2-8f25-8444bad48a18] [] [] | http-nio-8080-exec-10 | c.g.s.SupplierTransactionService | OPERATION_SUCCESS | operation=RECORD_TRANSACTION | id=1 | supplierId=1 | filled=20
2026-01-08 11:39:05.473 | INFO  | [fc728254-d31d-4827-a195-e11ecdcb850b] [] [aaacb6cb-59c7-40af-8d9d-ad2c2690e102] | http-nio-8080-exec-10 | com.gasagency.service.SaleService | Creating new sale with request: com.gasagency.dto.CreateSaleRequestDTO@eeeb5ac
2026-01-08 11:39:05.483 | INFO  | [fc728254-d31d-4827-a195-e11ecdcb850b] [] [aaacb6cb-59c7-40af-8d9d-ad2c2690e102] | http-nio-8080-exec-10 | com.gasagency.service.SaleService | Sale validation complete - Total amount: 4000.00, Items: 1
2026-01-08 11:39:05.500 | INFO  | [fc728254-d31d-4827-a195-e11ecdcb850b] [] [aaacb6cb-59c7-40af-8d9d-ad2c2690e102] | http-nio-8080-exec-10 | com.gasagency.service.SaleService | Sale created with id: 1 for customer: Tushar - Total: 4000.00
2026-01-08 11:39:05.507 | INFO  | [fc728254-d31d-4827-a195-e11ecdcb850b] [] [aaacb6cb-59c7-40af-8d9d-ad2c2690e102] | http-nio-8080-exec-10 | c.g.service.InventoryStockService | OPERATION_START | operation=DECREMENT_FILLED_WITH_CHECK | variantId=1 | qty=2
2026-01-08 11:39:05.514 | INFO  | [fc728254-d31d-4827-a195-e11ecdcb850b] [] [aaacb6cb-59c7-40af-8d9d-ad2c2690e102] | http-nio-8080-exec-10 | c.g.service.InventoryStockService | OPERATION_SUCCESS | operation=DECREMENT_FILLED_QTY_CHECK | variantId=1 | newQty=18
2026-01-08 11:39:05.514 | INFO  | [fc728254-d31d-4827-a195-e11ecdcb850b] [] [aaacb6cb-59c7-40af-8d9d-ad2c2690e102] | http-nio-8080-exec-10 | c.g.service.InventoryStockService | OPERATION_START | operation=INCREMENT_EMPTY_QTY | variantId=1 | qty=0
2026-01-08 11:39:05.514 | INFO  | [fc728254-d31d-4827-a195-e11ecdcb850b] [] [aaacb6cb-59c7-40af-8d9d-ad2c2690e102] | http-nio-8080-exec-10 | c.g.service.InventoryStockService | OPERATION_SUCCESS | operation=INCREMENT_EMPTY_QTY | variantId=1 | newEmptyQty=No increment (qty=0)
2026-01-08 11:39:05.515 | INFO  | [fc728254-d31d-4827-a195-e11ecdcb850b] [] [aaacb6cb-59c7-40af-8d9d-ad2c2690e102] | http-nio-8080-exec-10 | c.g.s.CustomerCylinderLedgerService | OPERATION_START | operation=CREATE_LEDGER_ENTRY | customerId=1 | variantId=1
2026-01-08 11:39:05.523 | INFO  | [fc728254-d31d-4827-a195-e11ecdcb850b] [] [aaacb6cb-59c7-40af-8d9d-ad2c2690e102] | http-nio-8080-exec-10 | c.g.s.CustomerCylinderLedgerService | OPERATION_SUCCESS | operation=CREATE_LEDGER_ENTRY | id=1 | customerId=1 | balance=2
2026-01-08 11:39:05.524 | INFO  | [fc728254-d31d-4827-a195-e11ecdcb850b] [] [aaacb6cb-59c7-40af-8d9d-ad2c2690e102] | http-nio-8080-exec-10 | com.gasagency.service.SaleService | Sale 1 completed successfully for customer Tushar
2026-01-08 11:39:05.524 | INFO  | [fc728254-d31d-4827-a195-e11ecdcb850b] [] [aaacb6cb-59c7-40af-8d9d-ad2c2690e102] | http-nio-8080-exec-10 | com.gasagency.service.SaleService | TRANSACTION_SUMMARY | txnId=aaacb6cb-59c7-40af-8d9d-ad2c2690e102 | saleId=1 | customer=Tushar | amount=4000.00 | duration=51ms
2026-01-08 11:51:10.113 | INFO  | [8be2550f-49ae-4e12-97f4-336a160a1370] [] [] | http-nio-8080-exec-6 | c.g.service.CylinderVariantService | OPERATION_START | operation=CREATE_VARIANT | name=19KG Cylinder
2026-01-08 11:51:10.160 | INFO  | [8be2550f-49ae-4e12-97f4-336a160a1370] [] [] | http-nio-8080-exec-6 | c.g.service.CylinderVariantService | OPERATION_SUCCESS | operation=CREATE_VARIANT | id=1 | name=19KG Cylinder
2026-01-08 11:51:21.842 | INFO  | [802bf929-3a78-4c85-941a-3717eb7fc001] [] [] | http-nio-8080-exec-8 | c.g.service.CylinderVariantService | OPERATION_START | operation=CREATE_VARIANT | name=5KG Cylinder
2026-01-08 11:51:21.846 | INFO  | [802bf929-3a78-4c85-941a-3717eb7fc001] [] [] | http-nio-8080-exec-8 | c.g.service.CylinderVariantService | OPERATION_SUCCESS | operation=CREATE_VARIANT | id=2 | name=5KG Cylinder
2026-01-08 11:51:36.172 | INFO  | [cf550ff6-6643-460f-ae99-1358aeded719] [] [] | http-nio-8080-exec-1 | c.g.service.MonthlyPriceService | OPERATION_START | operation=CREATE_PRICE | variantId=2 | month=2026-01-01
2026-01-08 11:51:36.172 | INFO  | [b1af818a-9cf3-493f-bb33-3958097571a5] [] [] | http-nio-8080-exec-10 | c.g.service.MonthlyPriceService | OPERATION_START | operation=CREATE_PRICE | variantId=1 | month=2026-01-01
2026-01-08 11:51:36.210 | INFO  | [b1af818a-9cf3-493f-bb33-3958097571a5] [] [] | http-nio-8080-exec-10 | c.g.service.MonthlyPriceService | OPERATION_SUCCESS | operation=CREATE_PRICE | id=1 | variant=19KG Cylinder | price=1500
2026-01-08 11:51:36.210 | INFO  | [cf550ff6-6643-460f-ae99-1358aeded719] [] [] | http-nio-8080-exec-1 | c.g.service.MonthlyPriceService | OPERATION_SUCCESS | operation=CREATE_PRICE | id=2 | variant=5KG Cylinder | price=500
2026-01-08 11:52:31.401 | INFO  | [12ce6153-6749-4a70-8287-6adce6eafd42] [] [] | http-nio-8080-exec-5 | c.gasagency.service.SupplierService | OPERATION_START | operation=CREATE_SUPPLIER | name=HP GAS
2026-01-08 11:52:31.412 | INFO  | [12ce6153-6749-4a70-8287-6adce6eafd42] [] [] | http-nio-8080-exec-5 | c.gasagency.service.SupplierService | OPERATION_SUCCESS | operation=CREATE_SUPPLIER | id=1 | name=HP GAS
2026-01-08 11:53:00.595 | WARN  | [559b7705-4fde-4c3c-99a1-a20ff53acb78] [] [] | http-nio-8080-exec-10 | c.g.service.InventoryStockService | OPERATION_FAILED | operation=GET_STOCK_BY_VARIANT | error=Stock not found | variantId=1
2026-01-08 11:53:21.812 | INFO  | [ab15ebbd-79de-4035-9a79-d58e452b8341] [] [] | http-nio-8080-exec-1 | c.g.s.SupplierTransactionService | OPERATION_START | operation=RECORD_TRANSACTION | supplierId=1 | variantId=1
2026-01-08 11:53:21.855 | INFO  | [ab15ebbd-79de-4035-9a79-d58e452b8341] [] [] | http-nio-8080-exec-1 | c.g.service.InventoryStockService | OPERATION_SUCCESS | operation=INCREMENT_FILLED_QTY | variantId=1 | newQty=100
2026-01-08 11:53:21.878 | INFO  | [ab15ebbd-79de-4035-9a79-d58e452b8341] [] [] | http-nio-8080-exec-1 | c.g.service.InventoryStockService | OPERATION_SUCCESS | operation=DECREMENT_EMPTY_QTY | variantId=1 | newQty=0
2026-01-08 11:53:21.878 | INFO  | [ab15ebbd-79de-4035-9a79-d58e452b8341] [] [] | http-nio-8080-exec-1 | c.g.s.SupplierTransactionService | OPERATION_SUCCESS | operation=RECORD_TRANSACTION | id=1 | supplierId=1 | filled=100
2026-01-08 11:54:03.645 | INFO  | [5829e4e4-bc3d-4292-bc91-89228dec4170] [] [] | http-nio-8080-exec-8 | c.gasagency.service.CustomerService | OPERATION_START | operation=CREATE_CUSTOMER | name=Tushar Rokade
2026-01-08 11:54:03.656 | INFO  | [5829e4e4-bc3d-4292-bc91-89228dec4170] [] [] | http-nio-8080-exec-8 | c.gasagency.service.CustomerService | OPERATION_SUCCESS | operation=CREATE_CUSTOMER | id=1 | name=Tushar Rokade | mobile=8787676789
2026-01-08 11:54:19.497 | INFO  | [5779931f-4f9b-420e-a374-c3ad1f49eff6] [] [] | http-nio-8080-exec-9 | c.gasagency.service.CustomerService | OPERATION_START | operation=CREATE_CUSTOMER | name=Mahesh Patil
2026-01-08 11:54:19.506 | INFO  | [5779931f-4f9b-420e-a374-c3ad1f49eff6] [] [] | http-nio-8080-exec-9 | c.gasagency.service.CustomerService | OPERATION_SUCCESS | operation=CREATE_CUSTOMER | id=2 | name=Mahesh Patil | mobile=9898767898
2026-01-08 11:55:04.394 | INFO  | [eca0ff95-4a99-4808-b4f5-c444993f9968] [] [] | http-nio-8080-exec-10 | c.gasagency.service.CustomerService | OPERATION_START | operation=CREATE_CUSTOMER | name=Mrunal Patil
2026-01-08 11:55:04.397 | INFO  | [eca0ff95-4a99-4808-b4f5-c444993f9968] [] [] | http-nio-8080-exec-10 | c.gasagency.service.CustomerService | OPERATION_SUCCESS | operation=CREATE_CUSTOMER | id=3 | name=Mrunal Patil | mobile=7678989878
2026-01-08 11:55:40.412 | INFO  | [d6434200-0ed8-43b1-88c1-9f919677b29d] [] [] | http-nio-8080-exec-7 | c.g.s.SupplierTransactionService | OPERATION_START | operation=RECORD_TRANSACTION | supplierId=1 | variantId=2
2026-01-08 11:55:40.424 | INFO  | [d6434200-0ed8-43b1-88c1-9f919677b29d] [] [] | http-nio-8080-exec-7 | c.g.service.InventoryStockService | OPERATION_SUCCESS | operation=INCREMENT_FILLED_QTY | variantId=2 | newQty=200
2026-01-08 11:55:40.427 | INFO  | [d6434200-0ed8-43b1-88c1-9f919677b29d] [] [] | http-nio-8080-exec-7 | c.g.service.InventoryStockService | OPERATION_SUCCESS | operation=DECREMENT_EMPTY_QTY | variantId=2 | newQty=0
2026-01-08 11:55:40.427 | INFO  | [d6434200-0ed8-43b1-88c1-9f919677b29d] [] [] | http-nio-8080-exec-7 | c.g.s.SupplierTransactionService | OPERATION_SUCCESS | operation=RECORD_TRANSACTION | id=2 | supplierId=1 | filled=200
2026-01-08 11:57:37.819 | INFO  | [3e549b06-7cf3-440f-aeda-cadde37d1e4d] [] [bb42b5c7-338f-4a48-ad69-1ae643de2488] | http-nio-8080-exec-2 | com.gasagency.service.SaleService | Creating new sale with request: com.gasagency.dto.CreateSaleRequestDTO@224c0ebd
2026-01-08 11:57:37.834 | INFO  | [3e549b06-7cf3-440f-aeda-cadde37d1e4d] [] [bb42b5c7-338f-4a48-ad69-1ae643de2488] | http-nio-8080-exec-2 | com.gasagency.service.SaleService | Sale validation complete - Total amount: 4300.00, Items: 1
2026-01-08 11:57:37.861 | INFO  | [3e549b06-7cf3-440f-aeda-cadde37d1e4d] [] [bb42b5c7-338f-4a48-ad69-1ae643de2488] | http-nio-8080-exec-2 | com.gasagency.service.SaleService | Sale created with id: 1 for customer: Tushar Rokade - Total: 4300.00
2026-01-08 11:57:37.872 | INFO  | [3e549b06-7cf3-440f-aeda-cadde37d1e4d] [] [bb42b5c7-338f-4a48-ad69-1ae643de2488] | http-nio-8080-exec-2 | c.g.service.InventoryStockService | OPERATION_START | operation=DECREMENT_FILLED_WITH_CHECK | variantId=1 | qty=3
2026-01-08 11:57:37.882 | INFO  | [3e549b06-7cf3-440f-aeda-cadde37d1e4d] [] [bb42b5c7-338f-4a48-ad69-1ae643de2488] | http-nio-8080-exec-2 | c.g.service.InventoryStockService | OPERATION_SUCCESS | operation=DECREMENT_FILLED_QTY_CHECK | variantId=1 | newQty=97
2026-01-08 11:57:37.882 | INFO  | [3e549b06-7cf3-440f-aeda-cadde37d1e4d] [] [bb42b5c7-338f-4a48-ad69-1ae643de2488] | http-nio-8080-exec-2 | c.g.service.InventoryStockService | OPERATION_START | operation=INCREMENT_EMPTY_QTY | variantId=1 | qty=0
2026-01-08 11:57:37.882 | INFO  | [3e549b06-7cf3-440f-aeda-cadde37d1e4d] [] [bb42b5c7-338f-4a48-ad69-1ae643de2488] | http-nio-8080-exec-2 | c.g.service.InventoryStockService | OPERATION_SUCCESS | operation=INCREMENT_EMPTY_QTY | variantId=1 | newEmptyQty=No increment (qty=0)
2026-01-08 11:57:37.886 | INFO  | [3e549b06-7cf3-440f-aeda-cadde37d1e4d] [] [bb42b5c7-338f-4a48-ad69-1ae643de2488] | http-nio-8080-exec-2 | c.g.s.CustomerCylinderLedgerService | OPERATION_START | operation=CREATE_LEDGER_ENTRY | customerId=1 | variantId=1
2026-01-08 11:57:37.903 | INFO  | [3e549b06-7cf3-440f-aeda-cadde37d1e4d] [] [bb42b5c7-338f-4a48-ad69-1ae643de2488] | http-nio-8080-exec-2 | c.g.s.CustomerCylinderLedgerService | OPERATION_SUCCESS | operation=CREATE_LEDGER_ENTRY | id=1 | customerId=1 | balance=3
2026-01-08 11:57:37.903 | INFO  | [3e549b06-7cf3-440f-aeda-cadde37d1e4d] [] [bb42b5c7-338f-4a48-ad69-1ae643de2488] | http-nio-8080-exec-2 | com.gasagency.service.SaleService | Sale 1 completed successfully for customer Tushar Rokade
2026-01-08 11:57:37.904 | INFO  | [3e549b06-7cf3-440f-aeda-cadde37d1e4d] [] [bb42b5c7-338f-4a48-ad69-1ae643de2488] | http-nio-8080-exec-2 | com.gasagency.service.SaleService | TRANSACTION_SUMMARY | txnId=bb42b5c7-338f-4a48-ad69-1ae643de2488 | saleId=1 | customer=Tushar Rokade | amount=4300.00 | duration=84ms
2026-01-08 11:58:00.490 | INFO  | [d3df8bcf-0b76-440f-8224-9051f948a5d9] [] [1f1bca46-cabd-4b94-b0ef-d7e837bbd948] | http-nio-8080-exec-7 | com.gasagency.service.SaleService | Creating new sale with request: com.gasagency.dto.CreateSaleRequestDTO@2469cfc2
2026-01-08 11:58:00.502 | INFO  | [d3df8bcf-0b76-440f-8224-9051f948a5d9] [] [1f1bca46-cabd-4b94-b0ef-d7e837bbd948] | http-nio-8080-exec-7 | com.gasagency.service.SaleService | Sale validation complete - Total amount: 400.00, Items: 1
2026-01-08 11:58:00.507 | INFO  | [d3df8bcf-0b76-440f-8224-9051f948a5d9] [] [1f1bca46-cabd-4b94-b0ef-d7e837bbd948] | http-nio-8080-exec-7 | com.gasagency.service.SaleService | Sale created with id: 2 for customer: Mahesh Patil - Total: 400.00
2026-01-08 11:58:00.512 | INFO  | [d3df8bcf-0b76-440f-8224-9051f948a5d9] [] [1f1bca46-cabd-4b94-b0ef-d7e837bbd948] | http-nio-8080-exec-7 | c.g.service.InventoryStockService | OPERATION_START | operation=DECREMENT_FILLED_WITH_CHECK | variantId=2 | qty=1
2026-01-08 11:58:00.516 | INFO  | [d3df8bcf-0b76-440f-8224-9051f948a5d9] [] [1f1bca46-cabd-4b94-b0ef-d7e837bbd948] | http-nio-8080-exec-7 | c.g.service.InventoryStockService | OPERATION_SUCCESS | operation=DECREMENT_FILLED_QTY_CHECK | variantId=2 | newQty=199
2026-01-08 11:58:00.517 | INFO  | [d3df8bcf-0b76-440f-8224-9051f948a5d9] [] [1f1bca46-cabd-4b94-b0ef-d7e837bbd948] | http-nio-8080-exec-7 | c.g.service.InventoryStockService | OPERATION_START | operation=INCREMENT_EMPTY_QTY | variantId=2 | qty=0
2026-01-08 11:58:00.517 | INFO  | [d3df8bcf-0b76-440f-8224-9051f948a5d9] [] [1f1bca46-cabd-4b94-b0ef-d7e837bbd948] | http-nio-8080-exec-7 | c.g.service.InventoryStockService | OPERATION_SUCCESS | operation=INCREMENT_EMPTY_QTY | variantId=2 | newEmptyQty=No increment (qty=0)
2026-01-08 11:58:00.517 | INFO  | [d3df8bcf-0b76-440f-8224-9051f948a5d9] [] [1f1bca46-cabd-4b94-b0ef-d7e837bbd948] | http-nio-8080-exec-7 | c.g.s.CustomerCylinderLedgerService | OPERATION_START | operation=CREATE_LEDGER_ENTRY | customerId=2 | variantId=2
2026-01-08 11:58:00.525 | INFO  | [d3df8bcf-0b76-440f-8224-9051f948a5d9] [] [1f1bca46-cabd-4b94-b0ef-d7e837bbd948] | http-nio-8080-exec-7 | c.g.s.CustomerCylinderLedgerService | OPERATION_SUCCESS | operation=CREATE_LEDGER_ENTRY | id=2 | customerId=2 | balance=1
2026-01-08 11:58:00.525 | INFO  | [d3df8bcf-0b76-440f-8224-9051f948a5d9] [] [1f1bca46-cabd-4b94-b0ef-d7e837bbd948] | http-nio-8080-exec-7 | com.gasagency.service.SaleService | Sale 2 completed successfully for customer Mahesh Patil
2026-01-08 11:58:00.525 | INFO  | [d3df8bcf-0b76-440f-8224-9051f948a5d9] [] [1f1bca46-cabd-4b94-b0ef-d7e837bbd948] | http-nio-8080-exec-7 | com.gasagency.service.SaleService | TRANSACTION_SUMMARY | txnId=1f1bca46-cabd-4b94-b0ef-d7e837bbd948 | saleId=2 | customer=Mahesh Patil | amount=400.00 | duration=35ms
2026-01-08 11:58:58.349 | INFO  | [293fd32b-11ed-465f-b1cf-d891390e499a] [] [30100cb8-1a67-484f-8447-fef47d819c4c] | http-nio-8080-exec-1 | com.gasagency.service.SaleService | Creating new sale with request: com.gasagency.dto.CreateSaleRequestDTO@3f03c0d7
2026-01-08 11:58:58.363 | INFO  | [293fd32b-11ed-465f-b1cf-d891390e499a] [] [30100cb8-1a67-484f-8447-fef47d819c4c] | http-nio-8080-exec-1 | com.gasagency.service.SaleService | Sale validation complete - Total amount: 1000.00, Items: 1
2026-01-08 11:58:58.367 | INFO  | [293fd32b-11ed-465f-b1cf-d891390e499a] [] [30100cb8-1a67-484f-8447-fef47d819c4c] | http-nio-8080-exec-1 | com.gasagency.service.SaleService | Sale created with id: 3 for customer: Tushar Rokade - Total: 1000.00
2026-01-08 11:58:58.370 | INFO  | [293fd32b-11ed-465f-b1cf-d891390e499a] [] [30100cb8-1a67-484f-8447-fef47d819c4c] | http-nio-8080-exec-1 | c.g.service.InventoryStockService | OPERATION_START | operation=DECREMENT_FILLED_WITH_CHECK | variantId=2 | qty=2
2026-01-08 11:58:58.374 | INFO  | [293fd32b-11ed-465f-b1cf-d891390e499a] [] [30100cb8-1a67-484f-8447-fef47d819c4c] | http-nio-8080-exec-1 | c.g.service.InventoryStockService | OPERATION_SUCCESS | operation=DECREMENT_FILLED_QTY_CHECK | variantId=2 | newQty=197
2026-01-08 11:58:58.374 | INFO  | [293fd32b-11ed-465f-b1cf-d891390e499a] [] [30100cb8-1a67-484f-8447-fef47d819c4c] | http-nio-8080-exec-1 | c.g.service.InventoryStockService | OPERATION_START | operation=INCREMENT_EMPTY_QTY | variantId=2 | qty=0
2026-01-08 11:58:58.374 | INFO  | [293fd32b-11ed-465f-b1cf-d891390e499a] [] [30100cb8-1a67-484f-8447-fef47d819c4c] | http-nio-8080-exec-1 | c.g.service.InventoryStockService | OPERATION_SUCCESS | operation=INCREMENT_EMPTY_QTY | variantId=2 | newEmptyQty=No increment (qty=0)
2026-01-08 11:58:58.374 | INFO  | [293fd32b-11ed-465f-b1cf-d891390e499a] [] [30100cb8-1a67-484f-8447-fef47d819c4c] | http-nio-8080-exec-1 | c.g.s.CustomerCylinderLedgerService | OPERATION_START | operation=CREATE_LEDGER_ENTRY | customerId=1 | variantId=2
2026-01-08 11:58:58.381 | INFO  | [293fd32b-11ed-465f-b1cf-d891390e499a] [] [30100cb8-1a67-484f-8447-fef47d819c4c] | http-nio-8080-exec-1 | c.g.s.CustomerCylinderLedgerService | OPERATION_SUCCESS | operation=CREATE_LEDGER_ENTRY | id=3 | customerId=1 | balance=2
2026-01-08 11:58:58.381 | INFO  | [293fd32b-11ed-465f-b1cf-d891390e499a] [] [30100cb8-1a67-484f-8447-fef47d819c4c] | http-nio-8080-exec-1 | com.gasagency.service.SaleService | Sale 3 completed successfully for customer Tushar Rokade
2026-01-08 11:58:58.382 | INFO  | [293fd32b-11ed-465f-b1cf-d891390e499a] [] [30100cb8-1a67-484f-8447-fef47d819c4c] | http-nio-8080-exec-1 | com.gasagency.service.SaleService | TRANSACTION_SUMMARY | txnId=30100cb8-1a67-484f-8447-fef47d819c4c | saleId=3 | customer=Tushar Rokade | amount=1000.00 | duration=32ms
2026-01-08 12:08:07.101 | INFO  | [e5aa8a7a-23fd-4daa-b4fb-cfe54273837e] [] [] | http-nio-8080-exec-7 | c.g.s.SupplierTransactionService | OPERATION_START | operation=RECORD_TRANSACTION | supplierId=1 | variantId=2
2026-01-08 12:08:07.110 | INFO  | [e5aa8a7a-23fd-4daa-b4fb-cfe54273837e] [] [] | http-nio-8080-exec-7 | c.g.service.InventoryStockService | OPERATION_SUCCESS | operation=INCREMENT_FILLED_QTY | variantId=2 | newQty=207
2026-01-08 12:08:07.116 | INFO  | [e5aa8a7a-23fd-4daa-b4fb-cfe54273837e] [] [] | http-nio-8080-exec-7 | c.g.service.InventoryStockService | OPERATION_SUCCESS | operation=DECREMENT_EMPTY_QTY | variantId=2 | newQty=0
2026-01-08 12:08:07.116 | INFO  | [e5aa8a7a-23fd-4daa-b4fb-cfe54273837e] [] [] | http-nio-8080-exec-7 | c.g.s.SupplierTransactionService | OPERATION_SUCCESS | operation=RECORD_TRANSACTION | id=3 | supplierId=1 | filled=10
2026-01-08 16:52:48.777 | INFO  | [60d2bd59-9e6d-4cbc-913b-e0d5e76a2966] [] [] | http-nio-8080-exec-9 | c.g.service.MonthlyPriceService | OPERATION_START | operation=CREATE_PRICE | variantId=1 | month=2026-02-01
2026-01-08 16:52:48.777 | INFO  | [5f0b2b48-83d2-471c-ac01-f63110a14277] [] [] | http-nio-8080-exec-10 | c.g.service.MonthlyPriceService | OPERATION_START | operation=CREATE_PRICE | variantId=2 | month=2026-02-01
2026-01-08 16:52:48.872 | INFO  | [60d2bd59-9e6d-4cbc-913b-e0d5e76a2966] [] [] | http-nio-8080-exec-9 | c.g.service.MonthlyPriceService | OPERATION_SUCCESS | operation=CREATE_PRICE | id=3 | variant=19KG Cylinder | price=1500
2026-01-08 16:52:48.872 | INFO  | [5f0b2b48-83d2-471c-ac01-f63110a14277] [] [] | http-nio-8080-exec-10 | c.g.service.MonthlyPriceService | OPERATION_SUCCESS | operation=CREATE_PRICE | id=4 | variant=5KG Cylinder | price=900
2026-01-08 16:53:16.854 | INFO  | [e0934c9c-dd47-46e4-87a4-8117cfd9f4df] [] [] | http-nio-8080-exec-8 | c.g.service.MonthlyPriceService | OPERATION_START | operation=UPDATE_PRICE | id=3
2026-01-08 16:53:16.854 | INFO  | [2157abe7-0479-4a57-966c-fa7f867965f7] [] [] | http-nio-8080-exec-6 | c.g.service.MonthlyPriceService | OPERATION_START | operation=UPDATE_PRICE | id=4
2026-01-08 16:53:16.864 | INFO  | [e0934c9c-dd47-46e4-87a4-8117cfd9f4df] [] [] | http-nio-8080-exec-8 | c.g.service.MonthlyPriceService | OPERATION_SUCCESS | operation=UPDATE_PRICE | id=3 | price=2000
2026-01-08 16:53:16.864 | INFO  | [2157abe7-0479-4a57-966c-fa7f867965f7] [] [] | http-nio-8080-exec-6 | c.g.service.MonthlyPriceService | OPERATION_SUCCESS | operation=UPDATE_PRICE | id=4 | price=900
2026-01-08 16:59:58.076 | INFO  | [f28b727c-0cc3-4abf-9b52-a0c4b76139e2] [] [] | http-nio-8080-exec-9 | c.g.s.CustomerCylinderLedgerService | OPERATION_START | operation=CREATE_LEDGER_ENTRY | customerId=1 | variantId=1
2026-01-08 16:59:58.089 | INFO  | [f28b727c-0cc3-4abf-9b52-a0c4b76139e2] [] [] | http-nio-8080-exec-9 | c.g.s.CustomerCylinderLedgerService | OPERATION_SUCCESS | operation=CREATE_LEDGER_ENTRY | id=4 | customerId=1 | balance=0
2026-01-08 16:59:58.090 | INFO  | [f28b727c-0cc3-4abf-9b52-a0c4b76139e2] [] [] | http-nio-8080-exec-9 | c.g.service.InventoryStockService | OPERATION_START | operation=INCREMENT_EMPTY_QTY | variantId=1 | qty=3
2026-01-08 16:59:58.097 | INFO  | [f28b727c-0cc3-4abf-9b52-a0c4b76139e2] [] [] | http-nio-8080-exec-9 | c.g.service.InventoryStockService | OPERATION_SUCCESS | operation=INCREMENT_EMPTY_QTY | variantId=1 | newEmptyQty=3
2026-01-08 20:06:19.842 | INFO  | [3633c1f1-42d1-402c-be1a-bb660dd30ea3] [] [] | http-nio-8080-exec-3 | c.g.s.SupplierTransactionService | OPERATION_START | operation=RECORD_TRANSACTION | supplierId=1 | variantId=1
2026-01-08 20:06:19.921 | INFO  | [3633c1f1-42d1-402c-be1a-bb660dd30ea3] [] [] | http-nio-8080-exec-3 | c.g.service.InventoryStockService | OPERATION_SUCCESS | operation=INCREMENT_FILLED_QTY | variantId=1 | newQty=217
2026-01-08 20:06:19.937 | INFO  | [3633c1f1-42d1-402c-be1a-bb660dd30ea3] [] [] | http-nio-8080-exec-3 | c.g.service.InventoryStockService | OPERATION_SUCCESS | operation=DECREMENT_EMPTY_QTY | variantId=1 | newQty=3
2026-01-08 20:06:19.937 | INFO  | [3633c1f1-42d1-402c-be1a-bb660dd30ea3] [] [] | http-nio-8080-exec-3 | c.g.s.SupplierTransactionService | OPERATION_SUCCESS | operation=RECORD_TRANSACTION | id=4 | supplierId=1 | filled=120
2026-01-08 20:46:56.793 | INFO  | [93c0cb7f-9dbf-43b0-b581-cc8bc70af774] [] [] | http-nio-8080-exec-2 | c.gasagency.service.SupplierService | OPERATION_START | operation=CREATE_SUPPLIER | name=HP Gas
2026-01-08 20:46:56.831 | INFO  | [93c0cb7f-9dbf-43b0-b581-cc8bc70af774] [] [] | http-nio-8080-exec-2 | c.gasagency.service.SupplierService | OPERATION_SUCCESS | operation=CREATE_SUPPLIER | id=1 | name=HP Gas
2026-01-08 20:47:22.740 | INFO  | [d06be11a-ca41-4b37-8f64-797bed26925e] [] [] | http-nio-8080-exec-4 | c.gasagency.service.CustomerService | OPERATION_START | operation=CREATE_CUSTOMER | name=Tushar Rokade
2026-01-08 20:47:22.782 | INFO  | [d06be11a-ca41-4b37-8f64-797bed26925e] [] [] | http-nio-8080-exec-4 | c.gasagency.service.CustomerService | OPERATION_SUCCESS | operation=CREATE_CUSTOMER | id=1 | name=Tushar Rokade | mobile=8987879809
2026-01-08 20:47:39.301 | INFO  | [b5a05f7b-6f15-4904-a25c-b91184b78677] [] [] | http-nio-8080-exec-6 | c.gasagency.service.CustomerService | OPERATION_START | operation=CREATE_CUSTOMER | name=Mahesh Patil
2026-01-08 20:47:39.314 | INFO  | [b5a05f7b-6f15-4904-a25c-b91184b78677] [] [] | http-nio-8080-exec-6 | c.gasagency.service.CustomerService | OPERATION_SUCCESS | operation=CREATE_CUSTOMER | id=2 | name=Mahesh Patil | mobile=8787980987
2026-01-08 20:48:00.981 | INFO  | [2ddbf1ed-0cb6-43b5-a585-9d9335244aca] [] [] | http-nio-8080-exec-8 | c.gasagency.service.CustomerService | OPERATION_START | operation=CREATE_CUSTOMER | name=Prashant Patil
2026-01-08 20:48:00.994 | INFO  | [2ddbf1ed-0cb6-43b5-a585-9d9335244aca] [] [] | http-nio-8080-exec-8 | c.gasagency.service.CustomerService | OPERATION_SUCCESS | operation=CREATE_CUSTOMER | id=3 | name=Prashant Patil | mobile=6767898765
2026-01-08 20:48:17.424 | INFO  | [36844b5e-ed4f-4595-9325-e0761d331dc5] [] [] | http-nio-8080-exec-7 | c.gasagency.service.CustomerService | OPERATION_START | operation=CREATE_CUSTOMER | name=Raj Shinde
2026-01-08 20:48:17.438 | INFO  | [36844b5e-ed4f-4595-9325-e0761d331dc5] [] [] | http-nio-8080-exec-7 | c.gasagency.service.CustomerService | OPERATION_SUCCESS | operation=CREATE_CUSTOMER | id=4 | name=Raj Shinde | mobile=8876454356
2026-01-08 20:48:41.015 | INFO  | [dc7d0b4a-48ff-45f6-b574-51cb48c19706] [] [] | http-nio-8080-exec-9 | c.g.service.CylinderVariantService | OPERATION_START | operation=CREATE_VARIANT | name=19KG Cylinder
2026-01-08 20:48:41.048 | INFO  | [dc7d0b4a-48ff-45f6-b574-51cb48c19706] [] [] | http-nio-8080-exec-9 | c.g.service.CylinderVariantService | OPERATION_SUCCESS | operation=CREATE_VARIANT | id=1 | name=19KG Cylinder
2026-01-08 20:48:50.369 | INFO  | [5aecff21-104a-4551-b375-d424a6815036] [] [] | http-nio-8080-exec-10 | c.g.service.CylinderVariantService | OPERATION_START | operation=CREATE_VARIANT | name=5KG Cylinder
2026-01-08 20:48:50.378 | INFO  | [5aecff21-104a-4551-b375-d424a6815036] [] [] | http-nio-8080-exec-10 | c.g.service.CylinderVariantService | OPERATION_SUCCESS | operation=CREATE_VARIANT | id=2 | name=5KG Cylinder
2026-01-08 20:48:59.778 | INFO  | [a21a0dca-32ef-46bc-9484-be3e6436f5f9] [] [] | http-nio-8080-exec-8 | c.g.service.MonthlyPriceService | OPERATION_START | operation=CREATE_PRICE | variantId=2 | month=2026-01-01
2026-01-08 20:48:59.782 | INFO  | [964903db-0e41-4876-8b32-6a49f4f722c2] [] [] | http-nio-8080-exec-1 | c.g.service.MonthlyPriceService | OPERATION_START | operation=CREATE_PRICE | variantId=1 | month=2026-01-01
2026-01-08 20:48:59.827 | INFO  | [964903db-0e41-4876-8b32-6a49f4f722c2] [] [] | http-nio-8080-exec-1 | c.g.service.MonthlyPriceService | OPERATION_SUCCESS | operation=CREATE_PRICE | id=1 | variant=19KG Cylinder | price=500
2026-01-08 20:48:59.827 | INFO  | [a21a0dca-32ef-46bc-9484-be3e6436f5f9] [] [] | http-nio-8080-exec-8 | c.g.service.MonthlyPriceService | OPERATION_SUCCESS | operation=CREATE_PRICE | id=2 | variant=5KG Cylinder | price=1500
2026-01-08 20:49:21.177 | INFO  | [4e6b6d3e-ebc0-49b4-99d8-d7a33842d52e] [] [] | http-nio-8080-exec-10 | c.g.s.SupplierTransactionService | OPERATION_START | operation=RECORD_TRANSACTION | supplierId=1 | variantId=1
2026-01-08 20:49:21.281 | INFO  | [4e6b6d3e-ebc0-49b4-99d8-d7a33842d52e] [] [] | http-nio-8080-exec-10 | c.g.service.InventoryStockService | OPERATION_SUCCESS | operation=INCREMENT_FILLED_QTY | variantId=1 | newQty=100
2026-01-08 20:49:21.346 | INFO  | [4e6b6d3e-ebc0-49b4-99d8-d7a33842d52e] [] [] | http-nio-8080-exec-10 | c.g.service.InventoryStockService | OPERATION_SUCCESS | operation=DECREMENT_EMPTY_QTY | variantId=1 | newQty=0
2026-01-08 20:49:21.347 | INFO  | [4e6b6d3e-ebc0-49b4-99d8-d7a33842d52e] [] [] | http-nio-8080-exec-10 | c.g.s.SupplierTransactionService | OPERATION_SUCCESS | operation=RECORD_TRANSACTION | id=1 | supplierId=1 | filled=100
2026-01-08 20:49:40.463 | INFO  | [557c3e83-ac6c-4971-8914-572a5429fe0d] [] [] | http-nio-8080-exec-6 | c.g.s.SupplierTransactionService | OPERATION_START | operation=RECORD_TRANSACTION | supplierId=1 | variantId=2
2026-01-08 20:49:40.491 | INFO  | [557c3e83-ac6c-4971-8914-572a5429fe0d] [] [] | http-nio-8080-exec-6 | c.g.service.InventoryStockService | OPERATION_SUCCESS | operation=INCREMENT_FILLED_QTY | variantId=2 | newQty=200
2026-01-08 20:49:40.502 | INFO  | [557c3e83-ac6c-4971-8914-572a5429fe0d] [] [] | http-nio-8080-exec-6 | c.g.service.InventoryStockService | OPERATION_SUCCESS | operation=DECREMENT_EMPTY_QTY | variantId=2 | newQty=0
2026-01-08 20:49:40.503 | INFO  | [557c3e83-ac6c-4971-8914-572a5429fe0d] [] [] | http-nio-8080-exec-6 | c.g.s.SupplierTransactionService | OPERATION_SUCCESS | operation=RECORD_TRANSACTION | id=2 | supplierId=1 | filled=200
2026-01-08 20:49:57.421 | INFO  | [78f8ede2-ea8a-4b1c-836c-2124f21147ab] [] [] | http-nio-8080-exec-3 | c.g.s.SupplierTransactionService | OPERATION_START | operation=UPDATE_TRANSACTION | id=2 | supplierId=1 | variantId=2
2026-01-08 20:49:57.444 | INFO  | [78f8ede2-ea8a-4b1c-836c-2124f21147ab] [] [] | http-nio-8080-exec-3 | c.g.service.InventoryStockService | OPERATION_SUCCESS | operation=DECREMENT_FILLED_QTY | variantId=2 | newQty=0
2026-01-08 20:49:57.445 | INFO  | [78f8ede2-ea8a-4b1c-836c-2124f21147ab] [] [] | http-nio-8080-exec-3 | c.g.service.InventoryStockService | OPERATION_SUCCESS | operation=INCREMENT_EMPTY_QTY | variantId=2 | newQty=0
2026-01-08 20:49:57.445 | INFO  | [78f8ede2-ea8a-4b1c-836c-2124f21147ab] [] [] | http-nio-8080-exec-3 | c.g.service.InventoryStockService | OPERATION_START | operation=INCREMENT_EMPTY_QTY | variantId=2 | qty=0
2026-01-08 20:49:57.446 | INFO  | [78f8ede2-ea8a-4b1c-836c-2124f21147ab] [] [] | http-nio-8080-exec-3 | c.g.service.InventoryStockService | OPERATION_SUCCESS | operation=INCREMENT_EMPTY_QTY | variantId=2 | newEmptyQty=No increment (qty=0)
2026-01-08 20:49:57.460 | INFO  | [78f8ede2-ea8a-4b1c-836c-2124f21147ab] [] [] | http-nio-8080-exec-3 | c.g.service.InventoryStockService | OPERATION_SUCCESS | operation=INCREMENT_FILLED_QTY | variantId=2 | newQty=20
2026-01-08 20:49:57.471 | INFO  | [78f8ede2-ea8a-4b1c-836c-2124f21147ab] [] [] | http-nio-8080-exec-3 | c.g.service.InventoryStockService | OPERATION_SUCCESS | operation=DECREMENT_EMPTY_QTY | variantId=2 | newQty=0
2026-01-08 20:49:57.471 | INFO  | [78f8ede2-ea8a-4b1c-836c-2124f21147ab] [] [] | http-nio-8080-exec-3 | c.g.s.SupplierTransactionService | OPERATION_SUCCESS | operation=UPDATE_TRANSACTION | id=2 | supplierId=1 | filled=20
2026-01-08 20:50:19.935 | INFO  | [f9f4817b-37ba-40bd-b488-5b0ece21b1dd] [] [] | http-nio-8080-exec-7 | c.g.s.SupplierTransactionService | OPERATION_START | operation=UPDATE_TRANSACTION | id=2 | supplierId=1 | variantId=2
2026-01-08 20:50:19.952 | INFO  | [f9f4817b-37ba-40bd-b488-5b0ece21b1dd] [] [] | http-nio-8080-exec-7 | c.g.service.InventoryStockService | OPERATION_SUCCESS | operation=DECREMENT_FILLED_QTY | variantId=2 | newQty=0
2026-01-08 20:50:19.953 | INFO  | [f9f4817b-37ba-40bd-b488-5b0ece21b1dd] [] [] | http-nio-8080-exec-7 | c.g.service.InventoryStockService | OPERATION_SUCCESS | operation=INCREMENT_EMPTY_QTY | variantId=2 | newQty=0
2026-01-08 20:50:19.953 | INFO  | [f9f4817b-37ba-40bd-b488-5b0ece21b1dd] [] [] | http-nio-8080-exec-7 | c.g.service.InventoryStockService | OPERATION_START | operation=INCREMENT_EMPTY_QTY | variantId=2 | qty=0
2026-01-08 20:50:19.953 | INFO  | [f9f4817b-37ba-40bd-b488-5b0ece21b1dd] [] [] | http-nio-8080-exec-7 | c.g.service.InventoryStockService | OPERATION_SUCCESS | operation=INCREMENT_EMPTY_QTY | variantId=2 | newEmptyQty=No increment (qty=0)
2026-01-08 20:50:19.966 | INFO  | [f9f4817b-37ba-40bd-b488-5b0ece21b1dd] [] [] | http-nio-8080-exec-7 | c.g.service.InventoryStockService | OPERATION_SUCCESS | operation=INCREMENT_FILLED_QTY | variantId=2 | newQty=5
2026-01-08 20:50:19.978 | INFO  | [f9f4817b-37ba-40bd-b488-5b0ece21b1dd] [] [] | http-nio-8080-exec-7 | c.g.service.InventoryStockService | OPERATION_SUCCESS | operation=DECREMENT_EMPTY_QTY | variantId=2 | newQty=0
2026-01-08 20:50:19.979 | INFO  | [f9f4817b-37ba-40bd-b488-5b0ece21b1dd] [] [] | http-nio-8080-exec-7 | c.g.s.SupplierTransactionService | OPERATION_SUCCESS | operation=UPDATE_TRANSACTION | id=2 | supplierId=1 | filled=5
2026-01-08 20:50:25.956 | INFO  | [fc4f7930-c9dc-4159-a129-1688f494cabe] [] [] | http-nio-8080-exec-6 | c.g.s.SupplierTransactionService | OPERATION_START | operation=UPDATE_TRANSACTION | id=1 | supplierId=1 | variantId=1
2026-01-08 20:50:25.972 | INFO  | [fc4f7930-c9dc-4159-a129-1688f494cabe] [] [] | http-nio-8080-exec-6 | c.g.service.InventoryStockService | OPERATION_SUCCESS | operation=DECREMENT_FILLED_QTY | variantId=1 | newQty=0
2026-01-08 20:50:25.973 | INFO  | [fc4f7930-c9dc-4159-a129-1688f494cabe] [] [] | http-nio-8080-exec-6 | c.g.service.InventoryStockService | OPERATION_SUCCESS | operation=INCREMENT_EMPTY_QTY | variantId=1 | newQty=0
2026-01-08 20:50:25.973 | INFO  | [fc4f7930-c9dc-4159-a129-1688f494cabe] [] [] | http-nio-8080-exec-6 | c.g.service.InventoryStockService | OPERATION_START | operation=INCREMENT_EMPTY_QTY | variantId=1 | qty=0
2026-01-08 20:50:25.973 | INFO  | [fc4f7930-c9dc-4159-a129-1688f494cabe] [] [] | http-nio-8080-exec-6 | c.g.service.InventoryStockService | OPERATION_SUCCESS | operation=INCREMENT_EMPTY_QTY | variantId=1 | newEmptyQty=No increment (qty=0)
2026-01-08 20:50:25.984 | INFO  | [fc4f7930-c9dc-4159-a129-1688f494cabe] [] [] | http-nio-8080-exec-6 | c.g.service.InventoryStockService | OPERATION_SUCCESS | operation=INCREMENT_FILLED_QTY | variantId=1 | newQty=5
2026-01-08 20:50:25.996 | INFO  | [fc4f7930-c9dc-4159-a129-1688f494cabe] [] [] | http-nio-8080-exec-6 | c.g.service.InventoryStockService | OPERATION_SUCCESS | operation=DECREMENT_EMPTY_QTY | variantId=1 | newQty=0
2026-01-08 20:50:25.996 | INFO  | [fc4f7930-c9dc-4159-a129-1688f494cabe] [] [] | http-nio-8080-exec-6 | c.g.s.SupplierTransactionService | OPERATION_SUCCESS | operation=UPDATE_TRANSACTION | id=1 | supplierId=1 | filled=5
2026-01-08 20:50:44.797 | INFO  | [a56084b8-4b31-4626-9a2e-14830668565e] [] [a0428a10-e018-4522-b22e-d8e059c0e00f] | http-nio-8080-exec-3 | com.gasagency.service.SaleService | Creating new sale with request: com.gasagency.dto.CreateSaleRequestDTO@2bda7499
2026-01-08 20:50:44.832 | INFO  | [a56084b8-4b31-4626-9a2e-14830668565e] [] [a0428a10-e018-4522-b22e-d8e059c0e00f] | http-nio-8080-exec-3 | com.gasagency.service.SaleService | Sale validation complete - Total amount: 2500.00, Items: 1
2026-01-08 20:50:44.879 | INFO  | [a56084b8-4b31-4626-9a2e-14830668565e] [] [a0428a10-e018-4522-b22e-d8e059c0e00f] | http-nio-8080-exec-3 | com.gasagency.service.SaleService | Sale created with id: 1 for customer: Tushar Rokade - Total: 2500.00
2026-01-08 20:50:44.897 | INFO  | [a56084b8-4b31-4626-9a2e-14830668565e] [] [a0428a10-e018-4522-b22e-d8e059c0e00f] | http-nio-8080-exec-3 | c.g.service.InventoryStockService | OPERATION_START | operation=DECREMENT_FILLED_WITH_CHECK | variantId=1 | qty=5
2026-01-08 20:50:44.917 | INFO  | [a56084b8-4b31-4626-9a2e-14830668565e] [] [a0428a10-e018-4522-b22e-d8e059c0e00f] | http-nio-8080-exec-3 | c.g.service.InventoryStockService | OPERATION_SUCCESS | operation=DECREMENT_FILLED_QTY_CHECK | variantId=1 | newQty=0
2026-01-08 20:50:44.917 | INFO  | [a56084b8-4b31-4626-9a2e-14830668565e] [] [a0428a10-e018-4522-b22e-d8e059c0e00f] | http-nio-8080-exec-3 | c.g.service.InventoryStockService | OPERATION_START | operation=INCREMENT_EMPTY_QTY | variantId=1 | qty=0
2026-01-08 20:50:44.917 | INFO  | [a56084b8-4b31-4626-9a2e-14830668565e] [] [a0428a10-e018-4522-b22e-d8e059c0e00f] | http-nio-8080-exec-3 | c.g.service.InventoryStockService | OPERATION_SUCCESS | operation=INCREMENT_EMPTY_QTY | variantId=1 | newEmptyQty=No increment (qty=0)
2026-01-08 20:50:44.921 | INFO  | [a56084b8-4b31-4626-9a2e-14830668565e] [] [a0428a10-e018-4522-b22e-d8e059c0e00f] | http-nio-8080-exec-3 | c.g.s.CustomerCylinderLedgerService | OPERATION_START | operation=CREATE_LEDGER_ENTRY | customerId=1 | variantId=1
2026-01-08 20:50:44.951 | INFO  | [a56084b8-4b31-4626-9a2e-14830668565e] [] [a0428a10-e018-4522-b22e-d8e059c0e00f] | http-nio-8080-exec-3 | c.g.s.CustomerCylinderLedgerService | OPERATION_SUCCESS | operation=CREATE_LEDGER_ENTRY | id=1 | customerId=1 | balance=5
2026-01-08 20:50:44.952 | INFO  | [a56084b8-4b31-4626-9a2e-14830668565e] [] [a0428a10-e018-4522-b22e-d8e059c0e00f] | http-nio-8080-exec-3 | com.gasagency.service.SaleService | Sale 1 completed successfully for customer Tushar Rokade
2026-01-08 20:50:44.953 | INFO  | [a56084b8-4b31-4626-9a2e-14830668565e] [] [a0428a10-e018-4522-b22e-d8e059c0e00f] | http-nio-8080-exec-3 | com.gasagency.service.SaleService | TRANSACTION_SUMMARY | txnId=a0428a10-e018-4522-b22e-d8e059c0e00f | saleId=1 | customer=Tushar Rokade | amount=2500.00 | duration=156ms
2026-01-08 20:50:59.559 | INFO  | [e3277213-4ec9-485e-83f3-47f31ae97a41] [] [] | http-nio-8080-exec-9 | c.g.s.SupplierTransactionService | OPERATION_START | operation=UPDATE_TRANSACTION | id=2 | supplierId=1 | variantId=2
2026-01-08 20:50:59.576 | INFO  | [e3277213-4ec9-485e-83f3-47f31ae97a41] [] [] | http-nio-8080-exec-9 | c.g.service.InventoryStockService | OPERATION_SUCCESS | operation=DECREMENT_FILLED_QTY | variantId=2 | newQty=0
2026-01-08 20:50:59.576 | INFO  | [e3277213-4ec9-485e-83f3-47f31ae97a41] [] [] | http-nio-8080-exec-9 | c.g.service.InventoryStockService | OPERATION_SUCCESS | operation=INCREMENT_EMPTY_QTY | variantId=2 | newQty=0
2026-01-08 20:50:59.576 | INFO  | [e3277213-4ec9-485e-83f3-47f31ae97a41] [] [] | http-nio-8080-exec-9 | c.g.service.InventoryStockService | OPERATION_START | operation=INCREMENT_EMPTY_QTY | variantId=2 | qty=0
2026-01-08 20:50:59.576 | INFO  | [e3277213-4ec9-485e-83f3-47f31ae97a41] [] [] | http-nio-8080-exec-9 | c.g.service.InventoryStockService | OPERATION_SUCCESS | operation=INCREMENT_EMPTY_QTY | variantId=2 | newEmptyQty=No increment (qty=0)
2026-01-08 20:50:59.587 | INFO  | [e3277213-4ec9-485e-83f3-47f31ae97a41] [] [] | http-nio-8080-exec-9 | c.g.service.InventoryStockService | OPERATION_SUCCESS | operation=INCREMENT_FILLED_QTY | variantId=2 | newQty=1
2026-01-08 20:50:59.596 | INFO  | [e3277213-4ec9-485e-83f3-47f31ae97a41] [] [] | http-nio-8080-exec-9 | c.g.service.InventoryStockService | OPERATION_SUCCESS | operation=DECREMENT_EMPTY_QTY | variantId=2 | newQty=0
2026-01-08 20:50:59.597 | INFO  | [e3277213-4ec9-485e-83f3-47f31ae97a41] [] [] | http-nio-8080-exec-9 | c.g.s.SupplierTransactionService | OPERATION_SUCCESS | operation=UPDATE_TRANSACTION | id=2 | supplierId=1 | filled=1
2026-01-08 20:51:17.178 | INFO  | [d3cea10a-42af-49b6-9755-71b4a3e646bc] [] [] | http-nio-8080-exec-2 | c.g.s.SupplierTransactionService | OPERATION_START | operation=UPDATE_TRANSACTION | id=1 | supplierId=1 | variantId=1
2026-01-08 20:51:17.190 | WARN  | [d3cea10a-42af-49b6-9755-71b4a3e646bc] [] [] | http-nio-8080-exec-2 | c.g.service.InventoryStockService | OPERATION_FAILED | operation=DECREMENT_FILLED_QTY | error=Resulting filledQty negative | newQty=-5
2026-01-08 20:51:22.080 | INFO  | [c7f0ac6b-b134-4d47-990e-b63ba1f50188] [] [] | http-nio-8080-exec-5 | c.g.s.SupplierTransactionService | OPERATION_START | operation=UPDATE_TRANSACTION | id=1 | supplierId=1 | variantId=1
2026-01-08 20:51:22.094 | WARN  | [c7f0ac6b-b134-4d47-990e-b63ba1f50188] [] [] | http-nio-8080-exec-5 | c.g.service.InventoryStockService | OPERATION_FAILED | operation=DECREMENT_FILLED_QTY | error=Resulting filledQty negative | newQty=-5
2026-01-08 20:51:26.113 | INFO  | [cd03587f-da17-45dc-8e22-d795fb2bcd35] [] [] | http-nio-8080-exec-9 | c.g.s.SupplierTransactionService | OPERATION_START | operation=UPDATE_TRANSACTION | id=1 | supplierId=1 | variantId=1
2026-01-08 20:51:26.126 | WARN  | [cd03587f-da17-45dc-8e22-d795fb2bcd35] [] [] | http-nio-8080-exec-9 | c.g.service.InventoryStockService | OPERATION_FAILED | operation=DECREMENT_FILLED_QTY | error=Resulting filledQty negative | newQty=-5
2026-01-08 20:51:31.273 | INFO  | [bafb2d18-ac1f-43bf-b097-b8438402f591] [] [] | http-nio-8080-exec-7 | c.g.s.SupplierTransactionService | OPERATION_START | operation=UPDATE_TRANSACTION | id=1 | supplierId=1 | variantId=1
2026-01-08 20:51:31.290 | WARN  | [bafb2d18-ac1f-43bf-b097-b8438402f591] [] [] | http-nio-8080-exec-7 | c.g.service.InventoryStockService | OPERATION_FAILED | operation=DECREMENT_FILLED_QTY | error=Resulting filledQty negative | newQty=-5
2026-01-08 20:51:37.930 | INFO  | [a6434f9e-03c3-4be0-b26c-a63102c65404] [] [] | http-nio-8080-exec-6 | c.g.s.SupplierTransactionService | OPERATION_START | operation=UPDATE_TRANSACTION | id=1 | supplierId=1 | variantId=1
2026-01-08 20:51:37.946 | WARN  | [a6434f9e-03c3-4be0-b26c-a63102c65404] [] [] | http-nio-8080-exec-6 | c.g.service.InventoryStockService | OPERATION_FAILED | operation=DECREMENT_FILLED_QTY | error=Resulting filledQty negative | newQty=-5
2026-01-08 20:53:48.042 | INFO  | [57692e6c-56ba-415d-8e27-674f9165ca7a] [] [] | http-nio-8080-exec-8 | c.g.s.SupplierTransactionService | OPERATION_START | operation=UPDATE_TRANSACTION | id=1 | supplierId=1 | variantId=1
2026-01-08 20:53:48.120 | WARN  | [57692e6c-56ba-415d-8e27-674f9165ca7a] [] [] | http-nio-8080-exec-8 | c.g.service.InventoryStockService | OPERATION_FAILED | operation=DECREMENT_FILLED_QTY | error=Resulting filledQty negative | newQty=-5
2026-01-08 20:53:52.292 | INFO  | [ec928db6-6e32-4bc7-9380-959312beb55b] [] [] | http-nio-8080-exec-1 | c.g.s.SupplierTransactionService | OPERATION_START | operation=UPDATE_TRANSACTION | id=1 | supplierId=1 | variantId=1
2026-01-08 20:53:52.319 | WARN  | [ec928db6-6e32-4bc7-9380-959312beb55b] [] [] | http-nio-8080-exec-1 | c.g.service.InventoryStockService | OPERATION_FAILED | operation=DECREMENT_FILLED_QTY | error=Resulting filledQty negative | newQty=-5
2026-01-08 20:56:31.593 | INFO  | [b0f4d5a9-0e22-4053-a109-c0015a45181c] [] [] | http-nio-8080-exec-9 | c.g.s.SupplierTransactionService | OPERATION_START | operation=UPDATE_TRANSACTION | id=1 | supplierId=1 | variantId=1
2026-01-08 20:56:31.616 | WARN  | [b0f4d5a9-0e22-4053-a109-c0015a45181c] [] [] | http-nio-8080-exec-9 | c.g.service.InventoryStockService | OPERATION_FAILED | operation=DECREMENT_FILLED_QTY | error=Resulting filledQty negative | newQty=-5
2026-01-08 20:56:35.433 | INFO  | [a427fd31-6625-49b8-835b-96be11bf63de] [] [] | http-nio-8080-exec-6 | c.g.s.SupplierTransactionService | OPERATION_START | operation=UPDATE_TRANSACTION | id=1 | supplierId=1 | variantId=1
2026-01-08 20:56:35.446 | WARN  | [a427fd31-6625-49b8-835b-96be11bf63de] [] [] | http-nio-8080-exec-6 | c.g.service.InventoryStockService | OPERATION_FAILED | operation=DECREMENT_FILLED_QTY | error=Resulting filledQty negative | newQty=-5
2026-01-08 20:56:44.022 | INFO  | [748ce7be-4d74-47b4-a9b6-c0bb010cc68d] [] [] | http-nio-8080-exec-5 | c.g.s.SupplierTransactionService | OPERATION_START | operation=UPDATE_TRANSACTION | id=1 | supplierId=1 | variantId=1
2026-01-08 20:56:44.036 | WARN  | [748ce7be-4d74-47b4-a9b6-c0bb010cc68d] [] [] | http-nio-8080-exec-5 | c.g.service.InventoryStockService | OPERATION_FAILED | operation=DECREMENT_FILLED_QTY | error=Resulting filledQty negative | newQty=-5
2026-01-08 20:56:51.672 | INFO  | [f10b03ba-01af-4b7e-a118-76ae7dd6e082] [] [] | http-nio-8080-exec-10 | c.g.s.SupplierTransactionService | OPERATION_START | operation=UPDATE_TRANSACTION | id=1 | supplierId=1 | variantId=1
2026-01-08 20:56:51.683 | WARN  | [f10b03ba-01af-4b7e-a118-76ae7dd6e082] [] [] | http-nio-8080-exec-10 | c.g.service.InventoryStockService | OPERATION_FAILED | operation=DECREMENT_FILLED_QTY | error=Resulting filledQty negative | newQty=-5
2026-01-08 21:02:29.579 | INFO  | [6a3af7e2-7f82-4786-97d6-5c5286908fc5] [] [] | http-nio-8080-exec-7 | c.g.s.SupplierTransactionService | OPERATION_START | operation=RECORD_TRANSACTION | supplierId=1 | variantId=1
2026-01-08 21:02:29.683 | INFO  | [6a3af7e2-7f82-4786-97d6-5c5286908fc5] [] [] | http-nio-8080-exec-7 | c.g.service.InventoryStockService | OPERATION_SUCCESS | operation=INCREMENT_FILLED_QTY | variantId=1 | newQty=10
2026-01-08 21:02:29.722 | INFO  | [6a3af7e2-7f82-4786-97d6-5c5286908fc5] [] [] | http-nio-8080-exec-7 | c.g.service.InventoryStockService | OPERATION_SUCCESS | operation=DECREMENT_EMPTY_QTY | variantId=1 | newQty=0
2026-01-08 21:02:29.723 | INFO  | [6a3af7e2-7f82-4786-97d6-5c5286908fc5] [] [] | http-nio-8080-exec-7 | c.g.s.SupplierTransactionService | OPERATION_SUCCESS | operation=RECORD_TRANSACTION | id=3 | supplierId=1 | filled=10
2026-01-08 21:03:00.150 | INFO  | [a8c94b63-8b23-4033-b3eb-d07d6e836beb] [] [] | http-nio-8080-exec-8 | c.g.s.SupplierTransactionService | OPERATION_START | operation=UPDATE_TRANSACTION | id=3 | supplierId=1 | variantId=1
2026-01-08 21:03:00.158 | INFO  | [a8c94b63-8b23-4033-b3eb-d07d6e836beb] [] [] | http-nio-8080-exec-8 | c.g.service.InventoryStockService | OPERATION_SUCCESS | operation=DECREMENT_FILLED_QTY | variantId=1 | newQty=0
2026-01-08 21:03:00.158 | INFO  | [a8c94b63-8b23-4033-b3eb-d07d6e836beb] [] [] | http-nio-8080-exec-8 | c.g.service.InventoryStockService | OPERATION_SUCCESS | operation=INCREMENT_EMPTY_QTY | variantId=1 | newQty=0
2026-01-08 21:03:00.158 | INFO  | [a8c94b63-8b23-4033-b3eb-d07d6e836beb] [] [] | http-nio-8080-exec-8 | c.g.service.InventoryStockService | OPERATION_START | operation=INCREMENT_EMPTY_QTY | variantId=1 | qty=0
2026-01-08 21:03:00.159 | INFO  | [a8c94b63-8b23-4033-b3eb-d07d6e836beb] [] [] | http-nio-8080-exec-8 | c.g.service.InventoryStockService | OPERATION_SUCCESS | operation=INCREMENT_EMPTY_QTY | variantId=1 | newEmptyQty=No increment (qty=0)
2026-01-08 21:03:00.164 | INFO  | [a8c94b63-8b23-4033-b3eb-d07d6e836beb] [] [] | http-nio-8080-exec-8 | c.g.service.InventoryStockService | OPERATION_SUCCESS | operation=INCREMENT_FILLED_QTY | variantId=1 | newQty=15
2026-01-08 21:03:00.169 | INFO  | [a8c94b63-8b23-4033-b3eb-d07d6e836beb] [] [] | http-nio-8080-exec-8 | c.g.service.InventoryStockService | OPERATION_SUCCESS | operation=DECREMENT_EMPTY_QTY | variantId=1 | newQty=0
2026-01-08 21:03:00.169 | INFO  | [a8c94b63-8b23-4033-b3eb-d07d6e836beb] [] [] | http-nio-8080-exec-8 | c.g.s.SupplierTransactionService | OPERATION_SUCCESS | operation=UPDATE_TRANSACTION | id=3 | supplierId=1 | filled=15
2026-01-08 21:03:51.446 | INFO  | [b0f1e9b2-fdb9-4d98-a633-a8bc98bf0a79] [] [1fe690e0-867b-4c88-aa85-a57820bb221e] | http-nio-8080-exec-1 | com.gasagency.service.SaleService | Creating new sale with request: com.gasagency.dto.CreateSaleRequestDTO@76db8de1
2026-01-08 21:03:51.461 | ERROR | [b0f1e9b2-fdb9-4d98-a633-a8bc98bf0a79] [] [1fe690e0-867b-4c88-aa85-a57820bb221e] | http-nio-8080-exec-1 | com.gasagency.service.SaleService | Insufficient inventory for variant: 5KG Cylinder. Available: 1, Requested: 2
2026-01-08 21:03:57.550 | INFO  | [b983ac74-083d-4707-8c47-783a1a93e980] [] [2ad657ed-aedf-4dc8-9b1c-204e7a0bce24] | http-nio-8080-exec-6 | com.gasagency.service.SaleService | Creating new sale with request: com.gasagency.dto.CreateSaleRequestDTO@5d9dfa40
2026-01-08 21:03:57.572 | INFO  | [b983ac74-083d-4707-8c47-783a1a93e980] [] [2ad657ed-aedf-4dc8-9b1c-204e7a0bce24] | http-nio-8080-exec-6 | com.gasagency.service.SaleService | Sale validation complete - Total amount: 1500.00, Items: 1
2026-01-08 21:03:57.593 | INFO  | [b983ac74-083d-4707-8c47-783a1a93e980] [] [2ad657ed-aedf-4dc8-9b1c-204e7a0bce24] | http-nio-8080-exec-6 | com.gasagency.service.SaleService | Sale created with id: 2 for customer: Tushar Rokade - Total: 1500.00
2026-01-08 21:03:57.619 | INFO  | [b983ac74-083d-4707-8c47-783a1a93e980] [] [2ad657ed-aedf-4dc8-9b1c-204e7a0bce24] | http-nio-8080-exec-6 | c.g.service.InventoryStockService | OPERATION_START | operation=DECREMENT_FILLED_WITH_CHECK | variantId=2 | qty=1
2026-01-08 21:03:57.633 | INFO  | [b983ac74-083d-4707-8c47-783a1a93e980] [] [2ad657ed-aedf-4dc8-9b1c-204e7a0bce24] | http-nio-8080-exec-6 | c.g.service.InventoryStockService | OPERATION_SUCCESS | operation=DECREMENT_FILLED_QTY_CHECK | variantId=2 | newQty=0
2026-01-08 21:03:57.633 | INFO  | [b983ac74-083d-4707-8c47-783a1a93e980] [] [2ad657ed-aedf-4dc8-9b1c-204e7a0bce24] | http-nio-8080-exec-6 | c.g.service.InventoryStockService | OPERATION_START | operation=INCREMENT_EMPTY_QTY | variantId=2 | qty=0
2026-01-08 21:03:57.633 | INFO  | [b983ac74-083d-4707-8c47-783a1a93e980] [] [2ad657ed-aedf-4dc8-9b1c-204e7a0bce24] | http-nio-8080-exec-6 | c.g.service.InventoryStockService | OPERATION_SUCCESS | operation=INCREMENT_EMPTY_QTY | variantId=2 | newEmptyQty=No increment (qty=0)
2026-01-08 21:03:57.636 | INFO  | [b983ac74-083d-4707-8c47-783a1a93e980] [] [2ad657ed-aedf-4dc8-9b1c-204e7a0bce24] | http-nio-8080-exec-6 | c.g.s.CustomerCylinderLedgerService | OPERATION_START | operation=CREATE_LEDGER_ENTRY | customerId=1 | variantId=2
2026-01-08 21:03:57.653 | INFO  | [b983ac74-083d-4707-8c47-783a1a93e980] [] [2ad657ed-aedf-4dc8-9b1c-204e7a0bce24] | http-nio-8080-exec-6 | c.g.s.CustomerCylinderLedgerService | OPERATION_SUCCESS | operation=CREATE_LEDGER_ENTRY | id=2 | customerId=1 | balance=1
2026-01-08 21:03:57.653 | INFO  | [b983ac74-083d-4707-8c47-783a1a93e980] [] [2ad657ed-aedf-4dc8-9b1c-204e7a0bce24] | http-nio-8080-exec-6 | com.gasagency.service.SaleService | Sale 2 completed successfully for customer Tushar Rokade
2026-01-08 21:03:57.653 | INFO  | [b983ac74-083d-4707-8c47-783a1a93e980] [] [2ad657ed-aedf-4dc8-9b1c-204e7a0bce24] | http-nio-8080-exec-6 | com.gasagency.service.SaleService | TRANSACTION_SUMMARY | txnId=2ad657ed-aedf-4dc8-9b1c-204e7a0bce24 | saleId=2 | customer=Tushar Rokade | amount=1500.00 | duration=103ms
2026-01-08 21:04:29.730 | INFO  | [31f600a8-11cc-4544-bad3-93b6f7958da8] [] [] | http-nio-8080-exec-1 | c.g.s.CustomerCylinderLedgerService | OPERATION_START | operation=CREATE_LEDGER_ENTRY | customerId=1 | variantId=1
2026-01-08 21:04:29.746 | INFO  | [31f600a8-11cc-4544-bad3-93b6f7958da8] [] [] | http-nio-8080-exec-1 | c.g.s.CustomerCylinderLedgerService | OPERATION_SUCCESS | operation=CREATE_LEDGER_ENTRY | id=3 | customerId=1 | balance=4
2026-01-08 21:04:29.746 | INFO  | [31f600a8-11cc-4544-bad3-93b6f7958da8] [] [] | http-nio-8080-exec-1 | c.g.service.InventoryStockService | OPERATION_START | operation=INCREMENT_EMPTY_QTY | variantId=1 | qty=1
2026-01-08 21:04:29.754 | INFO  | [31f600a8-11cc-4544-bad3-93b6f7958da8] [] [] | http-nio-8080-exec-1 | c.g.service.InventoryStockService | OPERATION_SUCCESS | operation=INCREMENT_EMPTY_QTY | variantId=1 | newEmptyQty=1
