2026-01-23 00:01:02.547 | INFO  | [fc84e346-a762-4cea-899f-16650177b0d6] [] [c603442e-981c-4f82-8615-5a8c1154f66b] | http-nio-8080-exec-1 | com.gasagency.service.SaleService | Creating new sale with request: com.gasagency.dto.CreateSaleRequestDTO@1b451d7c
2026-01-23 00:01:02.555 | INFO  | [fc84e346-a762-4cea-899f-16650177b0d6] [] [c603442e-981c-4f82-8615-5a8c1154f66b] | http-nio-8080-exec-1 | c.g.service.InventoryStockService | OPERATION_SUCCESS | operation=GET_STOCK_WAREHOUSE_VARIANT_WITH_LOCK | warehouseId=1 | variantId=1 | filledQty=81 | emptyQty=104
2026-01-23 00:01:02.558 | INFO  | [fc84e346-a762-4cea-899f-16650177b0d6] [] [c603442e-981c-4f82-8615-5a8c1154f66b] | http-nio-8080-exec-1 | com.gasagency.service.SaleService | Sale validation complete - Total amount: 2800.00, Items: 1
2026-01-23 00:01:02.565 | INFO  | [fc84e346-a762-4cea-899f-16650177b0d6] [] [c603442e-981c-4f82-8615-5a8c1154f66b] | http-nio-8080-exec-1 | c.g.s.CustomerCylinderLedgerService | getCustomerPreviousDue - customerId: 1, total entries found: 15
2026-01-23 00:01:02.565 | INFO  | [fc84e346-a762-4cea-899f-16650177b0d6] [] [c603442e-981c-4f82-8615-5a8c1154f66b] | http-nio-8080-exec-1 | c.g.s.CustomerCylinderLedgerService | Latest ledger for customer 1 - Entry ID: 15, Due Amount: 11700.00, Total Amount: 4200.00, Amount Received: 1200.00
2026-01-23 00:01:02.565 | INFO  | [fc84e346-a762-4cea-899f-16650177b0d6] [] [c603442e-981c-4f82-8615-5a8c1154f66b] | http-nio-8080-exec-1 | com.gasagency.service.SaleService | Payment validation - customerId: 1, previousDue: 11700.00, currentSale: 2800.00, totalDue: 14500.00, amountReceived: 1000
2026-01-23 00:01:02.569 | INFO  | [fc84e346-a762-4cea-899f-16650177b0d6] [] [c603442e-981c-4f82-8615-5a8c1154f66b] | http-nio-8080-exec-1 | com.gasagency.service.SaleService | Sale created with id: 9 for customer: Tushar - Total: 2800.00 - Reference: SO-WH001-202601-000006
2026-01-23 00:01:02.575 | INFO  | [fc84e346-a762-4cea-899f-16650177b0d6] [] [c603442e-981c-4f82-8615-5a8c1154f66b] | http-nio-8080-exec-1 | c.g.service.InventoryStockService | OPERATION_SUCCESS | operation=DECREMENT_FILLED_QTY | warehouseId=1 | variantId=1 | newQty=79
2026-01-23 00:01:02.579 | INFO  | [fc84e346-a762-4cea-899f-16650177b0d6] [] [c603442e-981c-4f82-8615-5a8c1154f66b] | http-nio-8080-exec-1 | c.g.s.CustomerCylinderLedgerService | OPERATION_START | operation=CREATE_LEDGER_ENTRY | customerId=1 | warehouseId=1 | variantId=1
2026-01-23 00:01:02.586 | INFO  | [fc84e346-a762-4cea-899f-16650177b0d6] [] [c603442e-981c-4f82-8615-5a8c1154f66b] | http-nio-8080-exec-1 | c.g.s.CustomerCylinderLedgerService | OPERATION_SUCCESS | operation=CREATE_LEDGER_ENTRY | id=16 | customerId=1 | balance=21
2026-01-23 00:01:02.595 | INFO  | [fc84e346-a762-4cea-899f-16650177b0d6] [] [c603442e-981c-4f82-8615-5a8c1154f66b] | http-nio-8080-exec-1 | com.gasagency.service.SaleService | Sale 9 completed successfully for customer Tushar
2026-01-23 00:01:02.595 | INFO  | [fc84e346-a762-4cea-899f-16650177b0d6] [] [c603442e-981c-4f82-8615-5a8c1154f66b] | http-nio-8080-exec-1 | com.gasagency.service.SaleService | TRANSACTION_SUMMARY | txnId=c603442e-981c-4f82-8615-5a8c1154f66b | saleId=9 | customer=Tushar | amount=2800.00 | duration=48ms
2026-01-23 00:01:20.634 | INFO  | [5e96229b-db87-40f2-b966-fd238c06fa12] [] [4566a88f-1c70-4773-aa14-7bcc60166107] | http-nio-8080-exec-8 | com.gasagency.service.SaleService | Creating new sale with request: com.gasagency.dto.CreateSaleRequestDTO@222f0455
2026-01-23 00:01:20.645 | INFO  | [5e96229b-db87-40f2-b966-fd238c06fa12] [] [4566a88f-1c70-4773-aa14-7bcc60166107] | http-nio-8080-exec-8 | c.g.service.InventoryStockService | OPERATION_SUCCESS | operation=GET_STOCK_WAREHOUSE_VARIANT_WITH_LOCK | warehouseId=1 | variantId=1 | filledQty=79 | emptyQty=104
2026-01-23 00:01:20.648 | INFO  | [5e96229b-db87-40f2-b966-fd238c06fa12] [] [4566a88f-1c70-4773-aa14-7bcc60166107] | http-nio-8080-exec-8 | com.gasagency.service.SaleService | Sale validation complete - Total amount: 2800.00, Items: 1
2026-01-23 00:01:20.657 | INFO  | [5e96229b-db87-40f2-b966-fd238c06fa12] [] [4566a88f-1c70-4773-aa14-7bcc60166107] | http-nio-8080-exec-8 | c.g.s.CustomerCylinderLedgerService | getCustomerPreviousDue - customerId: 1, total entries found: 16
2026-01-23 00:01:20.658 | INFO  | [5e96229b-db87-40f2-b966-fd238c06fa12] [] [4566a88f-1c70-4773-aa14-7bcc60166107] | http-nio-8080-exec-8 | c.g.s.CustomerCylinderLedgerService | Latest ledger for customer 1 - Entry ID: 16, Due Amount: 13500.00, Total Amount: 2800.00, Amount Received: 1000.00
2026-01-23 00:01:20.658 | INFO  | [5e96229b-db87-40f2-b966-fd238c06fa12] [] [4566a88f-1c70-4773-aa14-7bcc60166107] | http-nio-8080-exec-8 | com.gasagency.service.SaleService | Payment validation - customerId: 1, previousDue: 13500.00, currentSale: 2800.00, totalDue: 16300.00, amountReceived: 1200
2026-01-23 00:01:20.661 | INFO  | [5e96229b-db87-40f2-b966-fd238c06fa12] [] [4566a88f-1c70-4773-aa14-7bcc60166107] | http-nio-8080-exec-8 | com.gasagency.service.SaleService | Bank account linked to sale: ICICI
2026-01-23 00:01:20.664 | INFO  | [5e96229b-db87-40f2-b966-fd238c06fa12] [] [4566a88f-1c70-4773-aa14-7bcc60166107] | http-nio-8080-exec-8 | com.gasagency.service.SaleService | Sale created with id: 10 for customer: Tushar - Total: 2800.00 - Reference: SO-WH001-202601-000007
2026-01-23 00:01:20.672 | INFO  | [5e96229b-db87-40f2-b966-fd238c06fa12] [] [4566a88f-1c70-4773-aa14-7bcc60166107] | http-nio-8080-exec-8 | com.gasagency.service.SaleService | Bank ledger entry recorded for sale id: 10 - Amount: 1200
2026-01-23 00:01:20.681 | INFO  | [5e96229b-db87-40f2-b966-fd238c06fa12] [] [4566a88f-1c70-4773-aa14-7bcc60166107] | http-nio-8080-exec-8 | c.g.service.InventoryStockService | OPERATION_SUCCESS | operation=DECREMENT_FILLED_QTY | warehouseId=1 | variantId=1 | newQty=77
2026-01-23 00:01:20.686 | INFO  | [5e96229b-db87-40f2-b966-fd238c06fa12] [] [4566a88f-1c70-4773-aa14-7bcc60166107] | http-nio-8080-exec-8 | c.g.s.CustomerCylinderLedgerService | OPERATION_START | operation=CREATE_LEDGER_ENTRY | customerId=1 | warehouseId=1 | variantId=1
2026-01-23 00:01:20.695 | INFO  | [5e96229b-db87-40f2-b966-fd238c06fa12] [] [4566a88f-1c70-4773-aa14-7bcc60166107] | http-nio-8080-exec-8 | c.g.s.CustomerCylinderLedgerService | OPERATION_SUCCESS | operation=CREATE_LEDGER_ENTRY | id=17 | customerId=1 | balance=23
2026-01-23 00:01:20.704 | INFO  | [5e96229b-db87-40f2-b966-fd238c06fa12] [] [4566a88f-1c70-4773-aa14-7bcc60166107] | http-nio-8080-exec-8 | com.gasagency.service.SaleService | Sale 10 completed successfully for customer Tushar
2026-01-23 00:01:20.706 | INFO  | [5e96229b-db87-40f2-b966-fd238c06fa12] [] [4566a88f-1c70-4773-aa14-7bcc60166107] | http-nio-8080-exec-8 | com.gasagency.service.SaleService | TRANSACTION_SUMMARY | txnId=4566a88f-1c70-4773-aa14-7bcc60166107 | saleId=10 | customer=Tushar | amount=2800.00 | duration=72ms
2026-01-23 00:01:30.107 | INFO  | [8c714056-4093-4e6a-bd4d-3bd6f3cbf42c] [] [] | http-nio-8080-exec-9 | c.g.s.CustomerCylinderLedgerService | OPERATION_START | operation=CREATE_LEDGER_ENTRY | customerId=1 | warehouseId=1 | variantId=1
2026-01-23 00:01:30.118 | INFO  | [8c714056-4093-4e6a-bd4d-3bd6f3cbf42c] [] [] | http-nio-8080-exec-9 | c.g.s.CustomerCylinderLedgerService | Return reference generated for empty return: 18 - Reference: ER-WH001-202601-000002
2026-01-23 00:01:30.118 | INFO  | [8c714056-4093-4e6a-bd4d-3bd6f3cbf42c] [] [] | http-nio-8080-exec-9 | c.g.s.CustomerCylinderLedgerService | OPERATION_SUCCESS | operation=CREATE_LEDGER_ENTRY | id=18 | customerId=1 | balance=20
2026-01-23 00:01:30.120 | INFO  | [8c714056-4093-4e6a-bd4d-3bd6f3cbf42c] [] [] | http-nio-8080-exec-9 | c.g.service.InventoryStockService | OPERATION_SUCCESS | operation=INCREMENT_EMPTY_QTY | warehouseId=1 | variantId=1 | newQty=107
2026-01-23 00:01:36.914 | INFO  | [f555f57f-936d-41ba-afd6-d740f54a4b1e] [] [] | http-nio-8080-exec-20 | c.g.s.CustomerDuePaymentService | OPERATION_START | operation=GET_DUE_PAYMENT_REPORT | fromDate=2026-01-01 | toDate=2026-01-23 | customerId=null
2026-01-23 00:01:36.926 | INFO  | [f555f57f-936d-41ba-afd6-d740f54a4b1e] [] [] | http-nio-8080-exec-20 | c.g.s.CustomerDuePaymentService | OPERATION_SUCCESS | operation=GET_DUE_PAYMENT_REPORT | totalRecords=1 | returnedRecords=1
2026-01-23 00:01:36.953 | INFO  | [f555f57f-936d-41ba-afd6-d740f54a4b1e] [] [] | http-nio-8080-exec-20 | c.g.s.CustomerDuePaymentService | OPERATION_START | operation=GET_DUE_PAYMENT_REPORT | fromDate=2026-01-01 | toDate=2026-01-31 | customerId=null
2026-01-23 00:01:36.956 | INFO  | [f555f57f-936d-41ba-afd6-d740f54a4b1e] [] [] | http-nio-8080-exec-20 | c.g.s.CustomerDuePaymentService | OPERATION_SUCCESS | operation=GET_DUE_PAYMENT_REPORT | totalRecords=1 | returnedRecords=1
2026-01-23 00:01:36.967 | INFO  | [f555f57f-936d-41ba-afd6-d740f54a4b1e] [] [] | http-nio-8080-exec-20 | c.g.s.CustomerDuePaymentService | OPERATION_START | operation=GET_DUE_PAYMENT_REPORT | fromDate=2025-07-23 | toDate=2026-01-23 | customerId=null
2026-01-23 00:01:36.969 | INFO  | [f555f57f-936d-41ba-afd6-d740f54a4b1e] [] [] | http-nio-8080-exec-20 | c.g.s.CustomerDuePaymentService | OPERATION_SUCCESS | operation=GET_DUE_PAYMENT_REPORT | totalRecords=1 | returnedRecords=1
2026-01-23 00:01:37.015 | INFO  | [f555f57f-936d-41ba-afd6-d740f54a4b1e] [] [] | http-nio-8080-exec-20 | c.g.s.CustomerDuePaymentService | OPERATION_START | operation=GET_DUE_PAYMENT_REPORT | fromDate=2026-01-01 | toDate=2026-01-31 | customerId=null
2026-01-23 00:01:37.018 | INFO  | [f555f57f-936d-41ba-afd6-d740f54a4b1e] [] [] | http-nio-8080-exec-20 | c.g.s.CustomerDuePaymentService | OPERATION_SUCCESS | operation=GET_DUE_PAYMENT_REPORT | totalRecords=1 | returnedRecords=1
2026-01-23 00:02:39.540 | INFO  | [0a168cc5-433b-4ddc-9b7f-1b8527305e84] [] [] | http-nio-8080-exec-2 | c.g.s.CustomerDuePaymentService | OPERATION_START | operation=GET_DUE_PAYMENT_REPORT | fromDate=2026-01-01 | toDate=2026-01-23 | customerId=null
2026-01-23 00:02:39.547 | INFO  | [0a168cc5-433b-4ddc-9b7f-1b8527305e84] [] [] | http-nio-8080-exec-2 | c.g.s.CustomerDuePaymentService | OPERATION_SUCCESS | operation=GET_DUE_PAYMENT_REPORT | totalRecords=1 | returnedRecords=1
2026-01-23 00:02:39.571 | INFO  | [0a168cc5-433b-4ddc-9b7f-1b8527305e84] [] [] | http-nio-8080-exec-2 | c.g.s.CustomerDuePaymentService | OPERATION_START | operation=GET_DUE_PAYMENT_REPORT | fromDate=2026-01-01 | toDate=2026-01-31 | customerId=null
2026-01-23 00:02:39.575 | INFO  | [0a168cc5-433b-4ddc-9b7f-1b8527305e84] [] [] | http-nio-8080-exec-2 | c.g.s.CustomerDuePaymentService | OPERATION_SUCCESS | operation=GET_DUE_PAYMENT_REPORT | totalRecords=1 | returnedRecords=1
2026-01-23 00:02:39.581 | INFO  | [0a168cc5-433b-4ddc-9b7f-1b8527305e84] [] [] | http-nio-8080-exec-2 | c.g.s.CustomerDuePaymentService | OPERATION_START | operation=GET_DUE_PAYMENT_REPORT | fromDate=2025-07-23 | toDate=2026-01-23 | customerId=null
2026-01-23 00:02:39.583 | INFO  | [0a168cc5-433b-4ddc-9b7f-1b8527305e84] [] [] | http-nio-8080-exec-2 | c.g.s.CustomerDuePaymentService | OPERATION_SUCCESS | operation=GET_DUE_PAYMENT_REPORT | totalRecords=1 | returnedRecords=1
2026-01-23 00:02:39.603 | INFO  | [0a168cc5-433b-4ddc-9b7f-1b8527305e84] [] [] | http-nio-8080-exec-2 | c.g.s.CustomerDuePaymentService | OPERATION_START | operation=GET_DUE_PAYMENT_REPORT | fromDate=2026-01-01 | toDate=2026-01-31 | customerId=null
2026-01-23 00:02:39.607 | INFO  | [0a168cc5-433b-4ddc-9b7f-1b8527305e84] [] [] | http-nio-8080-exec-2 | c.g.s.CustomerDuePaymentService | OPERATION_SUCCESS | operation=GET_DUE_PAYMENT_REPORT | totalRecords=1 | returnedRecords=1
2026-01-23 00:03:06.338 | INFO  | [5e6783c2-102f-4ecc-b74d-183e08bc782e] [] [] | http-nio-8080-exec-6 | c.g.s.CustomerDuePaymentService | OPERATION_START | operation=GET_DUE_PAYMENT_REPORT | fromDate=2026-01-01 | toDate=2026-01-23 | customerId=null
2026-01-23 00:03:06.347 | INFO  | [5e6783c2-102f-4ecc-b74d-183e08bc782e] [] [] | http-nio-8080-exec-6 | c.g.s.CustomerDuePaymentService | OPERATION_SUCCESS | operation=GET_DUE_PAYMENT_REPORT | totalRecords=1 | returnedRecords=1
2026-01-23 00:03:06.366 | INFO  | [5e6783c2-102f-4ecc-b74d-183e08bc782e] [] [] | http-nio-8080-exec-6 | c.g.s.CustomerDuePaymentService | OPERATION_START | operation=GET_DUE_PAYMENT_REPORT | fromDate=2026-01-01 | toDate=2026-01-31 | customerId=null
2026-01-23 00:03:06.368 | INFO  | [5e6783c2-102f-4ecc-b74d-183e08bc782e] [] [] | http-nio-8080-exec-6 | c.g.s.CustomerDuePaymentService | OPERATION_SUCCESS | operation=GET_DUE_PAYMENT_REPORT | totalRecords=1 | returnedRecords=1
2026-01-23 00:03:06.375 | INFO  | [5e6783c2-102f-4ecc-b74d-183e08bc782e] [] [] | http-nio-8080-exec-6 | c.g.s.CustomerDuePaymentService | OPERATION_START | operation=GET_DUE_PAYMENT_REPORT | fromDate=2025-07-23 | toDate=2026-01-23 | customerId=null
2026-01-23 00:03:06.381 | INFO  | [5e6783c2-102f-4ecc-b74d-183e08bc782e] [] [] | http-nio-8080-exec-6 | c.g.s.CustomerDuePaymentService | OPERATION_SUCCESS | operation=GET_DUE_PAYMENT_REPORT | totalRecords=1 | returnedRecords=1
2026-01-23 00:03:06.406 | INFO  | [5e6783c2-102f-4ecc-b74d-183e08bc782e] [] [] | http-nio-8080-exec-6 | c.g.s.CustomerDuePaymentService | OPERATION_START | operation=GET_DUE_PAYMENT_REPORT | fromDate=2026-01-01 | toDate=2026-01-31 | customerId=null
2026-01-23 00:03:06.410 | INFO  | [5e6783c2-102f-4ecc-b74d-183e08bc782e] [] [] | http-nio-8080-exec-6 | c.g.s.CustomerDuePaymentService | OPERATION_SUCCESS | operation=GET_DUE_PAYMENT_REPORT | totalRecords=1 | returnedRecords=1
2026-01-23 00:03:08.225 | INFO  | [1f323ef7-c8f1-4db5-be80-cfc603c58ec4] [] [] | http-nio-8080-exec-8 | c.g.s.CustomerDuePaymentService | OPERATION_START | operation=GET_DUE_PAYMENT_REPORT | fromDate=2026-01-01 | toDate=2026-01-23 | customerId=null
2026-01-23 00:03:08.231 | INFO  | [1f323ef7-c8f1-4db5-be80-cfc603c58ec4] [] [] | http-nio-8080-exec-8 | c.g.s.CustomerDuePaymentService | OPERATION_SUCCESS | operation=GET_DUE_PAYMENT_REPORT | totalRecords=1 | returnedRecords=1
2026-01-23 00:03:08.246 | INFO  | [1f323ef7-c8f1-4db5-be80-cfc603c58ec4] [] [] | http-nio-8080-exec-8 | c.g.s.CustomerDuePaymentService | OPERATION_START | operation=GET_DUE_PAYMENT_REPORT | fromDate=2026-01-01 | toDate=2026-01-31 | customerId=null
2026-01-23 00:03:08.248 | INFO  | [1f323ef7-c8f1-4db5-be80-cfc603c58ec4] [] [] | http-nio-8080-exec-8 | c.g.s.CustomerDuePaymentService | OPERATION_SUCCESS | operation=GET_DUE_PAYMENT_REPORT | totalRecords=1 | returnedRecords=1
2026-01-23 00:03:08.255 | INFO  | [1f323ef7-c8f1-4db5-be80-cfc603c58ec4] [] [] | http-nio-8080-exec-8 | c.g.s.CustomerDuePaymentService | OPERATION_START | operation=GET_DUE_PAYMENT_REPORT | fromDate=2025-07-23 | toDate=2026-01-23 | customerId=null
2026-01-23 00:03:08.257 | INFO  | [1f323ef7-c8f1-4db5-be80-cfc603c58ec4] [] [] | http-nio-8080-exec-8 | c.g.s.CustomerDuePaymentService | OPERATION_SUCCESS | operation=GET_DUE_PAYMENT_REPORT | totalRecords=1 | returnedRecords=1
2026-01-23 00:03:08.274 | INFO  | [1f323ef7-c8f1-4db5-be80-cfc603c58ec4] [] [] | http-nio-8080-exec-8 | c.g.s.CustomerDuePaymentService | OPERATION_START | operation=GET_DUE_PAYMENT_REPORT | fromDate=2026-01-01 | toDate=2026-01-31 | customerId=null
2026-01-23 00:03:08.279 | INFO  | [1f323ef7-c8f1-4db5-be80-cfc603c58ec4] [] [] | http-nio-8080-exec-8 | c.g.s.CustomerDuePaymentService | OPERATION_SUCCESS | operation=GET_DUE_PAYMENT_REPORT | totalRecords=1 | returnedRecords=1
2026-01-23 00:03:27.830 | INFO  | [8bec37d5-b22a-4275-81e0-e5b3352954e8] [] [] | http-nio-8080-exec-23 | c.g.s.CustomerDuePaymentService | OPERATION_START | operation=GET_DUE_PAYMENT_REPORT | fromDate=null | toDate=null | customerId=null
2026-01-23 00:03:27.841 | INFO  | [8bec37d5-b22a-4275-81e0-e5b3352954e8] [] [] | http-nio-8080-exec-23 | c.g.s.CustomerDuePaymentService | OPERATION_SUCCESS | operation=GET_DUE_PAYMENT_REPORT | totalRecords=1 | returnedRecords=1
2026-01-23 00:05:58.446 | INFO  | [7ec8ebf4-dd21-49d7-b35a-fd364d809be4] [] [] | http-nio-8080-exec-18 | c.g.s.CustomerDuePaymentService | OPERATION_START | operation=GET_DUE_PAYMENT_REPORT | fromDate=2026-01-01 | toDate=2026-01-23 | customerId=null
2026-01-23 00:05:58.478 | INFO  | [7ec8ebf4-dd21-49d7-b35a-fd364d809be4] [] [] | http-nio-8080-exec-18 | c.g.s.CustomerDuePaymentService | OPERATION_SUCCESS | operation=GET_DUE_PAYMENT_REPORT | totalRecords=1 | returnedRecords=1
2026-01-23 00:05:58.523 | INFO  | [7ec8ebf4-dd21-49d7-b35a-fd364d809be4] [] [] | http-nio-8080-exec-18 | c.g.s.CustomerDuePaymentService | OPERATION_START | operation=GET_DUE_PAYMENT_REPORT | fromDate=2026-01-01 | toDate=2026-01-31 | customerId=null
2026-01-23 00:05:58.528 | INFO  | [7ec8ebf4-dd21-49d7-b35a-fd364d809be4] [] [] | http-nio-8080-exec-18 | c.g.s.CustomerDuePaymentService | OPERATION_SUCCESS | operation=GET_DUE_PAYMENT_REPORT | totalRecords=1 | returnedRecords=1
2026-01-23 00:05:58.539 | INFO  | [7ec8ebf4-dd21-49d7-b35a-fd364d809be4] [] [] | http-nio-8080-exec-18 | c.g.s.CustomerDuePaymentService | OPERATION_START | operation=GET_DUE_PAYMENT_REPORT | fromDate=2025-07-23 | toDate=2026-01-23 | customerId=null
2026-01-23 00:05:58.543 | INFO  | [7ec8ebf4-dd21-49d7-b35a-fd364d809be4] [] [] | http-nio-8080-exec-18 | c.g.s.CustomerDuePaymentService | OPERATION_SUCCESS | operation=GET_DUE_PAYMENT_REPORT | totalRecords=1 | returnedRecords=1
2026-01-23 00:05:58.589 | INFO  | [7ec8ebf4-dd21-49d7-b35a-fd364d809be4] [] [] | http-nio-8080-exec-18 | c.g.s.CustomerDuePaymentService | OPERATION_START | operation=GET_DUE_PAYMENT_REPORT | fromDate=2026-01-01 | toDate=2026-01-31 | customerId=null
2026-01-23 00:05:58.594 | INFO  | [7ec8ebf4-dd21-49d7-b35a-fd364d809be4] [] [] | http-nio-8080-exec-18 | c.g.s.CustomerDuePaymentService | OPERATION_SUCCESS | operation=GET_DUE_PAYMENT_REPORT | totalRecords=1 | returnedRecords=1
2026-01-23 00:11:11.434 | INFO  | [ca173ce2-3e9e-4141-8e70-434f40694cc6] [] [] | http-nio-8080-exec-20 | c.g.s.CustomerDuePaymentService | OPERATION_START | operation=GET_DUE_PAYMENT_REPORT | fromDate=2026-01-01 | toDate=2026-01-23 | customerId=null
2026-01-23 00:11:11.457 | INFO  | [ca173ce2-3e9e-4141-8e70-434f40694cc6] [] [] | http-nio-8080-exec-20 | c.g.s.CustomerDuePaymentService | OPERATION_SUCCESS | operation=GET_DUE_PAYMENT_REPORT | totalRecords=1 | returnedRecords=1
2026-01-23 00:11:11.492 | INFO  | [ca173ce2-3e9e-4141-8e70-434f40694cc6] [] [] | http-nio-8080-exec-20 | c.g.s.CustomerDuePaymentService | OPERATION_START | operation=GET_DUE_PAYMENT_REPORT | fromDate=2026-01-01 | toDate=2026-01-31 | customerId=null
2026-01-23 00:11:11.501 | INFO  | [ca173ce2-3e9e-4141-8e70-434f40694cc6] [] [] | http-nio-8080-exec-20 | c.g.s.CustomerDuePaymentService | OPERATION_SUCCESS | operation=GET_DUE_PAYMENT_REPORT | totalRecords=1 | returnedRecords=1
2026-01-23 00:11:11.509 | INFO  | [ca173ce2-3e9e-4141-8e70-434f40694cc6] [] [] | http-nio-8080-exec-20 | c.g.s.CustomerDuePaymentService | OPERATION_START | operation=GET_DUE_PAYMENT_REPORT | fromDate=2025-07-23 | toDate=2026-01-23 | customerId=null
2026-01-23 00:11:11.515 | INFO  | [ca173ce2-3e9e-4141-8e70-434f40694cc6] [] [] | http-nio-8080-exec-20 | c.g.s.CustomerDuePaymentService | OPERATION_SUCCESS | operation=GET_DUE_PAYMENT_REPORT | totalRecords=1 | returnedRecords=1
2026-01-23 00:11:11.571 | INFO  | [ca173ce2-3e9e-4141-8e70-434f40694cc6] [] [] | http-nio-8080-exec-20 | c.g.s.CustomerDuePaymentService | OPERATION_START | operation=GET_DUE_PAYMENT_REPORT | fromDate=2026-01-01 | toDate=2026-01-31 | customerId=null
2026-01-23 00:11:11.575 | INFO  | [ca173ce2-3e9e-4141-8e70-434f40694cc6] [] [] | http-nio-8080-exec-20 | c.g.s.CustomerDuePaymentService | OPERATION_SUCCESS | operation=GET_DUE_PAYMENT_REPORT | totalRecords=1 | returnedRecords=1
2026-01-23 00:11:13.008 | INFO  | [5153baaf-0606-4084-bc84-96c3e3a6a267] [] [] | http-nio-8080-exec-21 | c.g.s.CustomerDuePaymentService | OPERATION_START | operation=GET_DUE_PAYMENT_REPORT | fromDate=2026-01-01 | toDate=2026-01-23 | customerId=null
2026-01-23 00:11:13.017 | INFO  | [5153baaf-0606-4084-bc84-96c3e3a6a267] [] [] | http-nio-8080-exec-21 | c.g.s.CustomerDuePaymentService | OPERATION_SUCCESS | operation=GET_DUE_PAYMENT_REPORT | totalRecords=1 | returnedRecords=1
2026-01-23 00:11:13.033 | INFO  | [5153baaf-0606-4084-bc84-96c3e3a6a267] [] [] | http-nio-8080-exec-21 | c.g.s.CustomerDuePaymentService | OPERATION_START | operation=GET_DUE_PAYMENT_REPORT | fromDate=2026-01-01 | toDate=2026-01-31 | customerId=null
2026-01-23 00:11:13.036 | INFO  | [5153baaf-0606-4084-bc84-96c3e3a6a267] [] [] | http-nio-8080-exec-21 | c.g.s.CustomerDuePaymentService | OPERATION_SUCCESS | operation=GET_DUE_PAYMENT_REPORT | totalRecords=1 | returnedRecords=1
2026-01-23 00:11:13.041 | INFO  | [5153baaf-0606-4084-bc84-96c3e3a6a267] [] [] | http-nio-8080-exec-21 | c.g.s.CustomerDuePaymentService | OPERATION_START | operation=GET_DUE_PAYMENT_REPORT | fromDate=2025-07-23 | toDate=2026-01-23 | customerId=null
2026-01-23 00:11:13.045 | INFO  | [5153baaf-0606-4084-bc84-96c3e3a6a267] [] [] | http-nio-8080-exec-21 | c.g.s.CustomerDuePaymentService | OPERATION_SUCCESS | operation=GET_DUE_PAYMENT_REPORT | totalRecords=1 | returnedRecords=1
2026-01-23 00:11:13.067 | INFO  | [5153baaf-0606-4084-bc84-96c3e3a6a267] [] [] | http-nio-8080-exec-21 | c.g.s.CustomerDuePaymentService | OPERATION_START | operation=GET_DUE_PAYMENT_REPORT | fromDate=2026-01-01 | toDate=2026-01-31 | customerId=null
2026-01-23 00:11:13.069 | INFO  | [5153baaf-0606-4084-bc84-96c3e3a6a267] [] [] | http-nio-8080-exec-21 | c.g.s.CustomerDuePaymentService | OPERATION_SUCCESS | operation=GET_DUE_PAYMENT_REPORT | totalRecords=1 | returnedRecords=1
2026-01-23 00:26:32.473 | INFO  | [e60912fd-bd38-4166-9425-716f37e61f1d] [] [] | http-nio-8080-exec-19 | c.g.s.CustomerDuePaymentService | OPERATION_START | operation=GET_DUE_PAYMENT_REPORT | fromDate=2026-01-01 | toDate=2026-01-23 | customerId=null
2026-01-23 00:26:32.506 | INFO  | [e60912fd-bd38-4166-9425-716f37e61f1d] [] [] | http-nio-8080-exec-19 | c.g.s.CustomerDuePaymentService | OPERATION_SUCCESS | operation=GET_DUE_PAYMENT_REPORT | totalRecords=1 | returnedRecords=1
2026-01-23 00:26:32.553 | INFO  | [e60912fd-bd38-4166-9425-716f37e61f1d] [] [] | http-nio-8080-exec-19 | c.g.s.CustomerDuePaymentService | OPERATION_START | operation=GET_DUE_PAYMENT_REPORT | fromDate=2026-01-01 | toDate=2026-01-31 | customerId=null
2026-01-23 00:26:32.556 | INFO  | [e60912fd-bd38-4166-9425-716f37e61f1d] [] [] | http-nio-8080-exec-19 | c.g.s.CustomerDuePaymentService | OPERATION_SUCCESS | operation=GET_DUE_PAYMENT_REPORT | totalRecords=1 | returnedRecords=1
2026-01-23 00:26:32.566 | INFO  | [e60912fd-bd38-4166-9425-716f37e61f1d] [] [] | http-nio-8080-exec-19 | c.g.s.CustomerDuePaymentService | OPERATION_START | operation=GET_DUE_PAYMENT_REPORT | fromDate=2025-07-23 | toDate=2026-01-23 | customerId=null
2026-01-23 00:26:32.569 | INFO  | [e60912fd-bd38-4166-9425-716f37e61f1d] [] [] | http-nio-8080-exec-19 | c.g.s.CustomerDuePaymentService | OPERATION_SUCCESS | operation=GET_DUE_PAYMENT_REPORT | totalRecords=1 | returnedRecords=1
2026-01-23 00:26:32.623 | INFO  | [e60912fd-bd38-4166-9425-716f37e61f1d] [] [] | http-nio-8080-exec-19 | c.g.s.CustomerDuePaymentService | OPERATION_START | operation=GET_DUE_PAYMENT_REPORT | fromDate=2026-01-01 | toDate=2026-01-31 | customerId=null
2026-01-23 00:26:32.632 | INFO  | [e60912fd-bd38-4166-9425-716f37e61f1d] [] [] | http-nio-8080-exec-19 | c.g.s.CustomerDuePaymentService | OPERATION_SUCCESS | operation=GET_DUE_PAYMENT_REPORT | totalRecords=1 | returnedRecords=1
2026-01-23 00:26:58.652 | INFO  | [a6d3ffeb-a32a-4315-bf7a-3146607d6686] [] [] | http-nio-8080-exec-2 | c.g.s.CustomerDuePaymentService | OPERATION_START | operation=GET_DUE_PAYMENT_REPORT | fromDate=2026-01-01 | toDate=2026-01-23 | customerId=null
2026-01-23 00:26:58.663 | INFO  | [a6d3ffeb-a32a-4315-bf7a-3146607d6686] [] [] | http-nio-8080-exec-2 | c.g.s.CustomerDuePaymentService | OPERATION_SUCCESS | operation=GET_DUE_PAYMENT_REPORT | totalRecords=1 | returnedRecords=1
2026-01-23 00:26:58.679 | INFO  | [a6d3ffeb-a32a-4315-bf7a-3146607d6686] [] [] | http-nio-8080-exec-2 | c.g.s.CustomerDuePaymentService | OPERATION_START | operation=GET_DUE_PAYMENT_REPORT | fromDate=2026-01-01 | toDate=2026-01-31 | customerId=null
2026-01-23 00:26:58.682 | INFO  | [a6d3ffeb-a32a-4315-bf7a-3146607d6686] [] [] | http-nio-8080-exec-2 | c.g.s.CustomerDuePaymentService | OPERATION_SUCCESS | operation=GET_DUE_PAYMENT_REPORT | totalRecords=1 | returnedRecords=1
2026-01-23 00:26:58.688 | INFO  | [a6d3ffeb-a32a-4315-bf7a-3146607d6686] [] [] | http-nio-8080-exec-2 | c.g.s.CustomerDuePaymentService | OPERATION_START | operation=GET_DUE_PAYMENT_REPORT | fromDate=2025-07-23 | toDate=2026-01-23 | customerId=null
2026-01-23 00:26:58.691 | INFO  | [a6d3ffeb-a32a-4315-bf7a-3146607d6686] [] [] | http-nio-8080-exec-2 | c.g.s.CustomerDuePaymentService | OPERATION_SUCCESS | operation=GET_DUE_PAYMENT_REPORT | totalRecords=1 | returnedRecords=1
2026-01-23 00:26:58.711 | INFO  | [a6d3ffeb-a32a-4315-bf7a-3146607d6686] [] [] | http-nio-8080-exec-2 | c.g.s.CustomerDuePaymentService | OPERATION_START | operation=GET_DUE_PAYMENT_REPORT | fromDate=2026-01-01 | toDate=2026-01-31 | customerId=null
2026-01-23 00:26:58.714 | INFO  | [a6d3ffeb-a32a-4315-bf7a-3146607d6686] [] [] | http-nio-8080-exec-2 | c.g.s.CustomerDuePaymentService | OPERATION_SUCCESS | operation=GET_DUE_PAYMENT_REPORT | totalRecords=1 | returnedRecords=1
2026-01-23 13:56:34.124 | INFO  | [3763e0c9-cd81-452b-8a9c-e18ef2f1506e] [] [] | http-nio-8080-exec-3 | c.g.s.CustomerDuePaymentService | OPERATION_START | operation=GET_DUE_PAYMENT_REPORT | fromDate=2026-01-01 | toDate=2026-01-23 | customerId=null
2026-01-23 13:56:34.135 | INFO  | [3763e0c9-cd81-452b-8a9c-e18ef2f1506e] [] [] | http-nio-8080-exec-3 | c.g.s.CustomerDuePaymentService | OPERATION_SUCCESS | operation=GET_DUE_PAYMENT_REPORT | totalRecords=0 | returnedRecords=0
2026-01-23 13:56:34.179 | INFO  | [3763e0c9-cd81-452b-8a9c-e18ef2f1506e] [] [] | http-nio-8080-exec-3 | c.g.s.CustomerDuePaymentService | OPERATION_START | operation=GET_DUE_PAYMENT_REPORT | fromDate=2026-01-01 | toDate=2026-01-31 | customerId=null
2026-01-23 13:56:34.185 | INFO  | [3763e0c9-cd81-452b-8a9c-e18ef2f1506e] [] [] | http-nio-8080-exec-3 | c.g.s.CustomerDuePaymentService | OPERATION_SUCCESS | operation=GET_DUE_PAYMENT_REPORT | totalRecords=0 | returnedRecords=0
2026-01-23 13:56:34.204 | INFO  | [3763e0c9-cd81-452b-8a9c-e18ef2f1506e] [] [] | http-nio-8080-exec-3 | c.g.s.CustomerDuePaymentService | OPERATION_START | operation=GET_DUE_PAYMENT_REPORT | fromDate=2025-07-23 | toDate=2026-01-23 | customerId=null
2026-01-23 13:56:34.208 | INFO  | [3763e0c9-cd81-452b-8a9c-e18ef2f1506e] [] [] | http-nio-8080-exec-3 | c.g.s.CustomerDuePaymentService | OPERATION_SUCCESS | operation=GET_DUE_PAYMENT_REPORT | totalRecords=0 | returnedRecords=0
2026-01-23 13:56:34.277 | INFO  | [3763e0c9-cd81-452b-8a9c-e18ef2f1506e] [] [] | http-nio-8080-exec-3 | c.g.s.CustomerDuePaymentService | OPERATION_START | operation=GET_DUE_PAYMENT_REPORT | fromDate=2026-01-01 | toDate=2026-01-31 | customerId=null
2026-01-23 13:56:34.283 | INFO  | [3763e0c9-cd81-452b-8a9c-e18ef2f1506e] [] [] | http-nio-8080-exec-3 | c.g.s.CustomerDuePaymentService | OPERATION_SUCCESS | operation=GET_DUE_PAYMENT_REPORT | totalRecords=0 | returnedRecords=0
2026-01-23 13:56:57.181 | INFO  | [d856532c-61d1-4ba8-b1f3-df231bd6e1ad] [] [] | http-nio-8080-exec-9 | c.g.service.CylinderVariantService | OPERATION_START | operation=CREATE_VARIANT | name=19KG Cylinder
2026-01-23 13:56:57.211 | INFO  | [d856532c-61d1-4ba8-b1f3-df231bd6e1ad] [] [] | http-nio-8080-exec-9 | c.g.service.CylinderVariantService | OPERATION_SUCCESS | operation=CREATE_VARIANT | id=1 | name=19KG Cylinder
2026-01-23 13:57:10.296 | INFO  | [5dd25de2-6f91-4be9-b4bc-e9327ef32644] [] [] | http-nio-8080-exec-7 | c.g.service.CylinderVariantService | OPERATION_START | operation=CREATE_VARIANT | name=5KG Cylinder
2026-01-23 13:57:10.301 | INFO  | [5dd25de2-6f91-4be9-b4bc-e9327ef32644] [] [] | http-nio-8080-exec-7 | c.g.service.CylinderVariantService | OPERATION_SUCCESS | operation=CREATE_VARIANT | id=2 | name=5KG Cylinder
2026-01-23 13:57:16.032 | INFO  | [b0ef3d8a-1e8e-4890-a1ca-3967af4789db] [] [] | http-nio-8080-exec-14 | c.g.service.CylinderVariantService | OPERATION_START | operation=UPDATE_VARIANT | id=2 | name=5KG Cylinder
2026-01-23 13:57:16.117 | INFO  | [b0ef3d8a-1e8e-4890-a1ca-3967af4789db] [] [] | http-nio-8080-exec-14 | c.g.service.CylinderVariantService | OPERATION_SUCCESS | operation=UPDATE_VARIANT | id=2 | name=5KG Cylinder
2026-01-23 13:59:47.359 | INFO  | [b35856f2-cca0-4fd3-a2b0-1f0817bd6251] [] [] | http-nio-8080-exec-14 | c.g.service.InventoryStockService | OPERATION_START | operation=SETUP_WAREHOUSE_INVENTORY | warehouseId=1 | itemsCount=2
2026-01-23 13:59:47.395 | INFO  | [b35856f2-cca0-4fd3-a2b0-1f0817bd6251] [] [] | http-nio-8080-exec-14 | c.g.service.InventoryStockService | OPERATION_SUCCESS | operation=SETUP_WAREHOUSE_INVENTORY | warehouseId=1
2026-01-23 14:06:54.067 | INFO  | [9c10f695-91f0-4a54-89d0-aab85dc58d73] [] [] | http-nio-8080-exec-14 | c.gasagency.service.SupplierService | OPERATION_START | operation=CREATE_SUPPLIER | name=Bharat Gas
2026-01-23 14:06:54.121 | INFO  | [9c10f695-91f0-4a54-89d0-aab85dc58d73] [] [] | http-nio-8080-exec-14 | c.gasagency.service.SupplierService | OPERATION_SUCCESS | operation=CREATE_SUPPLIER | id=1 | name=Bharat Gas
2026-01-23 14:06:59.578 | INFO  | [bc0c935e-3bcc-41a0-975c-17d663a8937c] [] [] | http-nio-8080-exec-16 | c.gasagency.service.SupplierService | OPERATION_START | operation=UPDATE_SUPPLIER | id=1 | name=Bharat Gas2
2026-01-23 14:06:59.587 | INFO  | [bc0c935e-3bcc-41a0-975c-17d663a8937c] [] [] | http-nio-8080-exec-16 | c.gasagency.service.SupplierService | OPERATION_SUCCESS | operation=UPDATE_SUPPLIER | id=1 | name=Bharat Gas2
2026-01-23 14:09:21.188 | INFO  | [a7ca8deb-7657-4d2c-a3e3-42fe0f4f67ed] [] [] | http-nio-8080-exec-4 | c.g.s.SupplierTransactionService | OPERATION_START | operation=RECORD_TRANSACTION | warehouseId=1 | supplierId=1 | variantId=1
2026-01-23 14:09:21.293 | INFO  | [a7ca8deb-7657-4d2c-a3e3-42fe0f4f67ed] [] [] | http-nio-8080-exec-4 | c.g.s.SupplierTransactionService | Supplier transaction created with id: 1 - Reference: PO-SUP001-202601-000001
2026-01-23 14:09:21.314 | INFO  | [a7ca8deb-7657-4d2c-a3e3-42fe0f4f67ed] [] [] | http-nio-8080-exec-4 | c.g.service.InventoryStockService | OPERATION_SUCCESS | operation=INCREMENT_FILLED_QTY | warehouseId=1 | variantId=1 | newQty=500
2026-01-23 14:09:21.314 | INFO  | [a7ca8deb-7657-4d2c-a3e3-42fe0f4f67ed] [] [] | http-nio-8080-exec-4 | c.g.s.SupplierTransactionService | OPERATION_SUCCESS | operation=RECORD_TRANSACTION | id=1 | supplierId=1 | filled=300
2026-01-23 14:09:56.501 | INFO  | [6914898e-2d1c-46a7-a7ff-55c0b7e9b2c5] [] [] | http-nio-8080-exec-1 | c.g.service.CylinderVariantService | OPERATION_START | operation=UPDATE_VARIANT | id=2 | name=5KG Cylinder
2026-01-23 14:09:56.576 | INFO  | [6914898e-2d1c-46a7-a7ff-55c0b7e9b2c5] [] [] | http-nio-8080-exec-1 | c.g.service.CylinderVariantService | OPERATION_SUCCESS | operation=UPDATE_VARIANT | id=2 | name=5KG Cylinder
2026-01-23 14:12:52.146 | INFO  | [31a0d275-d94d-4e29-b737-748b988eaa29] [] [] | http-nio-8080-exec-20 | c.g.s.CustomerDuePaymentService | OPERATION_START | operation=GET_DUE_PAYMENT_REPORT | fromDate=2026-01-01 | toDate=2026-01-23 | customerId=null
2026-01-23 14:12:52.161 | INFO  | [31a0d275-d94d-4e29-b737-748b988eaa29] [] [] | http-nio-8080-exec-20 | c.g.s.CustomerDuePaymentService | OPERATION_SUCCESS | operation=GET_DUE_PAYMENT_REPORT | totalRecords=0 | returnedRecords=0
2026-01-23 14:12:52.197 | INFO  | [31a0d275-d94d-4e29-b737-748b988eaa29] [] [] | http-nio-8080-exec-20 | c.g.s.CustomerDuePaymentService | OPERATION_START | operation=GET_DUE_PAYMENT_REPORT | fromDate=2026-01-01 | toDate=2026-01-31 | customerId=null
2026-01-23 14:12:52.197 | INFO  | [31a0d275-d94d-4e29-b737-748b988eaa29] [] [] | http-nio-8080-exec-20 | c.g.s.CustomerDuePaymentService | OPERATION_SUCCESS | operation=GET_DUE_PAYMENT_REPORT | totalRecords=0 | returnedRecords=0
2026-01-23 14:12:52.218 | INFO  | [31a0d275-d94d-4e29-b737-748b988eaa29] [] [] | http-nio-8080-exec-20 | c.g.s.CustomerDuePaymentService | OPERATION_START | operation=GET_DUE_PAYMENT_REPORT | fromDate=2025-07-23 | toDate=2026-01-23 | customerId=null
2026-01-23 14:12:52.218 | INFO  | [31a0d275-d94d-4e29-b737-748b988eaa29] [] [] | http-nio-8080-exec-20 | c.g.s.CustomerDuePaymentService | OPERATION_SUCCESS | operation=GET_DUE_PAYMENT_REPORT | totalRecords=0 | returnedRecords=0
2026-01-23 14:12:52.270 | INFO  | [31a0d275-d94d-4e29-b737-748b988eaa29] [] [] | http-nio-8080-exec-20 | c.g.s.CustomerDuePaymentService | OPERATION_START | operation=GET_DUE_PAYMENT_REPORT | fromDate=2026-01-01 | toDate=2026-01-31 | customerId=null
2026-01-23 14:12:52.273 | INFO  | [31a0d275-d94d-4e29-b737-748b988eaa29] [] [] | http-nio-8080-exec-20 | c.g.s.CustomerDuePaymentService | OPERATION_SUCCESS | operation=GET_DUE_PAYMENT_REPORT | totalRecords=0 | returnedRecords=0
2026-01-23 14:17:33.082 | INFO  | [201f3fcd-ed30-4d54-aebd-2f1eede29e39] [] [] | http-nio-8080-exec-50 | c.g.service.CylinderVariantService | OPERATION_START | operation=UPDATE_VARIANT | id=2 | name=5KG Cylinder
2026-01-23 14:17:33.098 | INFO  | [201f3fcd-ed30-4d54-aebd-2f1eede29e39] [] [] | http-nio-8080-exec-50 | c.g.service.CylinderVariantService | OPERATION_SUCCESS | operation=UPDATE_VARIANT | id=2 | name=5KG Cylinder
2026-01-23 14:20:24.305 | INFO  | [fbb2068f-c7fe-414e-840a-c6e7d35bdf0d] [] [] | http-nio-8080-exec-37 | c.g.service.CylinderVariantService | OPERATION_START | operation=UPDATE_VARIANT | id=2 | name=5KG Cylinder
2026-01-23 14:20:24.374 | INFO  | [fbb2068f-c7fe-414e-840a-c6e7d35bdf0d] [] [] | http-nio-8080-exec-37 | c.g.service.CylinderVariantService | OPERATION_SUCCESS | operation=UPDATE_VARIANT | id=2 | name=5KG Cylinder
2026-01-23 14:20:55.426 | INFO  | [60605098-97b7-4e82-90cc-d6a0f23df271] [] [] | http-nio-8080-exec-35 | c.g.s.CustomerDuePaymentService | OPERATION_START | operation=GET_DUE_PAYMENT_REPORT | fromDate=null | toDate=null | customerId=null
2026-01-23 14:20:55.428 | INFO  | [60605098-97b7-4e82-90cc-d6a0f23df271] [] [] | http-nio-8080-exec-35 | c.g.s.CustomerDuePaymentService | OPERATION_SUCCESS | operation=GET_DUE_PAYMENT_REPORT | totalRecords=0 | returnedRecords=0
2026-01-23 14:29:15.298 | INFO  | [339f230e-6215-4bde-bbd3-1b6d803edf5a] [] [] | http-nio-8080-exec-34 | c.g.s.CustomerDuePaymentService | OPERATION_START | operation=GET_DUE_PAYMENT_REPORT | fromDate=2026-01-01 | toDate=2026-01-23 | customerId=null
2026-01-23 14:29:15.299 | INFO  | [339f230e-6215-4bde-bbd3-1b6d803edf5a] [] [] | http-nio-8080-exec-34 | c.g.s.CustomerDuePaymentService | OPERATION_SUCCESS | operation=GET_DUE_PAYMENT_REPORT | totalRecords=0 | returnedRecords=0
2026-01-23 14:29:15.357 | INFO  | [339f230e-6215-4bde-bbd3-1b6d803edf5a] [] [] | http-nio-8080-exec-34 | c.g.s.CustomerDuePaymentService | OPERATION_START | operation=GET_DUE_PAYMENT_REPORT | fromDate=2026-01-01 | toDate=2026-01-31 | customerId=null
2026-01-23 14:29:15.362 | INFO  | [339f230e-6215-4bde-bbd3-1b6d803edf5a] [] [] | http-nio-8080-exec-34 | c.g.s.CustomerDuePaymentService | OPERATION_SUCCESS | operation=GET_DUE_PAYMENT_REPORT | totalRecords=0 | returnedRecords=0
2026-01-23 14:29:15.362 | INFO  | [339f230e-6215-4bde-bbd3-1b6d803edf5a] [] [] | http-nio-8080-exec-34 | c.g.s.CustomerDuePaymentService | OPERATION_START | operation=GET_DUE_PAYMENT_REPORT | fromDate=2025-07-23 | toDate=2026-01-23 | customerId=null
2026-01-23 14:29:15.362 | INFO  | [339f230e-6215-4bde-bbd3-1b6d803edf5a] [] [] | http-nio-8080-exec-34 | c.g.s.CustomerDuePaymentService | OPERATION_SUCCESS | operation=GET_DUE_PAYMENT_REPORT | totalRecords=0 | returnedRecords=0
2026-01-23 14:29:15.376 | INFO  | [339f230e-6215-4bde-bbd3-1b6d803edf5a] [] [] | http-nio-8080-exec-34 | c.g.s.CustomerDuePaymentService | OPERATION_START | operation=GET_DUE_PAYMENT_REPORT | fromDate=2026-01-01 | toDate=2026-01-31 | customerId=null
2026-01-23 14:29:15.376 | INFO  | [339f230e-6215-4bde-bbd3-1b6d803edf5a] [] [] | http-nio-8080-exec-34 | c.g.s.CustomerDuePaymentService | OPERATION_SUCCESS | operation=GET_DUE_PAYMENT_REPORT | totalRecords=0 | returnedRecords=0
2026-01-23 14:31:04.962 | INFO  | [a4d99f5f-7845-43ca-84ca-60f5f6d2ec12] [] [] | http-nio-8080-exec-10 | c.g.service.CylinderVariantService | OPERATION_START | operation=UPDATE_VARIANT | id=2 | name=5KG Cylinder
2026-01-23 14:31:04.988 | INFO  | [a4d99f5f-7845-43ca-84ca-60f5f6d2ec12] [] [] | http-nio-8080-exec-10 | c.g.service.CylinderVariantService | OPERATION_SUCCESS | operation=UPDATE_VARIANT | id=2 | name=5KG Cylinder
2026-01-23 14:33:46.106 | INFO  | [ec4fdba1-8a15-4e3f-a9bb-575ea9be3d23] [] [] | http-nio-8080-exec-4 | c.g.s.CustomerDuePaymentService | OPERATION_START | operation=GET_DUE_PAYMENT_REPORT | fromDate=null | toDate=null | customerId=null
2026-01-23 14:33:46.106 | INFO  | [ec4fdba1-8a15-4e3f-a9bb-575ea9be3d23] [] [] | http-nio-8080-exec-4 | c.g.s.CustomerDuePaymentService | OPERATION_SUCCESS | operation=GET_DUE_PAYMENT_REPORT | totalRecords=0 | returnedRecords=0
2026-01-23 14:41:24.069 | INFO  | [17c3e0b0-e51b-4534-b9ae-dbdec2635bb2] [] [] | http-nio-8080-exec-30 | c.g.service.CylinderVariantService | OPERATION_START | operation=UPDATE_VARIANT | id=2 | name=5KG Cylinder
2026-01-23 14:41:24.098 | INFO  | [17c3e0b0-e51b-4534-b9ae-dbdec2635bb2] [] [] | http-nio-8080-exec-30 | c.g.service.CylinderVariantService | OPERATION_SUCCESS | operation=UPDATE_VARIANT | id=2 | name=5KG Cylinder
2026-01-23 14:43:03.765 | INFO  | [2e6b06bc-3bc3-49a2-bbb5-97b29b5a8e7b] [] [] | http-nio-8080-exec-18 | c.g.s.CustomerDuePaymentService | OPERATION_START | operation=GET_DUE_PAYMENT_REPORT | fromDate=2026-01-01 | toDate=2026-01-23 | customerId=null
2026-01-23 14:43:03.766 | INFO  | [2e6b06bc-3bc3-49a2-bbb5-97b29b5a8e7b] [] [] | http-nio-8080-exec-18 | c.g.s.CustomerDuePaymentService | OPERATION_SUCCESS | operation=GET_DUE_PAYMENT_REPORT | totalRecords=0 | returnedRecords=0
2026-01-23 14:43:03.793 | INFO  | [2e6b06bc-3bc3-49a2-bbb5-97b29b5a8e7b] [] [] | http-nio-8080-exec-18 | c.g.s.CustomerDuePaymentService | OPERATION_START | operation=GET_DUE_PAYMENT_REPORT | fromDate=2026-01-01 | toDate=2026-01-31 | customerId=null
2026-01-23 14:43:03.794 | INFO  | [2e6b06bc-3bc3-49a2-bbb5-97b29b5a8e7b] [] [] | http-nio-8080-exec-18 | c.g.s.CustomerDuePaymentService | OPERATION_SUCCESS | operation=GET_DUE_PAYMENT_REPORT | totalRecords=0 | returnedRecords=0
2026-01-23 14:43:03.799 | INFO  | [2e6b06bc-3bc3-49a2-bbb5-97b29b5a8e7b] [] [] | http-nio-8080-exec-18 | c.g.s.CustomerDuePaymentService | OPERATION_START | operation=GET_DUE_PAYMENT_REPORT | fromDate=2025-07-23 | toDate=2026-01-23 | customerId=null
2026-01-23 14:43:03.800 | INFO  | [2e6b06bc-3bc3-49a2-bbb5-97b29b5a8e7b] [] [] | http-nio-8080-exec-18 | c.g.s.CustomerDuePaymentService | OPERATION_SUCCESS | operation=GET_DUE_PAYMENT_REPORT | totalRecords=0 | returnedRecords=0
2026-01-23 14:43:03.815 | INFO  | [2e6b06bc-3bc3-49a2-bbb5-97b29b5a8e7b] [] [] | http-nio-8080-exec-18 | c.g.s.CustomerDuePaymentService | OPERATION_START | operation=GET_DUE_PAYMENT_REPORT | fromDate=2026-01-01 | toDate=2026-01-31 | customerId=null
2026-01-23 14:43:03.816 | INFO  | [2e6b06bc-3bc3-49a2-bbb5-97b29b5a8e7b] [] [] | http-nio-8080-exec-18 | c.g.s.CustomerDuePaymentService | OPERATION_SUCCESS | operation=GET_DUE_PAYMENT_REPORT | totalRecords=0 | returnedRecords=0
2026-01-23 14:43:38.562 | INFO  | [24e3555f-514d-4918-b47f-2bf112154291] [] [] | http-nio-8080-exec-29 | c.gasagency.service.CustomerService | OPERATION_START | operation=CREATE_CUSTOMER | name=Tushar 
2026-01-23 14:43:38.580 | INFO  | [24e3555f-514d-4918-b47f-2bf112154291] [] [] | http-nio-8080-exec-29 | c.g.s.CustomerCylinderLedgerService | OPERATION_START | operation=CREATE_LEDGER_ENTRY | customerId=1 | warehouseId=null | variantId=1
2026-01-23 14:43:38.609 | INFO  | [24e3555f-514d-4918-b47f-2bf112154291] [] [] | http-nio-8080-exec-29 | c.g.s.CustomerCylinderLedgerService | OPERATION_SUCCESS | operation=CREATE_LEDGER_ENTRY | id=1 | customerId=1 | balance=5
2026-01-23 14:43:38.615 | INFO  | [24e3555f-514d-4918-b47f-2bf112154291] [] [] | http-nio-8080-exec-29 | c.gasagency.service.CustomerService | OPERATION_SUCCESS | operation=CREATE_CUSTOMER_INITIAL_LEDGER | customerId=1 | variantId=1 | filledOut=5 | balance=5
2026-01-23 14:43:38.615 | INFO  | [24e3555f-514d-4918-b47f-2bf112154291] [] [] | http-nio-8080-exec-29 | c.gasagency.service.CustomerService | OPERATION_SUCCESS | operation=CREATE_CUSTOMER | id=1 | name=Tushar  | mobile=9098989898
2026-01-23 14:43:38.649 | INFO  | [87018bb7-906e-4ead-ad0c-60fe3e6cfffb] [] [] | http-nio-8080-exec-31 | c.g.s.CustomerVariantPriceService | OPERATION_START | operation=CREATE_CUSTOMER_VARIANT_PRICE | customerId=1 | variantId=1
2026-01-23 14:43:38.665 | INFO  | [87018bb7-906e-4ead-ad0c-60fe3e6cfffb] [] [] | http-nio-8080-exec-31 | c.g.s.CustomerVariantPriceService | OPERATION_SUCCESS | operation=CREATE_CUSTOMER_VARIANT_PRICE | id=1 | customerId=1 | variantId=1
2026-01-23 14:50:23.135 | INFO  | [8d067686-04cf-4ad2-9cbd-1a5eec30818c] [] [] | http-nio-8080-exec-49 | c.gasagency.service.CustomerService | OPERATION_START | operation=UPDATE_CUSTOMER | id=1 | name=Tushar 
2026-01-23 14:50:23.152 | INFO  | [8d067686-04cf-4ad2-9cbd-1a5eec30818c] [] [] | http-nio-8080-exec-49 | c.g.s.CustomerCylinderLedgerService | OPERATION_START | operation=CREATE_LEDGER_ENTRY | customerId=1 | warehouseId=null | variantId=2
2026-01-23 14:50:23.158 | INFO  | [8d067686-04cf-4ad2-9cbd-1a5eec30818c] [] [] | http-nio-8080-exec-49 | c.g.s.CustomerCylinderLedgerService | OPERATION_SUCCESS | operation=CREATE_LEDGER_ENTRY | id=2 | customerId=1 | balance=5
2026-01-23 14:50:23.164 | INFO  | [8d067686-04cf-4ad2-9cbd-1a5eec30818c] [] [] | http-nio-8080-exec-49 | c.gasagency.service.CustomerService | OPERATION_SUCCESS | operation=UPDATE_CUSTOMER_NEW_VARIANT | customerId=1 | variantId=2 | filledOut=5
2026-01-23 14:50:23.164 | INFO  | [8d067686-04cf-4ad2-9cbd-1a5eec30818c] [] [] | http-nio-8080-exec-49 | c.gasagency.service.CustomerService | OPERATION_SUCCESS | operation=UPDATE_CUSTOMER | id=1 | name=Tushar 
2026-01-23 14:50:23.199 | INFO  | [e3cbc07b-e7b0-4fe3-b33e-7b3966a96ee4] [] [] | http-nio-8080-exec-42 | c.g.s.CustomerVariantPriceService | OPERATION_START | operation=UPDATE_CUSTOMER_VARIANT_PRICE | id=1
2026-01-23 14:50:23.202 | INFO  | [e3cbc07b-e7b0-4fe3-b33e-7b3966a96ee4] [] [] | http-nio-8080-exec-42 | c.g.s.CustomerVariantPriceService | OPERATION_SUCCESS | operation=UPDATE_CUSTOMER_VARIANT_PRICE | id=1 | customerId=1
2026-01-23 14:50:23.220 | INFO  | [5e74544a-59fe-4ccb-9d23-1a1b8baabe98] [] [] | http-nio-8080-exec-7 | c.g.s.CustomerVariantPriceService | OPERATION_START | operation=CREATE_CUSTOMER_VARIANT_PRICE | customerId=1 | variantId=2
2026-01-23 14:50:23.226 | INFO  | [5e74544a-59fe-4ccb-9d23-1a1b8baabe98] [] [] | http-nio-8080-exec-7 | c.g.s.CustomerVariantPriceService | OPERATION_SUCCESS | operation=CREATE_CUSTOMER_VARIANT_PRICE | id=2 | customerId=1 | variantId=2
2026-01-23 14:50:58.070 | INFO  | [5899b45c-a383-471e-b07a-c50e92a78cd2] [] [bac0849c-cb14-43f2-bb1d-70276c9a2671] | http-nio-8080-exec-2 | com.gasagency.service.SaleService | Creating new sale with request: com.gasagency.dto.CreateSaleRequestDTO@7c0e17cc
2026-01-23 14:50:58.070 | ERROR | [5899b45c-a383-471e-b07a-c50e92a78cd2] [] [bac0849c-cb14-43f2-bb1d-70276c9a2671] | http-nio-8080-exec-2 | com.gasagency.service.SaleService | Invalid sale request - bankAccountId is required for non-cash payment mode: Cheque
2026-01-23 14:51:04.987 | INFO  | [39a98e0d-7514-4024-8eaa-4c5733f88345] [] [0607b971-5aa1-4d71-b8e7-f2c8f2814ada] | http-nio-8080-exec-10 | com.gasagency.service.SaleService | Creating new sale with request: com.gasagency.dto.CreateSaleRequestDTO@41097018
2026-01-23 14:51:05.001 | INFO  | [39a98e0d-7514-4024-8eaa-4c5733f88345] [] [0607b971-5aa1-4d71-b8e7-f2c8f2814ada] | http-nio-8080-exec-10 | c.g.service.InventoryStockService | OPERATION_SUCCESS | operation=GET_STOCK_WAREHOUSE_VARIANT_WITH_LOCK | warehouseId=1 | variantId=1 | filledQty=500 | emptyQty=200
2026-01-23 14:51:05.012 | INFO  | [39a98e0d-7514-4024-8eaa-4c5733f88345] [] [0607b971-5aa1-4d71-b8e7-f2c8f2814ada] | http-nio-8080-exec-10 | com.gasagency.service.SaleService | Sale validation complete - Total amount: 4200.00, Items: 1
2026-01-23 14:51:05.016 | INFO  | [39a98e0d-7514-4024-8eaa-4c5733f88345] [] [0607b971-5aa1-4d71-b8e7-f2c8f2814ada] | http-nio-8080-exec-10 | c.g.s.CustomerCylinderLedgerService | getCustomerPreviousDue - customerId: 1, total entries found: 2
2026-01-23 14:51:05.016 | INFO  | [39a98e0d-7514-4024-8eaa-4c5733f88345] [] [0607b971-5aa1-4d71-b8e7-f2c8f2814ada] | http-nio-8080-exec-10 | c.g.s.CustomerCylinderLedgerService | Latest ledger for customer 1 - Entry ID: 2, Due Amount: 20000.00, Total Amount: 0.00, Amount Received: 0.00
2026-01-23 14:51:05.016 | INFO  | [39a98e0d-7514-4024-8eaa-4c5733f88345] [] [0607b971-5aa1-4d71-b8e7-f2c8f2814ada] | http-nio-8080-exec-10 | com.gasagency.service.SaleService | Payment validation - customerId: 1, previousDue: 20000.00, currentSale: 4200.00, totalDue: 24200.00, amountReceived: 1000
2026-01-23 14:51:05.020 | INFO  | [39a98e0d-7514-4024-8eaa-4c5733f88345] [] [0607b971-5aa1-4d71-b8e7-f2c8f2814ada] | http-nio-8080-exec-10 | com.gasagency.service.SaleService | Bank account linked to sale: ICICI
2026-01-23 14:51:05.032 | INFO  | [39a98e0d-7514-4024-8eaa-4c5733f88345] [] [0607b971-5aa1-4d71-b8e7-f2c8f2814ada] | http-nio-8080-exec-10 | com.gasagency.service.SaleService | Sale created with id: 1 for customer: Tushar  - Total: 4200.00 - Reference: SO-WH001-202601-000001
2026-01-23 14:51:05.051 | INFO  | [39a98e0d-7514-4024-8eaa-4c5733f88345] [] [0607b971-5aa1-4d71-b8e7-f2c8f2814ada] | http-nio-8080-exec-10 | com.gasagency.service.SaleService | Bank ledger entry recorded for sale id: 1 - Amount: 1000
2026-01-23 14:51:05.070 | INFO  | [39a98e0d-7514-4024-8eaa-4c5733f88345] [] [0607b971-5aa1-4d71-b8e7-f2c8f2814ada] | http-nio-8080-exec-10 | c.g.service.InventoryStockService | OPERATION_SUCCESS | operation=DECREMENT_FILLED_QTY | warehouseId=1 | variantId=1 | newQty=497
2026-01-23 14:51:05.077 | INFO  | [39a98e0d-7514-4024-8eaa-4c5733f88345] [] [0607b971-5aa1-4d71-b8e7-f2c8f2814ada] | http-nio-8080-exec-10 | c.g.s.CustomerCylinderLedgerService | OPERATION_START | operation=CREATE_LEDGER_ENTRY | customerId=1 | warehouseId=1 | variantId=1
2026-01-23 14:51:05.090 | INFO  | [39a98e0d-7514-4024-8eaa-4c5733f88345] [] [0607b971-5aa1-4d71-b8e7-f2c8f2814ada] | http-nio-8080-exec-10 | c.g.s.CustomerCylinderLedgerService | OPERATION_SUCCESS | operation=CREATE_LEDGER_ENTRY | id=3 | customerId=1 | balance=8
2026-01-23 14:51:05.100 | INFO  | [39a98e0d-7514-4024-8eaa-4c5733f88345] [] [0607b971-5aa1-4d71-b8e7-f2c8f2814ada] | http-nio-8080-exec-10 | com.gasagency.service.SaleService | Sale 1 completed successfully for customer Tushar 
2026-01-23 14:51:05.101 | INFO  | [39a98e0d-7514-4024-8eaa-4c5733f88345] [] [0607b971-5aa1-4d71-b8e7-f2c8f2814ada] | http-nio-8080-exec-10 | com.gasagency.service.SaleService | TRANSACTION_SUMMARY | txnId=0607b971-5aa1-4d71-b8e7-f2c8f2814ada | saleId=1 | customer=Tushar  | amount=4200.00 | duration=113ms
2026-01-23 14:51:15.260 | INFO  | [1468fe1f-c333-40c4-aec5-ecb6b6bade0e] [] [a0b84990-6f72-4ed8-8f8d-2cd6f5106ccd] | http-nio-8080-exec-27 | com.gasagency.service.SaleService | Creating new sale with request: com.gasagency.dto.CreateSaleRequestDTO@6079d410
2026-01-23 14:51:15.266 | INFO  | [1468fe1f-c333-40c4-aec5-ecb6b6bade0e] [] [a0b84990-6f72-4ed8-8f8d-2cd6f5106ccd] | http-nio-8080-exec-27 | c.g.service.InventoryStockService | OPERATION_SUCCESS | operation=GET_STOCK_WAREHOUSE_VARIANT_WITH_LOCK | warehouseId=1 | variantId=1 | filledQty=497 | emptyQty=200
2026-01-23 14:51:15.271 | INFO  | [1468fe1f-c333-40c4-aec5-ecb6b6bade0e] [] [a0b84990-6f72-4ed8-8f8d-2cd6f5106ccd] | http-nio-8080-exec-27 | com.gasagency.service.SaleService | Sale validation complete - Total amount: 4200.00, Items: 1
2026-01-23 14:51:15.275 | INFO  | [1468fe1f-c333-40c4-aec5-ecb6b6bade0e] [] [a0b84990-6f72-4ed8-8f8d-2cd6f5106ccd] | http-nio-8080-exec-27 | c.g.s.CustomerCylinderLedgerService | getCustomerPreviousDue - customerId: 1, total entries found: 3
2026-01-23 14:51:15.275 | INFO  | [1468fe1f-c333-40c4-aec5-ecb6b6bade0e] [] [a0b84990-6f72-4ed8-8f8d-2cd6f5106ccd] | http-nio-8080-exec-27 | c.g.s.CustomerCylinderLedgerService | Latest ledger for customer 1 - Entry ID: 3, Due Amount: 23200.00, Total Amount: 4200.00, Amount Received: 1000.00
2026-01-23 14:51:15.275 | INFO  | [1468fe1f-c333-40c4-aec5-ecb6b6bade0e] [] [a0b84990-6f72-4ed8-8f8d-2cd6f5106ccd] | http-nio-8080-exec-27 | com.gasagency.service.SaleService | Payment validation - customerId: 1, previousDue: 23200.00, currentSale: 4200.00, totalDue: 27400.00, amountReceived: 1000
2026-01-23 14:51:15.278 | INFO  | [1468fe1f-c333-40c4-aec5-ecb6b6bade0e] [] [a0b84990-6f72-4ed8-8f8d-2cd6f5106ccd] | http-nio-8080-exec-27 | com.gasagency.service.SaleService | Bank account linked to sale: ICICI
2026-01-23 14:51:15.283 | INFO  | [1468fe1f-c333-40c4-aec5-ecb6b6bade0e] [] [a0b84990-6f72-4ed8-8f8d-2cd6f5106ccd] | http-nio-8080-exec-27 | com.gasagency.service.SaleService | Sale created with id: 2 for customer: Tushar  - Total: 4200.00 - Reference: SO-WH001-202601-000002
2026-01-23 14:51:15.291 | INFO  | [1468fe1f-c333-40c4-aec5-ecb6b6bade0e] [] [a0b84990-6f72-4ed8-8f8d-2cd6f5106ccd] | http-nio-8080-exec-27 | com.gasagency.service.SaleService | Bank ledger entry recorded for sale id: 2 - Amount: 1000
2026-01-23 14:51:15.297 | INFO  | [1468fe1f-c333-40c4-aec5-ecb6b6bade0e] [] [a0b84990-6f72-4ed8-8f8d-2cd6f5106ccd] | http-nio-8080-exec-27 | c.g.service.InventoryStockService | OPERATION_SUCCESS | operation=DECREMENT_FILLED_QTY | warehouseId=1 | variantId=1 | newQty=494
2026-01-23 14:51:15.300 | INFO  | [1468fe1f-c333-40c4-aec5-ecb6b6bade0e] [] [a0b84990-6f72-4ed8-8f8d-2cd6f5106ccd] | http-nio-8080-exec-27 | c.g.s.CustomerCylinderLedgerService | OPERATION_START | operation=CREATE_LEDGER_ENTRY | customerId=1 | warehouseId=1 | variantId=1
2026-01-23 14:51:15.307 | INFO  | [1468fe1f-c333-40c4-aec5-ecb6b6bade0e] [] [a0b84990-6f72-4ed8-8f8d-2cd6f5106ccd] | http-nio-8080-exec-27 | c.g.s.CustomerCylinderLedgerService | OPERATION_SUCCESS | operation=CREATE_LEDGER_ENTRY | id=4 | customerId=1 | balance=11
2026-01-23 14:51:15.314 | INFO  | [1468fe1f-c333-40c4-aec5-ecb6b6bade0e] [] [a0b84990-6f72-4ed8-8f8d-2cd6f5106ccd] | http-nio-8080-exec-27 | com.gasagency.service.SaleService | Sale 2 completed successfully for customer Tushar 
2026-01-23 14:51:15.314 | INFO  | [1468fe1f-c333-40c4-aec5-ecb6b6bade0e] [] [a0b84990-6f72-4ed8-8f8d-2cd6f5106ccd] | http-nio-8080-exec-27 | com.gasagency.service.SaleService | TRANSACTION_SUMMARY | txnId=a0b84990-6f72-4ed8-8f8d-2cd6f5106ccd | saleId=2 | customer=Tushar  | amount=4200.00 | duration=54ms
2026-01-23 14:52:48.846 | INFO  | [9acace15-897b-46be-9d02-4629827992f7] [] [23617748-40cd-4f15-bf30-646732601750] | http-nio-8080-exec-1 | com.gasagency.service.SaleService | Creating new sale with request: com.gasagency.dto.CreateSaleRequestDTO@46259d57
2026-01-23 14:52:48.913 | INFO  | [9acace15-897b-46be-9d02-4629827992f7] [] [23617748-40cd-4f15-bf30-646732601750] | http-nio-8080-exec-1 | c.g.service.InventoryStockService | OPERATION_SUCCESS | operation=GET_STOCK_WAREHOUSE_VARIANT_WITH_LOCK | warehouseId=1 | variantId=1 | filledQty=494 | emptyQty=200
2026-01-23 14:52:48.933 | INFO  | [9acace15-897b-46be-9d02-4629827992f7] [] [23617748-40cd-4f15-bf30-646732601750] | http-nio-8080-exec-1 | com.gasagency.service.SaleService | Sale validation complete - Total amount: 4200.00, Items: 1
2026-01-23 14:52:48.957 | INFO  | [9acace15-897b-46be-9d02-4629827992f7] [] [23617748-40cd-4f15-bf30-646732601750] | http-nio-8080-exec-1 | c.g.s.CustomerCylinderLedgerService | getCustomerPreviousDue - customerId: 1, total entries found: 4
2026-01-23 14:52:48.957 | INFO  | [9acace15-897b-46be-9d02-4629827992f7] [] [23617748-40cd-4f15-bf30-646732601750] | http-nio-8080-exec-1 | c.g.s.CustomerCylinderLedgerService | Latest ledger for customer 1 - Entry ID: 4, Due Amount: 26400.00, Total Amount: 4200.00, Amount Received: 1000.00
2026-01-23 14:52:48.957 | INFO  | [9acace15-897b-46be-9d02-4629827992f7] [] [23617748-40cd-4f15-bf30-646732601750] | http-nio-8080-exec-1 | com.gasagency.service.SaleService | Payment validation - customerId: 1, previousDue: 26400.00, currentSale: 4200.00, totalDue: 30600.00, amountReceived: 1000
2026-01-23 14:52:48.968 | INFO  | [9acace15-897b-46be-9d02-4629827992f7] [] [23617748-40cd-4f15-bf30-646732601750] | http-nio-8080-exec-1 | com.gasagency.service.SaleService | Bank account linked to sale: ICICI
2026-01-23 14:52:49.024 | INFO  | [9acace15-897b-46be-9d02-4629827992f7] [] [23617748-40cd-4f15-bf30-646732601750] | http-nio-8080-exec-1 | com.gasagency.service.SaleService | Sale created with id: 3 for customer: Tushar  - Total: 4200.00 - Reference: SO-WH001-202601-000003
2026-01-23 14:52:49.052 | INFO  | [9acace15-897b-46be-9d02-4629827992f7] [] [23617748-40cd-4f15-bf30-646732601750] | http-nio-8080-exec-1 | com.gasagency.service.SaleService | Bank ledger entry recorded for sale id: 3 - Amount: 1000
2026-01-23 14:52:49.089 | INFO  | [9acace15-897b-46be-9d02-4629827992f7] [] [23617748-40cd-4f15-bf30-646732601750] | http-nio-8080-exec-1 | c.g.service.InventoryStockService | OPERATION_SUCCESS | operation=DECREMENT_FILLED_QTY | warehouseId=1 | variantId=1 | newQty=491
2026-01-23 14:52:49.122 | INFO  | [9acace15-897b-46be-9d02-4629827992f7] [] [23617748-40cd-4f15-bf30-646732601750] | http-nio-8080-exec-1 | c.g.s.CustomerCylinderLedgerService | OPERATION_START | operation=CREATE_LEDGER_ENTRY | customerId=1 | warehouseId=1 | variantId=1
2026-01-23 14:52:49.160 | INFO  | [9acace15-897b-46be-9d02-4629827992f7] [] [23617748-40cd-4f15-bf30-646732601750] | http-nio-8080-exec-1 | c.g.s.CustomerCylinderLedgerService | OPERATION_SUCCESS | operation=CREATE_LEDGER_ENTRY | id=5 | customerId=1 | balance=14
2026-01-23 14:52:49.177 | INFO  | [9acace15-897b-46be-9d02-4629827992f7] [] [23617748-40cd-4f15-bf30-646732601750] | http-nio-8080-exec-1 | com.gasagency.service.SaleService | Sale 3 completed successfully for customer Tushar 
2026-01-23 14:52:49.177 | INFO  | [9acace15-897b-46be-9d02-4629827992f7] [] [23617748-40cd-4f15-bf30-646732601750] | http-nio-8080-exec-1 | com.gasagency.service.SaleService | TRANSACTION_SUMMARY | txnId=23617748-40cd-4f15-bf30-646732601750 | saleId=3 | customer=Tushar  | amount=4200.00 | duration=331ms
2026-01-23 14:54:13.768 | INFO  | [a86ad4d0-3c76-47e2-af14-b9d7c7959750] [] [8dc11712-cba3-4aaf-87e1-31e46f3ebc43] | http-nio-8080-exec-2 | com.gasagency.service.SaleService | Creating new sale with request: com.gasagency.dto.CreateSaleRequestDTO@623ff645
2026-01-23 14:54:13.844 | INFO  | [a86ad4d0-3c76-47e2-af14-b9d7c7959750] [] [8dc11712-cba3-4aaf-87e1-31e46f3ebc43] | http-nio-8080-exec-2 | c.g.service.InventoryStockService | OPERATION_SUCCESS | operation=GET_STOCK_WAREHOUSE_VARIANT_WITH_LOCK | warehouseId=1 | variantId=1 | filledQty=491 | emptyQty=200
2026-01-23 14:54:13.870 | INFO  | [a86ad4d0-3c76-47e2-af14-b9d7c7959750] [] [8dc11712-cba3-4aaf-87e1-31e46f3ebc43] | http-nio-8080-exec-2 | com.gasagency.service.SaleService | Sale validation complete - Total amount: 4200.00, Items: 1
2026-01-23 14:54:13.890 | INFO  | [a86ad4d0-3c76-47e2-af14-b9d7c7959750] [] [8dc11712-cba3-4aaf-87e1-31e46f3ebc43] | http-nio-8080-exec-2 | c.g.s.CustomerCylinderLedgerService | getCustomerPreviousDue - customerId: 1, total entries found: 5
2026-01-23 14:54:13.890 | INFO  | [a86ad4d0-3c76-47e2-af14-b9d7c7959750] [] [8dc11712-cba3-4aaf-87e1-31e46f3ebc43] | http-nio-8080-exec-2 | c.g.s.CustomerCylinderLedgerService | Latest ledger for customer 1 - Entry ID: 5, Due Amount: 29600.00, Total Amount: 4200.00, Amount Received: 1000.00
2026-01-23 14:54:13.890 | INFO  | [a86ad4d0-3c76-47e2-af14-b9d7c7959750] [] [8dc11712-cba3-4aaf-87e1-31e46f3ebc43] | http-nio-8080-exec-2 | com.gasagency.service.SaleService | Payment validation - customerId: 1, previousDue: 29600.00, currentSale: 4200.00, totalDue: 33800.00, amountReceived: 1000
2026-01-23 14:54:13.901 | INFO  | [a86ad4d0-3c76-47e2-af14-b9d7c7959750] [] [8dc11712-cba3-4aaf-87e1-31e46f3ebc43] | http-nio-8080-exec-2 | com.gasagency.service.SaleService | Bank account linked to sale: ICICI
2026-01-23 14:54:13.959 | INFO  | [a86ad4d0-3c76-47e2-af14-b9d7c7959750] [] [8dc11712-cba3-4aaf-87e1-31e46f3ebc43] | http-nio-8080-exec-2 | com.gasagency.service.SaleService | Sale created with id: 4 for customer: Tushar  - Total: 4200.00 - Reference: SO-WH001-202601-000004
2026-01-23 14:54:13.986 | INFO  | [a86ad4d0-3c76-47e2-af14-b9d7c7959750] [] [8dc11712-cba3-4aaf-87e1-31e46f3ebc43] | http-nio-8080-exec-2 | com.gasagency.service.SaleService | Bank ledger entry recorded for sale id: 4 - Amount: 1000
2026-01-23 14:54:14.019 | INFO  | [a86ad4d0-3c76-47e2-af14-b9d7c7959750] [] [8dc11712-cba3-4aaf-87e1-31e46f3ebc43] | http-nio-8080-exec-2 | c.g.service.InventoryStockService | OPERATION_SUCCESS | operation=DECREMENT_FILLED_QTY | warehouseId=1 | variantId=1 | newQty=488
2026-01-23 14:54:14.054 | INFO  | [a86ad4d0-3c76-47e2-af14-b9d7c7959750] [] [8dc11712-cba3-4aaf-87e1-31e46f3ebc43] | http-nio-8080-exec-2 | c.g.s.CustomerCylinderLedgerService | OPERATION_START | operation=CREATE_LEDGER_ENTRY | customerId=1 | warehouseId=1 | variantId=1
2026-01-23 14:54:14.097 | INFO  | [a86ad4d0-3c76-47e2-af14-b9d7c7959750] [] [8dc11712-cba3-4aaf-87e1-31e46f3ebc43] | http-nio-8080-exec-2 | c.g.s.CustomerCylinderLedgerService | OPERATION_SUCCESS | operation=CREATE_LEDGER_ENTRY | id=6 | customerId=1 | balance=17
2026-01-23 14:54:14.121 | INFO  | [a86ad4d0-3c76-47e2-af14-b9d7c7959750] [] [8dc11712-cba3-4aaf-87e1-31e46f3ebc43] | http-nio-8080-exec-2 | com.gasagency.service.SaleService | Sale 4 completed successfully for customer Tushar 
2026-01-23 14:54:14.122 | INFO  | [a86ad4d0-3c76-47e2-af14-b9d7c7959750] [] [8dc11712-cba3-4aaf-87e1-31e46f3ebc43] | http-nio-8080-exec-2 | com.gasagency.service.SaleService | TRANSACTION_SUMMARY | txnId=8dc11712-cba3-4aaf-87e1-31e46f3ebc43 | saleId=4 | customer=Tushar  | amount=4200.00 | duration=353ms
2026-01-23 14:55:26.940 | INFO  | [a37e66ca-508e-49b6-9ba8-322358fded2e] [] [] | http-nio-8080-exec-19 | c.g.s.CustomerCylinderLedgerService | getCustomerPreviousDue - customerId: 1, total entries found: 6
2026-01-23 14:55:26.940 | INFO  | [a37e66ca-508e-49b6-9ba8-322358fded2e] [] [] | http-nio-8080-exec-19 | c.g.s.CustomerCylinderLedgerService | Latest ledger for customer 1 - Entry ID: 6, Due Amount: 32800.00, Total Amount: 4200.00, Amount Received: 1000.00
2026-01-23 14:55:26.940 | INFO  | [a37e66ca-508e-49b6-9ba8-322358fded2e] [] [] | http-nio-8080-exec-19 | c.g.s.CustomerCylinderLedgerService | OPERATION_START | operation=CREATE_LEDGER_ENTRY | customerId=1 | warehouseId=1 | variantId=1
2026-01-23 14:55:26.957 | INFO  | [a37e66ca-508e-49b6-9ba8-322358fded2e] [] [] | http-nio-8080-exec-19 | c.g.s.CustomerCylinderLedgerService | Return reference generated for empty return: 7 - Reference: ER-WH001-202601-000002
2026-01-23 14:55:26.957 | INFO  | [a37e66ca-508e-49b6-9ba8-322358fded2e] [] [] | http-nio-8080-exec-19 | c.g.s.CustomerCylinderLedgerService | OPERATION_SUCCESS | operation=CREATE_LEDGER_ENTRY | id=7 | customerId=1 | balance=12
2026-01-23 14:55:26.957 | INFO  | [a37e66ca-508e-49b6-9ba8-322358fded2e] [] [] | http-nio-8080-exec-19 | c.g.service.InventoryStockService | OPERATION_SUCCESS | operation=INCREMENT_EMPTY_QTY | warehouseId=1 | variantId=1 | newQty=205
2026-01-23 14:55:27.090 | INFO  | [a37e66ca-508e-49b6-9ba8-322358fded2e] [] [] | http-nio-8080-exec-19 | c.g.s.CustomerCylinderLedgerService | Bank account ledger entry recorded - BankAccountId: 2, Amount: 1000, Reference: DEP-ICICI-202601-000005
2026-01-23 14:56:55.322 | INFO  | [c3fe928d-37bc-40ee-ae1a-32f26b577140] [] [] | http-nio-8080-exec-10 | c.g.s.CustomerCylinderLedgerService | OPERATION_START | operation=UPDATE_LEDGER | ledgerId=3 | updateData={filledOut=2, totalAmount=2800, updateReason=Changes:
 Filled: 3  2
 Total: 4200.00  2800.00

User Note: Changes}
2026-01-23 14:56:55.338 | INFO  | [c3fe928d-37bc-40ee-ae1a-32f26b577140] [] [] | http-nio-8080-exec-10 | c.g.s.CustomerCylinderLedgerService | OPERATION_START | operation=UPDATE_LEDGER_VALIDATION_PASSED | affectedEntriesCount=4 | oldValues=filled=3, empty=0, total=4200.00, received=1000.00 | newValues=filled=2, empty=0, total=2800, received=1000.00
2026-01-23 14:56:55.342 | INFO  | [c3fe928d-37bc-40ee-ae1a-32f26b577140] [] [] | http-nio-8080-exec-10 | c.g.service.InventoryStockService | OPERATION_SUCCESS | operation=INCREMENT_FILLED_QTY | warehouseId=1 | variantId=1 | newQty=489
2026-01-23 14:56:55.342 | INFO  | [c3fe928d-37bc-40ee-ae1a-32f26b577140] [] [] | http-nio-8080-exec-10 | c.g.s.CustomerCylinderLedgerService | OPERATION_START | operation=UPDATE_LEDGER_INVENTORY | warehouseId=1 | variantId=1 | filledQtyChange=1 | emptyQtyChange=0
2026-01-23 14:56:55.342 | INFO  | [c3fe928d-37bc-40ee-ae1a-32f26b577140] [] [] | http-nio-8080-exec-10 | c.g.s.CustomerCylinderLedgerService | UPDATE_SALE: saleId=1, oldTotal=4200.00, newTotal=2800
2026-01-23 14:56:55.342 | INFO  | [c3fe928d-37bc-40ee-ae1a-32f26b577140] [] [] | http-nio-8080-exec-10 | c.g.s.CustomerCylinderLedgerService | RECALC_BALANCE_START: entry=3, newBalance=7
2026-01-23 14:56:55.342 | INFO  | [c3fe928d-37bc-40ee-ae1a-32f26b577140] [] [] | http-nio-8080-exec-10 | c.g.s.CustomerCylinderLedgerService | RECALC_BALANCE: id=4, oldBalance=11, newBalance=10, filled=3, empty=0
2026-01-23 14:56:55.342 | INFO  | [c3fe928d-37bc-40ee-ae1a-32f26b577140] [] [] | http-nio-8080-exec-10 | c.g.s.CustomerCylinderLedgerService | OPERATION_START | operation=UPDATE_LEDGER_RECALC_BALANCE | entryId=4 | newBalance=10
2026-01-23 14:56:55.342 | INFO  | [c3fe928d-37bc-40ee-ae1a-32f26b577140] [] [] | http-nio-8080-exec-10 | c.g.s.CustomerCylinderLedgerService | RECALC_BALANCE: id=5, oldBalance=14, newBalance=13, filled=3, empty=0
2026-01-23 14:56:55.342 | INFO  | [c3fe928d-37bc-40ee-ae1a-32f26b577140] [] [] | http-nio-8080-exec-10 | c.g.s.CustomerCylinderLedgerService | OPERATION_START | operation=UPDATE_LEDGER_RECALC_BALANCE | entryId=5 | newBalance=13
2026-01-23 14:56:55.342 | INFO  | [c3fe928d-37bc-40ee-ae1a-32f26b577140] [] [] | http-nio-8080-exec-10 | c.g.s.CustomerCylinderLedgerService | RECALC_BALANCE: id=6, oldBalance=17, newBalance=16, filled=3, empty=0
2026-01-23 14:56:55.342 | INFO  | [c3fe928d-37bc-40ee-ae1a-32f26b577140] [] [] | http-nio-8080-exec-10 | c.g.s.CustomerCylinderLedgerService | OPERATION_START | operation=UPDATE_LEDGER_RECALC_BALANCE | entryId=6 | newBalance=16
2026-01-23 14:56:55.342 | INFO  | [c3fe928d-37bc-40ee-ae1a-32f26b577140] [] [] | http-nio-8080-exec-10 | c.g.s.CustomerCylinderLedgerService | RECALC_BALANCE: id=7, oldBalance=12, newBalance=11, filled=0, empty=5
2026-01-23 14:56:55.342 | INFO  | [c3fe928d-37bc-40ee-ae1a-32f26b577140] [] [] | http-nio-8080-exec-10 | c.g.s.CustomerCylinderLedgerService | OPERATION_START | operation=UPDATE_LEDGER_RECALC_BALANCE | entryId=7 | newBalance=11
2026-01-23 14:56:55.342 | INFO  | [c3fe928d-37bc-40ee-ae1a-32f26b577140] [] [] | http-nio-8080-exec-10 | c.g.s.CustomerCylinderLedgerService | RECALC_DUE_START: entry=3, newDue=21800.00
2026-01-23 14:56:55.342 | INFO  | [c3fe928d-37bc-40ee-ae1a-32f26b577140] [] [] | http-nio-8080-exec-10 | c.g.s.CustomerCylinderLedgerService | RECALC_DUE: id=4, oldDue=26400.00, newDue=25000.00
2026-01-23 14:56:55.342 | INFO  | [c3fe928d-37bc-40ee-ae1a-32f26b577140] [] [] | http-nio-8080-exec-10 | c.g.s.CustomerCylinderLedgerService | OPERATION_START | operation=UPDATE_LEDGER_RECALC_DUE | entryId=4 | newDue=25000.00
2026-01-23 14:56:55.342 | INFO  | [c3fe928d-37bc-40ee-ae1a-32f26b577140] [] [] | http-nio-8080-exec-10 | c.g.s.CustomerCylinderLedgerService | RECALC_DUE: id=5, oldDue=29600.00, newDue=28200.00
2026-01-23 14:56:55.342 | INFO  | [c3fe928d-37bc-40ee-ae1a-32f26b577140] [] [] | http-nio-8080-exec-10 | c.g.s.CustomerCylinderLedgerService | OPERATION_START | operation=UPDATE_LEDGER_RECALC_DUE | entryId=5 | newDue=28200.00
2026-01-23 14:56:55.342 | INFO  | [c3fe928d-37bc-40ee-ae1a-32f26b577140] [] [] | http-nio-8080-exec-10 | c.g.s.CustomerCylinderLedgerService | RECALC_DUE: id=6, oldDue=32800.00, newDue=31400.00
2026-01-23 14:56:55.342 | INFO  | [c3fe928d-37bc-40ee-ae1a-32f26b577140] [] [] | http-nio-8080-exec-10 | c.g.s.CustomerCylinderLedgerService | OPERATION_START | operation=UPDATE_LEDGER_RECALC_DUE | entryId=6 | newDue=31400.00
2026-01-23 14:56:55.342 | INFO  | [c3fe928d-37bc-40ee-ae1a-32f26b577140] [] [] | http-nio-8080-exec-10 | c.g.s.CustomerCylinderLedgerService | RECALC_DUE: id=7, oldDue=31800.00, newDue=30400.00
2026-01-23 14:56:55.342 | INFO  | [c3fe928d-37bc-40ee-ae1a-32f26b577140] [] [] | http-nio-8080-exec-10 | c.g.s.CustomerCylinderLedgerService | OPERATION_START | operation=UPDATE_LEDGER_RECALC_DUE | entryId=7 | newDue=30400.00
2026-01-23 14:56:55.342 | INFO  | [c3fe928d-37bc-40ee-ae1a-32f26b577140] [] [] | http-nio-8080-exec-10 | c.g.s.CustomerCylinderLedgerService | OPERATION_SUCCESS | operation=UPDATE_LEDGER | ledgerId=3 | affectedEntries=4
2026-01-23 14:58:00.678 | INFO  | [a7f9254a-4ecf-46a0-9f24-d91b934cb8bd] [] [] | http-nio-8080-exec-28 | c.g.service.InventoryStockService | OPERATION_START | operation=UPDATE_STOCK | stockId=1 | filledQty=289 | emptyQty=205
2026-01-23 14:58:00.678 | INFO  | [a7f9254a-4ecf-46a0-9f24-d91b934cb8bd] [] [] | http-nio-8080-exec-28 | c.g.service.InventoryStockService | OPERATION_SUCCESS | operation=UPDATE_STOCK | stockId=1
2026-01-23 14:58:00.678 | INFO  | [a7f9254a-4ecf-46a0-9f24-d91b934cb8bd] [] [] | http-nio-8080-exec-28 | c.g.service.InventoryStockService | OPERATION_START | operation=UPDATE_STOCK | stockId=3 | filledQty=200 | emptyQty=0
2026-01-23 14:58:00.678 | INFO  | [a7f9254a-4ecf-46a0-9f24-d91b934cb8bd] [] [] | http-nio-8080-exec-28 | c.g.service.InventoryStockService | OPERATION_SUCCESS | operation=UPDATE_STOCK | stockId=3
2026-01-23 14:58:00.693 | INFO  | [a7f9254a-4ecf-46a0-9f24-d91b934cb8bd] [] [] | http-nio-8080-exec-28 | c.g.service.WarehouseTransferService | Warehouse transfer created with id: 1 - Reference: WT-WH001-WH002-202601-000001
2026-01-23 14:58:24.118 | INFO  | [e6621064-2c98-4d3c-83d1-af7c4bc8822e] [] [] | http-nio-8080-exec-27 | c.g.s.CustomerDuePaymentService | OPERATION_START | operation=GET_DUE_PAYMENT_REPORT | fromDate=null | toDate=null | customerId=1
2026-01-23 14:58:24.134 | INFO  | [e6621064-2c98-4d3c-83d1-af7c4bc8822e] [] [] | http-nio-8080-exec-27 | c.g.s.CustomerDuePaymentService | OPERATION_SUCCESS | operation=GET_DUE_PAYMENT_REPORT | totalRecords=1 | returnedRecords=1
2026-01-23 14:58:42.619 | INFO  | [d3b87067-3d48-46fe-9c52-c517b92e9007] [] [] | http-nio-8080-exec-35 | c.g.s.CustomerCylinderLedgerService | OPERATION_SUCCESS | operation=RECORD_PAYMENT | customerId=1 | amount=10000
2026-01-23 14:58:42.644 | INFO  | [8b9c592b-5df2-4d7e-b90a-5fd13a5ba1dd] [] [] | http-nio-8080-exec-38 | c.g.s.CustomerDuePaymentService | OPERATION_START | operation=GET_DUE_PAYMENT_REPORT | fromDate=null | toDate=null | customerId=1
2026-01-23 14:58:42.651 | INFO  | [8b9c592b-5df2-4d7e-b90a-5fd13a5ba1dd] [] [] | http-nio-8080-exec-38 | c.g.s.CustomerDuePaymentService | OPERATION_SUCCESS | operation=GET_DUE_PAYMENT_REPORT | totalRecords=1 | returnedRecords=1
2026-01-23 14:59:16.935 | INFO  | [ca460e6e-7dc4-4e3d-b26f-bea8ff499e6c] [] [] | http-nio-8080-exec-3 | c.g.s.CustomerCylinderLedgerService | OPERATION_START | operation=UPDATE_LEDGER | ledgerId=8 | updateData={amountReceived=5000, updateReason=Changes:
 Payment: 10000.00  5000.00

User Note: changes}
2026-01-23 14:59:16.952 | INFO  | [ca460e6e-7dc4-4e3d-b26f-bea8ff499e6c] [] [] | http-nio-8080-exec-3 | c.g.s.CustomerCylinderLedgerService | OPERATION_START | operation=UPDATE_LEDGER_VALIDATION_PASSED | affectedEntriesCount=0 | oldValues=filled=0, empty=0, total=0.00, received=10000.00 | newValues=filled=0, empty=0, total=0.00, received=5000
2026-01-23 14:59:16.952 | INFO  | [ca460e6e-7dc4-4e3d-b26f-bea8ff499e6c] [] [] | http-nio-8080-exec-3 | c.g.s.CustomerCylinderLedgerService | RECALC_DUE_START: entry=8, newDue=25400.00
2026-01-23 14:59:16.952 | INFO  | [ca460e6e-7dc4-4e3d-b26f-bea8ff499e6c] [] [] | http-nio-8080-exec-3 | c.g.s.CustomerCylinderLedgerService | OPERATION_SUCCESS | operation=UPDATE_LEDGER | ledgerId=8 | affectedEntries=0
2026-01-23 15:00:08.561 | INFO  | [52674c50-e60b-4a83-9219-e266b1527881] [] [] | http-nio-8080-exec-22 | c.g.s.CustomerDuePaymentService | OPERATION_START | operation=GET_DUE_PAYMENT_REPORT | fromDate=null | toDate=null | customerId=null
2026-01-23 15:00:08.572 | INFO  | [52674c50-e60b-4a83-9219-e266b1527881] [] [] | http-nio-8080-exec-22 | c.g.s.CustomerDuePaymentService | OPERATION_SUCCESS | operation=GET_DUE_PAYMENT_REPORT | totalRecords=1 | returnedRecords=1
2026-01-23 15:02:57.032 | INFO  | [7a0a7e0b-c9fc-4a09-a6e0-c62d6672b231] [] [] | http-nio-8080-exec-3 | c.g.s.CustomerDuePaymentService | OPERATION_START | operation=GET_DUE_PAYMENT_REPORT | fromDate=2026-01-01 | toDate=2026-01-23 | customerId=null
2026-01-23 15:02:57.079 | INFO  | [7a0a7e0b-c9fc-4a09-a6e0-c62d6672b231] [] [] | http-nio-8080-exec-3 | c.g.s.CustomerDuePaymentService | OPERATION_SUCCESS | operation=GET_DUE_PAYMENT_REPORT | totalRecords=1 | returnedRecords=1
2026-01-23 15:02:57.122 | INFO  | [7a0a7e0b-c9fc-4a09-a6e0-c62d6672b231] [] [] | http-nio-8080-exec-3 | c.g.s.CustomerDuePaymentService | OPERATION_START | operation=GET_DUE_PAYMENT_REPORT | fromDate=2026-01-01 | toDate=2026-01-31 | customerId=null
2026-01-23 15:02:57.129 | INFO  | [7a0a7e0b-c9fc-4a09-a6e0-c62d6672b231] [] [] | http-nio-8080-exec-3 | c.g.s.CustomerDuePaymentService | OPERATION_SUCCESS | operation=GET_DUE_PAYMENT_REPORT | totalRecords=1 | returnedRecords=1
2026-01-23 15:02:57.132 | INFO  | [7a0a7e0b-c9fc-4a09-a6e0-c62d6672b231] [] [] | http-nio-8080-exec-3 | c.g.s.CustomerDuePaymentService | OPERATION_START | operation=GET_DUE_PAYMENT_REPORT | fromDate=2025-07-23 | toDate=2026-01-23 | customerId=null
2026-01-23 15:02:57.146 | INFO  | [7a0a7e0b-c9fc-4a09-a6e0-c62d6672b231] [] [] | http-nio-8080-exec-3 | c.g.s.CustomerDuePaymentService | OPERATION_SUCCESS | operation=GET_DUE_PAYMENT_REPORT | totalRecords=1 | returnedRecords=1
2026-01-23 15:02:57.202 | INFO  | [7a0a7e0b-c9fc-4a09-a6e0-c62d6672b231] [] [] | http-nio-8080-exec-3 | c.g.s.CustomerDuePaymentService | OPERATION_START | operation=GET_DUE_PAYMENT_REPORT | fromDate=2026-01-01 | toDate=2026-01-31 | customerId=null
2026-01-23 15:02:57.206 | INFO  | [7a0a7e0b-c9fc-4a09-a6e0-c62d6672b231] [] [] | http-nio-8080-exec-3 | c.g.s.CustomerDuePaymentService | OPERATION_SUCCESS | operation=GET_DUE_PAYMENT_REPORT | totalRecords=1 | returnedRecords=1
2026-01-23 15:10:16.955 | INFO  | [7d63eadf-30fd-4f36-9635-a202364db544] [] [] | http-nio-8080-exec-5 | c.g.s.CustomerDuePaymentService | OPERATION_START | operation=GET_DUE_PAYMENT_REPORT | fromDate=2026-01-01 | toDate=2026-01-23 | customerId=null
2026-01-23 15:10:17.007 | INFO  | [7d63eadf-30fd-4f36-9635-a202364db544] [] [] | http-nio-8080-exec-5 | c.g.s.CustomerDuePaymentService | OPERATION_SUCCESS | operation=GET_DUE_PAYMENT_REPORT | totalRecords=1 | returnedRecords=1
2026-01-23 15:10:17.045 | INFO  | [7d63eadf-30fd-4f36-9635-a202364db544] [] [] | http-nio-8080-exec-5 | c.g.s.CustomerDuePaymentService | OPERATION_START | operation=GET_DUE_PAYMENT_REPORT | fromDate=2026-01-01 | toDate=2026-01-31 | customerId=null
2026-01-23 15:10:17.054 | INFO  | [7d63eadf-30fd-4f36-9635-a202364db544] [] [] | http-nio-8080-exec-5 | c.g.s.CustomerDuePaymentService | OPERATION_SUCCESS | operation=GET_DUE_PAYMENT_REPORT | totalRecords=1 | returnedRecords=1
2026-01-23 15:10:17.055 | INFO  | [7d63eadf-30fd-4f36-9635-a202364db544] [] [] | http-nio-8080-exec-5 | c.g.s.CustomerDuePaymentService | OPERATION_START | operation=GET_DUE_PAYMENT_REPORT | fromDate=2025-07-23 | toDate=2026-01-23 | customerId=null
2026-01-23 15:10:17.055 | INFO  | [7d63eadf-30fd-4f36-9635-a202364db544] [] [] | http-nio-8080-exec-5 | c.g.s.CustomerDuePaymentService | OPERATION_SUCCESS | operation=GET_DUE_PAYMENT_REPORT | totalRecords=1 | returnedRecords=1
2026-01-23 15:10:17.122 | INFO  | [7d63eadf-30fd-4f36-9635-a202364db544] [] [] | http-nio-8080-exec-5 | c.g.s.CustomerDuePaymentService | OPERATION_START | operation=GET_DUE_PAYMENT_REPORT | fromDate=2026-01-01 | toDate=2026-01-31 | customerId=null
2026-01-23 15:10:17.127 | INFO  | [7d63eadf-30fd-4f36-9635-a202364db544] [] [] | http-nio-8080-exec-5 | c.g.s.CustomerDuePaymentService | OPERATION_SUCCESS | operation=GET_DUE_PAYMENT_REPORT | totalRecords=1 | returnedRecords=1
2026-01-23 15:15:58.150 | INFO  | [01aa09bf-2395-44f4-9c51-85d1e4f3a9a1] [] [] | http-nio-8080-exec-3 | c.g.s.CustomerDuePaymentService | OPERATION_START | operation=GET_DUE_PAYMENT_REPORT | fromDate=2026-01-01 | toDate=2026-01-23 | customerId=null
2026-01-23 15:15:58.178 | INFO  | [01aa09bf-2395-44f4-9c51-85d1e4f3a9a1] [] [] | http-nio-8080-exec-3 | c.g.s.CustomerDuePaymentService | OPERATION_SUCCESS | operation=GET_DUE_PAYMENT_REPORT | totalRecords=1 | returnedRecords=1
2026-01-23 15:15:58.218 | INFO  | [01aa09bf-2395-44f4-9c51-85d1e4f3a9a1] [] [] | http-nio-8080-exec-3 | c.g.s.CustomerDuePaymentService | OPERATION_START | operation=GET_DUE_PAYMENT_REPORT | fromDate=2026-01-01 | toDate=2026-01-31 | customerId=null
2026-01-23 15:15:58.230 | INFO  | [01aa09bf-2395-44f4-9c51-85d1e4f3a9a1] [] [] | http-nio-8080-exec-3 | c.g.s.CustomerDuePaymentService | OPERATION_SUCCESS | operation=GET_DUE_PAYMENT_REPORT | totalRecords=1 | returnedRecords=1
2026-01-23 15:15:58.247 | INFO  | [01aa09bf-2395-44f4-9c51-85d1e4f3a9a1] [] [] | http-nio-8080-exec-3 | c.g.s.CustomerDuePaymentService | OPERATION_START | operation=GET_DUE_PAYMENT_REPORT | fromDate=2025-07-23 | toDate=2026-01-23 | customerId=null
2026-01-23 15:15:58.248 | INFO  | [01aa09bf-2395-44f4-9c51-85d1e4f3a9a1] [] [] | http-nio-8080-exec-3 | c.g.s.CustomerDuePaymentService | OPERATION_SUCCESS | operation=GET_DUE_PAYMENT_REPORT | totalRecords=1 | returnedRecords=1
2026-01-23 15:15:58.314 | INFO  | [01aa09bf-2395-44f4-9c51-85d1e4f3a9a1] [] [] | http-nio-8080-exec-3 | c.g.s.CustomerDuePaymentService | OPERATION_START | operation=GET_DUE_PAYMENT_REPORT | fromDate=2026-01-01 | toDate=2026-01-31 | customerId=null
2026-01-23 15:15:58.314 | INFO  | [01aa09bf-2395-44f4-9c51-85d1e4f3a9a1] [] [] | http-nio-8080-exec-3 | c.g.s.CustomerDuePaymentService | OPERATION_SUCCESS | operation=GET_DUE_PAYMENT_REPORT | totalRecords=1 | returnedRecords=1
2026-01-23 15:22:29.910 | INFO  | [8505ee6a-6d42-4a36-8930-fbf5deff6097] [] [] | http-nio-8080-exec-15 | c.g.s.CustomerDuePaymentService | OPERATION_START | operation=GET_DUE_PAYMENT_REPORT | fromDate=null | toDate=null | customerId=1
2026-01-23 15:22:29.921 | INFO  | [8505ee6a-6d42-4a36-8930-fbf5deff6097] [] [] | http-nio-8080-exec-15 | c.g.s.CustomerDuePaymentService | OPERATION_SUCCESS | operation=GET_DUE_PAYMENT_REPORT | totalRecords=1 | returnedRecords=1
