2026-01-11 21:53:08.295 | INFO  | [e16473dd-c09a-4a49-86e3-5f53095fe340] [] [904e194e-5eed-4792-bb84-3027cdda059c] | http-nio-8080-exec-5 | com.gasagency.service.SaleService | Creating new sale with request: com.gasagency.dto.CreateSaleRequestDTO@9327e3
2026-01-11 21:53:08.317 | ERROR | [e16473dd-c09a-4a49-86e3-5f53095fe340] [] [904e194e-5eed-4792-bb84-3027cdda059c] | http-nio-8080-exec-5 | com.gasagency.service.SaleService | Insufficient inventory for variant: 19KG Cylinder. Available: 3, Requested: 6
2026-01-11 21:53:15.086 | INFO  | [3667e0e0-0e4c-4bc0-b248-909f28e4d7cf] [] [14f3de19-7bb2-43e2-9d51-6da8c4c8aa6e] | http-nio-8080-exec-1 | com.gasagency.service.SaleService | Creating new sale with request: com.gasagency.dto.CreateSaleRequestDTO@14088e16
2026-01-11 21:53:15.098 | INFO  | [3667e0e0-0e4c-4bc0-b248-909f28e4d7cf] [] [14f3de19-7bb2-43e2-9d51-6da8c4c8aa6e] | http-nio-8080-exec-1 | com.gasagency.service.SaleService | Sale validation complete - Total amount: 1500.00, Items: 1
2026-01-11 21:53:15.118 | INFO  | [3667e0e0-0e4c-4bc0-b248-909f28e4d7cf] [] [14f3de19-7bb2-43e2-9d51-6da8c4c8aa6e] | http-nio-8080-exec-1 | com.gasagency.service.SaleService | Sale created with id: 11 for customer: Tushar Rokade - Total: 1500.00
2026-01-11 21:53:15.132 | INFO  | [3667e0e0-0e4c-4bc0-b248-909f28e4d7cf] [] [14f3de19-7bb2-43e2-9d51-6da8c4c8aa6e] | http-nio-8080-exec-1 | c.g.service.InventoryStockService | OPERATION_START | operation=DECREMENT_FILLED_WITH_CHECK | variantId=1 | qty=3
2026-01-11 21:53:15.142 | INFO  | [3667e0e0-0e4c-4bc0-b248-909f28e4d7cf] [] [14f3de19-7bb2-43e2-9d51-6da8c4c8aa6e] | http-nio-8080-exec-1 | c.g.service.InventoryStockService | OPERATION_SUCCESS | operation=DECREMENT_FILLED_QTY_CHECK | variantId=1 | newQty=0
2026-01-11 21:53:15.143 | INFO  | [3667e0e0-0e4c-4bc0-b248-909f28e4d7cf] [] [14f3de19-7bb2-43e2-9d51-6da8c4c8aa6e] | http-nio-8080-exec-1 | c.g.service.InventoryStockService | OPERATION_START | operation=INCREMENT_EMPTY_QTY | variantId=1 | qty=0
2026-01-11 21:53:15.143 | INFO  | [3667e0e0-0e4c-4bc0-b248-909f28e4d7cf] [] [14f3de19-7bb2-43e2-9d51-6da8c4c8aa6e] | http-nio-8080-exec-1 | c.g.service.InventoryStockService | OPERATION_SUCCESS | operation=INCREMENT_EMPTY_QTY | variantId=1 | newEmptyQty=No increment (qty=0)
2026-01-11 21:53:15.144 | INFO  | [3667e0e0-0e4c-4bc0-b248-909f28e4d7cf] [] [14f3de19-7bb2-43e2-9d51-6da8c4c8aa6e] | http-nio-8080-exec-1 | c.g.s.CustomerCylinderLedgerService | OPERATION_START | operation=CREATE_LEDGER_ENTRY | customerId=1 | variantId=1
2026-01-11 21:53:15.163 | INFO  | [3667e0e0-0e4c-4bc0-b248-909f28e4d7cf] [] [14f3de19-7bb2-43e2-9d51-6da8c4c8aa6e] | http-nio-8080-exec-1 | c.g.s.CustomerCylinderLedgerService | OPERATION_SUCCESS | operation=CREATE_LEDGER_ENTRY | id=16 | customerId=1 | balance=7
2026-01-11 21:53:15.163 | INFO  | [3667e0e0-0e4c-4bc0-b248-909f28e4d7cf] [] [14f3de19-7bb2-43e2-9d51-6da8c4c8aa6e] | http-nio-8080-exec-1 | com.gasagency.service.SaleService | Sale 11 completed successfully for customer Tushar Rokade
2026-01-11 21:53:15.164 | INFO  | [3667e0e0-0e4c-4bc0-b248-909f28e4d7cf] [] [14f3de19-7bb2-43e2-9d51-6da8c4c8aa6e] | http-nio-8080-exec-1 | com.gasagency.service.SaleService | TRANSACTION_SUMMARY | txnId=14f3de19-7bb2-43e2-9d51-6da8c4c8aa6e | saleId=11 | customer=Tushar Rokade | amount=1500.00 | duration=77ms
2026-01-11 22:18:13.127 | INFO  | [12741e35-f81e-4509-bec1-e230f36b99ea] [] [62589f9a-6519-4524-9c1d-e9c17fd5ed61] | http-nio-8080-exec-6 | com.gasagency.service.SaleService | Creating new sale with request: com.gasagency.dto.CreateSaleRequestDTO@8b564a
2026-01-11 22:18:13.168 | ERROR | [12741e35-f81e-4509-bec1-e230f36b99ea] [] [62589f9a-6519-4524-9c1d-e9c17fd5ed61] | http-nio-8080-exec-6 | com.gasagency.service.SaleService | Insufficient inventory for variant: 19KG Cylinder. Available: 0, Requested: 1
2026-01-11 22:19:43.309 | INFO  | [8d6b33e1-9f82-474f-b8b6-aecd274b60f8] [] [] | http-nio-8080-exec-2 | c.g.s.CustomerCylinderLedgerService | OPERATION_START | operation=CREATE_LEDGER_ENTRY | customerId=2 | variantId=2
2026-01-11 22:19:43.321 | WARN  | [8d6b33e1-9f82-474f-b8b6-aecd274b60f8] [] [] | http-nio-8080-exec-2 | c.g.s.CustomerCylinderLedgerService | OPERATION_FAILED | operation=CREATE_LEDGER_ENTRY | error=Empty return exceeds filled cylinders held (after this sale) | customerId=2 | variantId=2 | previousBalance=0 | filledOut=0 | emptyIn=1
2026-01-11 22:19:53.522 | INFO  | [de2a8846-93c4-493a-8c97-3139106e7ed8] [] [] | http-nio-8080-exec-10 | c.g.s.CustomerCylinderLedgerService | OPERATION_START | operation=CREATE_LEDGER_ENTRY | customerId=1 | variantId=2
2026-01-11 22:19:53.530 | WARN  | [de2a8846-93c4-493a-8c97-3139106e7ed8] [] [] | http-nio-8080-exec-10 | c.g.s.CustomerCylinderLedgerService | OPERATION_FAILED | operation=CREATE_LEDGER_ENTRY | error=Empty return exceeds filled cylinders held (after this sale) | customerId=1 | variantId=2 | previousBalance=0 | filledOut=0 | emptyIn=1
2026-01-11 22:20:00.113 | INFO  | [349732c1-6872-4a80-b9b2-d934b7d5562a] [] [] | http-nio-8080-exec-7 | c.g.s.CustomerCylinderLedgerService | OPERATION_START | operation=CREATE_LEDGER_ENTRY | customerId=1 | variantId=1
2026-01-11 22:20:00.134 | INFO  | [349732c1-6872-4a80-b9b2-d934b7d5562a] [] [] | http-nio-8080-exec-7 | c.g.s.CustomerCylinderLedgerService | OPERATION_SUCCESS | operation=CREATE_LEDGER_ENTRY | id=17 | customerId=1 | balance=1
2026-01-11 22:20:00.136 | INFO  | [349732c1-6872-4a80-b9b2-d934b7d5562a] [] [] | http-nio-8080-exec-7 | c.g.service.InventoryStockService | OPERATION_START | operation=INCREMENT_EMPTY_QTY | variantId=1 | qty=6
2026-01-11 22:20:00.146 | INFO  | [349732c1-6872-4a80-b9b2-d934b7d5562a] [] [] | http-nio-8080-exec-7 | c.g.service.InventoryStockService | OPERATION_SUCCESS | operation=INCREMENT_EMPTY_QTY | variantId=1 | newEmptyQty=12
2026-01-11 22:21:22.141 | INFO  | [b329cc8f-dfb1-447f-903a-f6ef6409f4e9] [] [630d6775-064a-44fe-a369-2a4e78c5aebd] | http-nio-8080-exec-8 | com.gasagency.service.SaleService | Creating new sale with request: com.gasagency.dto.CreateSaleRequestDTO@49e80c50
2026-01-11 22:21:22.148 | ERROR | [b329cc8f-dfb1-447f-903a-f6ef6409f4e9] [] [630d6775-064a-44fe-a369-2a4e78c5aebd] | http-nio-8080-exec-8 | com.gasagency.service.SaleService | Insufficient inventory for variant: 19KG Cylinder. Available: 0, Requested: 2
2026-01-11 22:22:41.558 | INFO  | [6ca2fcf7-be0e-4260-b779-c714e2a5b340] [] [] | http-nio-8080-exec-10 | c.g.s.SupplierTransactionService | OPERATION_START | operation=RECORD_TRANSACTION | supplierId=1 | variantId=1
2026-01-11 22:22:41.584 | INFO  | [6ca2fcf7-be0e-4260-b779-c714e2a5b340] [] [] | http-nio-8080-exec-10 | c.g.service.InventoryStockService | OPERATION_SUCCESS | operation=INCREMENT_FILLED_QTY | variantId=1 | newQty=12
2026-01-11 22:22:41.591 | INFO  | [6ca2fcf7-be0e-4260-b779-c714e2a5b340] [] [] | http-nio-8080-exec-10 | c.g.service.InventoryStockService | OPERATION_SUCCESS | operation=DECREMENT_EMPTY_QTY | variantId=1 | newQty=0
2026-01-11 22:22:41.592 | INFO  | [6ca2fcf7-be0e-4260-b779-c714e2a5b340] [] [] | http-nio-8080-exec-10 | c.g.s.SupplierTransactionService | OPERATION_SUCCESS | operation=RECORD_TRANSACTION | id=5 | supplierId=1 | filled=12
2026-01-11 22:23:01.224 | INFO  | [179ac3b5-62f1-49a2-8649-b455d4117c76] [] [3e6eac6e-cc7e-4237-8ef4-aae484e2e414] | http-nio-8080-exec-9 | com.gasagency.service.SaleService | Creating new sale with request: com.gasagency.dto.CreateSaleRequestDTO@3ef12697
2026-01-11 22:23:01.234 | INFO  | [179ac3b5-62f1-49a2-8649-b455d4117c76] [] [3e6eac6e-cc7e-4237-8ef4-aae484e2e414] | http-nio-8080-exec-9 | com.gasagency.service.SaleService | Sale validation complete - Total amount: 900.00, Items: 1
2026-01-11 22:23:01.247 | INFO  | [179ac3b5-62f1-49a2-8649-b455d4117c76] [] [3e6eac6e-cc7e-4237-8ef4-aae484e2e414] | http-nio-8080-exec-9 | com.gasagency.service.SaleService | Sale created with id: 12 for customer: Mahesh Patil - Total: 900.00
2026-01-11 22:23:01.260 | INFO  | [179ac3b5-62f1-49a2-8649-b455d4117c76] [] [3e6eac6e-cc7e-4237-8ef4-aae484e2e414] | http-nio-8080-exec-9 | c.g.service.InventoryStockService | OPERATION_START | operation=DECREMENT_FILLED_WITH_CHECK | variantId=1 | qty=2
2026-01-11 22:23:01.272 | INFO  | [179ac3b5-62f1-49a2-8649-b455d4117c76] [] [3e6eac6e-cc7e-4237-8ef4-aae484e2e414] | http-nio-8080-exec-9 | c.g.service.InventoryStockService | OPERATION_SUCCESS | operation=DECREMENT_FILLED_QTY_CHECK | variantId=1 | newQty=10
2026-01-11 22:23:01.273 | INFO  | [179ac3b5-62f1-49a2-8649-b455d4117c76] [] [3e6eac6e-cc7e-4237-8ef4-aae484e2e414] | http-nio-8080-exec-9 | c.g.service.InventoryStockService | OPERATION_START | operation=INCREMENT_EMPTY_QTY | variantId=1 | qty=0
2026-01-11 22:23:01.273 | INFO  | [179ac3b5-62f1-49a2-8649-b455d4117c76] [] [3e6eac6e-cc7e-4237-8ef4-aae484e2e414] | http-nio-8080-exec-9 | c.g.service.InventoryStockService | OPERATION_SUCCESS | operation=INCREMENT_EMPTY_QTY | variantId=1 | newEmptyQty=No increment (qty=0)
2026-01-11 22:23:01.273 | INFO  | [179ac3b5-62f1-49a2-8649-b455d4117c76] [] [3e6eac6e-cc7e-4237-8ef4-aae484e2e414] | http-nio-8080-exec-9 | c.g.s.CustomerCylinderLedgerService | OPERATION_START | operation=CREATE_LEDGER_ENTRY | customerId=2 | variantId=1
2026-01-11 22:23:01.280 | INFO  | [179ac3b5-62f1-49a2-8649-b455d4117c76] [] [3e6eac6e-cc7e-4237-8ef4-aae484e2e414] | http-nio-8080-exec-9 | c.g.s.CustomerCylinderLedgerService | OPERATION_SUCCESS | operation=CREATE_LEDGER_ENTRY | id=18 | customerId=2 | balance=6
2026-01-11 22:23:01.280 | INFO  | [179ac3b5-62f1-49a2-8649-b455d4117c76] [] [3e6eac6e-cc7e-4237-8ef4-aae484e2e414] | http-nio-8080-exec-9 | com.gasagency.service.SaleService | Sale 12 completed successfully for customer Mahesh Patil
2026-01-11 22:23:01.280 | INFO  | [179ac3b5-62f1-49a2-8649-b455d4117c76] [] [3e6eac6e-cc7e-4237-8ef4-aae484e2e414] | http-nio-8080-exec-9 | com.gasagency.service.SaleService | TRANSACTION_SUMMARY | txnId=3e6eac6e-cc7e-4237-8ef4-aae484e2e414 | saleId=12 | customer=Mahesh Patil | amount=900.00 | duration=56ms
2026-01-11 23:02:43.596 | INFO  | [fa4361a4-8d6a-49ac-9fc1-73f49e27e460] [] [665204b5-fff3-4968-8693-1952e64e0c2f] | http-nio-8080-exec-10 | com.gasagency.service.SaleService | Creating new sale with request: com.gasagency.dto.CreateSaleRequestDTO@376c1633
2026-01-11 23:02:43.605 | INFO  | [fa4361a4-8d6a-49ac-9fc1-73f49e27e460] [] [665204b5-fff3-4968-8693-1952e64e0c2f] | http-nio-8080-exec-10 | com.gasagency.service.SaleService | Sale validation complete - Total amount: 4500.00, Items: 1
2026-01-11 23:02:43.609 | INFO  | [fa4361a4-8d6a-49ac-9fc1-73f49e27e460] [] [665204b5-fff3-4968-8693-1952e64e0c2f] | http-nio-8080-exec-10 | com.gasagency.service.SaleService | Sale created with id: 13 for customer: Tushar Rokade - Total: 4500.00
2026-01-11 23:02:43.612 | INFO  | [fa4361a4-8d6a-49ac-9fc1-73f49e27e460] [] [665204b5-fff3-4968-8693-1952e64e0c2f] | http-nio-8080-exec-10 | c.g.service.InventoryStockService | OPERATION_START | operation=DECREMENT_FILLED_WITH_CHECK | variantId=1 | qty=9
2026-01-11 23:02:43.613 | INFO  | [fa4361a4-8d6a-49ac-9fc1-73f49e27e460] [] [665204b5-fff3-4968-8693-1952e64e0c2f] | http-nio-8080-exec-10 | c.g.service.InventoryStockService | OPERATION_SUCCESS | operation=DECREMENT_FILLED_QTY_CHECK | variantId=1 | newQty=1
2026-01-11 23:02:43.613 | INFO  | [fa4361a4-8d6a-49ac-9fc1-73f49e27e460] [] [665204b5-fff3-4968-8693-1952e64e0c2f] | http-nio-8080-exec-10 | c.g.service.InventoryStockService | OPERATION_START | operation=INCREMENT_EMPTY_QTY | variantId=1 | qty=0
2026-01-11 23:02:43.613 | INFO  | [fa4361a4-8d6a-49ac-9fc1-73f49e27e460] [] [665204b5-fff3-4968-8693-1952e64e0c2f] | http-nio-8080-exec-10 | c.g.service.InventoryStockService | OPERATION_SUCCESS | operation=INCREMENT_EMPTY_QTY | variantId=1 | newEmptyQty=No increment (qty=0)
2026-01-11 23:02:43.613 | INFO  | [fa4361a4-8d6a-49ac-9fc1-73f49e27e460] [] [665204b5-fff3-4968-8693-1952e64e0c2f] | http-nio-8080-exec-10 | c.g.s.CustomerCylinderLedgerService | OPERATION_START | operation=CREATE_LEDGER_ENTRY | customerId=1 | variantId=1
2026-01-11 23:02:43.616 | INFO  | [fa4361a4-8d6a-49ac-9fc1-73f49e27e460] [] [665204b5-fff3-4968-8693-1952e64e0c2f] | http-nio-8080-exec-10 | c.g.s.CustomerCylinderLedgerService | OPERATION_SUCCESS | operation=CREATE_LEDGER_ENTRY | id=19 | customerId=1 | balance=10
2026-01-11 23:02:43.617 | INFO  | [fa4361a4-8d6a-49ac-9fc1-73f49e27e460] [] [665204b5-fff3-4968-8693-1952e64e0c2f] | http-nio-8080-exec-10 | com.gasagency.service.SaleService | Sale 13 completed successfully for customer Tushar Rokade
2026-01-11 23:02:43.617 | INFO  | [fa4361a4-8d6a-49ac-9fc1-73f49e27e460] [] [665204b5-fff3-4968-8693-1952e64e0c2f] | http-nio-8080-exec-10 | com.gasagency.service.SaleService | TRANSACTION_SUMMARY | txnId=665204b5-fff3-4968-8693-1952e64e0c2f | saleId=13 | customer=Tushar Rokade | amount=4500.00 | duration=21ms
