2026-01-10 17:32:39.139 | [3280eb47-0c83-4a89-8851-73d56fdf8f3c] | 3280eb47-0c83-4a89-8851-73d56fdf8f3c|method=POST|path=/api/auth/login|status=200|duration=333ms|category=FAST
2026-01-10 17:32:39.239 | [6f9def73-0195-4380-9592-0cbdde2dbcc1] | 6f9def73-0195-4380-9592-0cbdde2dbcc1|method=GET|path=/api/sales|status=200|duration=63ms|category=FAST
2026-01-10 17:32:39.240 | [96d71350-c53e-4659-b4c8-f08061f34fd5] | 96d71350-c53e-4659-b4c8-f08061f34fd5|method=GET|path=/api/sales|status=200|duration=65ms|category=FAST
2026-01-10 17:32:39.275 | [f39a5124-614d-4b57-8ef6-eeacc3696ab1] | f39a5124-614d-4b57-8ef6-eeacc3696ab1|method=GET|path=/api/inventory|status=200|duration=19ms|category=FAST
2026-01-10 17:32:39.295 | [d8d56327-d1bf-4ba0-8b92-ee6c2fa8869d] | d8d56327-d1bf-4ba0-8b92-ee6c2fa8869d|method=GET|path=/api/ledger/pending-summary|status=200|duration=39ms|category=FAST
2026-01-10 17:32:45.586 | [0d0f2cbc-c945-4d65-82d0-0b69ef9d57d1] | 0d0f2cbc-c945-4d65-82d0-0b69ef9d57d1|method=GET|path=/api/variants/active/list|status=200|duration=4ms|category=FAST
2026-01-10 17:32:45.642 | [86c5fe11-2c85-425b-ae2f-c9311fc3e76e] | 86c5fe11-2c85-425b-ae2f-c9311fc3e76e|method=GET|path=/api/customers/active/list|status=200|duration=61ms|category=FAST
2026-01-10 17:32:54.956 | [5da989dd-4303-45c5-b9b9-453e0a8fc6e9] | 5da989dd-4303-45c5-b9b9-453e0a8fc6e9|method=POST|path=/api/ledger/empty-return|status=400|duration=13ms|category=FAST
2026-01-10 17:32:58.422 | [921388fd-713d-4387-a7df-baa5c6b9e9a7] | 921388fd-713d-4387-a7df-baa5c6b9e9a7|method=POST|path=/api/ledger/empty-return|status=200|duration=35ms|category=FAST
2026-01-10 17:33:05.562 | [12495271-cf07-4040-b681-3c273606e17a] | 12495271-cf07-4040-b681-3c273606e17a|method=GET|path=/api/sales|status=200|duration=24ms|category=FAST
2026-01-10 17:33:05.569 | [99827e03-dc5a-4610-8eda-465edae9e756] | 99827e03-dc5a-4610-8eda-465edae9e756|method=GET|path=/api/inventory|status=200|duration=25ms|category=FAST
2026-01-10 17:33:05.612 | [1917a933-b980-4edc-902e-d5224ceb6708] | 1917a933-b980-4edc-902e-d5224ceb6708|method=GET|path=/api/sales|status=200|duration=20ms|category=FAST
2026-01-10 17:33:05.618 | [1f6bc659-60d4-45d9-8783-ccb01a98baaf] | 1f6bc659-60d4-45d9-8783-ccb01a98baaf|method=GET|path=/api/ledger/pending-summary|status=200|duration=26ms|category=FAST
2026-01-10 17:33:11.636 | [ad49b816-9f0e-446b-a972-ef9ad3b8e605] | ad49b816-9f0e-446b-a972-ef9ad3b8e605|method=GET|path=/api/users|status=200|duration=5ms|category=FAST
2026-01-10 17:33:13.129 | [26c1b1d8-7154-4b16-9c41-5ac2d4fa4209] | 26c1b1d8-7154-4b16-9c41-5ac2d4fa4209|method=GET|path=/api/variants|status=200|duration=8ms|category=FAST
2026-01-10 17:33:13.138 | [dc181ef7-1a9f-4d46-acd6-13930b8c7abd] | dc181ef7-1a9f-4d46-acd6-13930b8c7abd|method=GET|path=/api/sales|status=200|duration=22ms|category=FAST
2026-01-10 17:33:13.157 | [c33569d7-f205-4dbc-b45f-37e97abc7f6e] | c33569d7-f205-4dbc-b45f-37e97abc7f6e|method=GET|path=/api/sales/summary|status=200|duration=38ms|category=FAST
2026-01-10 17:33:13.178 | [7501e4cd-8aa5-4837-a787-2ab7bc37d79c] | 7501e4cd-8aa5-4837-a787-2ab7bc37d79c|method=GET|path=/api/business-info/1|status=200|duration=37ms|category=FAST
2026-01-10 17:33:13.240 | [89f55a5d-3509-4f96-b871-1ac0a4800ebb] | 89f55a5d-3509-4f96-b871-1ac0a4800ebb|method=GET|path=/api/customers|status=200|duration=99ms|category=FAST
2026-01-10 17:58:25.045 | [18c99afa-fb9e-4bfd-9b6e-6f7120dd54ce] | 18c99afa-fb9e-4bfd-9b6e-6f7120dd54ce|method=POST|path=/api/auth/login|status=200|duration=1479ms|category=SLOW
2026-01-10 17:58:25.619 | [b5a20d09-47e3-4fdd-ba46-d9434bd445a6] | b5a20d09-47e3-4fdd-ba46-d9434bd445a6|method=GET|path=/api/ledger/pending-summary|status=200|duration=229ms|category=FAST
2026-01-10 17:58:25.736 | [ce8b6621-7e35-4430-94fe-6f5104df7c00] | ce8b6621-7e35-4430-94fe-6f5104df7c00|method=GET|path=/api/sales|status=200|duration=345ms|category=FAST
2026-01-10 17:58:25.736 | [b3133a65-6c43-4bba-8804-2fbcff5bc740] | b3133a65-6c43-4bba-8804-2fbcff5bc740|method=GET|path=/api/inventory|status=200|duration=319ms|category=FAST
2026-01-10 17:58:25.737 | [76f7747f-8a93-4394-9ad8-80902f9be9c1] | 76f7747f-8a93-4394-9ad8-80902f9be9c1|method=GET|path=/api/sales|status=200|duration=348ms|category=FAST
2026-01-10 17:58:52.498 | [4e84d42b-d1d3-41bd-8bc3-4a6e7e433da1] | 4e84d42b-d1d3-41bd-8bc3-4a6e7e433da1|method=GET|path=/api/variants/active/list|status=200|duration=32ms|category=FAST
2026-01-10 17:58:52.508 | [d3f8c927-4860-457a-9558-be25930c7228] | d3f8c927-4860-457a-9558-be25930c7228|method=GET|path=/api/inventory|status=200|duration=41ms|category=FAST
2026-01-10 17:58:52.524 | [eed3766f-4d3f-4fe1-9655-97b2fd514859] | eed3766f-4d3f-4fe1-9655-97b2fd514859|method=GET|path=/api/ledger/movements|status=200|duration=58ms|category=FAST
2026-01-10 17:59:10.945 | [d4db79a6-dc80-4363-973b-c860b47d63f3] | d4db79a6-dc80-4363-973b-c860b47d63f3|method=GET|path=/api/variants|status=200|duration=27ms|category=FAST
2026-01-10 17:59:10.969 | [2a889fd9-297b-4560-b10f-4adcc2fb89e2] | 2a889fd9-297b-4560-b10f-4adcc2fb89e2|method=GET|path=/api/sales|status=200|duration=44ms|category=FAST
2026-01-10 17:59:11.065 | [f533f64a-1c70-4e6c-bd57-40b81ef12378] | f533f64a-1c70-4e6c-bd57-40b81ef12378|method=GET|path=/api/customers|status=200|duration=158ms|category=FAST
2026-01-10 17:59:12.637 | [539ee963-01d6-4191-9367-140a66b641d8] | 539ee963-01d6-4191-9367-140a66b641d8|method=GET|path=/api/variants/active/list|status=200|duration=12ms|category=FAST
2026-01-10 17:59:12.722 | [c958dc39-1419-4cf5-9a61-e4302728dbf7] | c958dc39-1419-4cf5-9a61-e4302728dbf7|method=GET|path=/api/customers/active/list|status=200|duration=107ms|category=FAST
2026-01-10 17:59:16.775 | [478b8a84-9b55-4ca2-a85b-674b948e4611] | 478b8a84-9b55-4ca2-a85b-674b948e4611|method=GET|path=/api/variants|status=200|duration=31ms|category=FAST
2026-01-10 17:59:16.787 | [81704f8d-3486-4cad-b521-1bd7682e1752] | 81704f8d-3486-4cad-b521-1bd7682e1752|method=GET|path=/api/supplier-transactions|status=200|duration=44ms|category=FAST
2026-01-10 17:59:16.808 | [74c28311-e6f8-4f5a-b29b-d66a15367fe6] | 74c28311-e6f8-4f5a-b29b-d66a15367fe6|method=GET|path=/api/suppliers|status=200|duration=53ms|category=FAST
2026-01-10 17:59:28.628 | [8ac0412e-6e6f-4daf-b126-b28c9277e5f0] | 8ac0412e-6e6f-4daf-b126-b28c9277e5f0|method=GET|path=/api/variants|status=200|duration=14ms|category=FAST
2026-01-10 17:59:28.795 | [5fef15e8-d617-4b68-9478-62e2aae1c083] | 5fef15e8-d617-4b68-9478-62e2aae1c083|method=GET|path=/api/customers|status=200|duration=129ms|category=FAST
2026-01-10 17:59:28.900 | [cf790a0a-02c3-4f79-8ca4-6fef963acfa8] | cf790a0a-02c3-4f79-8ca4-6fef963acfa8|method=GET|path=/api/ledger/customer-balances|status=200|duration=71ms|category=FAST
2026-01-10 17:59:41.481 | [fd7aa113-b151-47de-94a0-4a79099c139e] | fd7aa113-b151-47de-94a0-4a79099c139e|method=GET|path=/api/users|status=200|duration=22ms|category=FAST
2026-01-10 17:59:42.625 | [bd584ef3-9688-45c8-926e-6b8a61856505] | bd584ef3-9688-45c8-926e-6b8a61856505|method=GET|path=/api/users/3|status=200|duration=26ms|category=FAST
2026-01-10 17:59:43.756 | [9db154d0-56fe-4d8f-85fa-b4860f01e9c9] | 9db154d0-56fe-4d8f-85fa-b4860f01e9c9|method=GET|path=/api/variants|status=200|duration=17ms|category=FAST
2026-01-10 17:59:43.761 | [addbc4be-f9c3-4fad-a171-3660629d01ae] | addbc4be-f9c3-4fad-a171-3660629d01ae|method=GET|path=/api/monthly-prices|status=200|duration=30ms|category=FAST
2026-01-10 17:59:43.778 | [d5f8b343-2d38-47c5-b9ed-3a2adeabdeeb] | d5f8b343-2d38-47c5-b9ed-3a2adeabdeeb|method=GET|path=/api/business-info/1|status=200|duration=27ms|category=FAST
2026-01-10 17:59:45.327 | [ae66256d-c7b6-4b36-941b-bc300369be50] | ae66256d-c7b6-4b36-941b-bc300369be50|method=GET|path=/api/variants|status=200|duration=13ms|category=FAST
2026-01-10 17:59:45.348 | [346a1d1d-7aaf-45f1-8300-f6c9d74223c2] | 346a1d1d-7aaf-45f1-8300-f6c9d74223c2|method=GET|path=/api/business-info/1|status=200|duration=18ms|category=FAST
2026-01-10 17:59:45.359 | [1153b359-8671-41fe-8189-e981dffa0b7d] | 1153b359-8671-41fe-8189-e981dffa0b7d|method=GET|path=/api/sales/summary|status=200|duration=51ms|category=FAST
2026-01-10 17:59:45.408 | [7242e94d-00f5-4138-b5a9-6ebf3d2d68df] | 7242e94d-00f5-4138-b5a9-6ebf3d2d68df|method=GET|path=/api/sales|status=200|duration=97ms|category=FAST
2026-01-10 17:59:45.411 | [595cbb47-536b-49ad-b8e6-4c2a1153f189] | 595cbb47-536b-49ad-b8e6-4c2a1153f189|method=GET|path=/api/customers|status=200|duration=97ms|category=FAST
2026-01-10 17:59:46.657 | [32dc04ff-c59c-4b3a-9d1e-b027641fa184] | 32dc04ff-c59c-4b3a-9d1e-b027641fa184|method=GET|path=/api/ledger/pending-summary|status=200|duration=70ms|category=FAST
2026-01-10 18:00:33.665 | [ecd214a4-ddea-4eb7-9d4f-e561b7989947] | ecd214a4-ddea-4eb7-9d4f-e561b7989947|method=GET|path=/api/inventory|status=200|duration=24ms|category=FAST
2026-01-10 18:00:33.690 | [8bc1b98c-c6f9-46d5-bfbb-1a00501018a8] | 8bc1b98c-c6f9-46d5-bfbb-1a00501018a8|method=GET|path=/api/variants/active/list|status=200|duration=8ms|category=FAST
2026-01-10 18:00:33.692 | [a8288479-fe39-4b2e-9016-edc062fe51bf] | a8288479-fe39-4b2e-9016-edc062fe51bf|method=GET|path=/api/ledger/movements|status=200|duration=42ms|category=FAST
2026-01-10 18:01:01.706 | [baa2ec73-e1b7-4d93-a3d5-ff88dc41655c] | baa2ec73-e1b7-4d93-a3d5-ff88dc41655c|method=GET|path=/api/suppliers|status=200|duration=16ms|category=FAST
2026-01-10 18:01:03.647 | [b39a82ea-0ce2-4676-89a2-ee6f52f73417] | b39a82ea-0ce2-4676-89a2-ee6f52f73417|method=GET|path=/api/suppliers|status=200|duration=9ms|category=FAST
2026-01-10 18:01:03.669 | [aadc0458-def7-48ea-8292-182a4865119e] | aadc0458-def7-48ea-8292-182a4865119e|method=GET|path=/api/supplier-transactions|status=200|duration=23ms|category=FAST
2026-01-10 18:01:03.681 | [16133828-66b6-4a04-b0e0-c9cef4b9b8f7] | 16133828-66b6-4a04-b0e0-c9cef4b9b8f7|method=GET|path=/api/variants|status=200|duration=19ms|category=FAST
2026-01-10 18:01:25.303 | [b44b3c9d-45af-4d0c-8da7-e153358bd5f4] | b44b3c9d-45af-4d0c-8da7-e153358bd5f4|method=GET|path=/api/variants|status=200|duration=15ms|category=FAST
2026-01-10 18:01:25.424 | [19c6e141-b1b6-46a7-87e5-de3c58fc1e92] | 19c6e141-b1b6-46a7-87e5-de3c58fc1e92|method=GET|path=/api/customers|status=200|duration=93ms|category=FAST
2026-01-10 18:01:25.494 | [51cfeb90-b83e-4004-b2d8-439904336eb8] | 51cfeb90-b83e-4004-b2d8-439904336eb8|method=GET|path=/api/ledger/customer-balances|status=200|duration=51ms|category=FAST
2026-01-10 18:01:29.608 | [751e9729-6606-4379-8f03-f3d3fe39cfc8] | 751e9729-6606-4379-8f03-f3d3fe39cfc8|method=GET|path=/api/ledger/customer/2|status=200|duration=31ms|category=FAST
2026-01-10 18:01:38.036 | [bf35d115-8346-4ebf-a309-909fa3ab385d] | bf35d115-8346-4ebf-a309-909fa3ab385d|method=GET|path=/api/ledger/customer/2|status=200|duration=20ms|category=FAST
2026-01-10 18:01:48.344 | [16140686-f488-4519-a1ce-f176e32da47f] | 16140686-f488-4519-a1ce-f176e32da47f|method=GET|path=/api/ledger/customer/4|status=200|duration=23ms|category=FAST
2026-01-10 18:02:01.358 | [caae5919-6040-4e25-9e16-5fabc9a09b5f] | caae5919-6040-4e25-9e16-5fabc9a09b5f|method=GET|path=/api/variants|status=200|duration=17ms|category=FAST
2026-01-10 18:02:01.456 | [5af1d788-1683-4a31-b0e2-62bc185ca72b] | 5af1d788-1683-4a31-b0e2-62bc185ca72b|method=GET|path=/api/customers|status=200|duration=100ms|category=FAST
2026-01-10 18:02:06.165 | [efb4c146-64d5-4b5f-ae22-5e0cbcb4b457] | efb4c146-64d5-4b5f-ae22-5e0cbcb4b457|method=GET|path=/api/monthly-prices/variant/1/month/2026-01|status=200|duration=39ms|category=FAST
2026-01-10 18:02:11.773 | [2462a764-6e7d-4ecd-ab15-00b76a21e4b3] | TRANSACTION | txn_id=4b79e2da-2b12-4d88-9e9c-03725b8bcb88 | duration=206ms | status=COMPLETED
2026-01-10 18:02:11.854 | [2462a764-6e7d-4ecd-ab15-00b76a21e4b3] | 2462a764-6e7d-4ecd-ab15-00b76a21e4b3|method=POST|path=/api/sales|status=201|duration=713ms|category=MEDIUM
2026-01-10 18:02:17.492 | [38615eb7-2a94-41fc-9fcc-b40d0dcd4e62] | 38615eb7-2a94-41fc-9fcc-b40d0dcd4e62|method=GET|path=/api/monthly-prices/variant/1/month/2026-01|status=200|duration=19ms|category=FAST
2026-01-10 18:02:22.410 | [932e5267-1177-4d6b-a879-e06f5b600558] | TRANSACTION | txn_id=fb96b821-e6a6-40c8-ae69-37a02cf84a42 | duration=73ms | status=COMPLETED
2026-01-10 18:02:22.422 | [932e5267-1177-4d6b-a879-e06f5b600558] | 932e5267-1177-4d6b-a879-e06f5b600558|method=POST|path=/api/sales|status=201|duration=94ms|category=FAST
2026-01-10 18:02:27.819 | [93a2be9a-3cb4-4d62-9fe9-b59d4a9e64dc] | 93a2be9a-3cb4-4d62-9fe9-b59d4a9e64dc|method=GET|path=/api/variants/active/list|status=200|duration=11ms|category=FAST
2026-01-10 18:02:27.901 | [2aa40c3c-236e-431f-a067-738b0655ea82] | 2aa40c3c-236e-431f-a067-738b0655ea82|method=GET|path=/api/customers/active/list|status=200|duration=88ms|category=FAST
2026-01-10 18:02:34.360 | [3a9a6964-3313-4d42-b521-f952b22d26e1] | 3a9a6964-3313-4d42-b521-f952b22d26e1|method=POST|path=/api/ledger/empty-return|status=200|duration=54ms|category=FAST
2026-01-10 18:02:41.905 | [59674847-f2d2-4336-adfc-5e08828574c9] | 59674847-f2d2-4336-adfc-5e08828574c9|method=POST|path=/api/ledger/empty-return|status=200|duration=58ms|category=FAST
2026-01-10 18:02:44.149 | [0ba8c43e-a90f-4ca5-8fa0-9fc4823840cc] | 0ba8c43e-a90f-4ca5-8fa0-9fc4823840cc|method=GET|path=/api/variants|status=200|duration=16ms|category=FAST
2026-01-10 18:02:44.287 | [61fcef3f-7d4b-48cb-972b-7944ae299187] | 61fcef3f-7d4b-48cb-972b-7944ae299187|method=GET|path=/api/customers|status=200|duration=135ms|category=FAST
2026-01-10 18:02:51.029 | [26e6314a-d88f-43d8-aa65-a1e8389fb92d] | 26e6314a-d88f-43d8-aa65-a1e8389fb92d|method=GET|path=/api/monthly-prices/variant/1/month/2026-01|status=200|duration=17ms|category=FAST
2026-01-10 18:02:56.842 | [90710e08-6d98-4fe7-932a-70ede2acffe4] | TRANSACTION | txn_id=a2d3327b-e7f8-49e3-b251-892ee14a9824 | duration=57ms | status=COMPLETED
2026-01-10 18:02:56.854 | [90710e08-6d98-4fe7-932a-70ede2acffe4] | 90710e08-6d98-4fe7-932a-70ede2acffe4|method=POST|path=/api/sales|status=201|duration=77ms|category=FAST
2026-01-10 18:03:03.147 | [b9fe318a-81e7-496b-ae43-2ea97f9adaf2] | b9fe318a-81e7-496b-ae43-2ea97f9adaf2|method=GET|path=/api/variants|status=200|duration=19ms|category=FAST
2026-01-10 18:03:03.279 | [56a16de0-e2e4-47d5-9eaf-31ebdd1f6b2e] | 56a16de0-e2e4-47d5-9eaf-31ebdd1f6b2e|method=GET|path=/api/customers|status=200|duration=96ms|category=FAST
2026-01-10 18:03:03.371 | [d92ed731-17cc-459c-933a-af269a398dad] | d92ed731-17cc-459c-933a-af269a398dad|method=GET|path=/api/ledger/customer-balances|status=200|duration=70ms|category=FAST
2026-01-10 18:03:07.227 | [42abc208-31a2-4065-b440-d316de7780d9] | 42abc208-31a2-4065-b440-d316de7780d9|method=GET|path=/api/ledger/customer/1|status=200|duration=22ms|category=FAST
2026-01-10 18:03:15.335 | [802407f3-9f8c-4be3-8fc8-63fcb360e5df] | 802407f3-9f8c-4be3-8fc8-63fcb360e5df|method=GET|path=/api/variants|status=200|duration=18ms|category=FAST
2026-01-10 18:03:15.468 | [a2a906bd-e620-44de-9dd1-45d9622408b2] | a2a906bd-e620-44de-9dd1-45d9622408b2|method=GET|path=/api/customers|status=200|duration=85ms|category=FAST
2026-01-10 18:03:15.549 | [4eef6920-fd19-487d-a735-c8076c96dd35] | 4eef6920-fd19-487d-a735-c8076c96dd35|method=GET|path=/api/ledger/customer-balances|status=200|duration=51ms|category=FAST
2026-01-10 18:03:19.607 | [8ddaabbd-9ccb-4e77-8df6-082ce1d27dfe] | 8ddaabbd-9ccb-4e77-8df6-082ce1d27dfe|method=GET|path=/api/ledger/customer/1|status=200|duration=16ms|category=FAST
