2026-02-04 23:11:08.930 | [0547c659-ba14-4cae-bd71-b082100995ab] | 0547c659-ba14-4cae-bd71-b082100995ab|method=POST|path=/api/auth/register|status=500|duration=502ms|category=MEDIUM
2026-02-04 23:11:57.695 | [fabce7f3-6a7b-4859-9695-3b6c76672d72] | fabce7f3-6a7b-4859-9695-3b6c76672d72|method=POST|path=/api/auth/register|status=200|duration=666ms|category=MEDIUM
2026-02-04 23:15:07.272 | [ea2c35d8-61ee-4e38-a027-d5c054c1c084] | ea2c35d8-61ee-4e38-a027-d5c054c1c084|method=POST|path=/api/auth/login|status=200|duration=1099ms|category=SLOW
2026-02-04 23:15:07.416 | [56fd5cbd-7ee8-4403-a8ea-3a1b9c6c7d0a] | 56fd5cbd-7ee8-4403-a8ea-3a1b9c6c7d0a|method=GET|path=/api/alerts|status=200|duration=54ms|category=FAST
2026-02-04 23:15:07.497 | [c5ae8b48-f720-4e57-aab2-50dd8d636ab2] | c5ae8b48-f720-4e57-aab2-50dd8d636ab2|method=GET|path=/api/alerts/stream|status=200|duration=23ms|category=FAST
2026-02-04 23:15:07.907 | [15dd2f30-b505-40d0-9e62-225e4a958f4e] | 15dd2f30-b505-40d0-9e62-225e4a958f4e|method=GET|path=/api/dashboard/comprehensive|status=200|duration=540ms|category=MEDIUM
2026-02-04 23:15:46.680 | [52506664-b28a-41b8-a865-d4df87f78c01] | 52506664-b28a-41b8-a865-d4df87f78c01|method=POST|path=/api/auth/logout|status=200|duration=92ms|category=FAST
2026-02-04 23:15:52.144 | [133bd4c9-6b2a-44ea-85b6-7af643f76ac3] | 133bd4c9-6b2a-44ea-85b6-7af643f76ac3|method=POST|path=/api/auth/login|status=200|duration=268ms|category=FAST
2026-02-04 23:15:52.199 | [d3627abf-9d5d-49b7-8888-fc73567197b7] | d3627abf-9d5d-49b7-8888-fc73567197b7|method=GET|path=/api/alerts|status=200|duration=14ms|category=FAST
2026-02-04 23:15:52.321 | [41a6d548-cc0a-45a8-a414-573e137204bd] | 41a6d548-cc0a-45a8-a414-573e137204bd|method=GET|path=/api/alerts/stream|status=200|duration=10ms|category=FAST
2026-02-04 23:15:52.505 | [f3755350-fefc-4f32-8fa4-b63064c06a15] | f3755350-fefc-4f32-8fa4-b63064c06a15|method=GET|path=/api/dashboard/comprehensive|status=200|duration=264ms|category=FAST
2026-02-04 23:15:57.452 | [f009a7ec-95cf-4270-82ca-40cba756d5e7] | f009a7ec-95cf-4270-82ca-40cba756d5e7|method=GET|path=/api/daybook/by-date|status=200|duration=120ms|category=FAST
2026-02-04 23:15:57.514 | [153d1f37-6d27-4433-a1c7-9ca8b79c062b] | 153d1f37-6d27-4433-a1c7-9ca8b79c062b|method=GET|path=/api/daybook/summary|status=200|duration=31ms|category=FAST
2026-02-04 23:15:59.576 | [0ef7a0ae-061b-4b8f-8d77-c8612efd7267] | 0ef7a0ae-061b-4b8f-8d77-c8612efd7267|method=GET|path=/api/customers/active/list|status=200|duration=11ms|category=FAST
2026-02-04 23:15:59.576 | [eea775e9-f340-4f55-b8f5-f60deab924d9] | eea775e9-f340-4f55-b8f5-f60deab924d9|method=GET|path=/api/warehouses/active|status=500|duration=8ms|category=FAST
2026-02-04 23:15:59.576 | [fe8c9db0-3aa2-44e1-8d53-ba304f004439] | fe8c9db0-3aa2-44e1-8d53-ba304f004439|method=GET|path=/api/variants/active/list|status=400|duration=4ms|category=FAST
2026-02-04 23:15:59.605 | [0ba624ce-d675-4887-95fd-35f074ee36ab] | 0ba624ce-d675-4887-95fd-35f074ee36ab|method=GET|path=/api/payment-modes/active|status=400|duration=5ms|category=FAST
2026-02-04 23:15:59.608 | [919849cf-a715-433b-8d5e-31d33269b197] | 919849cf-a715-433b-8d5e-31d33269b197|method=GET|path=/api/bank-accounts/active/list|status=400|duration=3ms|category=FAST
2026-02-04 23:16:02.218 | [aeae2f31-6ee8-444a-8944-39c2603bfbba] | aeae2f31-6ee8-444a-8944-39c2603bfbba|method=GET|path=/api/daybook/by-date|status=200|duration=13ms|category=FAST
2026-02-04 23:16:02.255 | [403545d0-d10b-4d3c-bb45-e142b779b8ca] | 403545d0-d10b-4d3c-bb45-e142b779b8ca|method=GET|path=/api/daybook/summary|status=200|duration=16ms|category=FAST
2026-02-04 23:16:03.254 | [1c603f32-8053-4ae7-b466-74eee07d8edd] | 1c603f32-8053-4ae7-b466-74eee07d8edd|method=GET|path=/api/variants/active/list|status=400|duration=2ms|category=FAST
2026-02-04 23:16:03.272 | [9daa8ca6-ab7e-46c9-943f-279f09bae5b5] | 9daa8ca6-ab7e-46c9-943f-279f09bae5b5|method=GET|path=/api/warehouses/active|status=500|duration=11ms|category=FAST
2026-02-04 23:16:03.272 | [da873210-057f-4434-a25f-89f9ac1eef00] | da873210-057f-4434-a25f-89f9ac1eef00|method=GET|path=/api/bank-accounts/active/list|status=400|duration=1ms|category=FAST
2026-02-04 23:16:03.282 | [a9685c46-cc33-4ad7-b930-81f4779bf9c8] | a9685c46-cc33-4ad7-b930-81f4779bf9c8|method=GET|path=/api/payment-modes/active|status=400|duration=10ms|category=FAST
2026-02-04 23:16:22.219 | [2e75886f-d7d6-4c28-8cab-55f22f333af6] | 2e75886f-d7d6-4c28-8cab-55f22f333af6|method=GET|path=/api/daybook/by-date|status=200|duration=24ms|category=FAST
2026-02-04 23:16:22.286 | [89e47d79-efce-4797-a4a0-3393834d8c32] | 89e47d79-efce-4797-a4a0-3393834d8c32|method=GET|path=/api/daybook/summary|status=200|duration=22ms|category=FAST
2026-02-04 23:16:28.558 | [9e12df89-8e61-4863-94bd-ac28caf6ffe0] | 9e12df89-8e61-4863-94bd-ac28caf6ffe0|method=GET|path=/api/variants/active/list|status=400|duration=8ms|category=FAST
2026-02-04 23:16:28.571 | [8f1a09d7-e8c7-4ef4-93f7-3c2025097624] | 8f1a09d7-e8c7-4ef4-93f7-3c2025097624|method=GET|path=/api/warehouses/active|status=500|duration=4ms|category=FAST
2026-02-04 23:16:28.584 | [5a95b56c-d0ac-4675-a88a-694c175244e7] | 5a95b56c-d0ac-4675-a88a-694c175244e7|method=GET|path=/api/bank-accounts/active/list|status=400|duration=0ms|category=FAST
2026-02-04 23:16:28.596 | [9f051b93-6d72-47a6-8069-ebbb435aa559] | 9f051b93-6d72-47a6-8069-ebbb435aa559|method=GET|path=/api/payment-modes/active|status=400|duration=12ms|category=FAST
2026-02-04 23:16:51.429 | [18f025da-44c9-4fc9-9d5a-8cd0ed1ffd19] | 18f025da-44c9-4fc9-9d5a-8cd0ed1ffd19|method=GET|path=/api/bank-accounts/active/list|status=400|duration=7ms|category=FAST
2026-02-04 23:16:51.470 | [6a81c4d9-7de3-4124-826a-87d6d7e5420f] | 6a81c4d9-7de3-4124-826a-87d6d7e5420f|method=GET|path=/api/variants/active/list|status=400|duration=4ms|category=FAST
2026-02-04 23:16:51.470 | [e9bcb48b-5dbd-4b33-843b-09b04a7c0a85] | e9bcb48b-5dbd-4b33-843b-09b04a7c0a85|method=GET|path=/api/payment-modes/active|status=400|duration=4ms|category=FAST
2026-02-04 23:16:51.474 | [623ef3e0-d4e0-465b-aa77-d2e3a7f60006] | 623ef3e0-d4e0-465b-aa77-d2e3a7f60006|method=GET|path=/api/warehouses/active|status=500|duration=0ms|category=FAST
2026-02-04 23:19:40.077 | [31e72a75-509a-493a-a845-5d29b414880b] | 31e72a75-509a-493a-a845-5d29b414880b|method=GET|path=/api/variants/active/list|status=200|duration=342ms|category=FAST
2026-02-04 23:19:40.080 | [6732dd8e-0ea6-46a7-93af-2a9cafa543ec] | 6732dd8e-0ea6-46a7-93af-2a9cafa543ec|method=GET|path=/api/payment-modes/active|status=200|duration=349ms|category=FAST
2026-02-04 23:19:40.094 | [5dc9b265-7531-4616-bceb-9b85177e5125] | 5dc9b265-7531-4616-bceb-9b85177e5125|method=GET|path=/api/customers/active/list|status=200|duration=357ms|category=FAST
2026-02-04 23:19:40.129 | [12730966-45fa-4ad2-87d3-58eb9c63ab19] | 12730966-45fa-4ad2-87d3-58eb9c63ab19|method=GET|path=/api/alerts/stream|status=200|duration=391ms|category=FAST
2026-02-04 23:19:40.131 | [27e7b44f-2f0c-4b42-92ce-a975d53a0c64] | 27e7b44f-2f0c-4b42-92ce-a975d53a0c64|method=GET|path=/api/bank-accounts/active/list|status=200|duration=394ms|category=FAST
2026-02-04 23:19:40.210 | [fbd3f7cc-dd9b-47f4-97d8-e3fca3df2646] | fbd3f7cc-dd9b-47f4-97d8-e3fca3df2646|method=GET|path=/api/warehouses/active|status=200|duration=36ms|category=FAST
2026-02-04 23:19:40.219 | [5c69386d-e263-4dff-a019-f00f8a5f31f1] | 5c69386d-e263-4dff-a019-f00f8a5f31f1|method=GET|path=/api/alerts|status=200|duration=479ms|category=FAST
2026-02-04 23:19:45.369 | [dc38419b-cc58-4237-8b63-6133c8840ebf] | dc38419b-cc58-4237-8b63-6133c8840ebf|method=GET|path=/api/dashboard/comprehensive|status=200|duration=598ms|category=MEDIUM
2026-02-04 23:19:47.415 | [f5469cdd-c9c8-4a3b-8ab3-69d4057db5be] | f5469cdd-c9c8-4a3b-8ab3-69d4057db5be|method=GET|path=/api/daybook/by-date|status=200|duration=87ms|category=FAST
2026-02-04 23:19:47.527 | [b5953126-c402-4ae3-9f88-0f525270d41d] | b5953126-c402-4ae3-9f88-0f525270d41d|method=GET|path=/api/daybook/summary|status=200|duration=37ms|category=FAST
2026-02-04 23:19:49.028 | [4788375c-80ef-4b34-a6b3-74fc12b49f00] | 4788375c-80ef-4b34-a6b3-74fc12b49f00|method=GET|path=/api/bank-accounts/active/list|status=200|duration=10ms|category=FAST
2026-02-04 23:19:49.028 | [bbe948e5-47b6-433d-a83d-462799685f00] | bbe948e5-47b6-433d-a83d-462799685f00|method=GET|path=/api/payment-modes/active|status=200|duration=10ms|category=FAST
2026-02-04 23:19:50.410 | [04734fba-ecc9-496d-b996-8be8de8d3038] | 04734fba-ecc9-496d-b996-8be8de8d3038|method=GET|path=/api/bank-accounts/active/list|status=200|duration=9ms|category=FAST
2026-02-04 23:19:50.447 | [42aabd97-9871-4390-a8e2-d1ff3bc5d76d] | 42aabd97-9871-4390-a8e2-d1ff3bc5d76d|method=GET|path=/api/payment-modes/active|status=200|duration=5ms|category=FAST
2026-02-04 23:19:52.356 | [27ab3ae3-af5c-43de-a8c2-e9571ffeaf04] | 27ab3ae3-af5c-43de-a8c2-e9571ffeaf04|method=GET|path=/api/payment-modes/active|status=200|duration=3ms|category=FAST
2026-02-04 23:19:52.358 | [8ef6b99f-c416-4d9a-a8b6-a83979a34dc9] | 8ef6b99f-c416-4d9a-a8b6-a83979a34dc9|method=GET|path=/api/bank-accounts/active/list|status=200|duration=5ms|category=FAST
2026-02-04 23:19:52.414 | [463b3ddb-eb23-44dd-8312-be5e1f332752] | 463b3ddb-eb23-44dd-8312-be5e1f332752|method=GET|path=/api/expense-categories|status=200|duration=46ms|category=FAST
2026-02-04 23:19:54.574 | [144350bc-d3c4-4faa-afe3-45dcca50e807] | 144350bc-d3c4-4faa-afe3-45dcca50e807|method=GET|path=/api/suppliers|status=200|duration=35ms|category=FAST
2026-02-04 23:19:54.578 | [a9f49126-822d-443c-a19a-629347ae917f] | a9f49126-822d-443c-a19a-629347ae917f|method=GET|path=/api/supplier-transactions|status=200|duration=35ms|category=FAST
2026-02-04 23:19:54.644 | [7c92a2a5-e9f3-4cd5-b876-9078f887ec55] | 7c92a2a5-e9f3-4cd5-b876-9078f887ec55|method=GET|path=/api/business-info/1|status=200|duration=107ms|category=FAST
2026-02-04 23:19:57.649 | [fe573e63-5115-4fde-9bf6-baf209259e01] | fe573e63-5115-4fde-9bf6-baf209259e01|method=GET|path=/api/variants|status=200|duration=12ms|category=FAST
2026-02-04 23:19:57.728 | [674dc70c-2eb8-4237-a246-2da4464c097f] | 674dc70c-2eb8-4237-a246-2da4464c097f|method=GET|path=/api/sales|status=200|duration=69ms|category=FAST
2026-02-04 23:20:00.871 | [b73fe112-7151-4849-ab56-e59afcf58154] | b73fe112-7151-4849-ab56-e59afcf58154|method=GET|path=/api/variants|status=200|duration=25ms|category=FAST
2026-02-04 23:20:00.908 | [1ab688ce-9268-4a28-a873-5333eeadf8ae] | 1ab688ce-9268-4a28-a873-5333eeadf8ae|method=GET|path=/api/ledger/empty-returns|status=200|duration=62ms|category=FAST
2026-02-04 23:20:03.303 | [8a9448e9-d066-460d-84f6-1a9afd6e3e58] | 8a9448e9-d066-460d-84f6-1a9afd6e3e58|method=GET|path=/api/business-info/1|status=200|duration=18ms|category=FAST
2026-02-04 23:20:03.311 | [934d0436-6a22-41aa-bdc9-86e0633895f5] | 934d0436-6a22-41aa-bdc9-86e0633895f5|method=GET|path=/api/sales|status=200|duration=26ms|category=FAST
2026-02-04 23:20:03.336 | [44ff2236-3940-48d6-8dfb-81923ffabf21] | 44ff2236-3940-48d6-8dfb-81923ffabf21|method=GET|path=/api/inventory|status=200|duration=41ms|category=FAST
2026-02-04 23:20:03.353 | [956b0b24-84f3-4e57-8e69-8c2ae5bf42a1] | 956b0b24-84f3-4e57-8e69-8c2ae5bf42a1|method=GET|path=/api/ledger/pending-summary|status=200|duration=13ms|category=FAST
2026-02-04 23:20:03.380 | [39f0d62f-41a9-45c8-8bb0-d8f5da2c1f50] | 39f0d62f-41a9-45c8-8bb0-d8f5da2c1f50|method=GET|path=/api/sales/summary|status=200|duration=95ms|category=FAST
2026-02-04 23:20:03.380 | [ba3e4b4f-72ca-49ac-bfd4-561058b313fb] | ba3e4b4f-72ca-49ac-bfd4-561058b313fb|method=GET|path=/api/variants|status=200|duration=12ms|category=FAST
2026-02-04 23:20:03.385 | [e7a68edc-2774-4f1e-9509-b9ffc7a616ee] | e7a68edc-2774-4f1e-9509-b9ffc7a616ee|method=GET|path=/api/bank-accounts/active/list|status=200|duration=5ms|category=FAST
2026-02-04 23:20:03.401 | [2122660c-1a20-443f-830a-6844b26c803e] | 2122660c-1a20-443f-830a-6844b26c803e|method=GET|path=/api/supplier-transactions|status=200|duration=28ms|category=FAST
2026-02-04 23:20:03.412 | [567e1400-1ff5-48f0-b197-3923d3623216] | 567e1400-1ff5-48f0-b197-3923d3623216|method=GET|path=/api/customers|status=200|duration=27ms|category=FAST
2026-02-04 23:20:03.436 | [b610c2a6-60b1-41cb-9ccb-51320a6b40d1] | b610c2a6-60b1-41cb-9ccb-51320a6b40d1|method=GET|path=/api/payment-modes|status=200|duration=17ms|category=FAST
2026-02-04 23:20:03.442 | [5f857bf9-c9a0-4f40-baa8-e3f528c4e3e0] | 5f857bf9-c9a0-4f40-baa8-e3f528c4e3e0|method=GET|path=/api/alerts/config/PENDING_RETURN_CYLINDERS|status=200|duration=24ms|category=FAST
2026-02-04 23:20:04.940 | [b926e1d6-1bdb-4fd5-8cd5-d9b1a7fded54] | b926e1d6-1bdb-4fd5-8cd5-d9b1a7fded54|method=GET|path=/api/payment-modes/active|status=200|duration=5ms|category=FAST
2026-02-04 23:20:04.940 | [f5d69950-56e2-4fe9-9f06-8bfc20fc5022] | f5d69950-56e2-4fe9-9f06-8bfc20fc5022|method=GET|path=/api/bank-accounts/active/list|status=200|duration=5ms|category=FAST
2026-02-04 23:20:04.970 | [d54d6dd9-d29d-4d47-8ca0-47425a6fceb0] | d54d6dd9-d29d-4d47-8ca0-47425a6fceb0|method=GET|path=/api/expense-categories|status=200|duration=16ms|category=FAST
2026-02-04 23:20:05.013 | [6cd701a4-00f3-48c0-ad6d-3dddc19c1377] | 6cd701a4-00f3-48c0-ad6d-3dddc19c1377|method=GET|path=/api/expenses|status=200|duration=56ms|category=FAST
2026-02-04 23:20:05.144 | [cf629767-44cc-4a62-b602-2b1bcf465380] | cf629767-44cc-4a62-b602-2b1bcf465380|method=GET|path=/api/expenses/summary|status=200|duration=71ms|category=FAST
2026-02-04 23:20:07.617 | [de3793e6-8bb9-4e27-944d-b4aa40590dfd] | de3793e6-8bb9-4e27-944d-b4aa40590dfd|method=GET|path=/api/customer-due-payment/report|status=200|duration=30ms|category=FAST
2026-02-04 23:20:07.618 | [b663b577-2e41-4761-96fc-bf8416e42f7d] | b663b577-2e41-4761-96fc-bf8416e42f7d|method=GET|path=/api/customer-due-payment/report/summary|status=200|duration=30ms|category=FAST
2026-02-04 23:20:12.139 | [610f48c5-0dd3-43a4-a221-6c28b6131865] | 610f48c5-0dd3-43a4-a221-6c28b6131865|method=GET|path=/api/sales/payment-mode-summary|status=200|duration=35ms|category=FAST
2026-02-04 23:20:14.708 | [398af145-307a-4a05-9b6f-e5a5f4f90d08] | 398af145-307a-4a05-9b6f-e5a5f4f90d08|method=GET|path=/api/ledger/pending-summary|status=200|duration=8ms|category=FAST
2026-02-04 23:20:14.719 | [8c024032-5fd4-457c-b58a-967072d5a32c] | 8c024032-5fd4-457c-b58a-967072d5a32c|method=GET|path=/api/alerts/config/PENDING_RETURN_CYLINDERS|status=200|duration=18ms|category=FAST
2026-02-04 23:20:16.856 | [2e79b2b9-36d4-46a0-80f9-b5cc05ed7143] | 2e79b2b9-36d4-46a0-80f9-b5cc05ed7143|method=GET|path=/api/inventory|status=200|duration=16ms|category=FAST
2026-02-04 23:20:18.652 | [d9a84396-931d-4263-a8a7-0daaca0f9a80] | d9a84396-931d-4263-a8a7-0daaca0f9a80|method=GET|path=/api/supplier-transactions|status=200|duration=16ms|category=FAST
2026-02-04 23:20:20.399 | [57f60827-986f-4e6e-ab92-a7994b91a05d] | 57f60827-986f-4e6e-ab92-a7994b91a05d|method=GET|path=/api/inventory|status=200|duration=20ms|category=FAST
2026-02-04 23:20:20.411 | [484ca740-f86e-4d2e-a16b-891612195a1d] | 484ca740-f86e-4d2e-a16b-891612195a1d|method=GET|path=/api/warehouses|status=200|duration=27ms|category=FAST
2026-02-04 23:20:20.418 | [1756f74d-87cc-4479-b00c-2a7511c1c78c] | 1756f74d-87cc-4479-b00c-2a7511c1c78c|method=GET|path=/api/variants|status=200|duration=31ms|category=FAST
2026-02-04 23:20:20.479 | [3188a301-6760-42c4-9078-a01266e032c5] | 3188a301-6760-42c4-9078-a01266e032c5|method=GET|path=/api/ledger/movements/paged|status=200|duration=92ms|category=FAST
2026-02-04 23:20:27.348 | [b1da12dc-a275-497c-adad-28cf2e5b7a4e] | b1da12dc-a275-497c-adad-28cf2e5b7a4e|method=GET|path=/api/payment-modes/active|status=200|duration=6ms|category=FAST
2026-02-04 23:20:27.348 | [5a856df4-3843-4711-83c8-c52e35c63fd6] | 5a856df4-3843-4711-83c8-c52e35c63fd6|method=GET|path=/api/bank-accounts/active/list|status=200|duration=6ms|category=FAST
2026-02-04 23:20:27.378 | [1f885925-8d51-470a-9243-0d83eef6874a] | 1f885925-8d51-470a-9243-0d83eef6874a|method=GET|path=/api/customers|status=200|duration=21ms|category=FAST
2026-02-04 23:20:27.421 | [9d1aa338-7f7f-4f22-b14f-b7b67fc28b60] | 9d1aa338-7f7f-4f22-b14f-b7b67fc28b60|method=GET|path=/api/ledger/customer-balances|status=200|duration=16ms|category=FAST
2026-02-04 23:20:27.510 | [710183fc-c963-4532-8272-292446f8d0ed] | 710183fc-c963-4532-8272-292446f8d0ed|method=POST|path=/api/ledger/customer-due-amounts|status=200|duration=43ms|category=FAST
2026-02-04 23:20:29.722 | [6a4fea8d-40aa-4e5c-975e-7a8cd26ab753] | 6a4fea8d-40aa-4e5c-975e-7a8cd26ab753|method=GET|path=/api/suppliers|status=200|duration=14ms|category=FAST
2026-02-04 23:20:35.336 | [af75f700-8d72-4c69-ba83-28138338a56f] | af75f700-8d72-4c69-ba83-28138338a56f|method=GET|path=/api/bank-accounts/active/list|status=200|duration=4ms|category=FAST
2026-02-04 23:20:35.344 | [d7a41aa1-2183-4043-9056-848beacece5d] | d7a41aa1-2183-4043-9056-848beacece5d|method=GET|path=/api/payment-modes/active|status=200|duration=3ms|category=FAST
2026-02-04 23:20:36.254 | [afc48cde-3476-4b09-9ba1-ab63c67d2a09] | afc48cde-3476-4b09-9ba1-ab63c67d2a09|method=GET|path=/api/bank-accounts/active/list|status=200|duration=3ms|category=FAST
2026-02-04 23:20:36.262 | [2da19fda-2c71-4b83-9be8-abe5b06d8fd7] | 2da19fda-2c71-4b83-9be8-abe5b06d8fd7|method=GET|path=/api/payment-modes/active|status=200|duration=3ms|category=FAST
2026-02-04 23:20:37.239 | [c74fb421-d7d9-431a-a853-a3adbc7d7978] | c74fb421-d7d9-431a-a853-a3adbc7d7978|method=GET|path=/api/bank-accounts/active/list|status=200|duration=2ms|category=FAST
2026-02-04 23:20:37.252 | [ccfdbf2e-213e-411f-baac-8a8133bc118f] | ccfdbf2e-213e-411f-baac-8a8133bc118f|method=GET|path=/api/payment-modes/active|status=200|duration=5ms|category=FAST
2026-02-04 23:20:37.325 | [125264d7-dfea-4abe-8195-08dcbe673be3] | 125264d7-dfea-4abe-8195-08dcbe673be3|method=GET|path=/api/bank-deposits/summary|status=200|duration=67ms|category=FAST
2026-02-04 23:20:37.325 | [611822ee-8797-46bb-8f89-d45cac41a040] | 611822ee-8797-46bb-8f89-d45cac41a040|method=GET|path=/api/bank-deposits|status=200|duration=72ms|category=FAST
2026-02-04 23:20:39.636 | [bb968411-1dcd-486c-801e-fe110433cca0] | bb968411-1dcd-486c-801e-fe110433cca0|method=GET|path=/api/users|status=200|duration=29ms|category=FAST
2026-02-04 23:20:40.656 | [a0439ecc-319c-4a27-9065-4c43a915f30a] | a0439ecc-319c-4a27-9065-4c43a915f30a|method=GET|path=/api/users/1|status=200|duration=20ms|category=FAST
2026-02-04 23:20:41.681 | [88fd939b-a1d6-457f-a3dc-3eed13d2788f] | 88fd939b-a1d6-457f-a3dc-3eed13d2788f|method=GET|path=/api/business-info/1|status=200|duration=4ms|category=FAST
2026-02-04 23:20:41.688 | [a8c53869-0c38-4b2e-ae0d-f21a1ff3611d] | a8c53869-0c38-4b2e-ae0d-f21a1ff3611d|method=GET|path=/api/variants|status=200|duration=19ms|category=FAST
2026-02-04 23:20:41.694 | [494a07d9-13a7-4c3f-9155-20badc272f78] | 494a07d9-13a7-4c3f-9155-20badc272f78|method=GET|path=/api/alerts/config|status=200|duration=17ms|category=FAST
2026-02-04 23:20:58.505 | [0b1e59ba-d585-4436-ba53-4d8a2cf63364] | 0b1e59ba-d585-4436-ba53-4d8a2cf63364|method=POST|path=/api/variants|status=201|duration=497ms|category=FAST
2026-02-04 23:20:58.547 | [d2004dad-0d15-4c6d-8a16-7738d2b5bff9] | d2004dad-0d15-4c6d-8a16-7738d2b5bff9|method=GET|path=/api/variants|status=200|duration=15ms|category=FAST
2026-02-04 23:21:13.200 | [c96158a9-cc50-45e7-af25-63bbda8fc81a] | c96158a9-cc50-45e7-af25-63bbda8fc81a|method=POST|path=/api/variants|status=201|duration=16ms|category=FAST
2026-02-04 23:21:13.245 | [1131bd48-23c0-403b-8675-e7ba3076f3f9] | 1131bd48-23c0-403b-8675-e7ba3076f3f9|method=GET|path=/api/variants|status=200|duration=15ms|category=FAST
2026-02-04 23:21:17.524 | [d5d0b618-adb4-48b4-ab78-07ac4f3a98a0] | d5d0b618-adb4-48b4-ab78-07ac4f3a98a0|method=GET|path=/api/expense-categories|status=200|duration=18ms|category=FAST
2026-02-04 23:21:22.720 | [bf83dafc-777c-4240-8f41-c60b65af6db4] | bf83dafc-777c-4240-8f41-c60b65af6db4|method=POST|path=/api/expense-categories|status=201|duration=68ms|category=FAST
2026-02-04 23:21:22.773 | [5c85e8a9-f23f-4782-91bd-fbe427f0a023] | 5c85e8a9-f23f-4782-91bd-fbe427f0a023|method=GET|path=/api/expense-categories|status=200|duration=8ms|category=FAST
2026-02-04 23:21:30.553 | [96d4969b-38e8-4d06-80b5-e27a8acf7979] | 96d4969b-38e8-4d06-80b5-e27a8acf7979|method=POST|path=/api/expense-categories|status=201|duration=17ms|category=FAST
2026-02-04 23:21:30.600 | [ba483e74-3328-443f-8f77-6803ec44aff1] | ba483e74-3328-443f-8f77-6803ec44aff1|method=GET|path=/api/expense-categories|status=200|duration=15ms|category=FAST
2026-02-04 23:21:40.055 | [7b728b7f-ba69-4950-a578-d34cf3ac9109] | 7b728b7f-ba69-4950-a578-d34cf3ac9109|method=POST|path=/api/expense-categories|status=201|duration=26ms|category=FAST
2026-02-04 23:21:40.107 | [51e8307e-184d-478a-ae7f-fe637690731e] | 51e8307e-184d-478a-ae7f-fe637690731e|method=GET|path=/api/expense-categories|status=200|duration=17ms|category=FAST
2026-02-04 23:21:42.107 | [f130e37d-0d16-4953-a292-193c97b213cd] | f130e37d-0d16-4953-a292-193c97b213cd|method=GET|path=/api/payment-modes|status=200|duration=8ms|category=FAST
2026-02-04 23:21:49.619 | [a236d481-6581-44aa-9331-d476dabb612f] | a236d481-6581-44aa-9331-d476dabb612f|method=POST|path=/api/payment-modes|status=201|duration=99ms|category=FAST
2026-02-04 23:21:49.663 | [27a47802-df5d-4e29-b197-3189ad1816cb] | 27a47802-df5d-4e29-b197-3189ad1816cb|method=GET|path=/api/payment-modes|status=200|duration=11ms|category=FAST
2026-02-04 23:22:01.869 | [373cd5ec-3217-40b6-b09f-6073730d2dbf] | 373cd5ec-3217-40b6-b09f-6073730d2dbf|method=POST|path=/api/payment-modes|status=201|duration=33ms|category=FAST
2026-02-04 23:22:01.904 | [8e00afb3-62a0-4c34-bcff-6a7bbcbd1970] | 8e00afb3-62a0-4c34-bcff-6a7bbcbd1970|method=GET|path=/api/payment-modes|status=200|duration=16ms|category=FAST
2026-02-04 23:22:09.233 | [ff1c4bcb-2b21-495d-8782-1b0b8818a794] | ff1c4bcb-2b21-495d-8782-1b0b8818a794|method=POST|path=/api/payment-modes|status=201|duration=21ms|category=FAST
2026-02-04 23:22:09.269 | [23d6891d-4aa2-42e1-8a22-6d8b8df8fb6a] | 23d6891d-4aa2-42e1-8a22-6d8b8df8fb6a|method=GET|path=/api/payment-modes|status=200|duration=12ms|category=FAST
2026-02-04 23:22:14.520 | [3797046c-e92e-4729-9b2b-427674187dd9] | 3797046c-e92e-4729-9b2b-427674187dd9|method=PUT|path=/api/payment-modes/3|status=200|duration=103ms|category=FAST
2026-02-04 23:22:14.570 | [2f410167-8ba8-44f6-8f25-392808108678] | 2f410167-8ba8-44f6-8f25-392808108678|method=GET|path=/api/payment-modes|status=200|duration=21ms|category=FAST
2026-02-04 23:22:17.454 | [6a688b25-3545-4450-8a08-5704eba4db95] | 6a688b25-3545-4450-8a08-5704eba4db95|method=GET|path=/api/warehouses|status=200|duration=8ms|category=FAST
2026-02-04 23:22:22.575 | [256b35a8-dc93-4421-8da8-57623a6deccb] | 256b35a8-dc93-4421-8da8-57623a6deccb|method=POST|path=/api/warehouses|status=201|duration=323ms|category=FAST
2026-02-04 23:22:22.639 | [ca69d198-0118-4af7-aeee-9f038b42864d] | ca69d198-0118-4af7-aeee-9f038b42864d|method=GET|path=/api/warehouses|status=200|duration=12ms|category=FAST
2026-02-04 23:22:27.318 | [930d9e94-67c5-4bc7-94e5-bd91ee38fa42] | 930d9e94-67c5-4bc7-94e5-bd91ee38fa42|method=POST|path=/api/warehouses|status=201|duration=32ms|category=FAST
2026-02-04 23:22:27.357 | [72bfe1ef-8642-4764-a587-44dca1b2b1ac] | 72bfe1ef-8642-4764-a587-44dca1b2b1ac|method=GET|path=/api/warehouses|status=200|duration=12ms|category=FAST
2026-02-04 23:22:30.040 | [fadeb696-b4d7-488c-bd5d-897f85d731cf] | fadeb696-b4d7-488c-bd5d-897f85d731cf|method=GET|path=/api/variants/active/list|status=200|duration=10ms|category=FAST
2026-02-04 23:22:30.050 | [57ca2181-8213-4261-908f-c7399dd61d59] | 57ca2181-8213-4261-908f-c7399dd61d59|method=GET|path=/api/warehouses/active|status=200|duration=17ms|category=FAST
2026-02-04 23:22:32.335 | [355459e2-a015-451d-bee6-cb3aa55ca97a] | 355459e2-a015-451d-bee6-cb3aa55ca97a|method=GET|path=/api/inventory/warehouse/2|status=200|duration=24ms|category=FAST
2026-02-04 23:22:35.717 | [43e01c51-5487-45bf-bf8b-ab8f1db7b54e] | 43e01c51-5487-45bf-bf8b-ab8f1db7b54e|method=GET|path=/api/inventory/warehouse/1|status=200|duration=18ms|category=FAST
2026-02-04 23:22:38.252 | [65207352-caf3-4ea0-b1df-e2d52b1205fc] | 65207352-caf3-4ea0-b1df-e2d52b1205fc|method=GET|path=/api/inventory/warehouse/2|status=200|duration=19ms|category=FAST
2026-02-04 23:22:40.569 | [f4fe601e-69a8-4a40-8a5e-833f94215892] | f4fe601e-69a8-4a40-8a5e-833f94215892|method=GET|path=/api/inventory/warehouse/1|status=200|duration=14ms|category=FAST
2026-02-04 23:22:47.415 | [5b1b2fef-69f1-4410-8073-09a4f3bf1990] | 5b1b2fef-69f1-4410-8073-09a4f3bf1990|method=GET|path=/api/bank-accounts|status=200|duration=11ms|category=FAST
2026-02-04 23:23:00.649 | [2010bbe0-7f3b-49d9-929f-0a37cd76544e] | 2010bbe0-7f3b-49d9-929f-0a37cd76544e|method=POST|path=/api/bank-accounts|status=201|duration=67ms|category=FAST
2026-02-04 23:23:00.686 | [46c5bc01-28ed-43d5-b148-ccb85443015f] | 46c5bc01-28ed-43d5-b148-ccb85443015f|method=GET|path=/api/bank-accounts|status=200|duration=16ms|category=FAST
2026-02-04 23:23:16.336 | [8ed1a80a-9ab5-4f86-bab3-6c435f5984d1] | 8ed1a80a-9ab5-4f86-bab3-6c435f5984d1|method=POST|path=/api/bank-accounts|status=201|duration=17ms|category=FAST
2026-02-04 23:23:16.387 | [502bbb30-9ef0-4128-8d44-bfeb4ce06c07] | 502bbb30-9ef0-4128-8d44-bfeb4ce06c07|method=GET|path=/api/bank-accounts|status=200|duration=15ms|category=FAST
2026-02-04 23:23:31.302 | [5ab0fc3f-9403-434c-8dfa-bf1fbaa06a4c] | 5ab0fc3f-9403-434c-8dfa-bf1fbaa06a4c|method=PUT|path=/api/alerts/config/LOW_STOCK_WAREHOUSE|status=200|duration=52ms|category=FAST
2026-02-04 23:23:31.395 | [ca4305f4-2b34-4e02-81ae-4edaaaa1ec8f] | ca4305f4-2b34-4e02-81ae-4edaaaa1ec8f|method=PUT|path=/api/alerts/config/PENDING_RETURN_CYLINDERS|status=200|duration=59ms|category=FAST
2026-02-04 23:23:35.018 | [97f3883e-9fb5-431b-b227-16900db38095] | 97f3883e-9fb5-431b-b227-16900db38095|method=GET|path=/api/bank-accounts|status=200|duration=19ms|category=FAST
2026-02-04 23:23:38.732 | [c14222f0-ef2e-4c8b-bdfb-06126831fd73] | c14222f0-ef2e-4c8b-bdfb-06126831fd73|method=GET|path=/api/inventory/warehouse/2|status=200|duration=14ms|category=FAST
2026-02-04 23:25:35.295 | [34e37e96-f343-43c9-8897-a4fe13378905] | 34e37e96-f343-43c9-8897-a4fe13378905|method=GET|path=/api/alerts|status=200|duration=18ms|category=FAST
2026-02-04 23:25:35.517 | [587afefe-d187-44ac-a8d2-5aa26050f0ad] | 587afefe-d187-44ac-a8d2-5aa26050f0ad|method=GET|path=/api/alerts/stream|status=200|duration=21ms|category=FAST
2026-02-04 23:25:37.263 | [ce72f66b-ac94-4f5c-b81d-f0fee72d126b] | ce72f66b-ac94-4f5c-b81d-f0fee72d126b|method=GET|path=/api/business-info/1|status=200|duration=1ms|category=FAST
2026-02-04 23:25:37.269 | [59b233e7-0179-446d-a032-5f71dd4ed1fa] | 59b233e7-0179-446d-a032-5f71dd4ed1fa|method=GET|path=/api/alerts/config|status=200|duration=13ms|category=FAST
2026-02-04 23:25:37.296 | [21473443-10d6-4968-a023-676dcb976df4] | 21473443-10d6-4968-a023-676dcb976df4|method=GET|path=/api/variants|status=200|duration=35ms|category=FAST
2026-02-04 23:25:41.581 | [01f4eb92-87e2-4d87-80db-d84d27a65aeb] | 01f4eb92-87e2-4d87-80db-d84d27a65aeb|method=GET|path=/api/inventory/warehouse/2|status=200|duration=16ms|category=FAST
2026-02-04 23:25:48.337 | [cfa01c7c-1e23-45a1-9a9f-c1a45b9f6e36] | cfa01c7c-1e23-45a1-9a9f-c1a45b9f6e36|method=POST|path=/api/inventory/setup|status=200|duration=95ms|category=FAST
2026-02-04 23:25:51.546 | [6df9decb-1b83-40a0-a0a5-2c26d1ed15f5] | 6df9decb-1b83-40a0-a0a5-2c26d1ed15f5|method=GET|path=/api/inventory/warehouse/1|status=200|duration=21ms|category=FAST
2026-02-04 23:25:58.310 | [df857029-c80d-4562-a1aa-9d14947433c4] | df857029-c80d-4562-a1aa-9d14947433c4|method=POST|path=/api/inventory/setup|status=200|duration=47ms|category=FAST
2026-02-04 23:26:11.339 | [7fae58b3-c8e1-4bcf-a6af-6e35e329ff8f] | 7fae58b3-c8e1-4bcf-a6af-6e35e329ff8f|method=GET|path=/api/suppliers|status=200|duration=12ms|category=FAST
2026-02-04 23:26:19.869 | [974edb51-8b72-4ba4-a97c-a3fb3c6b8279] | 974edb51-8b72-4ba4-a97c-a3fb3c6b8279|method=POST|path=/api/suppliers|status=201|duration=50ms|category=FAST
2026-02-04 23:26:26.174 | [da31a5d3-b459-448c-9815-caaac1f81fce] | da31a5d3-b459-448c-9815-caaac1f81fce|method=PUT|path=/api/suppliers/1|status=200|duration=61ms|category=FAST
2026-02-04 23:26:30.263 | [99560d0c-8414-4464-bbce-7a54cb556961] | 99560d0c-8414-4464-bbce-7a54cb556961|method=PUT|path=/api/suppliers/1|status=200|duration=46ms|category=FAST
2026-02-04 23:27:28.147 | [6a2b7596-8f05-4c3c-8501-6976ceb6f647] | 6a2b7596-8f05-4c3c-8501-6976ceb6f647|method=GET|path=/api/payment-modes/active|status=200|duration=15ms|category=FAST
2026-02-04 23:27:28.158 | [98e63e2a-26d6-4933-bb19-96d08e3ea5f1] | 98e63e2a-26d6-4933-bb19-96d08e3ea5f1|method=GET|path=/api/bank-accounts/active/list|status=200|duration=24ms|category=FAST
2026-02-04 23:27:28.171 | [0927eec2-4858-4dc9-91e0-d1c09ab888b9] | 0927eec2-4858-4dc9-91e0-d1c09ab888b9|method=GET|path=/api/customers|status=200|duration=24ms|category=FAST
2026-02-04 23:27:28.238 | [b14b9fee-da8e-4045-ac6c-2dad92e7d991] | b14b9fee-da8e-4045-ac6c-2dad92e7d991|method=GET|path=/api/ledger/customer-balances|status=200|duration=16ms|category=FAST
2026-02-04 23:27:28.279 | [ffde9340-da51-4b14-b974-93d1229dd05b] | ffde9340-da51-4b14-b974-93d1229dd05b|method=POST|path=/api/ledger/customer-due-amounts|status=200|duration=14ms|category=FAST
2026-02-04 23:28:07.773 | [47f4529f-0946-4782-bffa-38f8d1c00dc8] | 47f4529f-0946-4782-bffa-38f8d1c00dc8|method=POST|path=/api/customers|status=201|duration=247ms|category=FAST
2026-02-04 23:28:07.880 | [d94b00c1-117e-4074-a5de-8d4e1819d281] | d94b00c1-117e-4074-a5de-8d4e1819d281|method=GET|path=/api/customers|status=200|duration=69ms|category=FAST
2026-02-04 23:28:07.949 | [ca8e59b9-babb-46b2-803e-889575988b3f] | ca8e59b9-babb-46b2-803e-889575988b3f|method=POST|path=/api/customers/1/variant-prices|status=201|duration=126ms|category=FAST
2026-02-04 23:28:07.971 | [ef35f8a3-7d37-4ec1-b8d9-dfdbecbb0f9b] | ef35f8a3-7d37-4ec1-b8d9-dfdbecbb0f9b|method=GET|path=/api/ledger/customer-balances|status=200|duration=66ms|category=FAST
2026-02-04 23:28:08.064 | [e8dd3e7b-7bbc-41c7-9ac9-fe81acfc4124] | e8dd3e7b-7bbc-41c7-9ac9-fe81acfc4124|method=POST|path=/api/ledger/customer-due-amounts|status=500|duration=74ms|category=FAST
2026-02-04 23:31:10.779 | [436b3b61-4e4a-4f34-a4d8-1d25cd56917e] | 436b3b61-4e4a-4f34-a4d8-1d25cd56917e|method=POST|path=/api/auth/login|status=200|duration=1763ms|category=SLOW
2026-02-04 23:31:10.918 | [466389f2-ef57-46a2-b90f-84f386fc088c] | 466389f2-ef57-46a2-b90f-84f386fc088c|method=GET|path=/api/alerts|status=200|duration=91ms|category=FAST
2026-02-04 23:31:11.390 | [86340282-4eda-428e-bc7f-e8ecbb5a1f54] | 86340282-4eda-428e-bc7f-e8ecbb5a1f54|method=GET|path=/api/alerts/stream|status=200|duration=38ms|category=FAST
2026-02-04 23:31:11.782 | [44ac8730-1ba0-451e-a8fc-98d8b9461de6] | 44ac8730-1ba0-451e-a8fc-98d8b9461de6|method=GET|path=/api/dashboard/comprehensive|status=200|duration=515ms|category=MEDIUM
2026-02-04 23:31:23.691 | [f15d4515-a319-425c-abf0-72a7cd48f976] | f15d4515-a319-425c-abf0-72a7cd48f976|method=GET|path=/api/bank-accounts/active/list|status=200|duration=101ms|category=FAST
2026-02-04 23:31:23.691 | [d8b89bfe-d840-4dfd-9284-cddce3b68af1] | d8b89bfe-d840-4dfd-9284-cddce3b68af1|method=GET|path=/api/payment-modes/active|status=200|duration=84ms|category=FAST
2026-02-04 23:31:23.901 | [47e7e81c-9241-47be-9a79-b4046fa72736] | 47e7e81c-9241-47be-9a79-b4046fa72736|method=GET|path=/api/customers|status=200|duration=311ms|category=FAST
2026-02-04 23:31:24.010 | [b9b16928-f560-4ef8-bbcd-5abd72753f3b] | b9b16928-f560-4ef8-bbcd-5abd72753f3b|method=GET|path=/api/ledger/customer-balances|status=200|duration=61ms|category=FAST
2026-02-04 23:31:24.061 | [a7c64256-5ad7-4a4b-93e3-52f43f3b4c01] | a7c64256-5ad7-4a4b-93e3-52f43f3b4c01|method=POST|path=/api/ledger/customer-due-amounts|status=200|duration=26ms|category=FAST
2026-02-04 23:32:07.394 | [47e1eba3-ceab-4d0f-b5ce-a71352bcf5c5] | 47e1eba3-ceab-4d0f-b5ce-a71352bcf5c5|method=POST|path=/api/customers|status=201|duration=550ms|category=MEDIUM
2026-02-04 23:32:07.611 | [34feb77e-b2e6-4b19-84c7-13fd06e297f8] | 34feb77e-b2e6-4b19-84c7-13fd06e297f8|method=POST|path=/api/customers/2/variant-prices|status=201|duration=151ms|category=FAST
2026-02-04 23:32:07.703 | [c5c62fee-7435-46b7-876a-82ca34eb7a31] | c5c62fee-7435-46b7-876a-82ca34eb7a31|method=GET|path=/api/customers|status=200|duration=255ms|category=FAST
2026-02-04 23:32:07.716 | [8598a208-8d4d-41bf-afbc-0999e58d9198] | 8598a208-8d4d-41bf-afbc-0999e58d9198|method=POST|path=/api/customers/2/variant-prices|status=201|duration=192ms|category=FAST
2026-02-04 23:32:07.797 | [120e5e5e-17c4-482c-8605-414b8b1ea3d3] | 120e5e5e-17c4-482c-8605-414b8b1ea3d3|method=GET|path=/api/ledger/customer-balances|status=200|duration=45ms|category=FAST
2026-02-04 23:32:07.859 | [0153923c-f395-4b6c-8296-66d39111c234] | 0153923c-f395-4b6c-8296-66d39111c234|method=POST|path=/api/ledger/customer-due-amounts|status=200|duration=28ms|category=FAST
2026-02-04 23:32:30.199 | [9999a735-4e97-4c6c-9048-b68b7260f782] | 9999a735-4e97-4c6c-9048-b68b7260f782|method=GET|path=/api/bank-accounts/active/list|status=200|duration=7ms|category=FAST
2026-02-04 23:32:30.207 | [bbc3429c-dafe-4179-9702-408688a2335f] | bbc3429c-dafe-4179-9702-408688a2335f|method=GET|path=/api/payment-modes/active|status=200|duration=25ms|category=FAST
2026-02-04 23:32:30.274 | [9ccc6809-0463-412e-9957-cbd89fce4980] | 9ccc6809-0463-412e-9957-cbd89fce4980|method=GET|path=/api/customers/active/list|status=200|duration=100ms|category=FAST
2026-02-04 23:32:41.316 | [40e6fe1a-047d-4131-9d71-18bd77263839] | 40e6fe1a-047d-4131-9d71-18bd77263839|method=GET|path=/api/alerts/config|status=200|duration=29ms|category=FAST
2026-02-04 23:32:41.316 | [aae4b1b9-3f90-4608-a40d-533eb5461eae] | aae4b1b9-3f90-4608-a40d-533eb5461eae|method=GET|path=/api/variants|status=200|duration=39ms|category=FAST
2026-02-04 23:32:41.403 | [34c17f02-7e74-406b-aba3-c44394d59c87] | 34c17f02-7e74-406b-aba3-c44394d59c87|method=GET|path=/api/business-info/1|status=200|duration=108ms|category=FAST
2026-02-04 23:32:50.277 | [a6c555dd-2726-423a-9fea-212c52f4623b] | a6c555dd-2726-423a-9fea-212c52f4623b|method=PUT|path=/api/variants/1|status=200|duration=386ms|category=FAST
2026-02-04 23:32:50.332 | [68cb9a83-d03c-4d55-b5d7-154eacefae6d] | 68cb9a83-d03c-4d55-b5d7-154eacefae6d|method=GET|path=/api/variants|status=200|duration=18ms|category=FAST
2026-02-04 23:33:07.456 | [f86b0e7b-36f6-45aa-90f9-3beb085d56e8] | f86b0e7b-36f6-45aa-90f9-3beb085d56e8|method=GET|path=/api/warehouses|status=200|duration=26ms|category=FAST
2026-02-04 23:33:12.426 | [cfeac0c9-bd63-4c34-b7c1-7340ab2da92c] | cfeac0c9-bd63-4c34-b7c1-7340ab2da92c|method=PUT|path=/api/warehouses/1|status=200|duration=121ms|category=FAST
2026-02-04 23:33:12.482 | [ed2b7d50-e42a-4186-b4b5-bbb2485b2722] | ed2b7d50-e42a-4186-b4b5-bbb2485b2722|method=GET|path=/api/warehouses|status=200|duration=15ms|category=FAST
2026-02-04 23:33:15.355 | [8a04b6ff-30d6-497a-98d2-d54df978f431] | 8a04b6ff-30d6-497a-98d2-d54df978f431|method=GET|path=/api/variants/active/list|status=200|duration=12ms|category=FAST
2026-02-04 23:33:15.359 | [1bb192e6-bf4a-4186-b359-9d0df1665928] | 1bb192e6-bf4a-4186-b359-9d0df1665928|method=GET|path=/api/payment-modes/active|status=200|duration=3ms|category=FAST
2026-02-04 23:33:15.370 | [3b1698db-690f-4b5b-b9eb-e21f652de47f] | 3b1698db-690f-4b5b-b9eb-e21f652de47f|method=GET|path=/api/warehouses/active|status=200|duration=36ms|category=FAST
2026-02-04 23:33:15.373 | [4299a4fc-a8ad-49ce-9b02-6417ee275965] | 4299a4fc-a8ad-49ce-9b02-6417ee275965|method=GET|path=/api/bank-accounts/active/list|status=200|duration=3ms|category=FAST
2026-02-04 23:33:27.147 | [518255b1-2590-4a54-bdc7-a6a3533b8203] | 518255b1-2590-4a54-bdc7-a6a3533b8203|method=GET|path=/api/payment-modes/active|status=200|duration=4ms|category=FAST
2026-02-04 23:33:27.155 | [4a5fce46-2c17-46c2-b69c-93bef4d1d8d9] | 4a5fce46-2c17-46c2-b69c-93bef4d1d8d9|method=GET|path=/api/bank-accounts/active/list|status=200|duration=5ms|category=FAST
2026-02-04 23:33:35.743 | [1d9abe76-f9bc-41c5-acac-5945a1e090ba] | 1d9abe76-f9bc-41c5-acac-5945a1e090ba|method=GET|path=/api/business-info/1|status=200|duration=3ms|category=FAST
2026-02-04 23:33:35.761 | [a1289541-b683-4270-9ef8-446cd6385f32] | a1289541-b683-4270-9ef8-446cd6385f32|method=GET|path=/api/supplier-transactions|status=200|duration=20ms|category=FAST
2026-02-04 23:33:35.775 | [2a0f524c-7135-47dd-b191-162cfd519de2] | 2a0f524c-7135-47dd-b191-162cfd519de2|method=GET|path=/api/suppliers|status=200|duration=28ms|category=FAST
2026-02-04 23:33:37.359 | [bef75dac-bf34-484c-85ef-5e40f6452d91] | bef75dac-bf34-484c-85ef-5e40f6452d91|method=GET|path=/api/variants/active/list|status=200|duration=6ms|category=FAST
2026-02-04 23:33:45.209 | [98eb84d9-de51-4efc-b554-680c06f99973] | 98eb84d9-de51-4efc-b554-680c06f99973|method=GET|path=/api/variants|status=200|duration=15ms|category=FAST
2026-02-04 23:33:45.227 | [75ca33d3-8d8d-4843-8aeb-967005c79b30] | 75ca33d3-8d8d-4843-8aeb-967005c79b30|method=GET|path=/api/sales|status=200|duration=31ms|category=FAST
2026-02-04 23:33:51.044 | [974eafe4-a1d8-4ea3-ac6d-bc524bea4a30] | 974eafe4-a1d8-4ea3-ac6d-bc524bea4a30|method=GET|path=/api/variants|status=200|duration=17ms|category=FAST
2026-02-04 23:33:51.061 | [883100aa-e0cd-4ca1-95c2-e2ed3c7f115a] | 883100aa-e0cd-4ca1-95c2-e2ed3c7f115a|method=GET|path=/api/ledger/empty-returns|status=200|duration=46ms|category=FAST
2026-02-04 23:33:55.814 | [f13ca580-3483-44f5-8266-959069b97472] | f13ca580-3483-44f5-8266-959069b97472|method=GET|path=/api/business-info/1|status=200|duration=5ms|category=FAST
2026-02-04 23:33:55.875 | [6dd7c57c-4bdc-4255-a09e-50f6801ef617] | 6dd7c57c-4bdc-4255-a09e-50f6801ef617|method=GET|path=/api/sales/summary|status=200|duration=37ms|category=FAST
2026-02-04 23:33:55.883 | [b417d204-8177-48ba-8407-4d3173854aa8] | b417d204-8177-48ba-8407-4d3173854aa8|method=GET|path=/api/inventory|status=200|duration=35ms|category=FAST
2026-02-04 23:33:55.900 | [9349c242-b11e-45ec-b94b-4de6f2eef7d9] | 9349c242-b11e-45ec-b94b-4de6f2eef7d9|method=GET|path=/api/sales|status=200|duration=61ms|category=FAST
2026-02-04 23:33:55.960 | [b75302c1-aa95-4162-9372-81f6ab374e8f] | b75302c1-aa95-4162-9372-81f6ab374e8f|method=GET|path=/api/supplier-transactions|status=200|duration=75ms|category=FAST
2026-02-04 23:33:55.975 | [4709e9e7-c332-4095-91f3-a03c4f230e81] | 4709e9e7-c332-4095-91f3-a03c4f230e81|method=GET|path=/api/bank-accounts/active/list|status=200|duration=4ms|category=FAST
2026-02-04 23:33:55.991 | [06334379-dd75-464b-b644-14be249689a3] | 06334379-dd75-464b-b644-14be249689a3|method=GET|path=/api/ledger/pending-summary|status=200|duration=144ms|category=FAST
2026-02-04 23:33:55.995 | [492e1c4c-2804-4ad0-87bc-9f548326189e] | 492e1c4c-2804-4ad0-87bc-9f548326189e|method=GET|path=/api/variants|status=200|duration=24ms|category=FAST
2026-02-04 23:33:56.022 | [e7254e7a-d87a-486f-bee5-0b81a9cfb24b] | e7254e7a-d87a-486f-bee5-0b81a9cfb24b|method=GET|path=/api/payment-modes|status=200|duration=31ms|category=FAST
2026-02-04 23:33:56.051 | [1d91eb73-917d-43a7-b0a7-8d4489e61988] | 1d91eb73-917d-43a7-b0a7-8d4489e61988|method=GET|path=/api/alerts/config/PENDING_RETURN_CYLINDERS|status=200|duration=31ms|category=FAST
2026-02-04 23:33:56.118 | [7046f893-3fc9-484f-9c3f-4ba9165a7196] | 7046f893-3fc9-484f-9c3f-4ba9165a7196|method=GET|path=/api/customers|status=200|duration=147ms|category=FAST
2026-02-04 23:34:04.608 | [4c2cb2a0-fc80-405f-abdf-3aee294be5fe] | 4c2cb2a0-fc80-405f-abdf-3aee294be5fe|method=GET|path=/api/warehouses|status=200|duration=7ms|category=FAST
2026-02-04 23:34:04.621 | [e004fc98-9fc7-4b5d-90c7-24044a0ebeae] | e004fc98-9fc7-4b5d-90c7-24044a0ebeae|method=GET|path=/api/variants|status=200|duration=12ms|category=FAST
2026-02-04 23:34:04.644 | [8c07b98d-087a-4854-8314-154233119ca3] | 8c07b98d-087a-4854-8314-154233119ca3|method=GET|path=/api/inventory|status=200|duration=27ms|category=FAST
2026-02-04 23:34:04.687 | [131fb302-fe23-4b96-ba1d-83ecdfc7d364] | 131fb302-fe23-4b96-ba1d-83ecdfc7d364|method=GET|path=/api/ledger/movements/paged|status=200|duration=62ms|category=FAST
2026-02-04 23:34:07.137 | [06ef73cd-d67a-4202-b736-bc8394834662] | 06ef73cd-d67a-4202-b736-bc8394834662|method=GET|path=/api/inventory|status=200|duration=23ms|category=FAST
2026-02-04 23:34:07.169 | [c29f2529-2f17-4a88-bf52-95b62352da70] | c29f2529-2f17-4a88-bf52-95b62352da70|method=GET|path=/api/ledger/movements/warehouse/2/paged|status=200|duration=54ms|category=FAST
2026-02-04 23:34:07.190 | [f2418f3d-c9a9-415c-9a80-406d58250b44] | f2418f3d-c9a9-415c-9a80-406d58250b44|method=GET|path=/api/inventory/warehouse/2|status=200|duration=33ms|category=FAST
2026-02-04 23:34:09.219 | [b391db7b-5851-47e2-ba41-ac3ffa50dee9] | b391db7b-5851-47e2-ba41-ac3ffa50dee9|method=GET|path=/api/ledger/movements/warehouse/1/paged|status=200|duration=28ms|category=FAST
2026-02-04 23:34:09.224 | [e3104b63-2af0-4f74-9c1b-cb2f48048aa0] | e3104b63-2af0-4f74-9c1b-cb2f48048aa0|method=GET|path=/api/inventory|status=200|duration=33ms|category=FAST
2026-02-04 23:34:09.257 | [5add2d59-53a3-4408-a36b-b65f0b696982] | 5add2d59-53a3-4408-a36b-b65f0b696982|method=GET|path=/api/inventory/warehouse/1|status=200|duration=16ms|category=FAST
2026-02-04 23:34:20.070 | [f05b6344-7c6b-40d5-a2b9-5c4d67c57ddb] | f05b6344-7c6b-40d5-a2b9-5c4d67c57ddb|method=GET|path=/api/variants|status=200|duration=24ms|category=FAST
2026-02-04 23:34:20.090 | [8623f013-1594-435f-b268-63f7a09dfda1] | 8623f013-1594-435f-b268-63f7a09dfda1|method=GET|path=/api/business-info/1|status=200|duration=1ms|category=FAST
2026-02-04 23:34:20.105 | [c2a6cd94-e1e9-475e-980a-b81d257751f5] | c2a6cd94-e1e9-475e-980a-b81d257751f5|method=GET|path=/api/alerts/config|status=200|duration=19ms|category=FAST
2026-02-04 23:34:25.446 | [52e2d8b7-b4f4-4747-9def-a788f624bbdb] | 52e2d8b7-b4f4-4747-9def-a788f624bbdb|method=PUT|path=/api/variants/1|status=200|duration=182ms|category=FAST
2026-02-04 23:34:25.478 | [d4c26110-376e-4409-8190-2845d2d4a60c] | d4c26110-376e-4409-8190-2845d2d4a60c|method=GET|path=/api/variants|status=200|duration=14ms|category=FAST
2026-02-04 23:34:31.040 | [6e61a482-e776-4263-a6b0-56e141d00aba] | 6e61a482-e776-4263-a6b0-56e141d00aba|method=GET|path=/api/warehouses|status=200|duration=1ms|category=FAST
2026-02-04 23:34:35.538 | [77f65de2-6e4e-4bc1-a614-6461e8b35169] | 77f65de2-6e4e-4bc1-a614-6461e8b35169|method=PUT|path=/api/warehouses/1|status=200|duration=23ms|category=FAST
2026-02-04 23:34:35.577 | [f23c5823-1c50-4ffc-9dc7-aac4b4f17d57] | f23c5823-1c50-4ffc-9dc7-aac4b4f17d57|method=GET|path=/api/warehouses|status=200|duration=10ms|category=FAST
2026-02-04 23:34:39.971 | [84c9fc68-ad13-4710-a5e4-af2f5a316fb7] | 84c9fc68-ad13-4710-a5e4-af2f5a316fb7|method=GET|path=/api/daybook/by-date|status=200|duration=22ms|category=FAST
2026-02-04 23:34:40.021 | [37f9347e-bb4f-4295-ad99-c39f6395faed] | 37f9347e-bb4f-4295-ad99-c39f6395faed|method=GET|path=/api/daybook/summary|status=200|duration=32ms|category=FAST
2026-02-04 23:34:41.479 | [db107cbd-6826-4b62-b8b2-2060144add21] | db107cbd-6826-4b62-b8b2-2060144add21|method=GET|path=/api/dashboard/comprehensive|status=200|duration=237ms|category=FAST
2026-02-04 23:34:45.005 | [d2c59064-ea25-4e62-9c57-7ccd6003712d] | d2c59064-ea25-4e62-9c57-7ccd6003712d|method=GET|path=/api/payment-modes/active|status=200|duration=0ms|category=FAST
2026-02-04 23:34:45.014 | [c78da2b5-af42-49de-91cf-b90121f019b2] | c78da2b5-af42-49de-91cf-b90121f019b2|method=GET|path=/api/warehouses/active|status=200|duration=10ms|category=FAST
2026-02-04 23:34:45.014 | [eee341c8-aeed-406f-ac4f-25ed02700a22] | eee341c8-aeed-406f-ac4f-25ed02700a22|method=GET|path=/api/variants/active/list|status=200|duration=9ms|category=FAST
2026-02-04 23:34:45.024 | [59dfa800-e21e-43ca-b09d-491cfdc51b0e] | 59dfa800-e21e-43ca-b09d-491cfdc51b0e|method=GET|path=/api/bank-accounts/active/list|status=200|duration=0ms|category=FAST
2026-02-04 23:34:46.203 | [28fe7977-4dac-4f02-99e8-222ddb5a8083] | 28fe7977-4dac-4f02-99e8-222ddb5a8083|method=GET|path=/api/dashboard/comprehensive|status=200|duration=174ms|category=FAST
2026-02-04 23:35:29.272 | [eedcb133-ccb7-4e8d-8a1a-95205d35cd81] | eedcb133-ccb7-4e8d-8a1a-95205d35cd81|method=GET|path=/api/business-info/1|status=200|duration=2ms|category=FAST
2026-02-04 23:35:29.290 | [b4bfc9d1-24c9-45b2-afe6-f8841c5d323f] | b4bfc9d1-24c9-45b2-afe6-f8841c5d323f|method=GET|path=/api/suppliers|status=200|duration=20ms|category=FAST
2026-02-04 23:35:29.315 | [94cf12c5-ef78-4222-afb3-2c8a9ebf71cd] | 94cf12c5-ef78-4222-afb3-2c8a9ebf71cd|method=GET|path=/api/supplier-transactions|status=200|duration=25ms|category=FAST
2026-02-04 23:35:30.774 | [080963f4-3805-417d-8945-d12e946c788a] | 080963f4-3805-417d-8945-d12e946c788a|method=GET|path=/api/variants/active/list|status=200|duration=3ms|category=FAST
2026-02-04 23:35:48.878 | [e68369f4-bd74-4e62-8312-214fa2b2c824] | e68369f4-bd74-4e62-8312-214fa2b2c824|method=POST|path=/api/supplier-transactions|status=201|duration=180ms|category=FAST
2026-02-04 23:35:48.939 | [da01cbea-c24a-470d-b927-8c77c111f88b] | da01cbea-c24a-470d-b927-8c77c111f88b|method=GET|path=/api/supplier-transactions|status=200|duration=36ms|category=FAST
2026-02-04 23:36:01.033 | [fbcc2de8-53b8-48d4-8f55-5d9f30f3b60c] | fbcc2de8-53b8-48d4-8f55-5d9f30f3b60c|method=GET|path=/api/variants|status=200|duration=18ms|category=FAST
2026-02-04 23:36:01.043 | [68ededad-2408-4b3f-b61d-b76514ea15f3] | 68ededad-2408-4b3f-b61d-b76514ea15f3|method=GET|path=/api/warehouses|status=200|duration=3ms|category=FAST
2026-02-04 23:36:01.064 | [e2301dc3-3155-4640-8e03-38d9f2936e57] | e2301dc3-3155-4640-8e03-38d9f2936e57|method=GET|path=/api/inventory|status=200|duration=15ms|category=FAST
2026-02-04 23:36:01.071 | [376a2fe9-a345-424d-9625-e6ba3405358a] | 376a2fe9-a345-424d-9625-e6ba3405358a|method=GET|path=/api/ledger/movements/paged|status=200|duration=62ms|category=FAST
2026-02-04 23:36:04.732 | [73f72989-fb22-4dbb-9b59-f933d5d62f71] | 73f72989-fb22-4dbb-9b59-f933d5d62f71|method=GET|path=/api/inventory|status=200|duration=31ms|category=FAST
2026-02-04 23:36:04.753 | [324b8bc8-703c-45dd-8902-40ca49be3ff6] | 324b8bc8-703c-45dd-8902-40ca49be3ff6|method=GET|path=/api/ledger/movements/warehouse/2/paged|status=200|duration=52ms|category=FAST
2026-02-04 23:36:04.772 | [2c8a0379-df62-409d-a758-ded57722bc3c] | 2c8a0379-df62-409d-a758-ded57722bc3c|method=GET|path=/api/inventory/warehouse/2|status=200|duration=19ms|category=FAST
2026-02-04 23:36:10.361 | [18f0305a-4e2b-4df4-ac88-ad45f756eced] | 18f0305a-4e2b-4df4-ac88-ad45f756eced|method=GET|path=/api/business-info/1|status=200|duration=0ms|category=FAST
2026-02-04 23:36:10.377 | [a215f908-b540-4900-b8be-af438cef1cd3] | a215f908-b540-4900-b8be-af438cef1cd3|method=GET|path=/api/suppliers|status=200|duration=16ms|category=FAST
2026-02-04 23:36:10.426 | [49450ccc-7687-4dce-8a13-16bc7adde362] | 49450ccc-7687-4dce-8a13-16bc7adde362|method=GET|path=/api/supplier-transactions|status=200|duration=65ms|category=FAST
2026-02-04 23:36:24.212 | [e5daa9f6-dad2-4f5b-b374-03bfa75365e8] | e5daa9f6-dad2-4f5b-b374-03bfa75365e8|method=PUT|path=/api/supplier-transactions/1|status=200|duration=35ms|category=FAST
2026-02-04 23:36:24.262 | [e2b8cf8f-dc2f-4a56-825a-aa4ef2ce1f86] | e2b8cf8f-dc2f-4a56-825a-aa4ef2ce1f86|method=GET|path=/api/supplier-transactions|status=200|duration=25ms|category=FAST
2026-02-04 23:36:26.829 | [22e62485-350f-447a-8c66-d1de75fc77ed] | 22e62485-350f-447a-8c66-d1de75fc77ed|method=GET|path=/api/warehouses|status=200|duration=5ms|category=FAST
2026-02-04 23:36:26.835 | [d378956e-649e-4a20-ae99-1e74b9e03d53] | d378956e-649e-4a20-ae99-1e74b9e03d53|method=GET|path=/api/variants|status=200|duration=7ms|category=FAST
2026-02-04 23:36:26.848 | [bcbc3758-9ec7-4021-947b-01b228c9fd72] | bcbc3758-9ec7-4021-947b-01b228c9fd72|method=GET|path=/api/inventory|status=200|duration=29ms|category=FAST
2026-02-04 23:36:26.849 | [731ab6e9-2a9c-4170-a51c-42b08773897f] | 731ab6e9-2a9c-4170-a51c-42b08773897f|method=GET|path=/api/ledger/movements/paged|status=200|duration=30ms|category=FAST
2026-02-04 23:36:29.801 | [911f6ce1-f834-4109-b4fd-3c45df93b369] | 911f6ce1-f834-4109-b4fd-3c45df93b369|method=GET|path=/api/inventory|status=200|duration=17ms|category=FAST
2026-02-04 23:36:29.801 | [1fd121a3-f06e-4d85-9921-069e30841e25] | 1fd121a3-f06e-4d85-9921-069e30841e25|method=GET|path=/api/ledger/movements/warehouse/2/paged|status=200|duration=17ms|category=FAST
2026-02-04 23:36:29.852 | [c402030c-c07e-4d15-9a5d-40d8bf3303dd] | c402030c-c07e-4d15-9a5d-40d8bf3303dd|method=GET|path=/api/inventory/warehouse/2|status=200|duration=18ms|category=FAST
2026-02-04 23:36:33.038 | [80f788d4-9383-4514-894a-c6cfbc8a6c8d] | 80f788d4-9383-4514-894a-c6cfbc8a6c8d|method=GET|path=/api/business-info/1|status=200|duration=2ms|category=FAST
2026-02-04 23:36:33.046 | [bbf265f8-8db2-4113-bee0-630f398a4e6c] | bbf265f8-8db2-4113-bee0-630f398a4e6c|method=GET|path=/api/suppliers|status=200|duration=10ms|category=FAST
2026-02-04 23:36:33.070 | [1908c70f-1f6f-46eb-9ba5-fc241a0539a2] | 1908c70f-1f6f-46eb-9ba5-fc241a0539a2|method=GET|path=/api/supplier-transactions|status=200|duration=20ms|category=FAST
2026-02-04 23:37:18.385 | [46318d33-73a5-4119-948a-4780c9e78187] | 46318d33-73a5-4119-948a-4780c9e78187|method=GET|path=/api/users|status=200|duration=19ms|category=FAST
2026-02-04 23:37:38.202 | [dbcfed3e-0f34-4a1d-8436-4b4f31b3c196] | dbcfed3e-0f34-4a1d-8436-4b4f31b3c196|method=POST|path=/api/users|status=201|duration=269ms|category=FAST
2026-02-04 23:37:38.230 | [693c7d01-28c6-47ef-9356-8bfba7d8d5fa] | 693c7d01-28c6-47ef-9356-8bfba7d8d5fa|method=GET|path=/api/users|status=200|duration=10ms|category=FAST
2026-02-04 23:38:04.884 | [fb17a9fe-2628-4986-9c35-5d0db8ebd6de] | fb17a9fe-2628-4986-9c35-5d0db8ebd6de|method=POST|path=/api/users|status=201|duration=261ms|category=FAST
2026-02-04 23:38:04.915 | [18e1087f-3be9-4f4f-8e47-d85f1fa0661f] | 18e1087f-3be9-4f4f-8e47-d85f1fa0661f|method=GET|path=/api/users|status=200|duration=8ms|category=FAST
2026-02-04 23:38:17.004 | [174b8b10-06e3-4817-b374-d35f5756035a] | 174b8b10-06e3-4817-b374-d35f5756035a|method=PUT|path=/api/users/2|status=200|duration=64ms|category=FAST
2026-02-04 23:38:17.030 | [6e875768-f2bd-4acc-b1d9-72d557a046fd] | 6e875768-f2bd-4acc-b1d9-72d557a046fd|method=GET|path=/api/users|status=200|duration=9ms|category=FAST
2026-02-04 23:38:29.237 | [b7f16054-c5e0-4729-9438-27cc8240deb3] | b7f16054-c5e0-4729-9438-27cc8240deb3|method=GET|path=/api/users/1|status=200|duration=19ms|category=FAST
2026-02-04 23:38:32.869 | [c59b9186-c14e-4a3d-bffa-dd6e9fd3b79b] | c59b9186-c14e-4a3d-bffa-dd6e9fd3b79b|method=PUT|path=/api/users/1|status=200|duration=27ms|category=FAST
2026-02-04 23:38:47.234 | [cce8e43e-d875-412c-8e5e-b7bd2041b9c2] | cce8e43e-d875-412c-8e5e-b7bd2041b9c2|method=GET|path=/api/payment-modes/active|status=200|duration=1ms|category=FAST
2026-02-04 23:38:47.234 | [f98f8bf1-5045-4736-abd8-a1ddef8dc893] | f98f8bf1-5045-4736-abd8-a1ddef8dc893|method=GET|path=/api/bank-accounts/active/list|status=200|duration=9ms|category=FAST
2026-02-04 23:38:47.246 | [f88ec62f-73bc-434b-9312-682dd811be24] | f88ec62f-73bc-434b-9312-682dd811be24|method=GET|path=/api/customer-due-payment/report|status=200|duration=34ms|category=FAST
2026-02-04 23:38:47.246 | [7a2e87f1-21f6-4f05-91c3-4a1ae20ee89e] | 7a2e87f1-21f6-4f05-91c3-4a1ae20ee89e|method=GET|path=/api/customer-due-payment/report|status=200|duration=43ms|category=FAST
2026-02-04 23:38:50.784 | [d50639bd-7493-4230-8fe5-7b24c983fec4] | d50639bd-7493-4230-8fe5-7b24c983fec4|method=GET|path=/api/ledger/customer/1|status=200|duration=27ms|category=FAST
2026-02-04 23:39:16.401 | [63fb922c-8b41-466f-99c4-e5d7a13ada0d] | 63fb922c-8b41-466f-99c4-e5d7a13ada0d|method=POST|path=/api/ledger/payment|status=200|duration=180ms|category=FAST
2026-02-04 23:39:16.444 | [1d639b25-9450-424c-84a4-85c5af98740f] | 1d639b25-9450-424c-84a4-85c5af98740f|method=GET|path=/api/customer-due-payment/report|status=200|duration=21ms|category=FAST
2026-02-04 23:39:16.444 | [b3da50b4-75f1-4d2a-9f3e-4f855749c0d0] | b3da50b4-75f1-4d2a-9f3e-4f855749c0d0|method=GET|path=/api/customer-due-payment/report|status=200|duration=21ms|category=FAST
2026-02-04 23:39:16.457 | [7d2e70ec-aa6e-4a30-a2cd-02133213fa85] | 7d2e70ec-aa6e-4a30-a2cd-02133213fa85|method=GET|path=/api/ledger/customer/1|status=200|duration=26ms|category=FAST
2026-02-04 23:39:20.416 | [c1cd2151-28d9-4a77-ac06-57be0ebe19cf] | c1cd2151-28d9-4a77-ac06-57be0ebe19cf|method=GET|path=/api/payment-modes/active|status=200|duration=0ms|category=FAST
2026-02-04 23:39:20.416 | [8f9e9bce-d352-4e4b-85c3-da81b187ae1d] | 8f9e9bce-d352-4e4b-85c3-da81b187ae1d|method=GET|path=/api/bank-accounts/active/list|status=200|duration=0ms|category=FAST
2026-02-04 23:39:20.521 | [20c9c374-8ee4-4fcd-a4e2-4b3718495601] | 20c9c374-8ee4-4fcd-a4e2-4b3718495601|method=GET|path=/api/customers|status=200|duration=105ms|category=FAST
2026-02-04 23:39:20.597 | [d055c765-7400-4c08-a273-c27d7e571252] | d055c765-7400-4c08-a273-c27d7e571252|method=GET|path=/api/ledger/customer-balances|status=200|duration=52ms|category=FAST
2026-02-04 23:39:20.637 | [5b387e7d-6bc2-4279-8a9c-b9f201b659f6] | 5b387e7d-6bc2-4279-8a9c-b9f201b659f6|method=POST|path=/api/ledger/customer-due-amounts|status=200|duration=18ms|category=FAST
2026-02-04 23:39:31.722 | [90c7450d-5262-4610-904a-bc3d583d3e92] | 90c7450d-5262-4610-904a-bc3d583d3e92|method=GET|path=/api/bank-accounts/active/list|status=200|duration=3ms|category=FAST
2026-02-04 23:39:31.730 | [273c6751-f0be-4ec5-b179-e8990951076e] | 273c6751-f0be-4ec5-b179-e8990951076e|method=GET|path=/api/payment-modes/active|status=200|duration=3ms|category=FAST
2026-02-04 23:39:31.739 | [7ffa13c0-7156-42ba-86f5-18530aa5d0f0] | 7ffa13c0-7156-42ba-86f5-18530aa5d0f0|method=GET|path=/api/customer-due-payment/report|status=200|duration=20ms|category=FAST
2026-02-04 23:39:31.757 | [17ac4bc1-ee7d-4179-ba82-7fc528ff3ffe] | 17ac4bc1-ee7d-4179-ba82-7fc528ff3ffe|method=GET|path=/api/customer-due-payment/report|status=200|duration=30ms|category=FAST
2026-02-04 23:39:33.685 | [f4939930-d353-4d20-a5d7-d74dab43c09f] | f4939930-d353-4d20-a5d7-d74dab43c09f|method=GET|path=/api/ledger/customer/1|status=200|duration=16ms|category=FAST
2026-02-04 23:39:40.605 | [a92e7842-fb55-44ec-8f4c-68c7c6f98506] | a92e7842-fb55-44ec-8f4c-68c7c6f98506|method=POST|path=/api/ledger/payment|status=200|duration=34ms|category=FAST
2026-02-04 23:39:40.639 | [7b455f09-7dd5-49ef-945b-e094d02b1c97] | 7b455f09-7dd5-49ef-945b-e094d02b1c97|method=GET|path=/api/customer-due-payment/report|status=200|duration=10ms|category=FAST
2026-02-04 23:39:40.639 | [49a0e213-2278-4be8-a5a7-18b9d9e1bf91] | 49a0e213-2278-4be8-a5a7-18b9d9e1bf91|method=GET|path=/api/ledger/customer/1|status=200|duration=13ms|category=FAST
2026-02-04 23:39:40.642 | [c86e951f-4a4f-40cb-8f86-98b1d22aa525] | c86e951f-4a4f-40cb-8f86-98b1d22aa525|method=GET|path=/api/customer-due-payment/report|status=200|duration=16ms|category=FAST
2026-02-04 23:39:52.437 | [a122ad0b-ff1b-4ac8-a502-ea8e597dedbe] | a122ad0b-ff1b-4ac8-a502-ea8e597dedbe|method=GET|path=/api/bank-accounts/active/list|status=200|duration=4ms|category=FAST
2026-02-04 23:39:52.459 | [398963cb-67d6-4ff4-947a-8640c10e6459] | 398963cb-67d6-4ff4-947a-8640c10e6459|method=GET|path=/api/payment-modes/active|status=200|duration=3ms|category=FAST
2026-02-04 23:39:56.025 | [7cc2e134-3f18-4b74-b6b6-442255a06b29] | 7cc2e134-3f18-4b74-b6b6-442255a06b29|method=GET|path=/api/bank-accounts/active/list|status=200|duration=4ms|category=FAST
2026-02-04 23:39:56.032 | [58598055-6b4f-4c55-a1ba-70db3cc4dc75] | 58598055-6b4f-4c55-a1ba-70db3cc4dc75|method=GET|path=/api/payment-modes/active|status=200|duration=2ms|category=FAST
2026-02-04 23:39:56.064 | [b406ce97-e066-46bf-8424-fb8e68e9f1b4] | b406ce97-e066-46bf-8424-fb8e68e9f1b4|method=GET|path=/api/bank-deposits/summary|status=200|duration=31ms|category=FAST
2026-02-04 23:39:56.064 | [c8dd1cc0-7f33-49bd-9cb1-864eea17f96f] | c8dd1cc0-7f33-49bd-9cb1-864eea17f96f|method=GET|path=/api/bank-deposits|status=200|duration=30ms|category=FAST
2026-02-04 23:39:57.961 | [4f46555c-5a49-449b-a189-870506aee366] | 4f46555c-5a49-449b-a189-870506aee366|method=GET|path=/api/bank-accounts/active/list|status=200|duration=4ms|category=FAST
2026-02-04 23:39:57.976 | [43074257-845e-4323-b728-fbd922ee748f] | 43074257-845e-4323-b728-fbd922ee748f|method=GET|path=/api/payment-modes/active|status=200|duration=9ms|category=FAST
2026-02-04 23:40:14.416 | [a46aaa96-c5e6-4244-a7d5-93246abc3b69] | a46aaa96-c5e6-4244-a7d5-93246abc3b69|method=POST|path=/api/bank-deposits|status=201|duration=68ms|category=FAST
2026-02-04 23:40:17.546 | [e4ad275b-e2d4-41f9-b5b6-16e9e73b8bf8] | e4ad275b-e2d4-41f9-b5b6-16e9e73b8bf8|method=GET|path=/api/payment-modes/active|status=200|duration=5ms|category=FAST
2026-02-04 23:40:17.546 | [2d701777-38c6-4322-9f45-940e2add199f] | 2d701777-38c6-4322-9f45-940e2add199f|method=GET|path=/api/bank-accounts/active/list|status=200|duration=5ms|category=FAST
2026-02-04 23:40:17.566 | [31522117-efe9-4cb6-8b83-15559fdbe549] | 31522117-efe9-4cb6-8b83-15559fdbe549|method=GET|path=/api/bank-deposits/summary|status=200|duration=10ms|category=FAST
2026-02-04 23:40:17.589 | [07ae80f4-aa92-4a0b-8343-9b3290aea4a8] | 07ae80f4-aa92-4a0b-8343-9b3290aea4a8|method=GET|path=/api/bank-deposits|status=200|duration=17ms|category=FAST
2026-02-04 23:40:30.218 | [5521166c-371f-4da2-b772-d1b674acf112] | 5521166c-371f-4da2-b772-d1b674acf112|method=DELETE|path=/api/bank-deposits/1|status=204|duration=53ms|category=FAST
2026-02-04 23:40:30.256 | [528b3e8b-8c4b-42cb-8a0a-1dc4f607c730] | 528b3e8b-8c4b-42cb-8a0a-1dc4f607c730|method=GET|path=/api/bank-deposits|status=200|duration=8ms|category=FAST
2026-02-04 23:40:30.266 | [83d0a3d0-59fc-4d6d-9435-b44f3510015f] | 83d0a3d0-59fc-4d6d-9435-b44f3510015f|method=GET|path=/api/bank-deposits/summary|status=200|duration=17ms|category=FAST
2026-02-04 23:40:33.126 | [015db3e9-bbb7-46f0-a7c0-ec657f6bb09a] | 015db3e9-bbb7-46f0-a7c0-ec657f6bb09a|method=GET|path=/api/payment-modes/active|status=200|duration=2ms|category=FAST
2026-02-04 23:40:33.129 | [4e1d8a5c-6182-4fa5-bd5f-e1d10696435f] | 4e1d8a5c-6182-4fa5-bd5f-e1d10696435f|method=GET|path=/api/bank-accounts/active/list|status=200|duration=3ms|category=FAST
2026-02-04 23:40:42.953 | [4e761ba6-ba35-4e9d-8d43-b4bacb4d48db] | 4e761ba6-ba35-4e9d-8d43-b4bacb4d48db|method=POST|path=/api/bank-deposits|status=201|duration=31ms|category=FAST
2026-02-04 23:40:45.334 | [f323c985-cba9-4fe2-852c-8b3060566f60] | f323c985-cba9-4fe2-852c-8b3060566f60|method=GET|path=/api/bank-accounts/active/list|status=200|duration=4ms|category=FAST
2026-02-04 23:40:45.363 | [559b80f2-f246-4097-a4ae-c35648c80843] | 559b80f2-f246-4097-a4ae-c35648c80843|method=GET|path=/api/payment-modes/active|status=200|duration=8ms|category=FAST
2026-02-04 23:40:45.372 | [2117c043-2147-46ce-8203-927a764ccfde] | 2117c043-2147-46ce-8203-927a764ccfde|method=GET|path=/api/bank-deposits/summary|status=200|duration=15ms|category=FAST
2026-02-04 23:40:45.387 | [97ef0765-6f10-4d27-946b-117ce6a4229b] | 97ef0765-6f10-4d27-946b-117ce6a4229b|method=GET|path=/api/bank-deposits|status=200|duration=32ms|category=FAST
2026-02-04 23:40:53.951 | [dd0693e3-ce80-4c64-a4c0-7a68222ed87f] | dd0693e3-ce80-4c64-a4c0-7a68222ed87f|method=GET|path=/api/bank-deposits/summary|status=200|duration=7ms|category=FAST
2026-02-04 23:40:53.970 | [6e3f0d64-0bb2-4883-9b3d-ab80f593f4ac] | 6e3f0d64-0bb2-4883-9b3d-ab80f593f4ac|method=GET|path=/api/bank-deposits|status=200|duration=26ms|category=FAST
2026-02-04 23:41:10.170 | [30e60523-b2c1-4f30-9e31-0142afe651db] | 30e60523-b2c1-4f30-9e31-0142afe651db|method=GET|path=/api/bank-accounts/active/list|status=200|duration=3ms|category=FAST
2026-02-04 23:41:10.171 | [93bc6f65-0ba9-48dc-afff-c628219a0bd6] | 93bc6f65-0ba9-48dc-afff-c628219a0bd6|method=GET|path=/api/payment-modes/active|status=200|duration=4ms|category=FAST
2026-02-04 23:41:10.188 | [c20ce9ae-8913-4fb5-b9e2-641d357724e1] | c20ce9ae-8913-4fb5-b9e2-641d357724e1|method=GET|path=/api/customer-due-payment/report|status=200|duration=30ms|category=FAST
2026-02-04 23:41:10.189 | [51faf1bd-cbed-4e5b-82fe-2ca614a6348f] | 51faf1bd-cbed-4e5b-82fe-2ca614a6348f|method=GET|path=/api/customer-due-payment/report|status=200|duration=30ms|category=FAST
2026-02-04 23:41:26.413 | [72fccae2-5ecf-4333-a929-b1fbbcfe142b] | 72fccae2-5ecf-4333-a929-b1fbbcfe142b|method=GET|path=/api/payment-modes/active|status=200|duration=12ms|category=FAST
2026-02-04 23:41:26.414 | [cbdf8db7-be3c-4edb-9f60-aaa23966978d] | cbdf8db7-be3c-4edb-9f60-aaa23966978d|method=GET|path=/api/bank-accounts/active/list|status=200|duration=11ms|category=FAST
2026-02-04 23:41:26.442 | [d328f388-0120-46ab-9fcb-dad621101f6c] | d328f388-0120-46ab-9fcb-dad621101f6c|method=GET|path=/api/expense-categories|status=200|duration=28ms|category=FAST
2026-02-04 23:41:30.026 | [9eddad7b-d4a1-4d96-8d9c-8eb7080fd8d1] | 9eddad7b-d4a1-4d96-8d9c-8eb7080fd8d1|method=GET|path=/api/variants|status=200|duration=8ms|category=FAST
2026-02-04 23:41:30.030 | [2df9e987-8e8a-45e1-b6bb-546fba7ca62f] | 2df9e987-8e8a-45e1-b6bb-546fba7ca62f|method=GET|path=/api/business-info/1|status=200|duration=2ms|category=FAST
2026-02-04 23:41:30.041 | [911c407e-c255-4d00-820d-c8e959a408aa] | 911c407e-c255-4d00-820d-c8e959a408aa|method=GET|path=/api/alerts/config|status=200|duration=17ms|category=FAST
2026-02-04 23:41:33.663 | [886543ef-cff2-46b7-bd9a-4616a609b40f] | 886543ef-cff2-46b7-bd9a-4616a609b40f|method=GET|path=/api/expense-categories|status=200|duration=10ms|category=FAST
2026-02-04 23:41:39.542 | [c99848b9-28db-40bb-8802-2ef76b5a4bd3] | c99848b9-28db-40bb-8802-2ef76b5a4bd3|method=PUT|path=/api/expense-categories/3|status=200|duration=37ms|category=FAST
2026-02-04 23:41:39.572 | [25a4aaf9-0270-4034-adaf-399f9bac96fb] | 25a4aaf9-0270-4034-adaf-399f9bac96fb|method=GET|path=/api/expense-categories|status=200|duration=13ms|category=FAST
2026-02-04 23:41:42.860 | [6ef9b622-2b54-4495-9e31-d1caba57b46d] | 6ef9b622-2b54-4495-9e31-d1caba57b46d|method=GET|path=/api/payment-modes/active|status=200|duration=2ms|category=FAST
2026-02-04 23:41:42.860 | [08d75b5c-d7fc-4cc4-8d7a-ed366f9c55a4] | 08d75b5c-d7fc-4cc4-8d7a-ed366f9c55a4|method=GET|path=/api/expense-categories|status=200|duration=16ms|category=FAST
2026-02-04 23:41:42.872 | [b87cb719-ca45-4fad-9e74-8dc39ac42fd4] | b87cb719-ca45-4fad-9e74-8dc39ac42fd4|method=GET|path=/api/bank-accounts/active/list|status=200|duration=4ms|category=FAST
2026-02-04 23:42:05.734 | [de8a35e2-026b-44f0-83f1-071a714914c9] | de8a35e2-026b-44f0-83f1-071a714914c9|method=POST|path=/api/expenses|status=201|duration=70ms|category=FAST
2026-02-04 23:42:07.874 | [75cfb662-2056-48ac-9c57-f544ad8a8c92] | 75cfb662-2056-48ac-9c57-f544ad8a8c92|method=GET|path=/api/dashboard/comprehensive|status=200|duration=130ms|category=FAST
2026-02-04 23:42:28.389 | [a6b6ead5-1fb9-4bd5-8d96-f79b2cf6343a] | a6b6ead5-1fb9-4bd5-8d96-f79b2cf6343a|method=GET|path=/api/bank-accounts/active/list|status=200|duration=4ms|category=FAST
2026-02-04 23:42:28.392 | [56e1ac14-8137-4354-a793-066a512d312a] | 56e1ac14-8137-4354-a793-066a512d312a|method=GET|path=/api/payment-modes/active|status=200|duration=7ms|category=FAST
2026-02-04 23:42:34.182 | [c6b77676-9e96-450a-a84e-f80b3c246b9a] | c6b77676-9e96-450a-a84e-f80b3c246b9a|method=GET|path=/api/customers/1/variant-prices/1|status=200|duration=20ms|category=FAST
2026-02-04 23:42:34.473 | [8ef45936-3634-41d1-a2b4-9f3582f5cf38] | 8ef45936-3634-41d1-a2b4-9f3582f5cf38|method=GET|path=/api/customers/1/variant-prices/1|status=200|duration=14ms|category=FAST
2026-02-04 23:42:50.243 | [6099be53-faa2-4282-8192-60db4d4c5874] | TRANSACTION | txn_id=6a39b53f-95a2-4461-9e51-d4de48dae9fc | duration=279ms | status=COMPLETED
2026-02-04 23:42:50.277 | [6099be53-faa2-4282-8192-60db4d4c5874] | 6099be53-faa2-4282-8192-60db4d4c5874|method=POST|path=/api/sales|status=201|duration=524ms|category=MEDIUM
2026-02-04 23:43:11.754 | [5a4f4e19-f790-4afc-b2e2-a6946ae72754] | 5a4f4e19-f790-4afc-b2e2-a6946ae72754|method=GET|path=/api/dashboard/comprehensive|status=200|duration=167ms|category=FAST
2026-02-04 23:43:23.090 | [9b38f789-8786-406c-a416-cd917a0b0fd3] | 9b38f789-8786-406c-a416-cd917a0b0fd3|method=GET|path=/api/payment-modes/active|status=200|duration=4ms|category=FAST
2026-02-04 23:43:23.110 | [60789ecc-fa91-47cc-aa3c-cd841d209d3b] | 60789ecc-fa91-47cc-aa3c-cd841d209d3b|method=GET|path=/api/bank-accounts/active/list|status=200|duration=2ms|category=FAST
2026-02-04 23:43:27.722 | [5cd3ff89-ce8e-45a1-8f31-ba70f5d88059] | 5cd3ff89-ce8e-45a1-8f31-ba70f5d88059|method=GET|path=/api/customers/2/variant-prices/2|status=200|duration=8ms|category=FAST
2026-02-04 23:43:28.010 | [b0aeecc9-1aaa-4579-9888-6cdec97331ca] | b0aeecc9-1aaa-4579-9888-6cdec97331ca|method=GET|path=/api/customers/2/variant-prices/2|status=200|duration=0ms|category=FAST
2026-02-04 23:43:53.112 | [8054a93e-7e2d-448c-8f71-94311e76a4c2] | 8054a93e-7e2d-448c-8f71-94311e76a4c2|method=GET|path=/api/ledger/customer/2/variant/2/balance|status=200|duration=28ms|category=FAST
2026-02-04 23:43:59.563 | [fed1dec0-802a-46f4-ab04-a19b0880b315] | fed1dec0-802a-46f4-ab04-a19b0880b315|method=GET|path=/api/ledger/customer/2/variant/2/balance|status=200|duration=19ms|category=FAST
2026-02-04 23:43:59.729 | [9e87f438-cd0c-414d-81d5-cecc3a71b3c2] | 9e87f438-cd0c-414d-81d5-cecc3a71b3c2|method=POST|path=/api/sales|status=400|duration=147ms|category=FAST
2026-02-04 23:44:04.736 | [2a4e3b18-5ef6-4397-8bff-68848441c62d] | 2a4e3b18-5ef6-4397-8bff-68848441c62d|method=GET|path=/api/ledger/customer/2/variant/2/balance|status=200|duration=17ms|category=FAST
2026-02-04 23:44:04.959 | [89d81229-38d4-4fdf-8348-52b1a6ddbbfa] | TRANSACTION | txn_id=d38001b6-d894-4655-afa5-d2f0394a21d5 | duration=207ms | status=COMPLETED
2026-02-04 23:44:04.974 | [89d81229-38d4-4fdf-8348-52b1a6ddbbfa] | 89d81229-38d4-4fdf-8348-52b1a6ddbbfa|method=POST|path=/api/sales|status=201|duration=222ms|category=FAST
2026-02-04 23:44:15.294 | [3e158654-0b85-41db-a218-e18f69ee35a7] | 3e158654-0b85-41db-a218-e18f69ee35a7|method=GET|path=/api/dashboard/comprehensive|status=200|duration=246ms|category=FAST
2026-02-04 23:44:35.208 | [d7e53999-4331-439b-8bc1-d317a2cbbda8] | d7e53999-4331-439b-8bc1-d317a2cbbda8|method=GET|path=/api/business-info/1|status=200|duration=12ms|category=FAST
2026-02-04 23:44:35.232 | [15078118-448e-4bef-8c52-176c4c6487be] | 15078118-448e-4bef-8c52-176c4c6487be|method=GET|path=/api/ledger/pending-summary|status=200|duration=24ms|category=FAST
2026-02-04 23:44:35.232 | [cfda258b-d463-4809-882d-86a6eded34b2] | cfda258b-d463-4809-882d-86a6eded34b2|method=GET|path=/api/sales/summary|status=200|duration=30ms|category=FAST
2026-02-04 23:44:35.244 | [a380551d-d70e-465d-aef9-3083e98a0b4d] | a380551d-d70e-465d-aef9-3083e98a0b4d|method=GET|path=/api/inventory|status=200|duration=16ms|category=FAST
2026-02-04 23:44:35.245 | [069942f4-7f79-4bfd-b1d1-f47df59454b4] | 069942f4-7f79-4bfd-b1d1-f47df59454b4|method=GET|path=/api/sales|status=200|duration=41ms|category=FAST
2026-02-04 23:44:35.256 | [6f5ed430-d747-403a-bc17-36cc3655b7a2] | 6f5ed430-d747-403a-bc17-36cc3655b7a2|method=GET|path=/api/bank-accounts/active/list|status=200|duration=0ms|category=FAST
2026-02-04 23:44:35.256 | [8a86b2bc-1eeb-439f-adc1-50cc41738c30] | 8a86b2bc-1eeb-439f-adc1-50cc41738c30|method=GET|path=/api/variants|status=200|duration=9ms|category=FAST
2026-02-04 23:44:35.260 | [a60b64dd-bfe1-48a3-a711-8f1b7504ed32] | a60b64dd-bfe1-48a3-a711-8f1b7504ed32|method=GET|path=/api/supplier-transactions|status=200|duration=32ms|category=FAST
2026-02-04 23:44:35.278 | [ea0963ee-48e8-4502-bfe5-7608abc8090d] | ea0963ee-48e8-4502-bfe5-7608abc8090d|method=GET|path=/api/payment-modes|status=200|duration=11ms|category=FAST
2026-02-04 23:44:35.282 | [0572886c-44f4-4ac7-b92c-6d3e936a36ba] | 0572886c-44f4-4ac7-b92c-6d3e936a36ba|method=GET|path=/api/alerts/config/PENDING_RETURN_CYLINDERS|status=200|duration=7ms|category=FAST
2026-02-04 23:44:35.329 | [00ca5de6-99a6-4a59-85c8-361f78381bb2] | 00ca5de6-99a6-4a59-85c8-361f78381bb2|method=GET|path=/api/customers|status=200|duration=82ms|category=FAST
2026-02-04 23:44:58.754 | [6f5f867d-28c9-4c65-bde6-aae20e78b8a1] | 6f5f867d-28c9-4c65-bde6-aae20e78b8a1|method=GET|path=/api/variants|status=200|duration=10ms|category=FAST
2026-02-04 23:44:58.770 | [b20fce3c-b97a-4e4f-a902-3bcdc6e503ea] | b20fce3c-b97a-4e4f-a902-3bcdc6e503ea|method=GET|path=/api/sales|status=200|duration=33ms|category=FAST
2026-02-04 23:45:03.044 | [4c77d889-c576-47f7-b922-8770d27aeae7] | 4c77d889-c576-47f7-b922-8770d27aeae7|method=GET|path=/api/variants|status=200|duration=11ms|category=FAST
2026-02-04 23:45:03.047 | [85b9aebe-bbc6-4a82-8927-117ccf1ab2db] | 85b9aebe-bbc6-4a82-8927-117ccf1ab2db|method=GET|path=/api/ledger/empty-returns|status=200|duration=14ms|category=FAST
2026-02-04 23:45:08.669 | [98a94445-5da2-438c-afd8-3a2730fccff7] | 98a94445-5da2-438c-afd8-3a2730fccff7|method=GET|path=/api/warehouses|status=200|duration=4ms|category=FAST
2026-02-04 23:45:08.716 | [00151cbc-7b16-46e1-958a-05ae4b8d81f7] | 00151cbc-7b16-46e1-958a-05ae4b8d81f7|method=GET|path=/api/variants|status=200|duration=35ms|category=FAST
2026-02-04 23:45:08.727 | [3e5a0d91-6e89-46fe-af2c-5c0740e325af] | 3e5a0d91-6e89-46fe-af2c-5c0740e325af|method=GET|path=/api/inventory|status=200|duration=29ms|category=FAST
2026-02-04 23:45:08.727 | [9b6ca26e-7d01-45da-a820-6e2ba30e5d7d] | 9b6ca26e-7d01-45da-a820-6e2ba30e5d7d|method=GET|path=/api/ledger/movements/paged|status=200|duration=58ms|category=FAST
2026-02-04 23:45:15.951 | [901e5c0a-2728-42e9-8f5f-e237e69db099] | 901e5c0a-2728-42e9-8f5f-e237e69db099|method=GET|path=/api/dashboard/comprehensive|status=200|duration=125ms|category=FAST
2026-02-04 23:45:17.347 | [39b12c95-9eed-4d2a-beae-d52e749d9d6a] | 39b12c95-9eed-4d2a-beae-d52e749d9d6a|method=GET|path=/api/daybook/by-date|status=200|duration=20ms|category=FAST
2026-02-04 23:45:17.383 | [5cde1888-12aa-4ba2-b2a5-4becab83cda2] | 5cde1888-12aa-4ba2-b2a5-4becab83cda2|method=GET|path=/api/daybook/summary|status=200|duration=18ms|category=FAST
2026-02-04 23:45:27.979 | [b0892ff4-530c-4d7e-b820-5f4530a9963d] | b0892ff4-530c-4d7e-b820-5f4530a9963d|method=GET|path=/api/bank-accounts/active/list|status=200|duration=8ms|category=FAST
2026-02-04 23:45:28.002 | [dca3aed8-ef8c-4eaf-ac7b-148a321363b5] | dca3aed8-ef8c-4eaf-ac7b-148a321363b5|method=GET|path=/api/payment-modes/active|status=200|duration=4ms|category=FAST
2026-02-04 23:45:48.962 | [2e2be403-c42d-4e9e-bbd8-3a9c818122a3] | 2e2be403-c42d-4e9e-bbd8-3a9c818122a3|method=POST|path=/api/ledger/empty-return|status=200|duration=131ms|category=FAST
2026-02-04 23:45:57.566 | [40670417-3ef2-4551-8de1-4ff75b32ea00] | 40670417-3ef2-4551-8de1-4ff75b32ea00|method=GET|path=/api/ledger/empty-returns|status=200|duration=14ms|category=FAST
2026-02-04 23:45:57.566 | [ccbaac37-5804-4d61-9a6e-fbf2998f4554] | ccbaac37-5804-4d61-9a6e-fbf2998f4554|method=GET|path=/api/variants|status=200|duration=8ms|category=FAST
2026-02-04 23:46:09.776 | [c80a79dd-c219-44c2-bb2b-d8ed357cbc32] | c80a79dd-c219-44c2-bb2b-d8ed357cbc32|method=GET|path=/api/daybook/by-date|status=200|duration=14ms|category=FAST
2026-02-04 23:46:09.843 | [a568ea47-3bc9-4d1c-a8b0-3d9b909ca638] | a568ea47-3bc9-4d1c-a8b0-3d9b909ca638|method=GET|path=/api/daybook/summary|status=200|duration=22ms|category=FAST
2026-02-04 23:50:02.440 | [415234c7-a87c-4da4-adbe-6a0bc04a54cc] | 415234c7-a87c-4da4-adbe-6a0bc04a54cc|method=POST|path=/api/auth/login|status=500|duration=1358ms|category=SLOW
2026-02-04 23:50:09.488 | [680515ce-b611-4b33-ac33-31e864c3bb6b] | 680515ce-b611-4b33-ac33-31e864c3bb6b|method=POST|path=/api/auth/login|status=200|duration=791ms|category=MEDIUM
2026-02-04 23:50:09.633 | [fc643f88-e6de-4a8a-b93f-1dac91616788] | fc643f88-e6de-4a8a-b93f-1dac91616788|method=GET|path=/api/alerts|status=200|duration=88ms|category=FAST
2026-02-04 23:50:09.649 | [5872ca9d-ff73-407b-a301-55fab46f3d83] | 5872ca9d-ff73-407b-a301-55fab46f3d83|method=GET|path=/api/alerts/stream|status=200|duration=47ms|category=FAST
2026-02-04 23:50:10.275 | [138ab281-2c7b-4f26-a581-96fdde8321a7] | 138ab281-2c7b-4f26-a581-96fdde8321a7|method=GET|path=/api/dashboard/comprehensive|status=200|duration=717ms|category=MEDIUM
2026-02-04 23:50:39.139 | [09de1ebe-09db-4694-a531-028cc2c8a52c] | 09de1ebe-09db-4694-a531-028cc2c8a52c|method=GET|path=/api/payment-modes/active|status=200|duration=67ms|category=FAST
2026-02-04 23:50:39.139 | [1507d430-66c6-4cee-9df8-93b34c8bd3a6] | 1507d430-66c6-4cee-9df8-93b34c8bd3a6|method=GET|path=/api/bank-accounts/active/list|status=200|duration=60ms|category=FAST
2026-02-04 23:50:39.426 | [c2375427-617b-4a12-b770-463ffb4e03b2] | c2375427-617b-4a12-b770-463ffb4e03b2|method=GET|path=/api/customers|status=200|duration=361ms|category=FAST
2026-02-04 23:50:39.533 | [cce64093-745e-496f-af19-0814bd1fc22f] | cce64093-745e-496f-af19-0814bd1fc22f|method=GET|path=/api/ledger/customer-balances|status=200|duration=78ms|category=FAST
2026-02-04 23:50:39.605 | [23f0f209-4c75-4206-8158-862969ba9ec7] | 23f0f209-4c75-4206-8158-862969ba9ec7|method=POST|path=/api/ledger/customer-due-amounts|status=200|duration=36ms|category=FAST
2026-02-04 23:50:44.477 | [b21e27c7-bb92-4833-afad-ff2c273cf0c3] | b21e27c7-bb92-4833-afad-ff2c273cf0c3|method=GET|path=/api/ledger/customer/1/paginated|status=200|duration=49ms|category=FAST
2026-02-04 23:50:44.544 | [d7f85710-c896-448d-b560-ebc407dadae5] | d7f85710-c896-448d-b560-ebc407dadae5|method=GET|path=/api/ledger/customer/1/summary|status=200|duration=36ms|category=FAST
2026-02-04 23:50:50.774 | [8e0fa136-6b1e-4d3b-91af-330d3f8690df] | 8e0fa136-6b1e-4d3b-91af-330d3f8690df|method=GET|path=/api/ledger/customer/2/paginated|status=200|duration=34ms|category=FAST
2026-02-04 23:50:50.852 | [2ef06e95-ebc2-4be1-a322-26e8f95fb1c8] | 2ef06e95-ebc2-4be1-a322-26e8f95fb1c8|method=GET|path=/api/ledger/customer/2/summary|status=200|duration=35ms|category=FAST
2026-02-04 23:50:54.285 | [43777ac9-e549-4704-9b50-22f6d2d06f8d] | 43777ac9-e549-4704-9b50-22f6d2d06f8d|method=GET|path=/api/warehouses|status=200|duration=25ms|category=FAST
2026-02-04 23:50:54.299 | [34decff5-49ef-45f4-897e-428742256b4a] | 34decff5-49ef-45f4-897e-428742256b4a|method=GET|path=/api/inventory|status=200|duration=37ms|category=FAST
2026-02-04 23:50:54.324 | [094635ca-1d06-4db7-9b3d-e4e137508fc7] | 094635ca-1d06-4db7-9b3d-e4e137508fc7|method=GET|path=/api/variants|status=200|duration=51ms|category=FAST
2026-02-04 23:50:54.344 | [c5bdb738-92f3-4ec8-84d2-e25b9c0543a8] | c5bdb738-92f3-4ec8-84d2-e25b9c0543a8|method=GET|path=/api/ledger/movements/paged|status=200|duration=75ms|category=FAST
2026-02-04 23:50:57.824 | [382b3f7f-9357-4147-8043-8c0f7dc3e4c8] | 382b3f7f-9357-4147-8043-8c0f7dc3e4c8|method=GET|path=/api/bank-accounts/active/list|status=200|duration=7ms|category=FAST
2026-02-04 23:50:57.833 | [4d4e20bb-454f-4f59-bec5-79181719e6fd] | 4d4e20bb-454f-4f59-bec5-79181719e6fd|method=GET|path=/api/payment-modes/active|status=200|duration=5ms|category=FAST
2026-02-04 23:50:57.953 | [ec10f22d-d6db-4a8c-86de-9694048d405b] | ec10f22d-d6db-4a8c-86de-9694048d405b|method=GET|path=/api/customers|status=200|duration=133ms|category=FAST
2026-02-04 23:50:58.029 | [6c257e18-b4ab-478b-8ad3-b160fe5a3796] | 6c257e18-b4ab-478b-8ad3-b160fe5a3796|method=GET|path=/api/ledger/customer-balances|status=200|duration=49ms|category=FAST
2026-02-04 23:50:58.089 | [5d543496-5525-4694-83f2-1d1e5d2527a7] | 5d543496-5525-4694-83f2-1d1e5d2527a7|method=POST|path=/api/ledger/customer-due-amounts|status=200|duration=33ms|category=FAST
