2026-01-21 12:10:08.337 | [2cca2374-dfc3-4fe5-9c8f-da560ab310c2] | 2cca2374-dfc3-4fe5-9c8f-da560ab310c2|method=POST|path=/api/auth/register|status=200|duration=387ms|category=FAST
2026-01-21 12:10:17.944 | [09cdc95c-776e-4cc2-9c53-2d56bf605f2f] | 09cdc95c-776e-4cc2-9c53-2d56bf605f2f|method=POST|path=/api/auth/login|status=200|duration=299ms|category=FAST
2026-01-21 12:10:18.306 | [ddcbc1ca-492b-4a72-8696-f0cc797f5a4c] | ddcbc1ca-492b-4a72-8696-f0cc797f5a4c|method=GET|path=/api/dashboard/comprehensive|status=200|duration=247ms|category=FAST
2026-01-21 12:10:25.129 | [4524f826-5cee-4233-b810-53eec8430e79] | 4524f826-5cee-4233-b810-53eec8430e79|method=GET|path=/api/business-info/1|status=200|duration=18ms|category=FAST
2026-01-21 12:10:25.136 | [50dcf996-4324-41ff-a5bd-f9de31351ab2] | 50dcf996-4324-41ff-a5bd-f9de31351ab2|method=GET|path=/api/variants|status=200|duration=33ms|category=FAST
2026-01-21 12:10:32.986 | [acc2b038-e9a5-4a69-baef-18c86d87137c] | acc2b038-e9a5-4a69-baef-18c86d87137c|method=POST|path=/api/variants|status=201|duration=84ms|category=FAST
2026-01-21 12:10:33.011 | [f264d7aa-02f1-4dd1-a5a6-3e394936883d] | f264d7aa-02f1-4dd1-a5a6-3e394936883d|method=GET|path=/api/variants|status=200|duration=9ms|category=FAST
2026-01-21 12:10:43.825 | [85306510-6960-416a-89ec-585b2d777c7f] | 85306510-6960-416a-89ec-585b2d777c7f|method=POST|path=/api/variants|status=201|duration=7ms|category=FAST
2026-01-21 12:10:43.853 | [c2a873a1-f67f-4854-8654-9f82b642f66a] | c2a873a1-f67f-4854-8654-9f82b642f66a|method=GET|path=/api/variants|status=200|duration=12ms|category=FAST
2026-01-21 12:10:45.650 | [1479dd56-c0c2-4076-9a12-3ccd2e15c2f3] | 1479dd56-c0c2-4076-9a12-3ccd2e15c2f3|method=GET|path=/api/expense-categories|status=200|duration=9ms|category=FAST
2026-01-21 12:10:49.835 | [6a9f253b-6372-44a0-ac77-44ee79703a0f] | 6a9f253b-6372-44a0-ac77-44ee79703a0f|method=POST|path=/api/expense-categories|status=201|duration=23ms|category=FAST
2026-01-21 12:10:49.853 | [d450983e-5cbc-4398-aa85-bc38c492927c] | d450983e-5cbc-4398-aa85-bc38c492927c|method=GET|path=/api/expense-categories|status=200|duration=7ms|category=FAST
2026-01-21 12:10:58.397 | [a64e5b7a-cc6c-4351-b211-f081dde97fe1] | a64e5b7a-cc6c-4351-b211-f081dde97fe1|method=POST|path=/api/expense-categories|status=201|duration=7ms|category=FAST
2026-01-21 12:10:58.417 | [29450fca-1394-4847-836c-bb3adc56414f] | 29450fca-1394-4847-836c-bb3adc56414f|method=GET|path=/api/expense-categories|status=200|duration=7ms|category=FAST
2026-01-21 12:11:00.523 | [d21cf732-3adf-47da-8b0b-0728c57a638e] | d21cf732-3adf-47da-8b0b-0728c57a638e|method=GET|path=/api/payment-modes|status=200|duration=11ms|category=FAST
2026-01-21 12:11:07.999 | [f38b6335-c1fa-48aa-afed-e555ac18fff6] | f38b6335-c1fa-48aa-afed-e555ac18fff6|method=POST|path=/api/payment-modes|status=201|duration=22ms|category=FAST
2026-01-21 12:11:08.018 | [d432fd81-93fb-4cb7-873a-672771442327] | d432fd81-93fb-4cb7-873a-672771442327|method=GET|path=/api/payment-modes|status=200|duration=7ms|category=FAST
2026-01-21 12:11:15.232 | [97283ece-c661-4dd1-8675-135f7a9ae56e] | 97283ece-c661-4dd1-8675-135f7a9ae56e|method=POST|path=/api/payment-modes|status=201|duration=10ms|category=FAST
2026-01-21 12:11:15.248 | [1b536a58-9dcf-4035-831c-a8995f01ecb9] | 1b536a58-9dcf-4035-831c-a8995f01ecb9|method=GET|path=/api/payment-modes|status=200|duration=5ms|category=FAST
2026-01-21 12:11:21.586 | [70f34905-f02b-408e-80eb-2daedddb93ba] | 70f34905-f02b-408e-80eb-2daedddb93ba|method=PUT|path=/api/payment-modes/2|status=200|duration=28ms|category=FAST
2026-01-21 12:11:21.609 | [c0303d12-c723-4653-b4b0-f1b105b93be3] | c0303d12-c723-4653-b4b0-f1b105b93be3|method=GET|path=/api/payment-modes|status=200|duration=10ms|category=FAST
2026-01-21 12:11:27.088 | [9b5fd510-8c85-4e48-a0ef-75630386498f] | 9b5fd510-8c85-4e48-a0ef-75630386498f|method=GET|path=/api/warehouses|status=200|duration=13ms|category=FAST
2026-01-21 12:11:31.838 | [7b3db329-985b-4bf6-b183-340b1cd3a6f7] | 7b3db329-985b-4bf6-b183-340b1cd3a6f7|method=POST|path=/api/warehouses|status=201|duration=73ms|category=FAST
2026-01-21 12:11:31.859 | [08bd8db5-1944-4fa6-9804-ddcbc73ac4e9] | 08bd8db5-1944-4fa6-9804-ddcbc73ac4e9|method=GET|path=/api/warehouses|status=200|duration=7ms|category=FAST
2026-01-21 12:11:37.781 | [8664598b-4e9a-4311-9dca-fe4e10686112] | 8664598b-4e9a-4311-9dca-fe4e10686112|method=POST|path=/api/warehouses|status=201|duration=2ms|category=FAST
2026-01-21 12:11:37.813 | [af8cd32f-946d-4c31-9df7-d89b7c25e3df] | af8cd32f-946d-4c31-9df7-d89b7c25e3df|method=GET|path=/api/warehouses|status=200|duration=7ms|category=FAST
2026-01-21 12:11:39.856 | [fc9afa00-90df-4947-87d1-812b9bbc5c48] | fc9afa00-90df-4947-87d1-812b9bbc5c48|method=GET|path=/api/warehouses|status=200|duration=7ms|category=FAST
2026-01-21 12:11:39.860 | [f3f740ae-3984-4e87-a4b1-a606987b91aa] | f3f740ae-3984-4e87-a4b1-a606987b91aa|method=GET|path=/api/variants|status=200|duration=10ms|category=FAST
2026-01-21 12:11:41.309 | [4398a557-11e2-4dcd-9512-1f89230fb03b] | 4398a557-11e2-4dcd-9512-1f89230fb03b|method=GET|path=/api/inventory/warehouse/2|status=200|duration=14ms|category=FAST
2026-01-21 12:11:52.233 | [3ecf876f-2b60-4418-ab20-80172dc09c50] | 3ecf876f-2b60-4418-ab20-80172dc09c50|method=POST|path=/api/inventory/setup|status=200|duration=48ms|category=FAST
2026-01-21 12:11:54.778 | [e9549d22-ebd2-4f02-8581-c93781a00563] | e9549d22-ebd2-4f02-8581-c93781a00563|method=GET|path=/api/inventory/warehouse/1|status=200|duration=11ms|category=FAST
2026-01-21 12:12:02.993 | [5a307de7-a04d-4585-8776-cd05f516711e] | 5a307de7-a04d-4585-8776-cd05f516711e|method=POST|path=/api/inventory/setup|status=200|duration=21ms|category=FAST
2026-01-21 12:12:05.071 | [997792ae-5cf4-46db-a9e0-279f22077298] | 997792ae-5cf4-46db-a9e0-279f22077298|method=GET|path=/api/bank-accounts|status=200|duration=16ms|category=FAST
2026-01-21 12:12:12.378 | [26f2ab32-a875-49d9-a249-ed210c8631ff] | 26f2ab32-a875-49d9-a249-ed210c8631ff|method=POST|path=/api/bank-accounts|status=201|duration=29ms|category=FAST
2026-01-21 12:12:12.400 | [f14b52b1-ec83-4e54-af79-b06488cbaced] | f14b52b1-ec83-4e54-af79-b06488cbaced|method=GET|path=/api/bank-accounts|status=200|duration=5ms|category=FAST
2026-01-21 12:12:20.766 | [8cf7fc23-e8d8-4414-9768-e7c01458e553] | 8cf7fc23-e8d8-4414-9768-e7c01458e553|method=POST|path=/api/bank-accounts|status=400|duration=17ms|category=FAST
2026-01-21 12:12:33.816 | [bc8438f4-e2ab-4bfe-a858-6b1f1a8bf4af] | bc8438f4-e2ab-4bfe-a858-6b1f1a8bf4af|method=POST|path=/api/bank-accounts|status=201|duration=17ms|category=FAST
2026-01-21 12:12:33.838 | [da8e2365-55b4-402e-8051-432e2f58f07c] | da8e2365-55b4-402e-8051-432e2f58f07c|method=GET|path=/api/bank-accounts|status=200|duration=5ms|category=FAST
2026-01-21 12:12:36.648 | [531a5d7e-02cf-4f6e-9980-014c60481b81] | 531a5d7e-02cf-4f6e-9980-014c60481b81|method=GET|path=/api/suppliers|status=200|duration=12ms|category=FAST
2026-01-21 12:12:41.000 | [a0b38738-0ee6-4205-85bb-e3a96adc0511] | a0b38738-0ee6-4205-85bb-e3a96adc0511|method=GET|path=/api/business-info/1|status=200|duration=6ms|category=FAST
2026-01-21 12:12:41.002 | [1609c208-e36a-46c2-99bb-532f94b64186] | 1609c208-e36a-46c2-99bb-532f94b64186|method=GET|path=/api/variants|status=200|duration=9ms|category=FAST
2026-01-21 12:12:44.819 | [ca938192-596f-4668-999e-60776a96be47] | ca938192-596f-4668-999e-60776a96be47|method=PUT|path=/api/variants/2|status=200|duration=19ms|category=FAST
2026-01-21 12:12:44.841 | [2a9ff6ba-45dc-4264-9241-904ec18571f2] | 2a9ff6ba-45dc-4264-9241-904ec18571f2|method=GET|path=/api/variants|status=200|duration=8ms|category=FAST
2026-01-21 12:12:52.703 | [aacb455d-1080-4b91-bbf8-3ceff2d3538b] | aacb455d-1080-4b91-bbf8-3ceff2d3538b|method=PUT|path=/api/variants/2|status=200|duration=17ms|category=FAST
2026-01-21 12:12:52.724 | [99522c06-3a60-49de-a2da-6b445fece1b5] | 99522c06-3a60-49de-a2da-6b445fece1b5|method=GET|path=/api/variants|status=200|duration=9ms|category=FAST
2026-01-21 12:12:54.999 | [d7f4dc0a-7038-4ff2-bdd7-0d7516b7cd1e] | d7f4dc0a-7038-4ff2-bdd7-0d7516b7cd1e|method=GET|path=/api/expense-categories|status=200|duration=7ms|category=FAST
2026-01-21 12:12:58.203 | [d03b2fd3-4844-4253-9bbf-8316f1dacfc4] | d03b2fd3-4844-4253-9bbf-8316f1dacfc4|method=PUT|path=/api/expense-categories/1|status=200|duration=15ms|category=FAST
2026-01-21 12:12:58.224 | [96b3c4a9-7297-4019-8a3d-76fa8e31e3e9] | 96b3c4a9-7297-4019-8a3d-76fa8e31e3e9|method=GET|path=/api/expense-categories|status=200|duration=9ms|category=FAST
2026-01-21 12:12:59.647 | [8fe19170-ba63-4f66-b6bc-3dacd00e8704] | 8fe19170-ba63-4f66-b6bc-3dacd00e8704|method=GET|path=/api/payment-modes|status=200|duration=7ms|category=FAST
2026-01-21 12:13:02.294 | [d0c9855c-e8de-4136-8fda-f7d3c106ab7e] | d0c9855c-e8de-4136-8fda-f7d3c106ab7e|method=GET|path=/api/warehouses|status=200|duration=9ms|category=FAST
2026-01-21 12:13:06.399 | [6d7be927-4e92-4097-bdab-05c4324a111d] | 6d7be927-4e92-4097-bdab-05c4324a111d|method=PUT|path=/api/warehouses/2|status=200|duration=24ms|category=FAST
2026-01-21 12:13:06.424 | [780a00c9-3e91-4f82-b81c-5e525adc4fb1] | 780a00c9-3e91-4f82-b81c-5e525adc4fb1|method=GET|path=/api/warehouses|status=200|duration=11ms|category=FAST
2026-01-21 12:13:07.787 | [f103d04c-3274-4013-9425-f522a209e8b2] | f103d04c-3274-4013-9425-f522a209e8b2|method=GET|path=/api/variants|status=200|duration=9ms|category=FAST
2026-01-21 12:13:07.789 | [34858ff4-a9d7-4898-aa85-4bae01212c7b] | 34858ff4-a9d7-4898-aa85-4bae01212c7b|method=GET|path=/api/warehouses|status=200|duration=10ms|category=FAST
2026-01-21 12:13:09.389 | [276e7835-2f10-4e25-bf0f-171d54596091] | 276e7835-2f10-4e25-bf0f-171d54596091|method=GET|path=/api/inventory/warehouse/2|status=200|duration=11ms|category=FAST
2026-01-21 12:13:12.830 | [8cd21e67-5d6e-4665-ac22-0461ce437e18] | 8cd21e67-5d6e-4665-ac22-0461ce437e18|method=POST|path=/api/inventory/setup|status=200|duration=32ms|category=FAST
2026-01-21 12:13:26.523 | [4bd27f1f-d4b4-401d-a2eb-601067f7645d] | 4bd27f1f-d4b4-401d-a2eb-601067f7645d|method=GET|path=/api/suppliers|status=200|duration=8ms|category=FAST
2026-01-21 12:13:37.960 | [6918c614-9b6b-4f8f-a314-f9f0ee9287ee] | 6918c614-9b6b-4f8f-a314-f9f0ee9287ee|method=POST|path=/api/suppliers|status=201|duration=22ms|category=FAST
2026-01-21 12:13:43.241 | [51c066ac-4d6e-42c3-bd4d-cb8ca8c17138] | 51c066ac-4d6e-42c3-bd4d-cb8ca8c17138|method=PUT|path=/api/suppliers/1|status=200|duration=20ms|category=FAST
2026-01-21 12:13:52.365 | [57202fff-32b6-4dea-b92c-8d9484e9c4b7] | 57202fff-32b6-4dea-b92c-8d9484e9c4b7|method=DELETE|path=/api/suppliers/1|status=204|duration=19ms|category=FAST
2026-01-21 12:13:54.611 | [ce87a156-e5e3-4850-9dcb-dbffaa02bbe4] | ce87a156-e5e3-4850-9dcb-dbffaa02bbe4|method=GET|path=/api/suppliers|status=200|duration=6ms|category=FAST
2026-01-21 12:14:05.788 | [be749868-e329-4269-ba91-f9b7ee96c5da] | be749868-e329-4269-ba91-f9b7ee96c5da|method=POST|path=/api/suppliers|status=201|duration=13ms|category=FAST
2026-01-21 12:14:24.582 | [72b4fcad-f30a-4394-8515-bb1de683ada7] | 72b4fcad-f30a-4394-8515-bb1de683ada7|method=GET|path=/api/business-info/1|status=200|duration=4ms|category=FAST
2026-01-21 12:14:24.588 | [b211c8c3-6118-42b6-ba83-ce21bab679d8] | b211c8c3-6118-42b6-ba83-ce21bab679d8|method=GET|path=/api/variants|status=200|duration=5ms|category=FAST
2026-01-21 12:14:24.611 | [2f1c1da9-0517-4e41-853a-2737b0c50d07] | 2f1c1da9-0517-4e41-853a-2737b0c50d07|method=GET|path=/api/warehouses/active|status=200|duration=31ms|category=FAST
2026-01-21 12:14:24.617 | [221bdd64-fee8-4c21-9538-c6442df1357f] | 221bdd64-fee8-4c21-9538-c6442df1357f|method=GET|path=/api/suppliers|status=200|duration=9ms|category=FAST
2026-01-21 12:14:24.622 | [604c12ff-3ed8-46e7-b9df-79e51de55ad1] | 604c12ff-3ed8-46e7-b9df-79e51de55ad1|method=GET|path=/api/supplier-transactions|status=200|duration=14ms|category=FAST
2026-01-21 12:14:39.604 | [f41aaad8-cfe3-4993-a4b0-0595f2f4ce13] | f41aaad8-cfe3-4993-a4b0-0595f2f4ce13|method=POST|path=/api/supplier-transactions|status=201|duration=76ms|category=FAST
2026-01-21 12:14:39.631 | [bb4d9c95-add4-4ffd-b98d-fa8afa526a5a] | bb4d9c95-add4-4ffd-b98d-fa8afa526a5a|method=GET|path=/api/supplier-transactions|status=200|duration=11ms|category=FAST
2026-01-21 12:14:43.707 | [74a9c15c-2ece-490c-9c46-ed46ff8a21b6] | 74a9c15c-2ece-490c-9c46-ed46ff8a21b6|method=GET|path=/api/warehouses/active|status=200|duration=6ms|category=FAST
2026-01-21 12:14:43.714 | [a826a387-fede-40fb-8547-48b4c37dd36b] | a826a387-fede-40fb-8547-48b4c37dd36b|method=GET|path=/api/variants/active/list|status=200|duration=13ms|category=FAST
2026-01-21 12:14:43.716 | [1612120e-7d66-46e0-949e-37e5ca1ae2cf] | 1612120e-7d66-46e0-949e-37e5ca1ae2cf|method=GET|path=/api/ledger/movements|status=200|duration=25ms|category=FAST
2026-01-21 12:14:43.720 | [3ff6d25b-6ba4-4dea-a7b0-b64d2d57a701] | 3ff6d25b-6ba4-4dea-a7b0-b64d2d57a701|method=GET|path=/api/inventory|status=200|duration=25ms|category=FAST
2026-01-21 12:14:49.909 | [227e964f-6b6b-45c8-9c8b-e91ebf6f337c] | 227e964f-6b6b-45c8-9c8b-e91ebf6f337c|method=GET|path=/api/ledger/movements/warehouse/2|status=200|duration=8ms|category=FAST
2026-01-21 12:14:49.917 | [6873e092-96cb-425f-9af7-377c83cf259b] | 6873e092-96cb-425f-9af7-377c83cf259b|method=GET|path=/api/inventory|status=200|duration=16ms|category=FAST
2026-01-21 12:14:49.936 | [2ef73660-468a-4063-994c-5740eafa381c] | 2ef73660-468a-4063-994c-5740eafa381c|method=GET|path=/api/inventory/warehouse/2|status=200|duration=9ms|category=FAST
2026-01-21 12:14:51.310 | [10beb1ab-2069-44e1-854b-63f77a619fbe] | 10beb1ab-2069-44e1-854b-63f77a619fbe|method=GET|path=/api/ledger/movements/warehouse/1|status=200|duration=13ms|category=FAST
2026-01-21 12:14:51.313 | [c11ad049-d640-4768-8df7-48f8cc0ad896] | c11ad049-d640-4768-8df7-48f8cc0ad896|method=GET|path=/api/inventory|status=200|duration=16ms|category=FAST
2026-01-21 12:14:51.328 | [4e68faa3-8f04-4a7c-831f-9700d5d02ea9] | 4e68faa3-8f04-4a7c-831f-9700d5d02ea9|method=GET|path=/api/inventory/warehouse/1|status=200|duration=11ms|category=FAST
2026-01-21 12:14:55.636 | [e483691f-2746-497c-98b3-02ae24d94c46] | e483691f-2746-497c-98b3-02ae24d94c46|method=GET|path=/api/warehouses/active|status=200|duration=6ms|category=FAST
2026-01-21 12:14:55.643 | [7e48503d-6567-4ad9-8d07-7a84728281ea] | 7e48503d-6567-4ad9-8d07-7a84728281ea|method=GET|path=/api/variants|status=200|duration=5ms|category=FAST
2026-01-21 12:14:55.651 | [567dfc6e-fb8a-4663-9c50-0396ac2a969b] | 567dfc6e-fb8a-4663-9c50-0396ac2a969b|method=GET|path=/api/suppliers|status=200|duration=14ms|category=FAST
2026-01-21 12:14:55.652 | [c98846f7-5d8b-48d7-acaa-b3d483c3b22b] | c98846f7-5d8b-48d7-acaa-b3d483c3b22b|method=GET|path=/api/supplier-transactions|status=200|duration=10ms|category=FAST
2026-01-21 12:14:55.654 | [0aa69441-9194-4154-ace9-77a322328d04] | 0aa69441-9194-4154-ace9-77a322328d04|method=GET|path=/api/business-info/1|status=200|duration=5ms|category=FAST
2026-01-21 12:15:08.528 | [3e7cb50e-7c6a-4448-8422-b0fc206a1482] | 3e7cb50e-7c6a-4448-8422-b0fc206a1482|method=PUT|path=/api/supplier-transactions/1|status=200|duration=37ms|category=FAST
2026-01-21 12:15:08.577 | [80b2d931-f3a7-4642-ba39-8f2e9ba9b431] | 80b2d931-f3a7-4642-ba39-8f2e9ba9b431|method=GET|path=/api/supplier-transactions|status=200|duration=29ms|category=FAST
2026-01-21 12:15:11.595 | [ae2af33e-190c-49c8-b6fb-755828934c12] | ae2af33e-190c-49c8-b6fb-755828934c12|method=GET|path=/api/warehouses/active|status=200|duration=9ms|category=FAST
2026-01-21 12:15:11.597 | [24fb5a6e-19f4-411c-b635-a6022f0f1358] | 24fb5a6e-19f4-411c-b635-a6022f0f1358|method=GET|path=/api/variants/active/list|status=200|duration=9ms|category=FAST
2026-01-21 12:15:11.600 | [7f5f903d-6320-47d3-89ec-a5dc60bdbfa5] | 7f5f903d-6320-47d3-89ec-a5dc60bdbfa5|method=GET|path=/api/ledger/movements|status=200|duration=11ms|category=FAST
2026-01-21 12:15:11.613 | [cf58192b-9667-4958-af39-981bad09e5d1] | cf58192b-9667-4958-af39-981bad09e5d1|method=GET|path=/api/inventory|status=200|duration=27ms|category=FAST
2026-01-21 12:15:28.612 | [3d8ef439-a7d2-4210-9a3e-e499ab97cecd] | 3d8ef439-a7d2-4210-9a3e-e499ab97cecd|method=GET|path=/api/variants|status=200|duration=9ms|category=FAST
2026-01-21 12:15:28.621 | [93755565-ade6-4d89-9cad-3f630eb491cf] | 93755565-ade6-4d89-9cad-3f630eb491cf|method=GET|path=/api/payment-modes/active|status=200|duration=17ms|category=FAST
2026-01-21 12:15:28.624 | [d396fdb8-ef72-41e7-b90f-d33f467e9505] | d396fdb8-ef72-41e7-b90f-d33f467e9505|method=GET|path=/api/bank-accounts/active/list|status=200|duration=20ms|category=FAST
2026-01-21 12:15:28.649 | [8f6ea0cd-0841-41ba-b207-4728308a2b08] | 8f6ea0cd-0841-41ba-b207-4728308a2b08|method=GET|path=/api/customers|status=200|duration=16ms|category=FAST
2026-01-21 12:15:28.678 | [5f8f94e1-66a9-42ac-814e-dade460875f1] | 5f8f94e1-66a9-42ac-814e-dade460875f1|method=GET|path=/api/ledger/customer-balances|status=200|duration=15ms|category=FAST
2026-01-21 12:15:50.837 | [5b7a194b-077a-4fd3-a370-3f3f1ffdf847] | 5b7a194b-077a-4fd3-a370-3f3f1ffdf847|method=POST|path=/api/customers|status=201|duration=148ms|category=FAST
2026-01-21 12:15:50.899 | [30eaea8f-0e5d-48e6-8db4-969a90feb7b7] | 30eaea8f-0e5d-48e6-8db4-969a90feb7b7|method=GET|path=/api/customers|status=200|duration=47ms|category=FAST
2026-01-21 12:15:50.926 | [8e161f1e-b22c-4570-ba10-fe03c7036325] | 8e161f1e-b22c-4570-ba10-fe03c7036325|method=POST|path=/api/customers/1/variant-prices|status=201|duration=64ms|category=FAST
2026-01-21 12:15:50.950 | [586443bc-c788-459b-931d-798d2495f4fc] | 586443bc-c788-459b-931d-798d2495f4fc|method=GET|path=/api/ledger/customer-balances|status=200|duration=34ms|category=FAST
2026-01-21 12:15:50.999 | [76d97213-a1e6-454a-b590-d72685be5764] | 76d97213-a1e6-454a-b590-d72685be5764|method=GET|path=/api/ledger/customer/1/paginated|status=200|duration=27ms|category=FAST
2026-01-21 12:15:57.251 | [f9f551c4-5a36-471c-9b5a-0a478dca7f3f] | f9f551c4-5a36-471c-9b5a-0a478dca7f3f|method=GET|path=/api/customers/1/variant-prices|status=200|duration=15ms|category=FAST
2026-01-21 12:15:57.252 | [b46feee1-fd08-47e6-a96f-f52da316b293] | b46feee1-fd08-47e6-a96f-f52da316b293|method=GET|path=/api/ledger/customer/1|status=200|duration=15ms|category=FAST
2026-01-21 12:16:08.500 | [6414f31c-4286-4357-bf2f-a2479f0bea31] | 6414f31c-4286-4357-bf2f-a2479f0bea31|method=PUT|path=/api/customers/1|status=200|duration=53ms|category=FAST
2026-01-21 12:16:08.522 | [f5904a81-0031-44b2-a1af-55505dff5032] | f5904a81-0031-44b2-a1af-55505dff5032|method=PUT|path=/api/customers/1/variant-prices/2|status=404|duration=8ms|category=FAST
2026-01-21 12:16:08.531 | [db25f2d4-2fb4-4b07-a41d-f9d4a2c04b79] | db25f2d4-2fb4-4b07-a41d-f9d4a2c04b79|method=PUT|path=/api/customers/1/variant-prices/1|status=200|duration=17ms|category=FAST
2026-01-21 12:16:08.546 | [b3baa90d-7c59-4ab2-ac04-88776ae5ce44] | b3baa90d-7c59-4ab2-ac04-88776ae5ce44|method=POST|path=/api/customers/1/variant-prices|status=201|duration=11ms|category=FAST
2026-01-21 12:16:12.897 | [1c9f371e-ca11-414c-86f7-54945e50e0fe] | 1c9f371e-ca11-414c-86f7-54945e50e0fe|method=GET|path=/api/ledger/customer/1/paginated|status=200|duration=16ms|category=FAST
2026-01-21 12:16:12.932 | [e18bced8-9911-4bdf-8e47-c08ee61ca118] | e18bced8-9911-4bdf-8e47-c08ee61ca118|method=GET|path=/api/ledger/customer/1/summary|status=200|duration=18ms|category=FAST
2026-01-21 12:16:27.371 | [896c40cd-efb3-47f8-8804-d57ab074a3b3] | 896c40cd-efb3-47f8-8804-d57ab074a3b3|method=GET|path=/api/bank-accounts/active/list|status=200|duration=12ms|category=FAST
2026-01-21 12:16:27.375 | [4b8e040a-198c-48ba-a92a-d7bc494678f5] | 4b8e040a-198c-48ba-a92a-d7bc494678f5|method=GET|path=/api/warehouses/active|status=200|duration=5ms|category=FAST
2026-01-21 12:16:27.376 | [5722cb8d-ce8e-4c1c-bd62-f88e2dbca84d] | 5722cb8d-ce8e-4c1c-bd62-f88e2dbca84d|method=GET|path=/api/customers|status=200|duration=18ms|category=FAST
2026-01-21 12:16:27.384 | [55fc899c-09e6-4797-b575-f5b08d008f72] | 55fc899c-09e6-4797-b575-f5b08d008f72|method=GET|path=/api/variants|status=200|duration=6ms|category=FAST
2026-01-21 12:16:27.389 | [310bf4d5-5263-4988-8019-5e3968fc6c0c] | 310bf4d5-5263-4988-8019-5e3968fc6c0c|method=GET|path=/api/payment-modes/active|status=200|duration=7ms|category=FAST
2026-01-21 12:16:32.068 | [f3585678-0fe7-48f5-a09f-3d3367563a24] | f3585678-0fe7-48f5-a09f-3d3367563a24|method=GET|path=/api/customers/1/variant-prices/1|status=200|duration=14ms|category=FAST
2026-01-21 12:16:37.153 | [930ab01e-9c7f-4de7-9ed1-07d3b9ac38a5] | TRANSACTION | txn_id=8eb4a128-d144-4db0-80df-1ba762ccfd9e | duration=144ms | status=COMPLETED
2026-01-21 12:16:37.159 | [930ab01e-9c7f-4de7-9ed1-07d3b9ac38a5] | 930ab01e-9c7f-4de7-9ed1-07d3b9ac38a5|method=POST|path=/api/sales|status=201|duration=220ms|category=FAST
2026-01-21 12:16:41.688 | [7f4c76f8-caff-4325-add8-87bb1eaa6de4] | 7f4c76f8-caff-4325-add8-87bb1eaa6de4|method=GET|path=/api/customers/1/variant-prices/1|status=200|duration=8ms|category=FAST
2026-01-21 12:16:50.293 | [ae679e73-2835-4acb-b531-66e826485ec9] | TRANSACTION | txn_id=765cc93f-8994-4ce6-a7bf-31a6aaacd634 | duration=95ms | status=COMPLETED
2026-01-21 12:16:50.296 | [ae679e73-2835-4acb-b531-66e826485ec9] | ae679e73-2835-4acb-b531-66e826485ec9|method=POST|path=/api/sales|status=201|duration=100ms|category=FAST
2026-01-21 12:16:56.242 | [2f41830a-7f24-42c7-839d-5ad27f4afda5] | 2f41830a-7f24-42c7-839d-5ad27f4afda5|method=GET|path=/api/customers/1/variant-prices/1|status=200|duration=7ms|category=FAST
2026-01-21 12:17:08.746 | [14c15a0d-b078-4089-b66a-e5b435689ad7] | TRANSACTION | txn_id=db9951a1-27a4-4d2f-9b7b-b5185d2cbc56 | duration=152ms | status=COMPLETED
2026-01-21 12:17:08.748 | [14c15a0d-b078-4089-b66a-e5b435689ad7] | 14c15a0d-b078-4089-b66a-e5b435689ad7|method=POST|path=/api/sales|status=201|duration=154ms|category=FAST
2026-01-21 12:17:12.588 | [fd6e54f9-8e40-45d7-af54-eef6f6ebb7b5] | fd6e54f9-8e40-45d7-af54-eef6f6ebb7b5|method=GET|path=/api/bank-accounts/active/list|status=200|duration=6ms|category=FAST
2026-01-21 12:17:12.591 | [ceec08dd-7a08-41fd-be51-d5437a2122e4] | ceec08dd-7a08-41fd-be51-d5437a2122e4|method=GET|path=/api/payment-modes/active|status=200|duration=6ms|category=FAST
2026-01-21 12:17:12.594 | [9921b7d8-061c-4c49-a61b-a3aecc7e16df] | 9921b7d8-061c-4c49-a61b-a3aecc7e16df|method=GET|path=/api/variants|status=200|duration=9ms|category=FAST
2026-01-21 12:17:12.692 | [371e71c6-a1a5-466a-af05-8cdcdde41120] | 371e71c6-a1a5-466a-af05-8cdcdde41120|method=GET|path=/api/customers|status=200|duration=53ms|category=FAST
2026-01-21 12:17:12.747 | [3248bdef-9136-4133-8233-79bbfa3d9018] | 3248bdef-9136-4133-8233-79bbfa3d9018|method=GET|path=/api/ledger/customer-balances|status=200|duration=29ms|category=FAST
2026-01-21 12:17:12.829 | [a86d664c-dfdb-4fa0-b53a-18e882591e8c] | a86d664c-dfdb-4fa0-b53a-18e882591e8c|method=GET|path=/api/ledger/customer/1/paginated|status=200|duration=27ms|category=FAST
2026-01-21 12:17:15.889 | [1d0dd1c0-2189-4cdf-82c1-11ae077fe82b] | 1d0dd1c0-2189-4cdf-82c1-11ae077fe82b|method=GET|path=/api/ledger/customer/1/paginated|status=200|duration=13ms|category=FAST
2026-01-21 12:17:15.919 | [131f1e28-d6c3-4992-a50b-73e53eea60ba] | 131f1e28-d6c3-4992-a50b-73e53eea60ba|method=GET|path=/api/ledger/customer/1/summary|status=200|duration=15ms|category=FAST
2026-01-21 12:17:43.415 | [a2c5af7c-ca67-46be-a3b2-447b95a6ede9] | a2c5af7c-ca67-46be-a3b2-447b95a6ede9|method=GET|path=/api/bank-accounts/active/list|status=200|duration=5ms|category=FAST
2026-01-21 12:17:43.425 | [98c3c4f0-be6d-4550-80ca-ef586bca5304] | 98c3c4f0-be6d-4550-80ca-ef586bca5304|method=GET|path=/api/variants/active/list|status=200|duration=5ms|category=FAST
2026-01-21 12:17:43.429 | [8142db72-ffa7-4383-8b2c-0104b9123b63] | 8142db72-ffa7-4383-8b2c-0104b9123b63|method=GET|path=/api/warehouses/active|status=200|duration=8ms|category=FAST
2026-01-21 12:17:43.429 | [e73456dd-1198-4d05-a4e4-5459c6b48fb0] | e73456dd-1198-4d05-a4e4-5459c6b48fb0|method=GET|path=/api/payment-modes/active|status=200|duration=14ms|category=FAST
2026-01-21 12:17:43.441 | [4af66012-67e5-45e1-9399-472e5a44af0b] | 4af66012-67e5-45e1-9399-472e5a44af0b|method=GET|path=/api/customers/active/list|status=200|duration=26ms|category=FAST
2026-01-21 12:17:54.508 | [028cb72f-3c65-4a3a-aa31-7c32fc14cda8] | 028cb72f-3c65-4a3a-aa31-7c32fc14cda8|method=POST|path=/api/ledger/empty-return|status=200|duration=43ms|category=FAST
2026-01-21 12:18:05.040 | [bf35ab2d-d73e-4f53-a7ad-2824816869a9] | bf35ab2d-d73e-4f53-a7ad-2824816869a9|method=POST|path=/api/ledger/empty-return|status=200|duration=44ms|category=FAST
2026-01-21 12:18:15.891 | [f7747079-90c0-4ec2-8e66-80fe106257b2] | f7747079-90c0-4ec2-8e66-80fe106257b2|method=POST|path=/api/ledger/empty-return|status=400|duration=16ms|category=FAST
2026-01-21 12:18:48.031 | [d404817f-230d-4a43-8b5f-04ef10113890] | d404817f-230d-4a43-8b5f-04ef10113890|method=POST|path=/api/ledger/empty-return|status=400|duration=10ms|category=FAST
2026-01-21 12:18:57.778 | [7c49975f-d404-4364-9116-b1315475a340] | 7c49975f-d404-4364-9116-b1315475a340|method=POST|path=/api/ledger/empty-return|status=400|duration=19ms|category=FAST
2026-01-21 12:20:36.510 | [95d82278-3331-4bfb-bbfc-21e224ccb5b9] | 95d82278-3331-4bfb-bbfc-21e224ccb5b9|method=GET|path=/api/bank-accounts/active/list|status=200|duration=8ms|category=FAST
2026-01-21 12:20:36.731 | [fe711fd1-76a0-42a9-95b7-31325ff30f75] | fe711fd1-76a0-42a9-95b7-31325ff30f75|method=GET|path=/api/payment-modes/active|status=200|duration=5ms|category=FAST
2026-01-21 12:20:36.744 | [71816b10-6fda-42ab-8974-5fa3bde7ec8a] | 71816b10-6fda-42ab-8974-5fa3bde7ec8a|method=GET|path=/api/variants/active/list|status=200|duration=7ms|category=FAST
2026-01-21 12:20:36.747 | [91f7763a-1594-4333-a5bf-0d345e2ae6da] | 91f7763a-1594-4333-a5bf-0d345e2ae6da|method=GET|path=/api/warehouses/active|status=200|duration=7ms|category=FAST
2026-01-21 12:20:36.767 | [41e3ff3f-835e-4360-affa-f3616c7ac6eb] | 41e3ff3f-835e-4360-affa-f3616c7ac6eb|method=GET|path=/api/customers/active/list|status=200|duration=30ms|category=FAST
2026-01-21 12:20:58.426 | [907b972e-eb24-43eb-9603-9e3ededaf66a] | 907b972e-eb24-43eb-9603-9e3ededaf66a|method=GET|path=/api/bank-accounts/active/list|status=200|duration=8ms|category=FAST
2026-01-21 12:20:58.462 | [644b1f54-c9cf-4739-afbc-ce563ec987b9] | 644b1f54-c9cf-4739-afbc-ce563ec987b9|method=GET|path=/api/warehouses/active|status=200|duration=8ms|category=FAST
2026-01-21 12:20:58.470 | [2deb405a-dc5e-4246-97a7-6e4db5cd315b] | 2deb405a-dc5e-4246-97a7-6e4db5cd315b|method=GET|path=/api/variants/active/list|status=200|duration=8ms|category=FAST
2026-01-21 12:20:58.490 | [8ab30a1b-47da-42a3-b4fe-0c1d4dde3f0e] | 8ab30a1b-47da-42a3-b4fe-0c1d4dde3f0e|method=GET|path=/api/payment-modes/active|status=200|duration=9ms|category=FAST
2026-01-21 12:20:58.504 | [2b219363-2c72-49b9-ae3d-2351ea0a19e2] | 2b219363-2c72-49b9-ae3d-2351ea0a19e2|method=GET|path=/api/customers/active/list|status=200|duration=42ms|category=FAST
2026-01-21 12:21:05.149 | [fb8d8735-62e6-4ed6-bf81-c9b98388d200] | fb8d8735-62e6-4ed6-bf81-c9b98388d200|method=POST|path=/api/ledger/empty-return|status=400|duration=8ms|category=FAST
2026-01-21 12:21:19.731 | [27aeedf4-85f2-494d-9361-68ceb4794951] | 27aeedf4-85f2-494d-9361-68ceb4794951|method=POST|path=/api/ledger/empty-return|status=500|duration=56ms|category=FAST
2026-01-21 12:21:36.295 | [1d1bad63-7306-4f36-a466-4f0a219dcbc5] | 1d1bad63-7306-4f36-a466-4f0a219dcbc5|method=POST|path=/api/ledger/empty-return|status=500|duration=57ms|category=FAST
2026-01-21 12:25:51.119 | [40da78b7-c1a9-4e21-b98d-a08086bee011] | 40da78b7-c1a9-4e21-b98d-a08086bee011|method=POST|path=/api/auth/login|status=200|duration=436ms|category=FAST
2026-01-21 12:25:51.474 | [2ee2bffd-9158-44de-9523-4c9b0daa35e2] | 2ee2bffd-9158-44de-9523-4c9b0daa35e2|method=GET|path=/api/dashboard/comprehensive|status=200|duration=247ms|category=FAST
2026-01-21 12:26:00.148 | [b0be48c7-72f9-4699-b540-03bfec18418c] | b0be48c7-72f9-4699-b540-03bfec18418c|method=GET|path=/api/bank-accounts/active/list|status=200|duration=18ms|category=FAST
2026-01-21 12:26:00.151 | [040f5917-5add-4e51-826d-c17f2ee4b8aa] | 040f5917-5add-4e51-826d-c17f2ee4b8aa|method=GET|path=/api/warehouses/active|status=200|duration=14ms|category=FAST
2026-01-21 12:26:00.152 | [b57bdb9d-1881-4c41-baf3-205f7955b950] | b57bdb9d-1881-4c41-baf3-205f7955b950|method=GET|path=/api/variants/active/list|status=200|duration=15ms|category=FAST
2026-01-21 12:26:00.154 | [2480a073-2198-46e5-9f48-71b01177ed8b] | 2480a073-2198-46e5-9f48-71b01177ed8b|method=GET|path=/api/payment-modes/active|status=200|duration=21ms|category=FAST
2026-01-21 12:26:00.210 | [b5f11ada-f374-47dc-853b-b1f1547fa981] | b5f11ada-f374-47dc-853b-b1f1547fa981|method=GET|path=/api/customers/active/list|status=200|duration=73ms|category=FAST
2026-01-21 12:26:14.210 | [22b049ad-35af-40d7-a489-45a8d6c81460] | 22b049ad-35af-40d7-a489-45a8d6c81460|method=POST|path=/api/ledger/empty-return|status=500|duration=190ms|category=FAST
2026-01-21 12:27:55.129 | [4323f079-3ce1-4acd-b60d-b7b107b9e1b6] | 4323f079-3ce1-4acd-b60d-b7b107b9e1b6|method=POST|path=/api/ledger/empty-return|status=200|duration=330ms|category=FAST
2026-01-21 12:28:09.833 | [f17a9686-7fcf-4357-9b33-ac20cc47f051] | f17a9686-7fcf-4357-9b33-ac20cc47f051|method=GET|path=/api/bank-accounts/active/list|status=200|duration=33ms|category=FAST
2026-01-21 12:28:09.836 | [eb50de41-5f2d-47b5-95b0-fcfc0f00071c] | eb50de41-5f2d-47b5-95b0-fcfc0f00071c|method=GET|path=/api/payment-modes/active|status=200|duration=33ms|category=FAST
2026-01-21 12:28:09.882 | [bae1479a-f658-4807-943b-0315ae2cb97d] | bae1479a-f658-4807-943b-0315ae2cb97d|method=GET|path=/api/variants|status=200|duration=79ms|category=FAST
2026-01-21 12:28:09.938 | [1276e37a-cee6-4ad8-bd4f-fab79a589365] | 1276e37a-cee6-4ad8-bd4f-fab79a589365|method=GET|path=/api/customers|status=200|duration=36ms|category=FAST
2026-01-21 12:28:09.975 | [83caf3a6-2b1a-438a-86c6-6b60119eafa9] | 83caf3a6-2b1a-438a-86c6-6b60119eafa9|method=GET|path=/api/ledger/customer-balances|status=200|duration=23ms|category=FAST
2026-01-21 12:28:10.035 | [1eab42d6-4276-4f53-acab-49e84bde7cd7] | 1eab42d6-4276-4f53-acab-49e84bde7cd7|method=GET|path=/api/ledger/customer/1/paginated|status=200|duration=36ms|category=FAST
2026-01-21 12:28:11.894 | [56d791d4-a220-49d5-a1af-0d8ec5c1e285] | 56d791d4-a220-49d5-a1af-0d8ec5c1e285|method=GET|path=/api/ledger/customer/1/paginated|status=200|duration=22ms|category=FAST
2026-01-21 12:28:11.932 | [516cb023-4501-4830-aa95-ec3d17b2b26c] | 516cb023-4501-4830-aa95-ec3d17b2b26c|method=GET|path=/api/ledger/customer/1/summary|status=200|duration=22ms|category=FAST
2026-01-21 12:28:16.193 | [0417c0fe-c35a-4105-aacd-7a73fc2a2bae] | 0417c0fe-c35a-4105-aacd-7a73fc2a2bae|method=GET|path=/api/ledger/customer/1/paginated|status=200|duration=17ms|category=FAST
2026-01-21 12:28:35.334 | [bc9c0ed8-edf4-492b-94f9-1319a8bfeae0] | bc9c0ed8-edf4-492b-94f9-1319a8bfeae0|method=GET|path=/api/expense-categories|status=200|duration=14ms|category=FAST
2026-01-21 12:28:44.373 | [348e0041-6a51-4733-9da4-284d865f6699] | 348e0041-6a51-4733-9da4-284d865f6699|method=POST|path=/api/expenses|status=201|duration=46ms|category=FAST
2026-01-21 12:29:33.770 | [91341f23-7b6e-4458-996c-60ba0c4b680f] | 91341f23-7b6e-4458-996c-60ba0c4b680f|method=GET|path=/api/expense-categories|status=200|duration=13ms|category=FAST
2026-01-21 12:29:56.853 | [c1bd7beb-5701-409c-bf9c-43088608d389] | c1bd7beb-5701-409c-bf9c-43088608d389|method=GET|path=/api/expense-categories|status=200|duration=10ms|category=FAST
2026-01-21 12:30:15.929 | [2f6203b7-7356-47f3-a1f5-c626f02ec7ce] | 2f6203b7-7356-47f3-a1f5-c626f02ec7ce|method=POST|path=/api/expenses|status=201|duration=11ms|category=FAST
2026-01-21 12:30:44.942 | [d760bbf8-f861-4173-9853-cd3815ef933b] | d760bbf8-f861-4173-9853-cd3815ef933b|method=GET|path=/api/expense-categories|status=200|duration=12ms|category=FAST
2026-01-21 12:30:48.014 | [058fcb9f-4159-47bd-a099-5697aa79bda0] | 058fcb9f-4159-47bd-a099-5697aa79bda0|method=GET|path=/api/expense-categories|status=200|duration=11ms|category=FAST
2026-01-21 12:30:57.535 | [97fa2200-b4fc-46e6-9911-3e825bf8a218] | 97fa2200-b4fc-46e6-9911-3e825bf8a218|method=GET|path=/api/expense-categories|status=200|duration=12ms|category=FAST
2026-01-21 12:31:04.169 | [3cb7760f-81d1-4f18-a977-f58d3fbe11fa] | 3cb7760f-81d1-4f18-a977-f58d3fbe11fa|method=GET|path=/api/expense-categories|status=200|duration=10ms|category=FAST
2026-01-21 12:31:21.382 | [d60c5b9e-3b64-4f19-b979-a85f57aee4cb] | d60c5b9e-3b64-4f19-b979-a85f57aee4cb|method=POST|path=/api/expenses|status=201|duration=19ms|category=FAST
2026-01-21 12:31:26.600 | [1a69040c-cb2d-4fe1-900a-4dc96fef143a] | 1a69040c-cb2d-4fe1-900a-4dc96fef143a|method=GET|path=/api/business-info/1|status=200|duration=14ms|category=FAST
2026-01-21 12:31:26.607 | [6d518453-2e8c-4c40-971b-ae1252bdd801] | 6d518453-2e8c-4c40-971b-ae1252bdd801|method=GET|path=/api/inventory|status=200|duration=21ms|category=FAST
2026-01-21 12:31:26.665 | [37d5b1ca-99fe-4e79-99eb-f0afd12a1e86] | 37d5b1ca-99fe-4e79-99eb-f0afd12a1e86|method=GET|path=/api/variants|status=200|duration=10ms|category=FAST
2026-01-21 12:31:26.669 | [f5ab5f0a-db45-4a16-9783-aba000f70a87] | f5ab5f0a-db45-4a16-9783-aba000f70a87|method=GET|path=/api/supplier-transactions|status=200|duration=78ms|category=FAST
2026-01-21 12:31:26.675 | [ef3478ea-d866-4f80-903d-c0887717de24] | ef3478ea-d866-4f80-903d-c0887717de24|method=GET|path=/api/ledger/pending-summary|status=200|duration=84ms|category=FAST
2026-01-21 12:31:26.686 | [2b64d91b-2110-4b00-8404-f0db3435459d] | 2b64d91b-2110-4b00-8404-f0db3435459d|method=GET|path=/api/sales/summary|status=200|duration=94ms|category=FAST
2026-01-21 12:31:26.696 | [1d67ef9a-1ba7-4480-bbbf-e47a68030fa0] | 1d67ef9a-1ba7-4480-bbbf-e47a68030fa0|method=GET|path=/api/bank-accounts/active/list|status=200|duration=11ms|category=FAST
2026-01-21 12:31:26.706 | [d63f15a8-8ea1-4480-9e5f-66f8f389f4f3] | d63f15a8-8ea1-4480-9e5f-66f8f389f4f3|method=GET|path=/api/warehouses/active|status=200|duration=12ms|category=FAST
2026-01-21 12:31:26.714 | [00042adb-d2c1-4a1a-8868-ffaea8dd9558] | 00042adb-d2c1-4a1a-8868-ffaea8dd9558|method=GET|path=/api/payment-modes/active|status=200|duration=16ms|category=FAST
2026-01-21 12:31:26.765 | [c510daa1-f339-4b58-af26-3c2df6c421d2] | c510daa1-f339-4b58-af26-3c2df6c421d2|method=GET|path=/api/sales|status=200|duration=178ms|category=FAST
2026-01-21 12:31:26.786 | [0e60ef62-815d-40d6-925b-c47044de0559] | 0e60ef62-815d-40d6-925b-c47044de0559|method=GET|path=/api/customers|status=200|duration=163ms|category=FAST
2026-01-21 12:31:27.404 | [21fd148c-32f1-4600-9bf0-63dd70abacc0] | 21fd148c-32f1-4600-9bf0-63dd70abacc0|method=GET|path=/api/expense-categories|status=200|duration=6ms|category=FAST
2026-01-21 12:31:27.413 | [812c4931-3bf6-458c-b3e5-db099aaa393b] | 812c4931-3bf6-458c-b3e5-db099aaa393b|method=GET|path=/api/expenses|status=200|duration=14ms|category=FAST
2026-01-21 12:31:27.456 | [400abcb0-acdb-466d-afa9-893406ad98da] | 400abcb0-acdb-466d-afa9-893406ad98da|method=GET|path=/api/expenses/summary|status=200|duration=29ms|category=FAST
2026-01-21 12:31:50.598 | [408bc1be-c587-4d0f-ad46-de779c5b8524] | 408bc1be-c587-4d0f-ad46-de779c5b8524|method=GET|path=/api/business-info/1|status=200|duration=8ms|category=FAST
2026-01-21 12:31:50.615 | [9db61df8-8526-41cd-998c-205c455479e4] | 9db61df8-8526-41cd-998c-205c455479e4|method=GET|path=/api/sales/summary|status=200|duration=21ms|category=FAST
2026-01-21 12:31:50.623 | [f88fa285-d93a-415e-8855-aa8553ca8991] | f88fa285-d93a-415e-8855-aa8553ca8991|method=GET|path=/api/sales|status=200|duration=37ms|category=FAST
2026-01-21 12:31:50.640 | [cdbf069b-a20b-4a18-9f73-7d5847b31b48] | cdbf069b-a20b-4a18-9f73-7d5847b31b48|method=GET|path=/api/ledger/pending-summary|status=200|duration=43ms|category=FAST
2026-01-21 12:31:50.685 | [f42d828d-97a2-405f-8cb9-29df0f2529ea] | f42d828d-97a2-405f-8cb9-29df0f2529ea|method=GET|path=/api/inventory|status=200|duration=36ms|category=FAST
2026-01-21 12:31:50.715 | [02a2fa81-aa1d-4626-b6f3-32c84f3185d7] | 02a2fa81-aa1d-4626-b6f3-32c84f3185d7|method=GET|path=/api/supplier-transactions|status=200|duration=36ms|category=FAST
2026-01-21 12:31:50.721 | [845a73f8-b35b-4759-84bf-0f4e49b92507] | 845a73f8-b35b-4759-84bf-0f4e49b92507|method=GET|path=/api/warehouses/active|status=200|duration=7ms|category=FAST
2026-01-21 12:31:50.722 | [fdc9f548-0a9b-4745-9ed4-237d7d4d4fa7] | fdc9f548-0a9b-4745-9ed4-237d7d4d4fa7|method=GET|path=/api/bank-accounts/active/list|status=200|duration=14ms|category=FAST
2026-01-21 12:31:50.735 | [e9d0e3c7-94e2-4ba4-abd6-975756d42755] | e9d0e3c7-94e2-4ba4-abd6-975756d42755|method=GET|path=/api/payment-modes/active|status=200|duration=11ms|category=FAST
2026-01-21 12:31:50.747 | [3af43c68-7e2a-406b-97ce-840ec89434ef] | 3af43c68-7e2a-406b-97ce-840ec89434ef|method=GET|path=/api/customers|status=200|duration=44ms|category=FAST
2026-01-21 12:31:50.748 | [16e815dc-6933-46db-8637-288d49af1dd1] | 16e815dc-6933-46db-8637-288d49af1dd1|method=GET|path=/api/variants|status=200|duration=18ms|category=FAST
2026-01-21 12:31:57.471 | [972043ae-6688-477f-85cb-86133d636538] | 972043ae-6688-477f-85cb-86133d636538|method=GET|path=/api/variants|status=200|duration=8ms|category=FAST
2026-01-21 12:31:57.471 | [745872c8-7a88-4036-ba54-2ee2f35cfd4b] | 745872c8-7a88-4036-ba54-2ee2f35cfd4b|method=GET|path=/api/payment-modes/active|status=200|duration=8ms|category=FAST
2026-01-21 12:31:57.478 | [9b23382e-9dac-4c2a-865c-738d00788c56] | 9b23382e-9dac-4c2a-865c-738d00788c56|method=GET|path=/api/bank-accounts/active/list|status=200|duration=13ms|category=FAST
2026-01-21 12:31:57.533 | [c4d36700-a0f9-47e7-85eb-09e3303ca1fd] | c4d36700-a0f9-47e7-85eb-09e3303ca1fd|method=GET|path=/api/customers|status=200|duration=46ms|category=FAST
2026-01-21 12:31:57.565 | [aa595083-c903-4516-832f-4fb31879c2d7] | aa595083-c903-4516-832f-4fb31879c2d7|method=GET|path=/api/ledger/customer-balances|status=200|duration=20ms|category=FAST
2026-01-21 12:31:57.591 | [3c70792b-0a42-4632-b9e2-85716e2ab6ea] | 3c70792b-0a42-4632-b9e2-85716e2ab6ea|method=GET|path=/api/ledger/customer/1/paginated|status=200|duration=14ms|category=FAST
2026-01-21 12:32:01.972 | [e9fe529d-6291-41fc-94fe-1bb1378a7282] | e9fe529d-6291-41fc-94fe-1bb1378a7282|method=GET|path=/api/ledger/customer/1/paginated|status=200|duration=17ms|category=FAST
2026-01-21 12:32:02.002 | [8a136704-e519-426d-961c-e726f1dd2d10] | 8a136704-e519-426d-961c-e726f1dd2d10|method=GET|path=/api/ledger/customer/1/summary|status=200|duration=13ms|category=FAST
2026-01-21 12:32:13.368 | [fd0a892a-446d-427b-b9aa-5c3ecb12e0fd] | fd0a892a-446d-427b-b9aa-5c3ecb12e0fd|method=POST|path=/api/ledger/payment|status=200|duration=55ms|category=FAST
2026-01-21 12:32:13.411 | [e49415f3-c70c-47cb-91a3-8470f6d9577e] | e49415f3-c70c-47cb-91a3-8470f6d9577e|method=GET|path=/api/ledger/customer/1/paginated|status=200|duration=19ms|category=FAST
2026-01-21 12:32:13.417 | [a8034fc1-68d2-4dfa-b2a7-f2d93e0078b6] | a8034fc1-68d2-4dfa-b2a7-f2d93e0078b6|method=GET|path=/api/ledger/customer/1/paginated|status=200|duration=24ms|category=FAST
2026-01-21 12:32:13.451 | [00bdaa9a-ae0c-4ccf-8088-a44ae9d8026b] | 00bdaa9a-ae0c-4ccf-8088-a44ae9d8026b|method=GET|path=/api/ledger/customer/1/summary|status=200|duration=18ms|category=FAST
2026-01-21 12:32:25.546 | [696726fa-d833-45b2-9bea-90659b8ed80c] | 696726fa-d833-45b2-9bea-90659b8ed80c|method=GET|path=/api/bank-accounts/active/list|status=200|duration=8ms|category=FAST
2026-01-21 12:32:25.550 | [6e408694-06e8-4dd1-9b82-a945ee8ad6f4] | 6e408694-06e8-4dd1-9b82-a945ee8ad6f4|method=GET|path=/api/payment-modes/active|status=200|duration=13ms|category=FAST
2026-01-21 12:32:25.579 | [7f4dfe06-d6b0-4f87-8a73-1bf9aa30b60f] | 7f4dfe06-d6b0-4f87-8a73-1bf9aa30b60f|method=GET|path=/api/customers/active/list|status=200|duration=37ms|category=FAST
2026-01-21 12:32:25.626 | [85ee92c0-426e-4a5e-bbca-a2480c51562b] | 85ee92c0-426e-4a5e-bbca-a2480c51562b|method=GET|path=/api/customer-due-payment/report|status=200|duration=32ms|category=FAST
2026-01-21 12:32:27.137 | [6e345131-d56a-40d3-bab0-1302e7a91b0b] | 6e345131-d56a-40d3-bab0-1302e7a91b0b|method=GET|path=/api/ledger/customer/1|status=200|duration=14ms|category=FAST
2026-01-21 12:32:38.392 | [3b3643ec-c17a-4621-ab72-b4671b638d34] | 3b3643ec-c17a-4621-ab72-b4671b638d34|method=POST|path=/api/ledger/payment|status=200|duration=21ms|category=FAST
2026-01-21 12:32:38.419 | [1956d675-689c-4b51-a22a-f0032b29ac95] | 1956d675-689c-4b51-a22a-f0032b29ac95|method=GET|path=/api/ledger/customer/1|status=200|duration=12ms|category=FAST
2026-01-21 12:32:38.433 | [c734d23c-cc6b-4c94-b55a-4b6603cb55e0] | c734d23c-cc6b-4c94-b55a-4b6603cb55e0|method=GET|path=/api/customers/active/list|status=200|duration=26ms|category=FAST
2026-01-21 12:32:38.465 | [f80bb4f9-9862-4ece-ae85-374f10bbb9b3] | f80bb4f9-9862-4ece-ae85-374f10bbb9b3|method=GET|path=/api/customer-due-payment/report|status=200|duration=15ms|category=FAST
2026-01-21 12:32:49.663 | [5c145d95-332a-4f4a-83e3-f32b09f36e6f] | 5c145d95-332a-4f4a-83e3-f32b09f36e6f|method=GET|path=/api/variants/active/list|status=200|duration=5ms|category=FAST
2026-01-21 12:32:49.674 | [125c717d-f510-4533-b207-5f5aa1417464] | 125c717d-f510-4533-b207-5f5aa1417464|method=GET|path=/api/warehouses/active|status=200|duration=9ms|category=FAST
2026-01-21 12:32:49.682 | [e761a932-8bf6-48ed-98d5-4775de241923] | e761a932-8bf6-48ed-98d5-4775de241923|method=GET|path=/api/inventory|status=200|duration=22ms|category=FAST
2026-01-21 12:32:49.687 | [e3e5edff-973f-42a0-90da-e965aed7d779] | e3e5edff-973f-42a0-90da-e965aed7d779|method=GET|path=/api/ledger/movements|status=200|duration=29ms|category=FAST
2026-01-21 12:32:52.661 | [9fa5920d-7175-4956-9748-591895e649d8] | 9fa5920d-7175-4956-9748-591895e649d8|method=GET|path=/api/variants|status=200|duration=7ms|category=FAST
2026-01-21 12:32:52.667 | [f088aeed-8e79-4a5b-9e0a-7a938fb2e3ba] | f088aeed-8e79-4a5b-9e0a-7a938fb2e3ba|method=GET|path=/api/sales|status=200|duration=15ms|category=FAST
2026-01-21 12:32:52.687 | [5bc9b85e-e1b3-4f5e-8192-03ae0084b46f] | 5bc9b85e-e1b3-4f5e-8192-03ae0084b46f|method=GET|path=/api/customers|status=200|duration=31ms|category=FAST
2026-01-21 12:33:06.711 | [db788386-ab5a-4744-a2f3-9eeaee1d9a37] | db788386-ab5a-4744-a2f3-9eeaee1d9a37|method=GET|path=/api/sales|status=200|duration=28ms|category=FAST
2026-01-21 12:33:11.900 | [333d2b50-9a95-4f98-839f-6174e9277235] | 333d2b50-9a95-4f98-839f-6174e9277235|method=GET|path=/api/sales|status=200|duration=10ms|category=FAST
2026-01-21 12:33:28.048 | [9043b2c5-0dd4-4db9-9ceb-12f3c0d0468e] | 9043b2c5-0dd4-4db9-9ceb-12f3c0d0468e|method=GET|path=/api/business-info/1|status=200|duration=3ms|category=FAST
2026-01-21 12:33:28.067 | [ddfdccaf-1f35-409f-8ac9-277d5b869939] | ddfdccaf-1f35-409f-8ac9-277d5b869939|method=GET|path=/api/ledger/pending-summary|status=200|duration=20ms|category=FAST
2026-01-21 12:33:28.083 | [f30e1ee0-7482-4364-8941-dfb442c165f5] | f30e1ee0-7482-4364-8941-dfb442c165f5|method=GET|path=/api/sales/summary|status=200|duration=25ms|category=FAST
2026-01-21 12:33:28.083 | [e05d6002-2d3f-4c89-b445-ae3f7e0bca41] | e05d6002-2d3f-4c89-b445-ae3f7e0bca41|method=GET|path=/api/variants|status=200|duration=5ms|category=FAST
2026-01-21 12:33:28.083 | [f953a7b2-3010-4178-803c-2858b3e021a3] | f953a7b2-3010-4178-803c-2858b3e021a3|method=GET|path=/api/sales|status=200|duration=12ms|category=FAST
2026-01-21 12:33:28.094 | [2cc42845-cc56-438d-b9d6-746c323e426b] | 2cc42845-cc56-438d-b9d6-746c323e426b|method=GET|path=/api/customers|status=200|duration=28ms|category=FAST
2026-01-21 12:33:28.097 | [0eff562b-b5a0-402f-9b0f-8edce0691dc0] | 0eff562b-b5a0-402f-9b0f-8edce0691dc0|method=GET|path=/api/inventory|status=200|duration=9ms|category=FAST
2026-01-21 12:33:28.098 | [fc40c8e5-86b7-4705-8fea-0d90927cd398] | fc40c8e5-86b7-4705-8fea-0d90927cd398|method=GET|path=/api/supplier-transactions|status=200|duration=20ms|category=FAST
2026-01-21 12:33:28.107 | [b9d59a48-68ad-4cc9-9719-86fea5843e50] | b9d59a48-68ad-4cc9-9719-86fea5843e50|method=GET|path=/api/bank-accounts/active/list|status=200|duration=6ms|category=FAST
2026-01-21 12:33:28.112 | [c21b3480-de30-47e6-a520-9ab667893116] | c21b3480-de30-47e6-a520-9ab667893116|method=GET|path=/api/payment-modes/active|status=200|duration=7ms|category=FAST
2026-01-21 12:33:28.114 | [d97f5a1e-bf04-47c8-8189-5e74fd535505] | d97f5a1e-bf04-47c8-8189-5e74fd535505|method=GET|path=/api/warehouses/active|status=200|duration=7ms|category=FAST
2026-01-21 12:33:32.908 | [1d375bd4-f0e8-494a-8d0c-6637a8ea65a8] | 1d375bd4-f0e8-494a-8d0c-6637a8ea65a8|method=GET|path=/api/sales/summary|status=200|duration=10ms|category=FAST
2026-01-21 12:33:32.908 | [19698cdd-7392-41c0-8123-c9b5302f6eb3] | 19698cdd-7392-41c0-8123-c9b5302f6eb3|method=GET|path=/api/sales|status=200|duration=10ms|category=FAST
2026-01-21 12:33:34.756 | [ec3231bd-0091-42d0-a0af-5ec9c0191c32] | ec3231bd-0091-42d0-a0af-5ec9c0191c32|method=GET|path=/api/expense-categories|status=200|duration=7ms|category=FAST
2026-01-21 12:33:34.766 | [84acef12-7bae-43ff-ad95-26675827d8ae] | 84acef12-7bae-43ff-ad95-26675827d8ae|method=GET|path=/api/expenses|status=200|duration=17ms|category=FAST
2026-01-21 12:33:34.782 | [6b325322-0875-4557-b896-ff1f4ce8edf9] | 6b325322-0875-4557-b896-ff1f4ce8edf9|method=GET|path=/api/expenses/summary|status=200|duration=5ms|category=FAST
2026-01-21 12:33:37.659 | [94514841-6890-4674-a5bd-09b31699ae3c] | 94514841-6890-4674-a5bd-09b31699ae3c|method=GET|path=/api/customer-due-payment/report|status=200|duration=11ms|category=FAST
2026-01-21 12:33:37.662 | [78dbccf1-b766-4a6f-89e4-d609c82804d2] | 78dbccf1-b766-4a6f-89e4-d609c82804d2|method=GET|path=/api/customer-due-payment/report/summary|status=200|duration=14ms|category=FAST
2026-01-21 12:33:54.001 | [feed322c-233d-48d3-ba31-15e1517e299f] | feed322c-233d-48d3-ba31-15e1517e299f|method=GET|path=/api/ledger/pending-summary|status=200|duration=15ms|category=FAST
2026-01-21 12:34:00.867 | [c3d559ce-8a60-40ec-afba-405beb39b711] | c3d559ce-8a60-40ec-afba-405beb39b711|method=GET|path=/api/inventory|status=200|duration=8ms|category=FAST
2026-01-21 12:34:03.721 | [f7f12837-f417-4e92-b59d-1804ae6f826e] | f7f12837-f417-4e92-b59d-1804ae6f826e|method=GET|path=/api/supplier-transactions|status=200|duration=8ms|category=FAST
2026-01-21 12:34:06.068 | [61d0e8f4-d3dd-4a30-aefa-ee81a2a9b394] | 61d0e8f4-d3dd-4a30-aefa-ee81a2a9b394|method=GET|path=/api/sales/payment-mode-summary|status=200|duration=15ms|category=FAST
2026-01-21 12:34:20.864 | [64b7f0b3-9dd4-440a-9153-2597a022da4a] | 64b7f0b3-9dd4-440a-9153-2597a022da4a|method=GET|path=/api/customer-due-payment/report/summary|status=200|duration=12ms|category=FAST
2026-01-21 12:34:20.864 | [7774ac89-e504-43aa-a198-721f58e3d7a0] | 7774ac89-e504-43aa-a198-721f58e3d7a0|method=GET|path=/api/customer-due-payment/report|status=200|duration=12ms|category=FAST
2026-01-21 12:34:22.662 | [7d4366e1-994b-4718-a4d9-4fa209f1576d] | 7d4366e1-994b-4718-a4d9-4fa209f1576d|method=GET|path=/api/customer-due-payment/report|status=200|duration=12ms|category=FAST
2026-01-21 12:34:22.681 | [a845e7af-9064-41b7-b630-44564a599119] | a845e7af-9064-41b7-b630-44564a599119|method=GET|path=/api/customer-due-payment/report/summary|status=200|duration=11ms|category=FAST
2026-01-21 12:34:29.372 | [cfb64742-6f08-4ea4-a82a-d7bab1bd09ce] | cfb64742-6f08-4ea4-a82a-d7bab1bd09ce|method=GET|path=/api/warehouses/active|status=200|duration=7ms|category=FAST
2026-01-21 12:34:29.374 | [beac0d08-8165-4b4e-99b0-17fdfce843c9] | beac0d08-8165-4b4e-99b0-17fdfce843c9|method=GET|path=/api/variants/active/list|status=200|duration=6ms|category=FAST
2026-01-21 12:34:29.382 | [4d2a170a-546a-4bbd-8700-16742eadb04e] | 4d2a170a-546a-4bbd-8700-16742eadb04e|method=GET|path=/api/inventory|status=200|duration=17ms|category=FAST
2026-01-21 12:34:29.385 | [7b5fcc9a-52cb-457c-b421-53ffcc589907] | 7b5fcc9a-52cb-457c-b421-53ffcc589907|method=GET|path=/api/ledger/movements|status=200|duration=12ms|category=FAST
2026-01-21 12:34:39.874 | [5ad41e32-256e-44d9-abe7-fd0fffdc5593] | 5ad41e32-256e-44d9-abe7-fd0fffdc5593|method=GET|path=/api/inventory/warehouse/2|status=200|duration=12ms|category=FAST
2026-01-21 12:34:47.639 | [0e01cff8-14c1-41e2-8986-ef97e9fb76aa] | 0e01cff8-14c1-41e2-8986-ef97e9fb76aa|method=POST|path=/api/inventory/transfer|status=200|duration=53ms|category=FAST
2026-01-21 12:34:47.654 | [3f01229a-1041-4a27-8966-67f8fa9c542b] | 3f01229a-1041-4a27-8966-67f8fa9c542b|method=GET|path=/api/inventory|status=200|duration=6ms|category=FAST
2026-01-21 12:34:47.675 | [ca7b401c-9f65-4d1a-b451-0f1d0b83885f] | ca7b401c-9f65-4d1a-b451-0f1d0b83885f|method=GET|path=/api/ledger/movements|status=200|duration=27ms|category=FAST
2026-01-21 12:34:51.594 | [87d21e2e-19fd-448e-a97a-fc30f7ffb320] | 87d21e2e-19fd-448e-a97a-fc30f7ffb320|method=GET|path=/api/inventory|status=200|duration=11ms|category=FAST
2026-01-21 12:34:51.598 | [a11defe8-7ae1-44ad-b458-9b37fe3f4101] | a11defe8-7ae1-44ad-b458-9b37fe3f4101|method=GET|path=/api/ledger/movements/warehouse/2|status=200|duration=15ms|category=FAST
2026-01-21 12:34:51.609 | [9be29e85-225d-4fe7-aefd-61535b236f9a] | 9be29e85-225d-4fe7-aefd-61535b236f9a|method=GET|path=/api/inventory/warehouse/2|status=200|duration=8ms|category=FAST
2026-01-21 12:34:52.891 | [0ae3a01c-a6a7-4415-9773-e360228a7a52] | 0ae3a01c-a6a7-4415-9773-e360228a7a52|method=GET|path=/api/ledger/movements/warehouse/1|status=200|duration=7ms|category=FAST
2026-01-21 12:34:52.891 | [cd87378d-fc94-4e14-8153-32f510638e35] | cd87378d-fc94-4e14-8153-32f510638e35|method=GET|path=/api/inventory|status=200|duration=7ms|category=FAST
2026-01-21 12:34:52.909 | [d913083a-fc38-43a7-9882-8edfdcc38712] | d913083a-fc38-43a7-9882-8edfdcc38712|method=GET|path=/api/inventory/warehouse/1|status=200|duration=8ms|category=FAST
2026-01-21 12:35:11.458 | [10944360-a7ed-479c-b05c-00bfe31f2744] | 10944360-a7ed-479c-b05c-00bfe31f2744|method=GET|path=/api/users|status=200|duration=9ms|category=FAST
2026-01-21 12:35:24.156 | [4714bfde-a8a6-4231-be6e-04f258ab7e83] | 4714bfde-a8a6-4231-be6e-04f258ab7e83|method=POST|path=/api/users|status=201|duration=86ms|category=FAST
2026-01-21 12:35:24.168 | [ecc7d7e8-ff8f-4924-a6a6-30ec0f9dcdc6] | ecc7d7e8-ff8f-4924-a6a6-30ec0f9dcdc6|method=GET|path=/api/users|status=200|duration=4ms|category=FAST
2026-01-21 12:35:33.004 | [bbe70482-28e9-477e-9251-3f812675e89f] | bbe70482-28e9-477e-9251-3f812675e89f|method=PUT|path=/api/users/2|status=200|duration=32ms|category=FAST
2026-01-21 12:35:33.017 | [e6ff896f-9f0f-44fd-9d93-6569c572b71d] | e6ff896f-9f0f-44fd-9d93-6569c572b71d|method=GET|path=/api/users|status=200|duration=4ms|category=FAST
2026-01-21 12:35:41.294 | [a070e5aa-3ef5-4f9f-8f27-83f134decd59] | a070e5aa-3ef5-4f9f-8f27-83f134decd59|method=GET|path=/api/users/1|status=200|duration=6ms|category=FAST
2026-01-21 12:35:44.345 | [2ca713b6-4ba4-4535-befd-0c11aeb361c3] | 2ca713b6-4ba4-4535-befd-0c11aeb361c3|method=PUT|path=/api/users/1|status=200|duration=6ms|category=FAST
2026-01-21 12:35:57.097 | [5e703ca8-cf05-4b2a-8a92-6f510e70b1ee] | 5e703ca8-cf05-4b2a-8a92-6f510e70b1ee|method=GET|path=/api/variants|status=200|duration=7ms|category=FAST
2026-01-21 12:35:57.098 | [c0065271-fcb2-41b8-9c61-79f5d6643a7c] | c0065271-fcb2-41b8-9c61-79f5d6643a7c|method=GET|path=/api/business-info/1|status=200|duration=8ms|category=FAST
2026-01-21 12:36:12.310 | [c9fd74d7-b21c-4438-92fd-ce9ba6de5878] | c9fd74d7-b21c-4438-92fd-ce9ba6de5878|method=GET|path=/api/dashboard/comprehensive|status=200|duration=149ms|category=FAST
