2026-01-30 19:51:17.052 | [05cebe87-8d6c-456e-a4c8-d9e8b305a330] | 05cebe87-8d6c-456e-a4c8-d9e8b305a330|method=POST|path=/api/auth/login|status=200|duration=1600ms|category=SLOW
2026-01-30 19:51:17.327 | [5b057f7e-55d2-400e-90e8-187b557a1a89] | 5b057f7e-55d2-400e-90e8-187b557a1a89|method=GET|path=/api/alerts/stream|status=200|duration=78ms|category=FAST
2026-01-30 19:51:17.511 | [37c0bc3d-3679-46ac-ac8b-ac60e8888c54] | 37c0bc3d-3679-46ac-ac8b-ac60e8888c54|method=GET|path=/api/alerts|status=200|duration=297ms|category=FAST
2026-01-30 19:51:19.155 | [87dfd48b-7789-4d6f-b2aa-e328560a33a4] | 87dfd48b-7789-4d6f-b2aa-e328560a33a4|method=GET|path=/api/dashboard/comprehensive|status=200|duration=1963ms|category=SLOW
2026-01-30 19:51:45.281 | [3350bcfa-e94c-41f6-b419-b1ce358d21af] | 3350bcfa-e94c-41f6-b419-b1ce358d21af|method=GET|path=/api/payment-modes/active|status=200|duration=67ms|category=FAST
2026-01-30 19:51:45.400 | [a4f9d4ab-3913-4a39-9e4c-ce8fe592df3d] | a4f9d4ab-3913-4a39-9e4c-ce8fe592df3d|method=GET|path=/api/variants/active/list|status=200|duration=86ms|category=FAST
2026-01-30 19:51:45.432 | [8964c79b-4855-4f3e-85fd-cfa4f6f6a77f] | 8964c79b-4855-4f3e-85fd-cfa4f6f6a77f|method=GET|path=/api/warehouses/active|status=200|duration=143ms|category=FAST
2026-01-30 19:51:45.659 | [25a90324-20b6-4225-ad04-d05f4eb4611d] | 25a90324-20b6-4225-ad04-d05f4eb4611d|method=GET|path=/api/bank-accounts/active/list|status=200|duration=477ms|category=FAST
2026-01-30 19:51:45.796 | [34f825ce-4efd-44a6-83d4-ac8c937a9542] | 34f825ce-4efd-44a6-83d4-ac8c937a9542|method=GET|path=/api/customers/active/list|status=200|duration=570ms|category=MEDIUM
2026-01-30 19:52:51.008 | [274d8458-ac60-40f3-9601-ee12dd16ae9c] | 274d8458-ac60-40f3-9601-ee12dd16ae9c|method=POST|path=/api/ledger/empty-return|status=200|duration=484ms|category=FAST
2026-01-30 19:52:55.084 | [0fcb1232-77d8-4331-a21b-177cf3d2949f] | 0fcb1232-77d8-4331-a21b-177cf3d2949f|method=GET|path=/api/bank-accounts/active/list|status=200|duration=14ms|category=FAST
2026-01-30 19:52:55.101 | [cef25de0-6310-47e3-9a59-9c8623830c1b] | cef25de0-6310-47e3-9a59-9c8623830c1b|method=GET|path=/api/payment-modes/active|status=200|duration=31ms|category=FAST
2026-01-30 19:53:02.402 | [3b39103b-19cc-47c0-b84b-baf9833d19c4] | 3b39103b-19cc-47c0-b84b-baf9833d19c4|method=GET|path=/api/customers/3/variant-prices/2|status=200|duration=14ms|category=FAST
2026-01-30 19:53:02.700 | [12c505ec-b7cc-4521-aec2-d3e078257df5] | 12c505ec-b7cc-4521-aec2-d3e078257df5|method=GET|path=/api/customers/3/variant-prices/2|status=200|duration=15ms|category=FAST
2026-01-30 19:55:16.672 | [9fed8e7e-ed35-4fcf-9870-b2d443d4b555] | 9fed8e7e-ed35-4fcf-9870-b2d443d4b555|method=GET|path=/api/ledger/customer/3/variant/2/balance|status=200|duration=24ms|category=FAST
2026-01-30 19:55:17.192 | [1683fa30-1534-49fa-81ae-f05bb323e158] | TRANSACTION | txn_id=162c49b0-0219-45ff-a7b2-fa68e77bc7e2 | duration=389ms | status=COMPLETED
2026-01-30 19:55:17.206 | [1683fa30-1534-49fa-81ae-f05bb323e158] | 1683fa30-1534-49fa-81ae-f05bb323e158|method=POST|path=/api/sales|status=201|duration=504ms|category=MEDIUM
2026-01-30 19:55:34.757 | [14993b41-5d91-479d-8342-2361ee201278] | 14993b41-5d91-479d-8342-2361ee201278|method=GET|path=/api/bank-accounts/active/list|status=200|duration=8ms|category=FAST
2026-01-30 19:55:34.771 | [4a87219c-d260-4493-a877-bb81194293d7] | 4a87219c-d260-4493-a877-bb81194293d7|method=GET|path=/api/payment-modes/active|status=200|duration=14ms|category=FAST
2026-01-30 19:55:40.826 | [6ae86247-acbc-4bdd-97bf-c86a5ff6cd83] | 6ae86247-acbc-4bdd-97bf-c86a5ff6cd83|method=GET|path=/api/dashboard/comprehensive|status=200|duration=244ms|category=FAST
2026-01-30 19:56:05.042 | [e9e14f67-092d-4d77-9cc2-c0428052fc2e] | e9e14f67-092d-4d77-9cc2-c0428052fc2e|method=GET|path=/api/payment-modes/active|status=200|duration=7ms|category=FAST
2026-01-30 19:56:05.042 | [b350f5a2-6c30-42d0-a7aa-229738dd8da8] | b350f5a2-6c30-42d0-a7aa-229738dd8da8|method=GET|path=/api/bank-accounts/active/list|status=200|duration=8ms|category=FAST
2026-01-30 19:56:12.294 | [387e227f-25b7-4fa2-871d-7cb36e6f8e82] | 387e227f-25b7-4fa2-871d-7cb36e6f8e82|method=GET|path=/api/customers/1/variant-prices/1|status=200|duration=9ms|category=FAST
2026-01-30 19:56:12.603 | [73f69eb1-fd9c-46e3-8f07-a179759d4542] | 73f69eb1-fd9c-46e3-8f07-a179759d4542|method=GET|path=/api/customers/1/variant-prices/1|status=200|duration=10ms|category=FAST
2026-01-30 19:57:29.066 | [9a647d29-804f-4e6b-af9f-4ad9a4a63368] | 9a647d29-804f-4e6b-af9f-4ad9a4a63368|method=GET|path=/api/ledger/customer/1/variant/1/balance|status=200|duration=20ms|category=FAST
2026-01-30 19:57:29.341 | [9ac2d1b3-0485-4e88-904b-fa8b29fbbc99] | TRANSACTION | txn_id=fe4a6e49-51b1-435a-864d-0c34abcdc1f1 | duration=255ms | status=COMPLETED
2026-01-30 19:57:29.341 | [9ac2d1b3-0485-4e88-904b-fa8b29fbbc99] | 9ac2d1b3-0485-4e88-904b-fa8b29fbbc99|method=POST|path=/api/sales|status=201|duration=255ms|category=FAST
2026-01-30 19:57:33.707 | [0d5ee21f-7147-41df-a3a1-96037b210f8c] | 0d5ee21f-7147-41df-a3a1-96037b210f8c|method=GET|path=/api/expense-categories|status=200|duration=48ms|category=FAST
2026-01-30 19:57:57.747 | [6594e995-d4d8-4546-b091-547d8efa2343] | 6594e995-d4d8-4546-b091-547d8efa2343|method=POST|path=/api/expenses|status=201|duration=61ms|category=FAST
2026-01-30 19:58:14.831 | [192d7ca7-0ad5-47cf-856c-ee46f054e89d] | 192d7ca7-0ad5-47cf-856c-ee46f054e89d|method=GET|path=/api/dashboard/comprehensive|status=200|duration=14ms|category=FAST
2026-01-30 19:58:18.152 | [cbd6168f-20a4-437c-b11b-02263c664931] | cbd6168f-20a4-437c-b11b-02263c664931|method=GET|path=/api/dashboard/comprehensive|status=200|duration=7ms|category=FAST
2026-01-30 19:58:21.154 | [531f4a9f-c7d9-4d65-b131-4a87ab71c66a] | 531f4a9f-c7d9-4d65-b131-4a87ab71c66a|method=GET|path=/api/dashboard/comprehensive|status=200|duration=15ms|category=FAST
2026-01-30 19:58:32.487 | [5767f1ee-9ec0-4b90-a27c-3228f5438723] | 5767f1ee-9ec0-4b90-a27c-3228f5438723|method=GET|path=/api/business-info/1|status=200|duration=26ms|category=FAST
2026-01-30 19:58:32.541 | [c42a18eb-20c7-462a-962e-3734ac36c559] | c42a18eb-20c7-462a-962e-3734ac36c559|method=GET|path=/api/sales/summary|status=200|duration=78ms|category=FAST
2026-01-30 19:58:32.600 | [71c8ff75-6756-48a9-a6cb-98b351e6265d] | 71c8ff75-6756-48a9-a6cb-98b351e6265d|method=GET|path=/api/supplier-transactions|status=200|duration=61ms|category=FAST
2026-01-30 19:58:32.602 | [e14e6e43-89cd-4f27-af78-bbe0100f957d] | e14e6e43-89cd-4f27-af78-bbe0100f957d|method=GET|path=/api/inventory|status=200|duration=107ms|category=FAST
2026-01-30 19:58:32.637 | [f842bc3a-5005-4b13-a5a3-1899f3fe9931] | f842bc3a-5005-4b13-a5a3-1899f3fe9931|method=GET|path=/api/bank-accounts/active/list|status=200|duration=12ms|category=FAST
2026-01-30 19:58:32.663 | [530fb54b-aafa-4a00-8148-4af9612703e2] | 530fb54b-aafa-4a00-8148-4af9612703e2|method=GET|path=/api/ledger/pending-summary|status=200|duration=119ms|category=FAST
2026-01-30 19:58:32.678 | [ea9370fd-5963-4fb2-b475-07e1e4633f2e] | ea9370fd-5963-4fb2-b475-07e1e4633f2e|method=GET|path=/api/variants|status=200|duration=31ms|category=FAST
2026-01-30 19:58:32.686 | [2b7b4979-460a-40da-95ba-35d687c3c1bc] | 2b7b4979-460a-40da-95ba-35d687c3c1bc|method=GET|path=/api/sales|status=200|duration=223ms|category=FAST
2026-01-30 19:58:32.734 | [f8cca2f7-455c-4710-ad55-ab629a9ba3ae] | f8cca2f7-455c-4710-ad55-ab629a9ba3ae|method=GET|path=/api/alerts/config/PENDING_RETURN_CYLINDERS|status=200|duration=22ms|category=FAST
2026-01-30 19:58:32.790 | [7e1e7a15-95c9-4bdd-994c-04f3e48443e2] | 7e1e7a15-95c9-4bdd-994c-04f3e48443e2|method=GET|path=/api/payment-modes|status=200|duration=11ms|category=FAST
2026-01-30 19:58:32.983 | [c7ea4cf9-8091-4f7b-8b77-ac25f4dbd823] | c7ea4cf9-8091-4f7b-8b77-ac25f4dbd823|method=GET|path=/api/customers|status=200|duration=416ms|category=FAST
2026-01-30 19:58:33.998 | [924ab78f-be14-4374-9b6b-8cc2e2ccb649] | 924ab78f-be14-4374-9b6b-8cc2e2ccb649|method=GET|path=/api/expense-categories|status=200|duration=12ms|category=FAST
2026-01-30 19:58:34.010 | [aba997a8-2351-4662-beab-e9a8486bfca0] | aba997a8-2351-4662-beab-e9a8486bfca0|method=GET|path=/api/expenses|status=200|duration=23ms|category=FAST
2026-01-30 19:58:34.057 | [3ca2fe9a-2315-454e-9486-d0c767397081] | 3ca2fe9a-2315-454e-9486-d0c767397081|method=GET|path=/api/expenses/summary|status=200|duration=24ms|category=FAST
2026-01-30 19:58:40.924 | [e7e2c451-76b0-4a03-9ae4-2095e1f6ae74] | e7e2c451-76b0-4a03-9ae4-2095e1f6ae74|method=GET|path=/api/dashboard/comprehensive|status=200|duration=16ms|category=FAST
2026-01-30 19:58:42.794 | [b6ea3823-fc17-421b-b784-b04951c52109] | b6ea3823-fc17-421b-b784-b04951c52109|method=GET|path=/api/dashboard/comprehensive|status=200|duration=12ms|category=FAST
2026-01-30 19:59:56.191 | [23de74e5-3544-4a39-99d7-04bcdc342813] | 23de74e5-3544-4a39-99d7-04bcdc342813|method=GET|path=/api/dashboard/comprehensive|status=200|duration=8ms|category=FAST
2026-01-30 20:00:37.884 | [0e46c841-7950-4f4e-968d-66d79ff35da3] | 0e46c841-7950-4f4e-968d-66d79ff35da3|method=GET|path=/api/payment-modes/active|status=200|duration=4ms|category=FAST
2026-01-30 20:00:37.909 | [60f1d955-9fd7-4e74-a7f6-90835155b29b] | 60f1d955-9fd7-4e74-a7f6-90835155b29b|method=GET|path=/api/bank-accounts/active/list|status=200|duration=12ms|category=FAST
2026-01-30 20:00:38.845 | [201c06d3-d85a-437f-8d31-204d124216ab] | 201c06d3-d85a-437f-8d31-204d124216ab|method=GET|path=/api/expense-categories|status=200|duration=9ms|category=FAST
2026-01-30 20:00:49.300 | [9408608a-60c1-48e9-941c-08eb4bcb27a2] | 9408608a-60c1-48e9-941c-08eb4bcb27a2|method=POST|path=/api/expenses|status=201|duration=15ms|category=FAST
2026-01-30 20:01:00.294 | [061755a0-85df-435d-ab50-7bd3c743c891] | 061755a0-85df-435d-ab50-7bd3c743c891|method=GET|path=/api/dashboard/comprehensive|status=200|duration=6ms|category=FAST
2026-01-30 20:01:02.247 | [4f3d83a2-6390-486f-8c63-d38f82f815cc] | 4f3d83a2-6390-486f-8c63-d38f82f815cc|method=GET|path=/api/dashboard/comprehensive|status=200|duration=4ms|category=FAST
2026-01-30 20:01:12.462 | [b52413eb-5b78-40c9-aa75-db9c032b5f13] | b52413eb-5b78-40c9-aa75-db9c032b5f13|method=GET|path=/api/dashboard/comprehensive|status=200|duration=11ms|category=FAST
2026-01-30 20:02:21.938 | [a495915c-6c93-439c-b04c-1e9cb5a98248] | a495915c-6c93-439c-b04c-1e9cb5a98248|method=GET|path=/api/business-info/1|status=200|duration=8ms|category=FAST
2026-01-30 20:02:21.971 | [5cb1ba4e-b835-4e0a-af5e-262695edb2d4] | 5cb1ba4e-b835-4e0a-af5e-262695edb2d4|method=GET|path=/api/sales|status=200|duration=41ms|category=FAST
2026-01-30 20:02:22.012 | [1b46c9a6-8e9f-486e-aeac-38d078f0ab9a] | 1b46c9a6-8e9f-486e-aeac-38d078f0ab9a|method=GET|path=/api/sales/summary|status=200|duration=82ms|category=FAST
2026-01-30 20:02:22.012 | [4f2bd483-827f-4060-9d7d-95ec32b82e4a] | 4f2bd483-827f-4060-9d7d-95ec32b82e4a|method=GET|path=/api/ledger/pending-summary|status=200|duration=82ms|category=FAST
2026-01-30 20:02:22.120 | [a1c349a7-5e92-4f27-970d-dad564ac4028] | a1c349a7-5e92-4f27-970d-dad564ac4028|method=GET|path=/api/supplier-transactions|status=200|duration=21ms|category=FAST
2026-01-30 20:02:22.127 | [d85bc225-2fa4-419d-816a-e4eb77fb49e0] | d85bc225-2fa4-419d-816a-e4eb77fb49e0|method=GET|path=/api/inventory|status=200|duration=28ms|category=FAST
2026-01-30 20:02:22.156 | [44b886a8-66a2-4dd3-97c3-2606b0a1a071] | 44b886a8-66a2-4dd3-97c3-2606b0a1a071|method=GET|path=/api/variants|status=200|duration=10ms|category=FAST
2026-01-30 20:02:22.156 | [63ee1d6d-9167-470a-b62c-3bc97e701ad6] | 63ee1d6d-9167-470a-b62c-3bc97e701ad6|method=GET|path=/api/payment-modes|status=200|duration=17ms|category=FAST
2026-01-30 20:02:22.212 | [9a8b29be-0171-4d3e-bfa6-9f5065dfdcc7] | 9a8b29be-0171-4d3e-bfa6-9f5065dfdcc7|method=GET|path=/api/bank-accounts/active/list|status=200|duration=23ms|category=FAST
2026-01-30 20:02:22.247 | [79bc4320-578b-4424-909d-17de084074cd] | 79bc4320-578b-4424-909d-17de084074cd|method=GET|path=/api/alerts/config/PENDING_RETURN_CYLINDERS|status=200|duration=63ms|category=FAST
2026-01-30 20:02:22.391 | [2bc6ce5e-2b50-417c-af7c-0c263918bace] | 2bc6ce5e-2b50-417c-af7c-0c263918bace|method=GET|path=/api/customers|status=200|duration=252ms|category=FAST
2026-01-30 20:06:24.204 | [b42ad597-0844-44e1-b193-58b0a9e58a33] | b42ad597-0844-44e1-b193-58b0a9e58a33|method=POST|path=/api/auth/login|status=200|duration=357ms|category=FAST
2026-01-30 20:06:24.244 | [bf32aed6-83f8-49a7-b6e9-f5b683a7b72c] | bf32aed6-83f8-49a7-b6e9-f5b683a7b72c|method=GET|path=/api/alerts|status=200|duration=16ms|category=FAST
2026-01-30 20:06:24.362 | [4d20ffbb-58a6-4dd3-bd84-057035b5d696] | 4d20ffbb-58a6-4dd3-bd84-057035b5d696|method=GET|path=/api/alerts/stream|status=200|duration=8ms|category=FAST
2026-01-30 20:06:24.585 | [2f45d08e-17d1-4fba-beff-18cd326a11a7] | 2f45d08e-17d1-4fba-beff-18cd326a11a7|method=GET|path=/api/dashboard/comprehensive|status=200|duration=314ms|category=FAST
2026-01-30 20:08:34.204 | [e580e7cc-63c3-4701-bffc-a73ce15bef3d] | e580e7cc-63c3-4701-bffc-a73ce15bef3d|method=GET|path=/api/variants/active/list|status=200|duration=8ms|category=FAST
2026-01-30 20:08:34.212 | [c7eaeeb7-e544-4edd-a3b7-c383a17bd706] | c7eaeeb7-e544-4edd-a3b7-c383a17bd706|method=GET|path=/api/warehouses|status=200|duration=16ms|category=FAST
2026-01-30 20:08:34.251 | [deab4312-4189-40a2-b0d9-da70e5f968d9] | deab4312-4189-40a2-b0d9-da70e5f968d9|method=GET|path=/api/inventory|status=200|duration=63ms|category=FAST
2026-01-30 20:08:34.263 | [9ace3a50-b7fc-4bb3-8abd-954e1c709676] | 9ace3a50-b7fc-4bb3-8abd-954e1c709676|method=GET|path=/api/ledger/movements|status=200|duration=59ms|category=FAST
2026-01-30 20:08:48.327 | [9c69e25f-a856-43c5-8882-5d1b0ff85165] | 9c69e25f-a856-43c5-8882-5d1b0ff85165|method=GET|path=/api/inventory|status=200|duration=3ms|category=FAST
2026-01-30 20:08:48.338 | [95362cf0-08b5-42ef-81a6-ec77b8002463] | 95362cf0-08b5-42ef-81a6-ec77b8002463|method=GET|path=/api/ledger/movements/warehouse/2|status=200|duration=13ms|category=FAST
2026-01-30 20:08:48.355 | [89a36140-54ad-4596-bdc5-3e6162683cf5] | 89a36140-54ad-4596-bdc5-3e6162683cf5|method=GET|path=/api/inventory/warehouse/2|status=200|duration=13ms|category=FAST
2026-01-30 20:14:49.917 | [f2f948f4-f0b0-4acc-92a2-0874a56acf90] | f2f948f4-f0b0-4acc-92a2-0874a56acf90|method=GET|path=/api/alerts/stream|status=200|duration=29ms|category=FAST
2026-01-30 20:15:05.695 | [3f68ea44-cf72-4acc-a803-2bef16b47f2d] | 3f68ea44-cf72-4acc-a803-2bef16b47f2d|method=GET|path=/api/warehouses/active|status=200|duration=96ms|category=FAST
2026-01-30 20:15:05.695 | [44c1c1ae-e636-420e-947f-08cf28e28878] | 44c1c1ae-e636-420e-947f-08cf28e28878|method=GET|path=/api/payment-modes/active|status=200|duration=84ms|category=FAST
2026-01-30 20:15:05.695 | [b01bf708-327d-4e14-b1b8-2507d00dc26f] | b01bf708-327d-4e14-b1b8-2507d00dc26f|method=GET|path=/api/bank-accounts/active/list|status=200|duration=115ms|category=FAST
2026-01-30 20:15:05.759 | [abf701b7-5373-4afa-973b-d69cfda28e3f] | abf701b7-5373-4afa-973b-d69cfda28e3f|method=GET|path=/api/customers/active/list|status=200|duration=191ms|category=FAST
2026-01-30 20:15:06.750 | [dfcff31f-16fe-4dc8-876f-26d6e130a431] | dfcff31f-16fe-4dc8-876f-26d6e130a431|method=GET|path=/api/bank-accounts/active/list|status=200|duration=5ms|category=FAST
2026-01-30 20:15:06.750 | [56a858d9-065d-4c20-8d96-210d6bab6749] | 56a858d9-065d-4c20-8d96-210d6bab6749|method=GET|path=/api/payment-modes/active|status=200|duration=0ms|category=FAST
2026-01-30 20:15:07.662 | [940eab81-ca42-4dc9-882d-b47df0e093c8] | 940eab81-ca42-4dc9-882d-b47df0e093c8|method=GET|path=/api/expense-categories|status=200|duration=32ms|category=FAST
2026-01-30 20:15:10.240 | [2ac72b94-fead-4860-b1e1-28fa745769dd] | 2ac72b94-fead-4860-b1e1-28fa745769dd|method=GET|path=/api/dashboard/comprehensive|status=200|duration=388ms|category=FAST
2026-01-30 20:15:11.795 | [73fd7c1b-14d2-49fb-a7cb-41d89bed9dcc] | 73fd7c1b-14d2-49fb-a7cb-41d89bed9dcc|method=GET|path=/api/expense-categories|status=200|duration=2ms|category=FAST
2026-01-30 20:15:41.888 | [202d70d9-13a1-4d81-a135-abcdfb983f3f] | 202d70d9-13a1-4d81-a135-abcdfb983f3f|method=POST|path=/api/expenses|status=201|duration=211ms|category=FAST
2026-01-30 20:15:46.493 | [fe2cf112-5277-40bd-aa0a-61de4795e86e] | fe2cf112-5277-40bd-aa0a-61de4795e86e|method=GET|path=/api/dashboard/comprehensive|status=200|duration=182ms|category=FAST
